2024-09-14 21:20:44,211 [INFO] Activator:176 - 


2024-09-14 21:20:44,228 [INFO] Activator:177 - !SESSION log4j initialized
2024-09-14 21:21:02,097 [INFO] LogOutputStream:77 - [STDOUT_REDIRECT] 
2024-09-14 21:21:06,325 [INFO] ApplicationProperties:184 - Using Application install path: C:\ST\STM32CubeIDE_1.16.0\STM32CubeIDE\plugins\com.st.stm32cube.common.mx_6.12.0.202406281431
2024-09-14 21:21:06,352 [INFO] DbMcusXml:78 - Set database path to: C:\ST\STM32CubeIDE_1.16.0\STM32CubeIDE\plugins\com.st.stm32cube.common.mx_6.12.0.202406281431\\db\/mcu/
2024-09-14 21:21:06,353 [INFO] ApiDb:274 - Set plugin database path to: C:\ST\STM32CubeIDE_1.16.0\STM32CubeIDE\plugins\com.st.stm32cube.common.mx_6.12.0.202406281431\\db\/plugins/boardmanager/
2024-09-14 21:21:06,354 [WARN] ApiDb:259 - Overriding images path with different value:  => C:\ST\STM32CubeIDE_1.16.0\STM32CubeIDE\plugins\com.st.stm32cube.common.mx_6.12.0.202406281431\\db\/plugins/mcufinder/images/
2024-09-14 21:21:06,370 [INFO] ApiDb:250 - Set database path to: C:\Users\Besan\.stmcufinder\plugins\mcufinder//mcu/
2024-09-14 21:21:06,371 [INFO] DbMcusAds:125 - Set database path to: C:\Users\Besan\.stmcufinder\plugins\mcufinder//mcu/
2024-09-14 21:21:06,378 [INFO] CrossReferenceDbSqlite:203 - Set database path to: C:\Users\Besan\.stmcufinder\plugins\mcufinder//mcu/cs/
2024-09-14 21:21:06,599 [INFO] RulesReader:64 - Compatibility file has been processed (297 Rules)
2024-09-14 21:21:06,742 [INFO] DbMcusXml:78 - Set database path to: C:\ST\STM32CubeIDE_1.16.0\STM32CubeIDE\plugins\com.st.stm32cube.common.mx_6.12.0.202406281431\\db\/mcu/
2024-09-14 21:21:06,743 [INFO] ApiDb:274 - Set plugin database path to: C:\ST\STM32CubeIDE_1.16.0\STM32CubeIDE\plugins\com.st.stm32cube.common.mx_6.12.0.202406281431\\db\/plugins/boardmanager/
2024-09-14 21:21:06,743 [INFO] ApiDb:261 - Set plugin images path to: C:\ST\STM32CubeIDE_1.16.0\STM32CubeIDE\plugins\com.st.stm32cube.common.mx_6.12.0.202406281431\\db\/plugins/mcufinder/images/
2024-09-14 21:21:06,743 [WARN] DbFile:41 - Overriding database path with different value: C:\Users\Besan\.stmcufinder\plugins\mcufinder/ => C:\Users\Besan\.stmcufinder\plugins\mcufinder
2024-09-14 21:21:06,743 [INFO] ApiDb:250 - Set database path to: C:\Users\Besan\.stmcufinder\plugins\mcufinder//mcu/
2024-09-14 21:21:06,743 [WARN] DbFile:41 - Overriding database path with different value: C:\Users\Besan\.stmcufinder\plugins\mcufinder/ => C:\Users\Besan\.stmcufinder\plugins\mcufinder
2024-09-14 21:21:06,743 [INFO] DbMcusAds:125 - Set database path to: C:\Users\Besan\.stmcufinder\plugins\mcufinder//mcu/
2024-09-14 21:21:06,743 [WARN] DbFile:41 - Overriding database path with different value: C:\Users\Besan\.stmcufinder\plugins\mcufinder/ => C:\Users\Besan\.stmcufinder\plugins\mcufinder
2024-09-14 21:21:06,743 [WARN] DbFile:41 - Overriding database path with different value: C:\Users\Besan\.stmcufinder\plugins\mcufinder/ => C:\Users\Besan\.stmcufinder\plugins\mcufinder
2024-09-14 21:21:06,744 [INFO] CrossReferenceDbSqlite:203 - Set database path to: C:\Users\Besan\.stmcufinder\plugins\mcufinder//mcu/cs/
2024-09-14 21:21:07,047 [INFO] MainPanel:268 - HeapMemory: 268435456
2024-09-14 21:21:07,419 [INFO] DbMcusXml:78 - Set database path to: C:\ST\STM32CubeIDE_1.16.0\STM32CubeIDE\plugins\com.st.stm32cube.common.mx_6.12.0.202406281431\\db\/mcu/
2024-09-14 21:21:07,419 [INFO] ApiDb:274 - Set plugin database path to: C:\ST\STM32CubeIDE_1.16.0\STM32CubeIDE\plugins\com.st.stm32cube.common.mx_6.12.0.202406281431\\db\/plugins/boardmanager/
2024-09-14 21:21:07,419 [INFO] ApiDb:261 - Set plugin images path to: C:\ST\STM32CubeIDE_1.16.0\STM32CubeIDE\plugins\com.st.stm32cube.common.mx_6.12.0.202406281431\\db\/plugins/mcufinder/images/
2024-09-14 21:21:07,419 [WARN] DbFile:41 - Overriding database path with different value: C:\Users\Besan\.stmcufinder\plugins\mcufinder/ => C:\Users\Besan\.stmcufinder\plugins\mcufinder
2024-09-14 21:21:07,420 [INFO] ApiDb:250 - Set database path to: C:\Users\Besan\.stmcufinder\plugins\mcufinder//mcu/
2024-09-14 21:21:07,420 [WARN] DbFile:41 - Overriding database path with different value: C:\Users\Besan\.stmcufinder\plugins\mcufinder/ => C:\Users\Besan\.stmcufinder\plugins\mcufinder
2024-09-14 21:21:07,420 [INFO] DbMcusAds:125 - Set database path to: C:\Users\Besan\.stmcufinder\plugins\mcufinder//mcu/
2024-09-14 21:21:07,420 [WARN] DbFile:41 - Overriding database path with different value: C:\Users\Besan\.stmcufinder\plugins\mcufinder/ => C:\Users\Besan\.stmcufinder\plugins\mcufinder
2024-09-14 21:21:07,420 [WARN] DbFile:41 - Overriding database path with different value: C:\Users\Besan\.stmcufinder\plugins\mcufinder/ => C:\Users\Besan\.stmcufinder\plugins\mcufinder
2024-09-14 21:21:07,420 [INFO] CrossReferenceDbSqlite:203 - Set database path to: C:\Users\Besan\.stmcufinder\plugins\mcufinder//mcu/cs/
2024-09-14 21:21:07,457 [INFO] ApplicationProperties:184 - Using Application install path: C:\ST\STM32CubeIDE_1.16.0\STM32CubeIDE\plugins\com.st.stm32cube.common.mx_6.12.0.202406281431
2024-09-14 21:21:07,458 [INFO] PluginManage:196 - Search for loadable plugins [exclusion list=, ]
2024-09-14 21:21:07,462 [INFO] PluginManage:310 - Check plugin analytics
2024-09-14 21:21:08,127 [INFO] AnalyticsPlugin:253 - Accepted Software Licenses: 
2024-09-14 21:21:08,127 [INFO] AnalyticsPlugin:255 - Accepted CMSIS Pack Licenses: 
2024-09-14 21:21:08,131 [INFO] AnalyticsPlugin:257 - Accepted Firmware Licenses: FW.F4.1.28.0
2024-09-14 21:21:08,137 [INFO] PluginManage:359 - Loaded plugin analytics (category:tool,tabindex:-1)
2024-09-14 21:21:08,138 [INFO] PluginManage:310 - Check plugin cadmodel
2024-09-14 21:21:08,179 [INFO] CADModel:105 - Init CAD model plugin
2024-09-14 21:21:08,179 [INFO] PluginManage:359 - Loaded plugin cadmodel (category:power,tabindex:5)
2024-09-14 21:21:08,180 [INFO] PluginManage:310 - Check plugin clock
2024-09-14 21:21:08,225 [INFO] PluginManage:359 - Loaded plugin clock (category:base,tabindex:2)
2024-09-14 21:21:08,226 [INFO] PluginManage:310 - Check plugin ddr
2024-09-14 21:21:08,231 [INFO] PluginManage:359 - Loaded plugin ddr (category:tool,tabindex:6)
2024-09-14 21:21:08,231 [INFO] PluginManage:310 - Check plugin filemanager
2024-09-14 21:21:08,535 [INFO] PluginManage:359 - Loaded plugin filemanager (category:base,tabindex:10)
2024-09-14 21:21:08,535 [INFO] PluginManage:310 - Check plugin ipmanager
2024-09-14 21:21:08,550 [INFO] PluginManage:359 - Loaded plugin ipmanager (category:base,tabindex:5)
2024-09-14 21:21:08,551 [INFO] PluginManage:310 - Check plugin lpbam
2024-09-14 21:21:08,579 [INFO] PluginManage:359 - Loaded plugin lpbam (category:base,tabindex:0)
2024-09-14 21:21:08,580 [INFO] PluginManage:310 - Check plugin memorymap
2024-09-14 21:21:08,640 [INFO] PluginManage:359 - Loaded plugin memorymap (category:base,tabindex:4)
2024-09-14 21:21:08,641 [INFO] PluginManage:310 - Check plugin pinoutandconfiguration
2024-09-14 21:21:08,678 [INFO] PluginManage:359 - Loaded plugin pinoutandconfiguration (category:base,tabindex:1)
2024-09-14 21:21:08,678 [INFO] PluginManage:310 - Check plugin pinoutconfig
2024-09-14 21:21:08,872 [WARN] SupportedApi:132 - Cannot load RTOS API schema: s4s-elt-must-match.1: The content of 'definitions' must match (annotation?, (simpleType | complexType)?, (unique | key | keyref)*)). A problem was found starting at: attribute.
2024-09-14 21:21:09,392 [INFO] PluginManage:359 - Loaded plugin pinoutconfig (category:base,tabindex:0)
2024-09-14 21:21:09,392 [INFO] PluginManage:310 - Check plugin power
2024-09-14 21:21:09,426 [INFO] PluginManage:359 - Loaded plugin power (category:power,tabindex:4)
2024-09-14 21:21:09,427 [INFO] PluginManage:310 - Check plugin projectmanager
2024-09-14 21:21:09,459 [INFO] PluginManage:359 - Loaded plugin projectmanager (category:projectmanager,tabindex:4)
2024-09-14 21:21:09,459 [INFO] PluginManage:310 - Check plugin rif
2024-09-14 21:21:09,477 [INFO] PluginManage:359 - Loaded plugin rif (category:base,tabindex:3)
2024-09-14 21:21:09,477 [INFO] PluginManage:310 - Check plugin thirdparty
2024-09-14 21:21:10,117 [INFO] PluginManage:359 - Loaded plugin thirdparty (category:base,tabindex:-1)
2024-09-14 21:21:10,117 [WARN] IntegrityCheckThread:84 - waiting for thirdparty lock release [integrity check]
2024-09-14 21:21:10,117 [INFO] PluginManage:310 - Check plugin tools
2024-09-14 21:21:10,117 [INFO] IntegrityCheckThread:86 - entering critical section [integrity check]
2024-09-14 21:21:10,118 [INFO] ThirdPartyUpdaterWithRetryManager:70 - Updater plugin not ready yet. [1/15]
2024-09-14 21:21:10,181 [INFO] PluginManage:359 - Loaded plugin tools (category:base,tabindex:7)
2024-09-14 21:21:10,181 [INFO] PluginManage:310 - Check plugin tutovideos
2024-09-14 21:21:10,614 [INFO] PluginManage:359 - Loaded plugin tutovideos (category:base,tabindex:-1)
2024-09-14 21:21:10,614 [INFO] PluginManage:310 - Check plugin updater
2024-09-14 21:21:10,714 [INFO] PluginManage:359 - Loaded plugin updater (category:base,tabindex:12)
2024-09-14 21:21:10,714 [INFO] PluginManage:310 - Check plugin userauth
2024-09-14 21:21:10,723 [INFO] UserAuth:113 - Init User Auth plugin
2024-09-14 21:21:10,724 [INFO] PluginManage:359 - Loaded plugin userauth (category:base,tabindex:14)
2024-09-14 21:21:10,724 [INFO] PluginManage:283 - PluginManage : Loaded plugins [18]
2024-09-14 21:21:11,334 [INFO] PinOutPanel:1561 - setPackage(No Configuration,No Configuration)
2024-09-14 21:21:11,507 [INFO] CADModel:165 - CPN selected for project level
2024-09-14 21:21:11,508 [INFO] CADModel:114 - Register for checkConnection events
2024-09-14 21:21:11,546 [INFO] IPUIPlugin:80 - create IPUIPlugin
2024-09-14 21:21:11,546 [INFO] PluginManager:220 - loadIPPluginJar : add adc
2024-09-14 21:21:11,609 [INFO] IPUIPlugin:80 - create IPUIPlugin
2024-09-14 21:21:11,610 [INFO] PluginManager:220 - loadIPPluginJar : add aes
2024-09-14 21:21:11,692 [INFO] IPUIPlugin:80 - create IPUIPlugin
2024-09-14 21:21:11,693 [INFO] PluginManager:220 - loadIPPluginJar : add can
2024-09-14 21:21:11,729 [INFO] IPUIPlugin:80 - create IPUIPlugin
2024-09-14 21:21:11,729 [INFO] PluginManager:220 - loadIPPluginJar : add comp
2024-09-14 21:21:11,792 [INFO] IPUIPlugin:80 - create IPUIPlugin
2024-09-14 21:21:11,792 [INFO] PluginManager:220 - loadIPPluginJar : add cryp
2024-09-14 21:21:11,811 [INFO] IPUIPlugin:80 - create IPUIPlugin
2024-09-14 21:21:11,811 [INFO] PluginManager:220 - loadIPPluginJar : add ddr_ctrl_phy
2024-09-14 21:21:11,870 [INFO] IPUIPlugin:80 - create IPUIPlugin
2024-09-14 21:21:11,870 [INFO] PluginManager:220 - loadIPPluginJar : add dfsdm
2024-09-14 21:21:11,889 [INFO] IPUIPlugin:80 - create IPUIPlugin
2024-09-14 21:21:11,890 [INFO] PluginManager:220 - loadIPPluginJar : add dma
2024-09-14 21:21:11,968 [INFO] IPUIPlugin:80 - create IPUIPlugin
2024-09-14 21:21:11,968 [INFO] PluginManager:220 - loadIPPluginJar : add dma3
2024-09-14 21:21:12,060 [INFO] IPUIPlugin:80 - create IPUIPlugin
2024-09-14 21:21:12,060 [INFO] PluginManager:220 - loadIPPluginJar : add extmemmanager
2024-09-14 21:21:12,096 [INFO] IPUIPlugin:80 - create IPUIPlugin
2024-09-14 21:21:12,096 [INFO] PluginManager:220 - loadIPPluginJar : add fatfs
2024-09-14 21:21:12,183 [INFO] IPUIPlugin:80 - create IPUIPlugin
2024-09-14 21:21:12,184 [INFO] PluginManager:220 - loadIPPluginJar : add fmc
2024-09-14 21:21:12,223 [INFO] IPUIPlugin:80 - create IPUIPlugin
2024-09-14 21:21:12,231 [INFO] PluginManager:220 - loadIPPluginJar : add freertos
2024-09-14 21:21:12,290 [INFO] IPUIPlugin:80 - create IPUIPlugin
2024-09-14 21:21:12,290 [INFO] PluginManager:220 - loadIPPluginJar : add genericplugin
2024-09-14 21:21:12,583 [INFO] IPUIPlugin:80 - create IPUIPlugin
2024-09-14 21:21:12,583 [INFO] PluginManager:220 - loadIPPluginJar : add gfxmmu
2024-09-14 21:21:12,923 [INFO] IPUIPlugin:80 - create IPUIPlugin
2024-09-14 21:21:12,923 [INFO] PluginManager:220 - loadIPPluginJar : add gic
2024-09-14 21:21:12,951 [INFO] IPUIPlugin:80 - create IPUIPlugin
2024-09-14 21:21:12,952 [INFO] PluginManager:220 - loadIPPluginJar : add gpio
2024-09-14 21:21:13,118 [INFO] ThirdPartyUpdaterWithRetryManager:70 - Updater plugin not ready yet. [2/15]
2024-09-14 21:21:13,153 [INFO] IPUIPlugin:80 - create IPUIPlugin
2024-09-14 21:21:13,153 [INFO] PluginManager:220 - loadIPPluginJar : add gtzc
2024-09-14 21:21:13,214 [INFO] IPUIPlugin:80 - create IPUIPlugin
2024-09-14 21:21:13,214 [INFO] PluginManager:220 - loadIPPluginJar : add hash
2024-09-14 21:21:13,329 [INFO] IPUIPlugin:80 - create IPUIPlugin
2024-09-14 21:21:13,331 [INFO] PluginManager:220 - loadIPPluginJar : add i2c
2024-09-14 21:21:13,398 [INFO] IPUIPlugin:80 - create IPUIPlugin
2024-09-14 21:21:13,398 [INFO] PluginManager:220 - loadIPPluginJar : add i2s
2024-09-14 21:21:13,469 [INFO] IPUIPlugin:80 - create IPUIPlugin
2024-09-14 21:21:13,470 [INFO] PluginManager:220 - loadIPPluginJar : add i3c
2024-09-14 21:21:13,643 [INFO] IPUIPlugin:80 - create IPUIPlugin
2024-09-14 21:21:13,643 [INFO] PluginManager:220 - loadIPPluginJar : add ipddr
2024-09-14 21:21:13,873 [INFO] IPUIPlugin:80 - create IPUIPlugin
2024-09-14 21:21:13,873 [INFO] PluginManager:220 - loadIPPluginJar : add linkedlist
2024-09-14 21:21:13,961 [INFO] IPUIPlugin:80 - create IPUIPlugin
2024-09-14 21:21:13,961 [INFO] PluginManager:220 - loadIPPluginJar : add lorawan
2024-09-14 21:21:14,024 [INFO] IPUIPlugin:80 - create IPUIPlugin
2024-09-14 21:21:14,024 [INFO] PluginManager:220 - loadIPPluginJar : add ltdc
2024-09-14 21:21:14,048 [INFO] IPUIPlugin:80 - create IPUIPlugin
2024-09-14 21:21:14,048 [INFO] PluginManager:220 - loadIPPluginJar : add mdma
2024-09-14 21:21:14,064 [INFO] IPUIPlugin:80 - create IPUIPlugin
2024-09-14 21:21:14,065 [INFO] PluginManager:220 - loadIPPluginJar : add nvic
2024-09-14 21:21:14,140 [INFO] IPUIPlugin:80 - create IPUIPlugin
2024-09-14 21:21:14,140 [INFO] PluginManager:220 - loadIPPluginJar : add opamp
2024-09-14 21:21:14,253 [INFO] IPUIPlugin:80 - create IPUIPlugin
2024-09-14 21:21:14,254 [INFO] PluginManager:220 - loadIPPluginJar : add openamp
2024-09-14 21:21:14,326 [INFO] IPUIPlugin:80 - create IPUIPlugin
2024-09-14 21:21:14,326 [INFO] PluginManager:220 - loadIPPluginJar : add pdm2pcm
2024-09-14 21:21:14,352 [INFO] IPUIPlugin:80 - create IPUIPlugin
2024-09-14 21:21:14,355 [INFO] PluginManager:220 - loadIPPluginJar : add plateformsettings
2024-09-14 21:21:14,414 [INFO] IPUIPlugin:80 - create IPUIPlugin
2024-09-14 21:21:14,414 [INFO] PluginManager:220 - loadIPPluginJar : add quadspi
2024-09-14 21:21:14,473 [INFO] IPUIPlugin:80 - create IPUIPlugin
2024-09-14 21:21:14,474 [INFO] PluginManager:220 - loadIPPluginJar : add radio
2024-09-14 21:21:14,494 [INFO] IPUIPlugin:80 - create IPUIPlugin
2024-09-14 21:21:14,494 [INFO] PluginManager:220 - loadIPPluginJar : add resmgrutility
2024-09-14 21:21:14,588 [INFO] IPUIPlugin:80 - create IPUIPlugin
2024-09-14 21:21:14,589 [INFO] PluginManager:220 - loadIPPluginJar : add sai
2024-09-14 21:21:14,657 [INFO] IPUIPlugin:80 - create IPUIPlugin
2024-09-14 21:21:14,657 [INFO] PluginManager:220 - loadIPPluginJar : add spi
2024-09-14 21:21:14,794 [INFO] IPUIPlugin:80 - create IPUIPlugin
2024-09-14 21:21:14,794 [INFO] PluginManager:220 - loadIPPluginJar : add stm32_wpan
2024-09-14 21:21:14,848 [INFO] IPUIPlugin:80 - create IPUIPlugin
2024-09-14 21:21:14,848 [INFO] PluginManager:220 - loadIPPluginJar : add tim
2024-09-14 21:21:14,983 [INFO] IPUIPlugin:80 - create IPUIPlugin
2024-09-14 21:21:14,984 [INFO] PluginManager:220 - loadIPPluginJar : add touchsensing
2024-09-14 21:21:15,043 [INFO] IPUIPlugin:80 - create IPUIPlugin
2024-09-14 21:21:15,044 [INFO] PluginManager:220 - loadIPPluginJar : add tracer_emb
2024-09-14 21:21:15,082 [INFO] IPUIPlugin:80 - create IPUIPlugin
2024-09-14 21:21:15,082 [INFO] PluginManager:220 - loadIPPluginJar : add ts
2024-09-14 21:21:15,119 [INFO] IPUIPlugin:80 - create IPUIPlugin
2024-09-14 21:21:15,120 [INFO] PluginManager:220 - loadIPPluginJar : add tsc
2024-09-14 21:21:15,154 [INFO] IPUIPlugin:80 - create IPUIPlugin
2024-09-14 21:21:15,154 [INFO] PluginManager:220 - loadIPPluginJar : add ucpd
2024-09-14 21:21:15,225 [INFO] IPUIPlugin:80 - create IPUIPlugin
2024-09-14 21:21:15,225 [INFO] PluginManager:220 - loadIPPluginJar : add usart
2024-09-14 21:21:15,294 [INFO] IPUIPlugin:80 - create IPUIPlugin
2024-09-14 21:21:15,294 [INFO] PluginManager:220 - loadIPPluginJar : add usbx
2024-09-14 21:21:15,482 [INFO] CADModel:165 - CPN selected for project level
2024-09-14 21:21:15,483 [INFO] CADModel:114 - Register for checkConnection events
2024-09-14 21:21:15,483 [FATAL] Updater:334 - Updater called before beeing initialized
2024-09-14 21:21:15,483 [ERROR] CADModel:125 - Updater not yet initialized, retry later 
2024-09-14 21:21:15,710 [INFO] CADModel:165 - CPN selected for project level
2024-09-14 21:21:15,710 [INFO] CADModel:114 - Register for checkConnection events
2024-09-14 21:21:15,710 [FATAL] Updater:334 - Updater called before beeing initialized
2024-09-14 21:21:15,710 [ERROR] CADModel:125 - Updater not yet initialized, retry later 
2024-09-14 21:21:15,716 [FATAL] Updater:334 - Updater called before beeing initialized
2024-09-14 21:21:15,966 [FATAL] Updater:334 - Updater called before beeing initialized
2024-09-14 21:21:15,997 [INFO] DbMcusAds:53 - JSON generation date=Thu May 16 11:22:00 CEST 2024 (1715851320667)
2024-09-14 21:21:15,997 [FATAL] Updater:334 - Updater called before beeing initialized
2024-09-14 21:21:16,082 [WARN] DetailPanel:346 - Failed to get advertising image, set to default
2024-09-14 21:21:16,121 [INFO] ThirdPartyUpdaterWithRetryManager:70 - Updater plugin not ready yet. [3/15]
2024-09-14 21:21:16,210 [FATAL] Updater:334 - Updater called before beeing initialized
2024-09-14 21:21:16,215 [FATAL] Updater:334 - Updater called before beeing initialized
2024-09-14 21:21:16,215 [FATAL] Updater:334 - Updater called before beeing initialized
2024-09-14 21:21:16,215 [WARN] DetailPanel:346 - Failed to get advertising image, set to default
2024-09-14 21:21:16,216 [FATAL] Updater:334 - Updater called before beeing initialized
2024-09-14 21:21:16,368 [ERROR] Updater:1164 - MainUpdater not yet initialized. External WinMGr cannot be set.
2024-09-14 21:21:16,389 [INFO] Updater:1100 - Updater Version found : 6.12.0
2024-09-14 21:21:16,426 [INFO] ApplicationProperties:184 - Using Application install path: C:\ST\STM32CubeIDE_1.16.0\STM32CubeIDE\plugins\com.st.stm32cube.common.mx_6.12.0.202406281431
2024-09-14 21:21:18,176 [ERROR] LogOutputStream:75 - [STDERR_REDIRECT] Sep 14, 2024 9:21:18 PM java.util.prefs.WindowsPreferences <init>
2024-09-14 21:21:18,181 [ERROR] LogOutputStream:75 - [STDERR_REDIRECT] WARNING: Could not open/create prefs root node Software\JavaSoft\Prefs at root 0xffffffff80000002. Windows RegCreateKeyEx(...) returned error code 5.
2024-09-14 21:21:18,181 [ERROR] LogOutputStream:75 - [STDERR_REDIRECT] 
2024-09-14 21:21:18,847 [INFO] MainUpdater:2873 - connection check result : 10
2024-09-14 21:21:18,848 [INFO] MainUpdater:290 - Updater Check For Update Now.
2024-09-14 21:21:18,850 [INFO] MicroXplorer:498 - Change Database Version : DB.6.0.120
2024-09-14 21:21:18,960 [INFO] McuFinderGlobals:63 - Set McuFinder mode to 2 (CubeIDE integrated)
2024-09-14 21:21:18,960 [INFO] UserAuth:179 - activating auth plugin
2024-09-14 21:21:18,977 [INFO] UserAuth:417 - Internet connection configuration mode: 1
2024-09-14 21:21:19,111 [INFO] JxBrowserEngine:152 - Initiate JxBrowser Engine with user profile folder
2024-09-14 21:21:19,122 [WARN] MainUpdater:1194 - Updater busy. Cannot search thirdparties
2024-09-14 21:21:19,122 [INFO] ThirdPartyUpdaterWithRetryManager:96 - Updater plugin is busy. [1/15]
2024-09-14 21:21:19,404 [INFO] CheckServerUpdateThread:120 - End of CheckServer Thread
2024-09-14 21:21:22,596 [WARN] PackLoader:240 - Cannot read IP mode file for STMicroelectronics.FP-SNS-MOTENVWB1.1.4.0
2024-09-14 21:21:22,684 [WARN] PackLoader:240 - Cannot read IP mode file for STMicroelectronics.X-CUBE-SMBUS.2.1.0
2024-09-14 21:21:22,829 [WARN] PackLoader:240 - Cannot read IP mode file for STMicroelectronics.X-CUBE-AZRTOS-F7.1.1.0
2024-09-14 21:21:23,279 [WARN] PackLoader:240 - Cannot read IP mode file for STMicroelectronics.X-CUBE-MEMS1.11.0.0
2024-09-14 21:21:24,110 [WARN] PackLoader:240 - Cannot read IP mode file for STMicroelectronics.FP-SNS-FLIGHT1.5.0.2
2024-09-14 21:21:24,232 [WARN] PackLoader:240 - Cannot read IP mode file for STMicroelectronics.X-CUBE-DISPLAY.3.0.0
2024-09-14 21:21:24,576 [WARN] PackLoader:240 - Cannot read IP mode file for STMicroelectronics.X-CUBE-BLE1.7.0.0
2024-09-14 21:21:24,632 [WARN] PackLoader:240 - Cannot read IP mode file for emotas.I-CUBE-CANOPEN.1.3.0
2024-09-14 21:21:24,710 [WARN] PackLoader:240 - Cannot read IP mode file for STMicroelectronics.X-CUBE-BLEMGR.3.1.0
2024-09-14 21:21:24,813 [WARN] PackLoader:240 - Cannot read IP mode file for STMicroelectronics.FP-SNS-SMARTAG2.1.2.0
2024-09-14 21:21:24,892 [INFO] LogOutputStream:77 - [STDOUT_REDIRECT] 1 : Invalid condition id : UX_CORESTACK_Condition cause : null
2024-09-14 21:21:24,893 [INFO] LogOutputStream:77 - [STDOUT_REDIRECT] 1 : Invalid condition id : UX_CORESTACK_Condition cause : null
2024-09-14 21:21:24,900 [INFO] LogOutputStream:77 - [STDOUT_REDIRECT] 1 : Invalid condition id : UX_CORESTACK_Condition cause : null
2024-09-14 21:21:24,902 [INFO] LogOutputStream:77 - [STDOUT_REDIRECT] 1 : Invalid condition id : UX_CORESTACK_Condition cause : null
2024-09-14 21:21:24,903 [INFO] LogOutputStream:77 - [STDOUT_REDIRECT] 1 : Invalid condition id : UX_CORESTACK_Condition cause : null
2024-09-14 21:21:24,915 [WARN] PackLoader:240 - Cannot read IP mode file for STMicroelectronics.X-CUBE-AZRTOS-WL.2.0.0
2024-09-14 21:21:24,965 [WARN] PackLoader:240 - Cannot read IP mode file for STMicroelectronics.FP-SNS-MOTENV1.5.0.0
2024-09-14 21:21:25,072 [WARN] PackLoader:240 - Cannot read IP mode file for wolfSSL.I-CUBE-wolfMQTT.1.19.0
2024-09-14 21:21:25,127 [WARN] PackLoader:240 - Cannot read IP mode file for WES.I-CUBE-Cesium.1.3.0
2024-09-14 21:21:25,291 [WARN] PackLoader:240 - Cannot read IP mode file for STMicroelectronics.X-CUBE-BLE2.3.3.0
2024-09-14 21:21:25,405 [WARN] PackLoader:240 - Cannot read IP mode file for STMicroelectronics.X-CUBE-TCPP.4.1.0
2024-09-14 21:21:25,566 [WARN] PackLoader:240 - Cannot read IP mode file for STMicroelectronics.X-CUBE-AZRTOS-G0.1.1.0
2024-09-14 21:21:25,652 [WARN] PackLoader:240 - Cannot read IP mode file for STMicroelectronics.X-CUBE-SAFEA1.1.2.2
2024-09-14 21:21:25,737 [WARN] PackLoader:240 - Cannot read IP mode file for STMicroelectronics.X-CUBE-NFC4.3.0.0
2024-09-14 21:21:25,836 [WARN] PackLoader:240 - Cannot read IP mode file for EmbeddedOffice.I-CUBE-FS-RTOS.1.0.1
2024-09-14 21:21:25,836 [ERROR] ConditionMgr:805 - Attr not supported : Dmpu
2024-09-14 21:21:25,837 [ERROR] ConditionMgr:805 - Attr not supported : Dmpu
2024-09-14 21:21:25,837 [ERROR] ConditionMgr:805 - Attr not supported : Dmpu
2024-09-14 21:21:25,850 [ERROR] ConditionMgr:805 - Attr not supported : Dmpu
2024-09-14 21:21:25,850 [ERROR] ConditionMgr:805 - Attr not supported : Dmpu
2024-09-14 21:21:25,850 [ERROR] ConditionMgr:805 - Attr not supported : Dmpu
2024-09-14 21:21:25,851 [ERROR] ConditionMgr:805 - Attr not supported : Dmpu
2024-09-14 21:21:25,851 [ERROR] ConditionMgr:805 - Attr not supported : Dmpu
2024-09-14 21:21:25,851 [ERROR] ConditionMgr:805 - Attr not supported : Dmpu
2024-09-14 21:21:25,851 [ERROR] ConditionMgr:805 - Attr not supported : Dmpu
2024-09-14 21:21:25,851 [ERROR] ConditionMgr:805 - Attr not supported : Dmpu
2024-09-14 21:21:25,852 [ERROR] ConditionMgr:805 - Attr not supported : Dmpu
2024-09-14 21:21:25,852 [ERROR] ConditionMgr:805 - Attr not supported : Dmpu
2024-09-14 21:21:25,852 [ERROR] ConditionMgr:805 - Attr not supported : Dmpu
2024-09-14 21:21:25,852 [ERROR] ConditionMgr:805 - Attr not supported : Dmpu
2024-09-14 21:21:25,852 [ERROR] ConditionMgr:805 - Attr not supported : Dmpu
2024-09-14 21:21:25,852 [ERROR] ConditionMgr:805 - Attr not supported : Dmpu
2024-09-14 21:21:25,852 [ERROR] ConditionMgr:805 - Attr not supported : Dmpu
2024-09-14 21:21:25,852 [ERROR] ConditionMgr:805 - Attr not supported : Dmpu
2024-09-14 21:21:25,853 [ERROR] ConditionMgr:805 - Attr not supported : Dmpu
2024-09-14 21:21:25,853 [ERROR] ConditionMgr:805 - Attr not supported : Dmpu
2024-09-14 21:21:25,853 [ERROR] ConditionMgr:805 - Attr not supported : Dmpu
2024-09-14 21:21:25,853 [ERROR] ConditionMgr:805 - Attr not supported : Dmpu
2024-09-14 21:21:25,853 [ERROR] ConditionMgr:805 - Attr not supported : Dmpu
2024-09-14 21:21:25,853 [ERROR] ConditionMgr:805 - Attr not supported : Dmpu
2024-09-14 21:21:25,853 [ERROR] ConditionMgr:805 - Attr not supported : Dmpu
2024-09-14 21:21:25,853 [ERROR] ConditionMgr:805 - Attr not supported : Dmpu
2024-09-14 21:21:25,853 [ERROR] ConditionMgr:805 - Attr not supported : Dmpu
2024-09-14 21:21:25,853 [ERROR] ConditionMgr:805 - Attr not supported : Dmpu
2024-09-14 21:21:25,853 [ERROR] ConditionMgr:805 - Attr not supported : Dmpu
2024-09-14 21:21:25,853 [ERROR] ConditionMgr:805 - Attr not supported : Dmpu
2024-09-14 21:21:25,853 [ERROR] ConditionMgr:805 - Attr not supported : Dmpu
2024-09-14 21:21:25,854 [ERROR] ConditionMgr:805 - Attr not supported : Dmpu
2024-09-14 21:21:25,854 [ERROR] ConditionMgr:805 - Attr not supported : Dmpu
2024-09-14 21:21:25,854 [ERROR] ConditionMgr:805 - Attr not supported : Dmpu
2024-09-14 21:21:25,854 [ERROR] ConditionMgr:805 - Attr not supported : Dmpu
2024-09-14 21:21:25,854 [ERROR] ConditionMgr:805 - Attr not supported : Dmpu
2024-09-14 21:21:25,854 [ERROR] ConditionMgr:805 - Attr not supported : Dmpu
2024-09-14 21:21:25,854 [ERROR] ConditionMgr:805 - Attr not supported : Dmpu
2024-09-14 21:21:25,854 [ERROR] ConditionMgr:805 - Attr not supported : Dmpu
2024-09-14 21:21:25,855 [ERROR] ConditionMgr:805 - Attr not supported : Dmpu
2024-09-14 21:21:25,855 [ERROR] ConditionMgr:805 - Attr not supported : Dmpu
2024-09-14 21:21:25,855 [ERROR] ConditionMgr:805 - Attr not supported : Dmpu
2024-09-14 21:21:25,855 [ERROR] ConditionMgr:805 - Attr not supported : Dmpu
2024-09-14 21:21:25,855 [ERROR] ConditionMgr:805 - Attr not supported : Dmpu
2024-09-14 21:21:25,855 [ERROR] ConditionMgr:805 - Attr not supported : Dmpu
2024-09-14 21:21:25,856 [ERROR] ConditionMgr:805 - Attr not supported : Dmpu
2024-09-14 21:21:25,856 [ERROR] ConditionMgr:805 - Attr not supported : Dmpu
2024-09-14 21:21:25,856 [ERROR] ConditionMgr:805 - Attr not supported : Dmpu
2024-09-14 21:21:25,856 [ERROR] ConditionMgr:805 - Attr not supported : Dmpu
2024-09-14 21:21:25,856 [ERROR] ConditionMgr:805 - Attr not supported : Dmpu
2024-09-14 21:21:25,857 [ERROR] ConditionMgr:805 - Attr not supported : Dmpu
2024-09-14 21:21:25,858 [ERROR] ConditionMgr:805 - Attr not supported : Dmpu
2024-09-14 21:21:25,858 [ERROR] ConditionMgr:805 - Attr not supported : Dmpu
2024-09-14 21:21:25,859 [ERROR] ConditionMgr:805 - Attr not supported : Dmpu
2024-09-14 21:21:25,859 [ERROR] ConditionMgr:805 - Attr not supported : Dmpu
2024-09-14 21:21:25,859 [ERROR] ConditionMgr:805 - Attr not supported : Dmpu
2024-09-14 21:21:25,859 [ERROR] ConditionMgr:805 - Attr not supported : Dmpu
2024-09-14 21:21:25,859 [ERROR] ConditionMgr:805 - Attr not supported : Dmpu
2024-09-14 21:21:25,859 [ERROR] ConditionMgr:805 - Attr not supported : Dmpu
2024-09-14 21:21:25,859 [ERROR] ConditionMgr:805 - Attr not supported : Dmpu
2024-09-14 21:21:25,859 [ERROR] ConditionMgr:805 - Attr not supported : Dmpu
2024-09-14 21:21:25,859 [ERROR] ConditionMgr:805 - Attr not supported : Dmpu
2024-09-14 21:21:25,859 [ERROR] ConditionMgr:805 - Attr not supported : Dmpu
2024-09-14 21:21:25,919 [WARN] PackLoader:240 - Cannot read IP mode file for RealThread.X-CUBE-RT-Thread_Nano.4.1.1
2024-09-14 21:21:25,972 [WARN] PackLoader:240 - Cannot read IP mode file for STMicroelectronics.FP-ATR-SIGFOX1.3.2.0
2024-09-14 21:21:26,038 [WARN] PackLoader:240 - Cannot read IP mode file for wolfSSL.I-CUBE-wolfSSL.5.7.2
2024-09-14 21:21:26,072 [WARN] PackLoader:240 - Cannot read IP mode file for STMicroelectronics.X-CUBE-EEPRMA1.5.1.0
2024-09-14 21:21:26,126 [WARN] PackLoader:240 - Cannot read IP mode file for ITTIA_DB.I-CUBE-ITTIADB.8.9.0
2024-09-14 21:21:26,362 [WARN] PackLoader:240 - Cannot read IP mode file for SEGGER.I-CUBE-embOS.1.3.1
2024-09-14 21:21:26,660 [WARN] PackLoader:240 - Cannot read IP mode file for STMicroelectronics.X-CUBE-ALGOBUILD.1.4.0
2024-09-14 21:21:26,717 [WARN] PackLoader:240 - Cannot read IP mode file for STMicroelectronics.X-CUBE-AZRTOS-F4.1.1.0
2024-09-14 21:21:26,784 [WARN] PackLoader:240 - Cannot read IP mode file for STMicroelectronics.X-CUBE-FREERTOS.1.2.0
2024-09-14 21:21:26,862 [WARN] PackLoader:240 - Cannot read IP mode file for STMicroelectronics.X-CUBE-AZRTOS-L5.2.0.0
2024-09-14 21:21:26,908 [WARN] PackLoader:240 - Cannot read IP mode file for STMicroelectronics.X-CUBE-NFC6.3.1.0
2024-09-14 21:21:26,941 [WARN] PackLoader:240 - Cannot read IP mode file for STMicroelectronics.X-CUBE-DPower.1.2.0
2024-09-14 21:21:26,973 [WARN] PackLoader:240 - Cannot read IP mode file for STMicroelectronics.X-CUBE-AI.9.0.0
2024-09-14 21:21:26,998 [WARN] PackLoader:240 - Cannot read IP mode file for STMicroelectronics.X-CUBE-NFC7.1.0.1
2024-09-14 21:21:27,111 [WARN] ConditionMgr:438 - getConditionDescription Invalid condition id : LAN8742 Phy interface Condition cause : null
2024-09-14 21:21:27,112 [WARN] PackLoader:240 - Cannot read IP mode file for STMicroelectronics.X-CUBE-AZRTOS-L4.2.0.0
2024-09-14 21:21:27,116 [WARN] ConditionMgr:1039 - genDependencies : Invalid condition id : LAN8742 Phy interface Condition cause : null
2024-09-14 21:21:27,117 [WARN] ConditionMgr:1039 - genDependencies : Invalid condition id : LAN8742 Phy interface Condition cause : null
2024-09-14 21:21:27,118 [WARN] ConditionMgr:1039 - genDependencies : Invalid condition id : LAN8742 Phy interface Condition cause : null
2024-09-14 21:21:27,665 [WARN] PackLoader:240 - Cannot read IP mode file for STMicroelectronics.X-CUBE-SFXS2LP1.4.0.0
2024-09-14 21:21:27,800 [WARN] PackLoader:240 - Cannot read IP mode file for STMicroelectronics.X-CUBE-AZRTOS-H7.3.3.0
2024-09-14 21:21:28,050 [WARN] ConditionMgr:438 - getConditionDescription Invalid condition id : UX DEVICE CLASS RTOS Condition cause : null
2024-09-14 21:21:28,050 [WARN] ConditionMgr:438 - getConditionDescription Invalid condition id : UX DEVICE CLASS RTOS Condition cause : null
2024-09-14 21:21:28,056 [WARN] PackLoader:240 - Cannot read IP mode file for STMicroelectronics.X-CUBE-AZRTOS-WB.2.0.0
2024-09-14 21:21:28,060 [WARN] ConditionMgr:1039 - genDependencies : Invalid condition id : UX DEVICE CLASS RTOS Condition cause : null
2024-09-14 21:21:28,060 [WARN] ConditionMgr:1039 - genDependencies : Invalid condition id : UX DEVICE CLASS RTOS Condition cause : null
2024-09-14 21:21:28,061 [WARN] ConditionMgr:1039 - genDependencies : Invalid condition id : UX DEVICE CLASS RTOS Condition cause : null
2024-09-14 21:21:28,061 [WARN] ConditionMgr:1039 - genDependencies : Invalid condition id : UX DEVICE CLASS RTOS Condition cause : null
2024-09-14 21:21:28,061 [WARN] ConditionMgr:1039 - genDependencies : Invalid condition id : UX DEVICE CLASS RTOS Condition cause : null
2024-09-14 21:21:28,168 [WARN] PackLoader:240 - Cannot read IP mode file for STMicroelectronics.X-CUBE-GNSS1.7.0.0
2024-09-14 21:21:28,365 [WARN] PackLoader:240 - Cannot read IP mode file for STMicroelectronics.FP-SNS-STBOX1.2.0.0
2024-09-14 21:21:28,475 [WARN] PackLoader:240 - Cannot read IP mode file for STMicroelectronics.X-CUBE-SUBG2.5.0.0
2024-09-14 21:21:28,512 [WARN] PackLoader:240 - Cannot read IP mode file for Cesanta.I-CUBE-Mongoose.7.13.0
2024-09-14 21:21:28,555 [WARN] PackLoader:240 - Cannot read IP mode file for STMicroelectronics.X-CUBE-AZRTOS-G4.2.0.0
2024-09-14 21:21:28,587 [WARN] PackLoader:240 - Cannot read IP mode file for STMicroelectronics.X-CUBE-ISPU.2.0.0
2024-09-14 21:21:28,622 [WARN] PackLoader:240 - Cannot read IP mode file for STMicroelectronics.X-CUBE-ALS.1.0.2
2024-09-14 21:21:28,661 [WARN] PackLoader:240 - Cannot read IP mode file for STMicroelectronics.X-CUBE-TOUCHGFX.4.24.0
2024-09-14 21:21:28,684 [WARN] PackLoader:240 - Cannot read IP mode file for wolfSSL.I-CUBE-wolfTPM.3.4.0
2024-09-14 21:21:28,728 [WARN] PackLoader:240 - Cannot read IP mode file for portGmbH.I-Cube-SoM-uGOAL.1.1.0
2024-09-14 21:21:28,780 [WARN] PackLoader:240 - Cannot read IP mode file for STMicroelectronics.X-CUBE-AZRTOS-H7RS.1.0.0
2024-09-14 21:21:28,825 [WARN] PackLoader:240 - Cannot read IP mode file for STMicroelectronics.FP-ATR-ASTRA1.2.0.0
2024-09-14 21:21:28,866 [WARN] PackLoader:240 - Cannot read IP mode file for STMicroelectronics.X-CUBE-TOF1.3.4.2
2024-09-14 21:21:28,935 [WARN] PackLoader:240 - Cannot read IP mode file for Infineon.AIROC-Wi-Fi-Bluetooth-STM32.1.6.1
2024-09-14 21:21:28,975 [WARN] PackLoader:240 - Cannot read IP mode file for wolfSSL.I-CUBE-wolfSSH.1.4.17
2024-09-14 21:21:28,976 [INFO] ThirdParty:978 - Integrity check success = true
2024-09-14 21:21:28,976 [INFO] IntegrityCheckThread:100 - exiting critical section [integrity check]
2024-09-14 21:21:28,977 [INFO] IntegrityCheckThread:103 - End integrity checks thread
2024-09-14 21:21:30,974 [INFO] WebApp:167 - Instantiating new browser for Auth
2024-09-14 21:21:32,888 [INFO] WebApp:448 - Apply proxy settings
2024-09-14 21:21:32,888 [INFO] WebApp:533 - Chromium requires no authentication
2024-09-14 21:21:32,912 [INFO] WebApp:476 - Direct internet connection detected
2024-09-14 21:21:32,984 [INFO] WebApp:869 - Register for checkConnection events
2024-09-14 21:21:32,984 [INFO] WebApp:448 - Apply proxy settings
2024-09-14 21:21:32,984 [INFO] WebApp:533 - Chromium requires no authentication
2024-09-14 21:21:32,985 [INFO] WebApp:476 - Direct internet connection detected
2024-09-14 21:21:33,407 [INFO] WebApp:220 - Starting web application
2024-09-14 21:21:33,407 [INFO] WebApp:578 - Web application path used C:\ST\STM32CubeIDE_1.16.0\STM32CubeIDE\plugins\com.st.stm32cube.common.mx_6.12.0.202406281431\db\plugins\mcufinder\reactClient1\index.html
2024-09-14 21:21:33,443 [INFO] WebApp:186 - Connection restablished
