2024-09-19 00:07:45,674 [ERROR] LogOutputStream:75 - [STDERR_REDIRECT] 
2024-09-19 00:09:12,775 [INFO] Activator:176 - 


2024-09-19 00:09:12,778 [INFO] Activator:177 - !SESSION log4j initialized
2024-09-19 00:09:23,044 [INFO] LogOutputStream:77 - [STDOUT_REDIRECT] 
2024-09-19 00:09:27,263 [INFO] ApplicationProperties:184 - Using Application install path: C:\ST\STM32CubeIDE_1.16.0\STM32CubeIDE\plugins\com.st.stm32cube.common.mx_6.12.0.202406281431
2024-09-19 00:09:27,291 [INFO] DbMcusXml:78 - Set database path to: C:\ST\STM32CubeIDE_1.16.0\STM32CubeIDE\plugins\com.st.stm32cube.common.mx_6.12.0.202406281431\\db\/mcu/
2024-09-19 00:09:27,292 [INFO] ApiDb:274 - Set plugin database path to: C:\ST\STM32CubeIDE_1.16.0\STM32CubeIDE\plugins\com.st.stm32cube.common.mx_6.12.0.202406281431\\db\/plugins/boardmanager/
2024-09-19 00:09:27,292 [WARN] ApiDb:259 - Overriding images path with different value:  => C:\ST\STM32CubeIDE_1.16.0\STM32CubeIDE\plugins\com.st.stm32cube.common.mx_6.12.0.202406281431\\db\/plugins/mcufinder/images/
2024-09-19 00:09:27,303 [INFO] ApiDb:250 - Set database path to: C:\Users\Besan\.stmcufinder\plugins\mcufinder//mcu/
2024-09-19 00:09:27,305 [INFO] DbMcusAds:125 - Set database path to: C:\Users\Besan\.stmcufinder\plugins\mcufinder//mcu/
2024-09-19 00:09:27,311 [INFO] CrossReferenceDbSqlite:203 - Set database path to: C:\Users\Besan\.stmcufinder\plugins\mcufinder//mcu/cs/
2024-09-19 00:09:27,504 [INFO] RulesReader:64 - Compatibility file has been processed (297 Rules)
2024-09-19 00:09:27,633 [INFO] DbMcusXml:78 - Set database path to: C:\ST\STM32CubeIDE_1.16.0\STM32CubeIDE\plugins\com.st.stm32cube.common.mx_6.12.0.202406281431\\db\/mcu/
2024-09-19 00:09:27,633 [INFO] ApiDb:274 - Set plugin database path to: C:\ST\STM32CubeIDE_1.16.0\STM32CubeIDE\plugins\com.st.stm32cube.common.mx_6.12.0.202406281431\\db\/plugins/boardmanager/
2024-09-19 00:09:27,633 [INFO] ApiDb:261 - Set plugin images path to: C:\ST\STM32CubeIDE_1.16.0\STM32CubeIDE\plugins\com.st.stm32cube.common.mx_6.12.0.202406281431\\db\/plugins/mcufinder/images/
2024-09-19 00:09:27,634 [WARN] DbFile:41 - Overriding database path with different value: C:\Users\Besan\.stmcufinder\plugins\mcufinder/ => C:\Users\Besan\.stmcufinder\plugins\mcufinder
2024-09-19 00:09:27,634 [INFO] ApiDb:250 - Set database path to: C:\Users\Besan\.stmcufinder\plugins\mcufinder//mcu/
2024-09-19 00:09:27,634 [WARN] DbFile:41 - Overriding database path with different value: C:\Users\Besan\.stmcufinder\plugins\mcufinder/ => C:\Users\Besan\.stmcufinder\plugins\mcufinder
2024-09-19 00:09:27,634 [INFO] DbMcusAds:125 - Set database path to: C:\Users\Besan\.stmcufinder\plugins\mcufinder//mcu/
2024-09-19 00:09:27,634 [WARN] DbFile:41 - Overriding database path with different value: C:\Users\Besan\.stmcufinder\plugins\mcufinder/ => C:\Users\Besan\.stmcufinder\plugins\mcufinder
2024-09-19 00:09:27,634 [WARN] DbFile:41 - Overriding database path with different value: C:\Users\Besan\.stmcufinder\plugins\mcufinder/ => C:\Users\Besan\.stmcufinder\plugins\mcufinder
2024-09-19 00:09:27,635 [INFO] CrossReferenceDbSqlite:203 - Set database path to: C:\Users\Besan\.stmcufinder\plugins\mcufinder//mcu/cs/
2024-09-19 00:09:27,821 [INFO] MainPanel:268 - HeapMemory: 268435456
2024-09-19 00:09:27,985 [INFO] DbMcusXml:78 - Set database path to: C:\ST\STM32CubeIDE_1.16.0\STM32CubeIDE\plugins\com.st.stm32cube.common.mx_6.12.0.202406281431\\db\/mcu/
2024-09-19 00:09:27,985 [INFO] ApiDb:274 - Set plugin database path to: C:\ST\STM32CubeIDE_1.16.0\STM32CubeIDE\plugins\com.st.stm32cube.common.mx_6.12.0.202406281431\\db\/plugins/boardmanager/
2024-09-19 00:09:27,985 [INFO] ApiDb:261 - Set plugin images path to: C:\ST\STM32CubeIDE_1.16.0\STM32CubeIDE\plugins\com.st.stm32cube.common.mx_6.12.0.202406281431\\db\/plugins/mcufinder/images/
2024-09-19 00:09:27,986 [WARN] DbFile:41 - Overriding database path with different value: C:\Users\Besan\.stmcufinder\plugins\mcufinder/ => C:\Users\Besan\.stmcufinder\plugins\mcufinder
2024-09-19 00:09:27,987 [INFO] ApiDb:250 - Set database path to: C:\Users\Besan\.stmcufinder\plugins\mcufinder//mcu/
2024-09-19 00:09:27,987 [WARN] DbFile:41 - Overriding database path with different value: C:\Users\Besan\.stmcufinder\plugins\mcufinder/ => C:\Users\Besan\.stmcufinder\plugins\mcufinder
2024-09-19 00:09:27,987 [INFO] DbMcusAds:125 - Set database path to: C:\Users\Besan\.stmcufinder\plugins\mcufinder//mcu/
2024-09-19 00:09:27,987 [WARN] DbFile:41 - Overriding database path with different value: C:\Users\Besan\.stmcufinder\plugins\mcufinder/ => C:\Users\Besan\.stmcufinder\plugins\mcufinder
2024-09-19 00:09:27,987 [WARN] DbFile:41 - Overriding database path with different value: C:\Users\Besan\.stmcufinder\plugins\mcufinder/ => C:\Users\Besan\.stmcufinder\plugins\mcufinder
2024-09-19 00:09:27,987 [INFO] CrossReferenceDbSqlite:203 - Set database path to: C:\Users\Besan\.stmcufinder\plugins\mcufinder//mcu/cs/
2024-09-19 00:09:28,054 [INFO] ApplicationProperties:184 - Using Application install path: C:\ST\STM32CubeIDE_1.16.0\STM32CubeIDE\plugins\com.st.stm32cube.common.mx_6.12.0.202406281431
2024-09-19 00:09:28,058 [INFO] PluginManage:196 - Search for loadable plugins [exclusion list=, ]
2024-09-19 00:09:28,061 [INFO] PluginManage:310 - Check plugin analytics
2024-09-19 00:09:28,437 [INFO] AnalyticsPlugin:253 - Accepted Software Licenses: 
2024-09-19 00:09:28,438 [INFO] AnalyticsPlugin:255 - Accepted CMSIS Pack Licenses: 
2024-09-19 00:09:28,438 [INFO] AnalyticsPlugin:257 - Accepted Firmware Licenses: FW.F4.1.28.0
2024-09-19 00:09:28,441 [INFO] PluginManage:359 - Loaded plugin analytics (category:tool,tabindex:-1)
2024-09-19 00:09:28,442 [INFO] PluginManage:310 - Check plugin cadmodel
2024-09-19 00:09:28,479 [INFO] CADModel:105 - Init CAD model plugin
2024-09-19 00:09:28,480 [INFO] PluginManage:359 - Loaded plugin cadmodel (category:power,tabindex:5)
2024-09-19 00:09:28,480 [INFO] PluginManage:310 - Check plugin clock
2024-09-19 00:09:28,509 [INFO] PluginManage:359 - Loaded plugin clock (category:base,tabindex:2)
2024-09-19 00:09:28,509 [INFO] PluginManage:310 - Check plugin ddr
2024-09-19 00:09:28,514 [INFO] PluginManage:359 - Loaded plugin ddr (category:tool,tabindex:6)
2024-09-19 00:09:28,514 [INFO] PluginManage:310 - Check plugin filemanager
2024-09-19 00:09:28,745 [INFO] PluginManage:359 - Loaded plugin filemanager (category:base,tabindex:10)
2024-09-19 00:09:28,746 [INFO] PluginManage:310 - Check plugin ipmanager
2024-09-19 00:09:28,755 [INFO] PluginManage:359 - Loaded plugin ipmanager (category:base,tabindex:5)
2024-09-19 00:09:28,755 [INFO] PluginManage:310 - Check plugin lpbam
2024-09-19 00:09:28,780 [INFO] PluginManage:359 - Loaded plugin lpbam (category:base,tabindex:0)
2024-09-19 00:09:28,780 [INFO] PluginManage:310 - Check plugin memorymap
2024-09-19 00:09:28,817 [INFO] PluginManage:359 - Loaded plugin memorymap (category:base,tabindex:4)
2024-09-19 00:09:28,817 [INFO] PluginManage:310 - Check plugin pinoutandconfiguration
2024-09-19 00:09:28,845 [INFO] PluginManage:359 - Loaded plugin pinoutandconfiguration (category:base,tabindex:1)
2024-09-19 00:09:28,846 [INFO] PluginManage:310 - Check plugin pinoutconfig
2024-09-19 00:09:29,013 [WARN] SupportedApi:132 - Cannot load RTOS API schema: s4s-elt-must-match.1: The content of 'definitions' must match (annotation?, (simpleType | complexType)?, (unique | key | keyref)*)). A problem was found starting at: attribute.
2024-09-19 00:09:29,352 [INFO] PluginManage:359 - Loaded plugin pinoutconfig (category:base,tabindex:0)
2024-09-19 00:09:29,352 [INFO] PluginManage:310 - Check plugin power
2024-09-19 00:09:29,379 [INFO] PluginManage:359 - Loaded plugin power (category:power,tabindex:4)
2024-09-19 00:09:29,379 [INFO] PluginManage:310 - Check plugin projectmanager
2024-09-19 00:09:29,403 [INFO] PluginManage:359 - Loaded plugin projectmanager (category:projectmanager,tabindex:4)
2024-09-19 00:09:29,404 [INFO] PluginManage:310 - Check plugin rif
2024-09-19 00:09:29,422 [INFO] PluginManage:359 - Loaded plugin rif (category:base,tabindex:3)
2024-09-19 00:09:29,422 [INFO] PluginManage:310 - Check plugin thirdparty
2024-09-19 00:09:29,902 [INFO] PluginManage:359 - Loaded plugin thirdparty (category:base,tabindex:-1)
2024-09-19 00:09:29,902 [INFO] PluginManage:310 - Check plugin tools
2024-09-19 00:09:29,902 [WARN] IntegrityCheckThread:84 - waiting for thirdparty lock release [integrity check]
2024-09-19 00:09:29,903 [INFO] IntegrityCheckThread:86 - entering critical section [integrity check]
2024-09-19 00:09:29,904 [INFO] ThirdPartyUpdaterWithRetryManager:70 - Updater plugin not ready yet. [1/15]
2024-09-19 00:09:29,962 [INFO] PluginManage:359 - Loaded plugin tools (category:base,tabindex:7)
2024-09-19 00:09:29,962 [INFO] PluginManage:310 - Check plugin tutovideos
2024-09-19 00:09:30,309 [INFO] PluginManage:359 - Loaded plugin tutovideos (category:base,tabindex:-1)
2024-09-19 00:09:30,309 [INFO] PluginManage:310 - Check plugin updater
2024-09-19 00:09:30,332 [INFO] PluginManage:359 - Loaded plugin updater (category:base,tabindex:12)
2024-09-19 00:09:30,332 [INFO] PluginManage:310 - Check plugin userauth
2024-09-19 00:09:30,340 [INFO] UserAuth:113 - Init User Auth plugin
2024-09-19 00:09:30,340 [INFO] PluginManage:359 - Loaded plugin userauth (category:base,tabindex:14)
2024-09-19 00:09:30,340 [INFO] PluginManage:283 - PluginManage : Loaded plugins [18]
2024-09-19 00:09:30,643 [INFO] PinOutPanel:1561 - setPackage(No Configuration,No Configuration)
2024-09-19 00:09:30,781 [INFO] CADModel:165 - CPN selected for project level
2024-09-19 00:09:30,781 [INFO] CADModel:114 - Register for checkConnection events
2024-09-19 00:09:30,816 [INFO] IPUIPlugin:80 - create IPUIPlugin
2024-09-19 00:09:30,817 [INFO] PluginManager:220 - loadIPPluginJar : add adc
2024-09-19 00:09:30,881 [INFO] IPUIPlugin:80 - create IPUIPlugin
2024-09-19 00:09:30,881 [INFO] PluginManager:220 - loadIPPluginJar : add aes
2024-09-19 00:09:30,967 [INFO] IPUIPlugin:80 - create IPUIPlugin
2024-09-19 00:09:30,967 [INFO] PluginManager:220 - loadIPPluginJar : add can
2024-09-19 00:09:31,019 [INFO] IPUIPlugin:80 - create IPUIPlugin
2024-09-19 00:09:31,019 [INFO] PluginManager:220 - loadIPPluginJar : add comp
2024-09-19 00:09:31,089 [INFO] IPUIPlugin:80 - create IPUIPlugin
2024-09-19 00:09:31,090 [INFO] PluginManager:220 - loadIPPluginJar : add cryp
2024-09-19 00:09:31,112 [INFO] IPUIPlugin:80 - create IPUIPlugin
2024-09-19 00:09:31,112 [INFO] PluginManager:220 - loadIPPluginJar : add ddr_ctrl_phy
2024-09-19 00:09:31,169 [INFO] IPUIPlugin:80 - create IPUIPlugin
2024-09-19 00:09:31,169 [INFO] PluginManager:220 - loadIPPluginJar : add dfsdm
2024-09-19 00:09:31,191 [INFO] IPUIPlugin:80 - create IPUIPlugin
2024-09-19 00:09:31,191 [INFO] PluginManager:220 - loadIPPluginJar : add dma
2024-09-19 00:09:31,268 [INFO] IPUIPlugin:80 - create IPUIPlugin
2024-09-19 00:09:31,268 [INFO] PluginManager:220 - loadIPPluginJar : add dma3
2024-09-19 00:09:31,352 [INFO] IPUIPlugin:80 - create IPUIPlugin
2024-09-19 00:09:31,352 [INFO] PluginManager:220 - loadIPPluginJar : add extmemmanager
2024-09-19 00:09:31,394 [INFO] IPUIPlugin:80 - create IPUIPlugin
2024-09-19 00:09:31,394 [INFO] PluginManager:220 - loadIPPluginJar : add fatfs
2024-09-19 00:09:31,501 [INFO] IPUIPlugin:80 - create IPUIPlugin
2024-09-19 00:09:31,501 [INFO] PluginManager:220 - loadIPPluginJar : add fmc
2024-09-19 00:09:31,524 [INFO] IPUIPlugin:80 - create IPUIPlugin
2024-09-19 00:09:31,525 [INFO] PluginManager:220 - loadIPPluginJar : add freertos
2024-09-19 00:09:31,567 [INFO] IPUIPlugin:80 - create IPUIPlugin
2024-09-19 00:09:31,568 [INFO] PluginManager:220 - loadIPPluginJar : add genericplugin
2024-09-19 00:09:31,753 [INFO] IPUIPlugin:80 - create IPUIPlugin
2024-09-19 00:09:31,753 [INFO] PluginManager:220 - loadIPPluginJar : add gfxmmu
2024-09-19 00:09:32,054 [INFO] IPUIPlugin:80 - create IPUIPlugin
2024-09-19 00:09:32,054 [INFO] PluginManager:220 - loadIPPluginJar : add gic
2024-09-19 00:09:32,084 [INFO] IPUIPlugin:80 - create IPUIPlugin
2024-09-19 00:09:32,085 [INFO] PluginManager:220 - loadIPPluginJar : add gpio
2024-09-19 00:09:32,261 [INFO] IPUIPlugin:80 - create IPUIPlugin
2024-09-19 00:09:32,262 [INFO] PluginManager:220 - loadIPPluginJar : add gtzc
2024-09-19 00:09:32,323 [INFO] IPUIPlugin:80 - create IPUIPlugin
2024-09-19 00:09:32,323 [INFO] PluginManager:220 - loadIPPluginJar : add hash
2024-09-19 00:09:32,423 [INFO] IPUIPlugin:80 - create IPUIPlugin
2024-09-19 00:09:32,423 [INFO] PluginManager:220 - loadIPPluginJar : add i2c
2024-09-19 00:09:32,493 [INFO] IPUIPlugin:80 - create IPUIPlugin
2024-09-19 00:09:32,493 [INFO] PluginManager:220 - loadIPPluginJar : add i2s
2024-09-19 00:09:32,590 [INFO] IPUIPlugin:80 - create IPUIPlugin
2024-09-19 00:09:32,590 [INFO] PluginManager:220 - loadIPPluginJar : add i3c
2024-09-19 00:09:32,793 [INFO] IPUIPlugin:80 - create IPUIPlugin
2024-09-19 00:09:32,793 [INFO] PluginManager:220 - loadIPPluginJar : add ipddr
2024-09-19 00:09:32,905 [INFO] ThirdPartyUpdaterWithRetryManager:70 - Updater plugin not ready yet. [2/15]
2024-09-19 00:09:33,029 [INFO] IPUIPlugin:80 - create IPUIPlugin
2024-09-19 00:09:33,029 [INFO] PluginManager:220 - loadIPPluginJar : add linkedlist
2024-09-19 00:09:33,101 [INFO] IPUIPlugin:80 - create IPUIPlugin
2024-09-19 00:09:33,102 [INFO] PluginManager:220 - loadIPPluginJar : add lorawan
2024-09-19 00:09:33,179 [INFO] IPUIPlugin:80 - create IPUIPlugin
2024-09-19 00:09:33,179 [INFO] PluginManager:220 - loadIPPluginJar : add ltdc
2024-09-19 00:09:33,212 [INFO] IPUIPlugin:80 - create IPUIPlugin
2024-09-19 00:09:33,213 [INFO] PluginManager:220 - loadIPPluginJar : add mdma
2024-09-19 00:09:33,247 [INFO] IPUIPlugin:80 - create IPUIPlugin
2024-09-19 00:09:33,247 [INFO] PluginManager:220 - loadIPPluginJar : add nvic
2024-09-19 00:09:33,323 [INFO] IPUIPlugin:80 - create IPUIPlugin
2024-09-19 00:09:33,323 [INFO] PluginManager:220 - loadIPPluginJar : add opamp
2024-09-19 00:09:33,463 [INFO] IPUIPlugin:80 - create IPUIPlugin
2024-09-19 00:09:33,463 [INFO] PluginManager:220 - loadIPPluginJar : add openamp
2024-09-19 00:09:33,547 [INFO] IPUIPlugin:80 - create IPUIPlugin
2024-09-19 00:09:33,547 [INFO] PluginManager:220 - loadIPPluginJar : add pdm2pcm
2024-09-19 00:09:33,581 [INFO] IPUIPlugin:80 - create IPUIPlugin
2024-09-19 00:09:33,584 [INFO] PluginManager:220 - loadIPPluginJar : add plateformsettings
2024-09-19 00:09:33,589 [INFO] IPUIPlugin:80 - create IPUIPlugin
2024-09-19 00:09:33,589 [INFO] PluginManager:220 - loadIPPluginJar : add quadspi
2024-09-19 00:09:33,639 [INFO] IPUIPlugin:80 - create IPUIPlugin
2024-09-19 00:09:33,640 [INFO] PluginManager:220 - loadIPPluginJar : add radio
2024-09-19 00:09:33,662 [INFO] IPUIPlugin:80 - create IPUIPlugin
2024-09-19 00:09:33,662 [INFO] PluginManager:220 - loadIPPluginJar : add resmgrutility
2024-09-19 00:09:33,761 [INFO] IPUIPlugin:80 - create IPUIPlugin
2024-09-19 00:09:33,762 [INFO] PluginManager:220 - loadIPPluginJar : add sai
2024-09-19 00:09:33,823 [INFO] IPUIPlugin:80 - create IPUIPlugin
2024-09-19 00:09:33,823 [INFO] PluginManager:220 - loadIPPluginJar : add spi
2024-09-19 00:09:33,961 [INFO] IPUIPlugin:80 - create IPUIPlugin
2024-09-19 00:09:33,962 [INFO] PluginManager:220 - loadIPPluginJar : add stm32_wpan
2024-09-19 00:09:34,009 [INFO] IPUIPlugin:80 - create IPUIPlugin
2024-09-19 00:09:34,009 [INFO] PluginManager:220 - loadIPPluginJar : add tim
2024-09-19 00:09:34,142 [INFO] IPUIPlugin:80 - create IPUIPlugin
2024-09-19 00:09:34,143 [INFO] PluginManager:220 - loadIPPluginJar : add touchsensing
2024-09-19 00:09:34,148 [INFO] IPUIPlugin:80 - create IPUIPlugin
2024-09-19 00:09:34,148 [INFO] PluginManager:220 - loadIPPluginJar : add tracer_emb
2024-09-19 00:09:34,185 [INFO] IPUIPlugin:80 - create IPUIPlugin
2024-09-19 00:09:34,185 [INFO] PluginManager:220 - loadIPPluginJar : add ts
2024-09-19 00:09:34,188 [INFO] IPUIPlugin:80 - create IPUIPlugin
2024-09-19 00:09:34,189 [INFO] PluginManager:220 - loadIPPluginJar : add tsc
2024-09-19 00:09:34,224 [INFO] IPUIPlugin:80 - create IPUIPlugin
2024-09-19 00:09:34,224 [INFO] PluginManager:220 - loadIPPluginJar : add ucpd
2024-09-19 00:09:34,298 [INFO] IPUIPlugin:80 - create IPUIPlugin
2024-09-19 00:09:34,298 [INFO] PluginManager:220 - loadIPPluginJar : add usart
2024-09-19 00:09:34,388 [INFO] IPUIPlugin:80 - create IPUIPlugin
2024-09-19 00:09:34,389 [INFO] PluginManager:220 - loadIPPluginJar : add usbx
2024-09-19 00:09:34,578 [INFO] CADModel:165 - CPN selected for project level
2024-09-19 00:09:34,580 [INFO] CADModel:114 - Register for checkConnection events
2024-09-19 00:09:34,580 [FATAL] Updater:334 - Updater called before beeing initialized
2024-09-19 00:09:34,580 [ERROR] CADModel:125 - Updater not yet initialized, retry later 
2024-09-19 00:09:34,885 [INFO] CADModel:165 - CPN selected for project level
2024-09-19 00:09:34,885 [INFO] CADModel:114 - Register for checkConnection events
2024-09-19 00:09:34,886 [FATAL] Updater:334 - Updater called before beeing initialized
2024-09-19 00:09:34,886 [ERROR] CADModel:125 - Updater not yet initialized, retry later 
2024-09-19 00:09:34,891 [FATAL] Updater:334 - Updater called before beeing initialized
2024-09-19 00:09:35,141 [FATAL] Updater:334 - Updater called before beeing initialized
2024-09-19 00:09:35,155 [INFO] DbMcusAds:53 - JSON generation date=Thu Sep 30 08:55:09 CEST 2021 (1632984909247)
2024-09-19 00:09:35,155 [FATAL] Updater:334 - Updater called before beeing initialized
2024-09-19 00:09:35,206 [WARN] DetailPanel:346 - Failed to get advertising image, set to default
2024-09-19 00:09:35,379 [FATAL] Updater:334 - Updater called before beeing initialized
2024-09-19 00:09:35,382 [FATAL] Updater:334 - Updater called before beeing initialized
2024-09-19 00:09:35,382 [FATAL] Updater:334 - Updater called before beeing initialized
2024-09-19 00:09:35,382 [WARN] DetailPanel:346 - Failed to get advertising image, set to default
2024-09-19 00:09:35,384 [FATAL] Updater:334 - Updater called before beeing initialized
2024-09-19 00:09:35,504 [ERROR] Updater:1164 - MainUpdater not yet initialized. External WinMGr cannot be set.
2024-09-19 00:09:35,523 [INFO] Updater:1100 - Updater Version found : 6.12.0
2024-09-19 00:09:35,548 [INFO] ApplicationProperties:184 - Using Application install path: C:\ST\STM32CubeIDE_1.16.0\STM32CubeIDE\plugins\com.st.stm32cube.common.mx_6.12.0.202406281431
2024-09-19 00:09:35,906 [INFO] ThirdPartyUpdaterWithRetryManager:70 - Updater plugin not ready yet. [3/15]
2024-09-19 00:09:37,143 [ERROR] LogOutputStream:75 - [STDERR_REDIRECT] Sep 19, 2024 12:09:37 AM java.util.prefs.WindowsPreferences <init>
2024-09-19 00:09:37,150 [ERROR] LogOutputStream:75 - [STDERR_REDIRECT] WARNING: Could not open/create prefs root node Software\JavaSoft\Prefs at root 0xffffffff80000002. Windows RegCreateKeyEx(...) returned error code 5.
2024-09-19 00:09:37,150 [ERROR] LogOutputStream:75 - [STDERR_REDIRECT] 
2024-09-19 00:09:37,679 [INFO] MainUpdater:2873 - connection check result : 10
2024-09-19 00:09:37,681 [INFO] MainUpdater:290 - Updater Check For Update Now.
2024-09-19 00:09:37,681 [INFO] MicroXplorer:498 - Change Database Version : DB.6.0.120
2024-09-19 00:09:37,729 [INFO] McuFinderGlobals:63 - Set McuFinder mode to 2 (CubeIDE integrated)
2024-09-19 00:09:37,730 [INFO] UserAuth:179 - activating auth plugin
2024-09-19 00:09:37,754 [INFO] UserAuth:417 - Internet connection configuration mode: 1
2024-09-19 00:09:37,802 [INFO] JxBrowserEngine:152 - Initiate JxBrowser Engine with user profile folder
2024-09-19 00:09:38,034 [INFO] CheckServerUpdateThread:120 - End of CheckServer Thread
2024-09-19 00:09:39,295 [WARN] PackLoader:240 - Cannot read IP mode file for STMicroelectronics.FP-SNS-MOTENVWB1.1.4.0
2024-09-19 00:09:39,327 [WARN] PackLoader:240 - Cannot read IP mode file for STMicroelectronics.X-CUBE-SMBUS.2.1.0
2024-09-19 00:09:39,436 [WARN] PackLoader:240 - Cannot read IP mode file for STMicroelectronics.X-CUBE-AZRTOS-F7.1.1.0
2024-09-19 00:09:39,704 [WARN] PackLoader:240 - Cannot read IP mode file for STMicroelectronics.X-CUBE-MEMS1.11.0.0
2024-09-19 00:09:40,211 [WARN] PackLoader:240 - Cannot read IP mode file for STMicroelectronics.FP-SNS-FLIGHT1.5.0.2
2024-09-19 00:09:40,248 [WARN] PackLoader:240 - Cannot read IP mode file for STMicroelectronics.X-CUBE-DISPLAY.3.0.0
2024-09-19 00:09:40,284 [WARN] PackLoader:240 - Cannot read IP mode file for STMicroelectronics.X-CUBE-BLE1.7.0.0
2024-09-19 00:09:40,313 [WARN] PackLoader:240 - Cannot read IP mode file for emotas.I-CUBE-CANOPEN.1.3.0
2024-09-19 00:09:40,350 [WARN] PackLoader:240 - Cannot read IP mode file for STMicroelectronics.X-CUBE-BLEMGR.3.1.0
2024-09-19 00:09:40,383 [WARN] PackLoader:240 - Cannot read IP mode file for STMicroelectronics.FP-SNS-SMARTAG2.1.2.0
2024-09-19 00:09:40,434 [INFO] LogOutputStream:77 - [STDOUT_REDIRECT] 1 : Invalid condition id : UX_CORESTACK_Condition cause : null
2024-09-19 00:09:40,435 [INFO] LogOutputStream:77 - [STDOUT_REDIRECT] 1 : Invalid condition id : UX_CORESTACK_Condition cause : null
2024-09-19 00:09:40,438 [INFO] LogOutputStream:77 - [STDOUT_REDIRECT] 1 : Invalid condition id : UX_CORESTACK_Condition cause : null
2024-09-19 00:09:40,440 [INFO] LogOutputStream:77 - [STDOUT_REDIRECT] 1 : Invalid condition id : UX_CORESTACK_Condition cause : null
2024-09-19 00:09:40,443 [INFO] LogOutputStream:77 - [STDOUT_REDIRECT] 1 : Invalid condition id : UX_CORESTACK_Condition cause : null
2024-09-19 00:09:40,449 [WARN] PackLoader:240 - Cannot read IP mode file for STMicroelectronics.X-CUBE-AZRTOS-WL.2.0.0
2024-09-19 00:09:40,499 [WARN] PackLoader:240 - Cannot read IP mode file for STMicroelectronics.FP-SNS-MOTENV1.5.0.0
2024-09-19 00:09:40,512 [WARN] PackLoader:240 - Cannot read IP mode file for wolfSSL.I-CUBE-wolfMQTT.1.19.0
2024-09-19 00:09:40,545 [WARN] PackLoader:240 - Cannot read IP mode file for WES.I-CUBE-Cesium.1.3.0
2024-09-19 00:09:40,572 [WARN] PackLoader:240 - Cannot read IP mode file for STMicroelectronics.X-CUBE-BLE2.3.3.0
2024-09-19 00:09:40,607 [WARN] PackLoader:240 - Cannot read IP mode file for STMicroelectronics.X-CUBE-TCPP.4.1.0
2024-09-19 00:09:40,663 [WARN] PackLoader:240 - Cannot read IP mode file for STMicroelectronics.X-CUBE-AZRTOS-G0.1.1.0
2024-09-19 00:09:40,694 [WARN] PackLoader:240 - Cannot read IP mode file for STMicroelectronics.X-CUBE-SAFEA1.1.2.2
2024-09-19 00:09:40,798 [WARN] PackLoader:240 - Cannot read IP mode file for STMicroelectronics.X-CUBE-NFC4.3.0.0
2024-09-19 00:09:40,858 [WARN] PackLoader:240 - Cannot read IP mode file for EmbeddedOffice.I-CUBE-FS-RTOS.1.0.1
2024-09-19 00:09:40,859 [ERROR] ConditionMgr:805 - Attr not supported : Dmpu
2024-09-19 00:09:40,859 [ERROR] ConditionMgr:805 - Attr not supported : Dmpu
2024-09-19 00:09:40,859 [ERROR] ConditionMgr:805 - Attr not supported : Dmpu
2024-09-19 00:09:40,859 [ERROR] ConditionMgr:805 - Attr not supported : Dmpu
2024-09-19 00:09:40,859 [ERROR] ConditionMgr:805 - Attr not supported : Dmpu
2024-09-19 00:09:40,859 [ERROR] ConditionMgr:805 - Attr not supported : Dmpu
2024-09-19 00:09:40,860 [ERROR] ConditionMgr:805 - Attr not supported : Dmpu
2024-09-19 00:09:40,860 [ERROR] ConditionMgr:805 - Attr not supported : Dmpu
2024-09-19 00:09:40,860 [ERROR] ConditionMgr:805 - Attr not supported : Dmpu
2024-09-19 00:09:40,860 [ERROR] ConditionMgr:805 - Attr not supported : Dmpu
2024-09-19 00:09:40,860 [ERROR] ConditionMgr:805 - Attr not supported : Dmpu
2024-09-19 00:09:40,860 [ERROR] ConditionMgr:805 - Attr not supported : Dmpu
2024-09-19 00:09:40,860 [ERROR] ConditionMgr:805 - Attr not supported : Dmpu
2024-09-19 00:09:40,861 [ERROR] ConditionMgr:805 - Attr not supported : Dmpu
2024-09-19 00:09:40,861 [ERROR] ConditionMgr:805 - Attr not supported : Dmpu
2024-09-19 00:09:40,861 [ERROR] ConditionMgr:805 - Attr not supported : Dmpu
2024-09-19 00:09:40,861 [ERROR] ConditionMgr:805 - Attr not supported : Dmpu
2024-09-19 00:09:40,861 [ERROR] ConditionMgr:805 - Attr not supported : Dmpu
2024-09-19 00:09:40,861 [ERROR] ConditionMgr:805 - Attr not supported : Dmpu
2024-09-19 00:09:40,861 [ERROR] ConditionMgr:805 - Attr not supported : Dmpu
2024-09-19 00:09:40,861 [ERROR] ConditionMgr:805 - Attr not supported : Dmpu
2024-09-19 00:09:40,861 [ERROR] ConditionMgr:805 - Attr not supported : Dmpu
2024-09-19 00:09:40,862 [ERROR] ConditionMgr:805 - Attr not supported : Dmpu
2024-09-19 00:09:40,862 [ERROR] ConditionMgr:805 - Attr not supported : Dmpu
2024-09-19 00:09:40,862 [ERROR] ConditionMgr:805 - Attr not supported : Dmpu
2024-09-19 00:09:40,862 [ERROR] ConditionMgr:805 - Attr not supported : Dmpu
2024-09-19 00:09:40,862 [ERROR] ConditionMgr:805 - Attr not supported : Dmpu
2024-09-19 00:09:40,862 [ERROR] ConditionMgr:805 - Attr not supported : Dmpu
2024-09-19 00:09:40,862 [ERROR] ConditionMgr:805 - Attr not supported : Dmpu
2024-09-19 00:09:40,862 [ERROR] ConditionMgr:805 - Attr not supported : Dmpu
2024-09-19 00:09:40,862 [ERROR] ConditionMgr:805 - Attr not supported : Dmpu
2024-09-19 00:09:40,863 [ERROR] ConditionMgr:805 - Attr not supported : Dmpu
2024-09-19 00:09:40,863 [ERROR] ConditionMgr:805 - Attr not supported : Dmpu
2024-09-19 00:09:40,863 [ERROR] ConditionMgr:805 - Attr not supported : Dmpu
2024-09-19 00:09:40,863 [ERROR] ConditionMgr:805 - Attr not supported : Dmpu
2024-09-19 00:09:40,863 [ERROR] ConditionMgr:805 - Attr not supported : Dmpu
2024-09-19 00:09:40,863 [ERROR] ConditionMgr:805 - Attr not supported : Dmpu
2024-09-19 00:09:40,864 [ERROR] ConditionMgr:805 - Attr not supported : Dmpu
2024-09-19 00:09:40,864 [ERROR] ConditionMgr:805 - Attr not supported : Dmpu
2024-09-19 00:09:40,864 [ERROR] ConditionMgr:805 - Attr not supported : Dmpu
2024-09-19 00:09:40,864 [ERROR] ConditionMgr:805 - Attr not supported : Dmpu
2024-09-19 00:09:40,864 [ERROR] ConditionMgr:805 - Attr not supported : Dmpu
2024-09-19 00:09:40,864 [ERROR] ConditionMgr:805 - Attr not supported : Dmpu
2024-09-19 00:09:40,864 [ERROR] ConditionMgr:805 - Attr not supported : Dmpu
2024-09-19 00:09:40,865 [ERROR] ConditionMgr:805 - Attr not supported : Dmpu
2024-09-19 00:09:40,865 [ERROR] ConditionMgr:805 - Attr not supported : Dmpu
2024-09-19 00:09:40,865 [ERROR] ConditionMgr:805 - Attr not supported : Dmpu
2024-09-19 00:09:40,865 [ERROR] ConditionMgr:805 - Attr not supported : Dmpu
2024-09-19 00:09:40,865 [ERROR] ConditionMgr:805 - Attr not supported : Dmpu
2024-09-19 00:09:40,865 [ERROR] ConditionMgr:805 - Attr not supported : Dmpu
2024-09-19 00:09:40,865 [ERROR] ConditionMgr:805 - Attr not supported : Dmpu
2024-09-19 00:09:40,865 [ERROR] ConditionMgr:805 - Attr not supported : Dmpu
2024-09-19 00:09:40,866 [ERROR] ConditionMgr:805 - Attr not supported : Dmpu
2024-09-19 00:09:40,866 [ERROR] ConditionMgr:805 - Attr not supported : Dmpu
2024-09-19 00:09:40,866 [ERROR] ConditionMgr:805 - Attr not supported : Dmpu
2024-09-19 00:09:40,866 [ERROR] ConditionMgr:805 - Attr not supported : Dmpu
2024-09-19 00:09:40,866 [ERROR] ConditionMgr:805 - Attr not supported : Dmpu
2024-09-19 00:09:40,866 [ERROR] ConditionMgr:805 - Attr not supported : Dmpu
2024-09-19 00:09:40,866 [ERROR] ConditionMgr:805 - Attr not supported : Dmpu
2024-09-19 00:09:40,866 [ERROR] ConditionMgr:805 - Attr not supported : Dmpu
2024-09-19 00:09:40,867 [ERROR] ConditionMgr:805 - Attr not supported : Dmpu
2024-09-19 00:09:40,867 [ERROR] ConditionMgr:805 - Attr not supported : Dmpu
2024-09-19 00:09:40,867 [ERROR] ConditionMgr:805 - Attr not supported : Dmpu
2024-09-19 00:09:40,867 [ERROR] ConditionMgr:805 - Attr not supported : Dmpu
2024-09-19 00:09:40,918 [WARN] PackLoader:240 - Cannot read IP mode file for RealThread.X-CUBE-RT-Thread_Nano.4.1.1
2024-09-19 00:09:40,942 [WARN] PackLoader:240 - Cannot read IP mode file for STMicroelectronics.FP-ATR-SIGFOX1.3.2.0
2024-09-19 00:09:41,004 [WARN] PackLoader:240 - Cannot read IP mode file for wolfSSL.I-CUBE-wolfSSL.5.7.2
2024-09-19 00:09:41,072 [WARN] PackLoader:240 - Cannot read IP mode file for STMicroelectronics.X-CUBE-EEPRMA1.5.1.0
2024-09-19 00:09:41,142 [WARN] PackLoader:240 - Cannot read IP mode file for ITTIA_DB.I-CUBE-ITTIADB.8.9.0
2024-09-19 00:09:41,223 [WARN] PackLoader:240 - Cannot read IP mode file for SEGGER.I-CUBE-embOS.1.3.1
2024-09-19 00:09:41,317 [WARN] PackLoader:240 - Cannot read IP mode file for STMicroelectronics.X-CUBE-ALGOBUILD.1.4.0
2024-09-19 00:09:41,370 [WARN] PackLoader:240 - Cannot read IP mode file for STMicroelectronics.X-CUBE-AZRTOS-F4.1.1.0
2024-09-19 00:09:41,398 [WARN] PackLoader:240 - Cannot read IP mode file for STMicroelectronics.X-CUBE-ISPU.2.1.0
2024-09-19 00:09:41,430 [WARN] PackLoader:240 - Cannot read IP mode file for STMicroelectronics.X-CUBE-FREERTOS.1.2.0
2024-09-19 00:09:41,483 [WARN] PackLoader:240 - Cannot read IP mode file for STMicroelectronics.X-CUBE-AZRTOS-L5.2.0.0
2024-09-19 00:09:41,516 [WARN] PackLoader:240 - Cannot read IP mode file for STMicroelectronics.X-CUBE-NFC6.3.1.0
2024-09-19 00:09:41,551 [WARN] PackLoader:240 - Cannot read IP mode file for STMicroelectronics.X-CUBE-DPower.1.2.0
2024-09-19 00:09:41,575 [WARN] PackLoader:240 - Cannot read IP mode file for STMicroelectronics.X-CUBE-AI.9.0.0
2024-09-19 00:09:41,599 [WARN] PackLoader:240 - Cannot read IP mode file for STMicroelectronics.X-CUBE-NFC7.1.0.1
2024-09-19 00:09:41,669 [WARN] ConditionMgr:438 - getConditionDescription Invalid condition id : LAN8742 Phy interface Condition cause : null
2024-09-19 00:09:41,670 [WARN] PackLoader:240 - Cannot read IP mode file for STMicroelectronics.X-CUBE-AZRTOS-L4.2.0.0
2024-09-19 00:09:41,672 [WARN] ConditionMgr:1039 - genDependencies : Invalid condition id : LAN8742 Phy interface Condition cause : null
2024-09-19 00:09:41,673 [WARN] ConditionMgr:1039 - genDependencies : Invalid condition id : LAN8742 Phy interface Condition cause : null
2024-09-19 00:09:41,673 [WARN] ConditionMgr:1039 - genDependencies : Invalid condition id : LAN8742 Phy interface Condition cause : null
2024-09-19 00:09:41,701 [WARN] PackLoader:240 - Cannot read IP mode file for STMicroelectronics.X-CUBE-SFXS2LP1.4.0.0
2024-09-19 00:09:41,838 [WARN] PackLoader:240 - Cannot read IP mode file for STMicroelectronics.X-CUBE-AZRTOS-H7.3.3.0
2024-09-19 00:09:41,909 [WARN] ConditionMgr:438 - getConditionDescription Invalid condition id : UX DEVICE CLASS RTOS Condition cause : null
2024-09-19 00:09:41,910 [WARN] ConditionMgr:438 - getConditionDescription Invalid condition id : UX DEVICE CLASS RTOS Condition cause : null
2024-09-19 00:09:41,918 [WARN] PackLoader:240 - Cannot read IP mode file for STMicroelectronics.X-CUBE-AZRTOS-WB.2.0.0
2024-09-19 00:09:41,919 [WARN] ConditionMgr:1039 - genDependencies : Invalid condition id : UX DEVICE CLASS RTOS Condition cause : null
2024-09-19 00:09:41,919 [WARN] ConditionMgr:1039 - genDependencies : Invalid condition id : UX DEVICE CLASS RTOS Condition cause : null
2024-09-19 00:09:41,919 [WARN] ConditionMgr:1039 - genDependencies : Invalid condition id : UX DEVICE CLASS RTOS Condition cause : null
2024-09-19 00:09:41,920 [WARN] ConditionMgr:1039 - genDependencies : Invalid condition id : UX DEVICE CLASS RTOS Condition cause : null
2024-09-19 00:09:41,921 [WARN] ConditionMgr:1039 - genDependencies : Invalid condition id : UX DEVICE CLASS RTOS Condition cause : null
2024-09-19 00:09:41,962 [WARN] PackLoader:240 - Cannot read IP mode file for STMicroelectronics.X-CUBE-GNSS1.7.0.0
2024-09-19 00:09:41,991 [WARN] PackLoader:240 - Cannot read IP mode file for STMicroelectronics.FP-SNS-STBOX1.2.0.0
2024-09-19 00:09:42,031 [WARN] PackLoader:240 - Cannot read IP mode file for STMicroelectronics.X-CUBE-SUBG2.5.0.0
2024-09-19 00:09:42,057 [WARN] PackLoader:240 - Cannot read IP mode file for Cesanta.I-CUBE-Mongoose.7.13.0
2024-09-19 00:09:42,097 [WARN] PackLoader:240 - Cannot read IP mode file for STMicroelectronics.X-CUBE-AZRTOS-G4.2.0.0
2024-09-19 00:09:42,124 [WARN] PackLoader:240 - Cannot read IP mode file for STMicroelectronics.X-CUBE-ALS.1.0.2
2024-09-19 00:09:42,151 [WARN] PackLoader:240 - Cannot read IP mode file for STMicroelectronics.X-CUBE-TOUCHGFX.4.24.0
2024-09-19 00:09:42,170 [WARN] PackLoader:240 - Cannot read IP mode file for wolfSSL.I-CUBE-wolfTPM.3.4.0
2024-09-19 00:09:42,196 [WARN] PackLoader:240 - Cannot read IP mode file for portGmbH.I-Cube-SoM-uGOAL.1.1.0
2024-09-19 00:09:42,245 [WARN] PackLoader:240 - Cannot read IP mode file for STMicroelectronics.X-CUBE-AZRTOS-H7RS.1.0.0
2024-09-19 00:09:42,270 [WARN] PackLoader:240 - Cannot read IP mode file for STMicroelectronics.FP-ATR-ASTRA1.2.0.0
2024-09-19 00:09:42,304 [WARN] PackLoader:240 - Cannot read IP mode file for STMicroelectronics.X-CUBE-TOF1.3.4.2
2024-09-19 00:09:42,380 [WARN] PackLoader:240 - Cannot read IP mode file for Infineon.AIROC-Wi-Fi-Bluetooth-STM32.1.6.1
2024-09-19 00:09:42,411 [WARN] PackLoader:240 - Cannot read IP mode file for wolfSSL.I-CUBE-wolfSSH.1.4.17
2024-09-19 00:09:42,411 [INFO] ThirdParty:978 - Integrity check success = true
2024-09-19 00:09:42,412 [INFO] IntegrityCheckThread:100 - exiting critical section [integrity check]
2024-09-19 00:09:42,412 [INFO] IntegrityCheckThread:103 - End integrity checks thread
2024-09-19 00:09:45,290 [ERROR] JxBrowserEngine:70 - Can't initiate JxBrowser engine java.lang.IllegalStateException: Module has been uninstalled. osgi.identity; type="osgi.bundle"; version:Version="6.12.0.202406281431"; osgi.identity="com.st.stm32cube.common.mx"; singleton:="true" [id=13]
2024-09-19 09:07:08,299 [INFO] Activator:176 - 


2024-09-19 09:07:08,303 [INFO] Activator:177 - !SESSION log4j initialized
2024-09-19 09:07:17,136 [INFO] LogOutputStream:77 - [STDOUT_REDIRECT] 
2024-09-19 09:07:19,587 [INFO] ApplicationProperties:184 - Using Application install path: C:\ST\STM32CubeIDE_1.16.0\STM32CubeIDE\plugins\com.st.stm32cube.common.mx_6.12.0.202406281431
2024-09-19 09:07:19,627 [INFO] DbMcusXml:78 - Set database path to: C:\ST\STM32CubeIDE_1.16.0\STM32CubeIDE\plugins\com.st.stm32cube.common.mx_6.12.0.202406281431\\db\/mcu/
2024-09-19 09:07:19,627 [INFO] ApiDb:274 - Set plugin database path to: C:\ST\STM32CubeIDE_1.16.0\STM32CubeIDE\plugins\com.st.stm32cube.common.mx_6.12.0.202406281431\\db\/plugins/boardmanager/
2024-09-19 09:07:19,628 [WARN] ApiDb:259 - Overriding images path with different value:  => C:\ST\STM32CubeIDE_1.16.0\STM32CubeIDE\plugins\com.st.stm32cube.common.mx_6.12.0.202406281431\\db\/plugins/mcufinder/images/
2024-09-19 09:07:19,639 [INFO] ApiDb:250 - Set database path to: C:\Users\Besan\.stmcufinder\plugins\mcufinder//mcu/
2024-09-19 09:07:19,642 [INFO] DbMcusAds:125 - Set database path to: C:\Users\Besan\.stmcufinder\plugins\mcufinder//mcu/
2024-09-19 09:07:19,646 [INFO] CrossReferenceDbSqlite:203 - Set database path to: C:\Users\Besan\.stmcufinder\plugins\mcufinder//mcu/cs/
2024-09-19 09:07:19,915 [INFO] RulesReader:64 - Compatibility file has been processed (297 Rules)
2024-09-19 09:07:20,084 [INFO] DbMcusXml:78 - Set database path to: C:\ST\STM32CubeIDE_1.16.0\STM32CubeIDE\plugins\com.st.stm32cube.common.mx_6.12.0.202406281431\\db\/mcu/
2024-09-19 09:07:20,084 [INFO] ApiDb:274 - Set plugin database path to: C:\ST\STM32CubeIDE_1.16.0\STM32CubeIDE\plugins\com.st.stm32cube.common.mx_6.12.0.202406281431\\db\/plugins/boardmanager/
2024-09-19 09:07:20,085 [INFO] ApiDb:261 - Set plugin images path to: C:\ST\STM32CubeIDE_1.16.0\STM32CubeIDE\plugins\com.st.stm32cube.common.mx_6.12.0.202406281431\\db\/plugins/mcufinder/images/
2024-09-19 09:07:20,085 [WARN] DbFile:41 - Overriding database path with different value: C:\Users\Besan\.stmcufinder\plugins\mcufinder/ => C:\Users\Besan\.stmcufinder\plugins\mcufinder
2024-09-19 09:07:20,085 [INFO] ApiDb:250 - Set database path to: C:\Users\Besan\.stmcufinder\plugins\mcufinder//mcu/
2024-09-19 09:07:20,086 [WARN] DbFile:41 - Overriding database path with different value: C:\Users\Besan\.stmcufinder\plugins\mcufinder/ => C:\Users\Besan\.stmcufinder\plugins\mcufinder
2024-09-19 09:07:20,086 [INFO] DbMcusAds:125 - Set database path to: C:\Users\Besan\.stmcufinder\plugins\mcufinder//mcu/
2024-09-19 09:07:20,086 [WARN] DbFile:41 - Overriding database path with different value: C:\Users\Besan\.stmcufinder\plugins\mcufinder/ => C:\Users\Besan\.stmcufinder\plugins\mcufinder
2024-09-19 09:07:20,086 [WARN] DbFile:41 - Overriding database path with different value: C:\Users\Besan\.stmcufinder\plugins\mcufinder/ => C:\Users\Besan\.stmcufinder\plugins\mcufinder
2024-09-19 09:07:20,086 [INFO] CrossReferenceDbSqlite:203 - Set database path to: C:\Users\Besan\.stmcufinder\plugins\mcufinder//mcu/cs/
2024-09-19 09:07:20,280 [INFO] MainPanel:268 - HeapMemory: 268435456
2024-09-19 09:07:20,529 [INFO] DbMcusXml:78 - Set database path to: C:\ST\STM32CubeIDE_1.16.0\STM32CubeIDE\plugins\com.st.stm32cube.common.mx_6.12.0.202406281431\\db\/mcu/
2024-09-19 09:07:20,529 [INFO] ApiDb:274 - Set plugin database path to: C:\ST\STM32CubeIDE_1.16.0\STM32CubeIDE\plugins\com.st.stm32cube.common.mx_6.12.0.202406281431\\db\/plugins/boardmanager/
2024-09-19 09:07:20,529 [INFO] ApiDb:261 - Set plugin images path to: C:\ST\STM32CubeIDE_1.16.0\STM32CubeIDE\plugins\com.st.stm32cube.common.mx_6.12.0.202406281431\\db\/plugins/mcufinder/images/
2024-09-19 09:07:20,530 [WARN] DbFile:41 - Overriding database path with different value: C:\Users\Besan\.stmcufinder\plugins\mcufinder/ => C:\Users\Besan\.stmcufinder\plugins\mcufinder
2024-09-19 09:07:20,530 [INFO] ApiDb:250 - Set database path to: C:\Users\Besan\.stmcufinder\plugins\mcufinder//mcu/
2024-09-19 09:07:20,530 [WARN] DbFile:41 - Overriding database path with different value: C:\Users\Besan\.stmcufinder\plugins\mcufinder/ => C:\Users\Besan\.stmcufinder\plugins\mcufinder
2024-09-19 09:07:20,530 [INFO] DbMcusAds:125 - Set database path to: C:\Users\Besan\.stmcufinder\plugins\mcufinder//mcu/
2024-09-19 09:07:20,531 [WARN] DbFile:41 - Overriding database path with different value: C:\Users\Besan\.stmcufinder\plugins\mcufinder/ => C:\Users\Besan\.stmcufinder\plugins\mcufinder
2024-09-19 09:07:20,531 [WARN] DbFile:41 - Overriding database path with different value: C:\Users\Besan\.stmcufinder\plugins\mcufinder/ => C:\Users\Besan\.stmcufinder\plugins\mcufinder
2024-09-19 09:07:20,531 [INFO] CrossReferenceDbSqlite:203 - Set database path to: C:\Users\Besan\.stmcufinder\plugins\mcufinder//mcu/cs/
2024-09-19 09:07:20,561 [INFO] ApplicationProperties:184 - Using Application install path: C:\ST\STM32CubeIDE_1.16.0\STM32CubeIDE\plugins\com.st.stm32cube.common.mx_6.12.0.202406281431
2024-09-19 09:07:20,563 [INFO] PluginManage:196 - Search for loadable plugins [exclusion list=, ]
2024-09-19 09:07:20,565 [INFO] PluginManage:310 - Check plugin analytics
2024-09-19 09:07:20,855 [INFO] AnalyticsPlugin:253 - Accepted Software Licenses: 
2024-09-19 09:07:20,855 [INFO] AnalyticsPlugin:255 - Accepted CMSIS Pack Licenses: 
2024-09-19 09:07:20,856 [INFO] AnalyticsPlugin:257 - Accepted Firmware Licenses: FW.F4.1.28.0
2024-09-19 09:07:20,859 [INFO] PluginManage:359 - Loaded plugin analytics (category:tool,tabindex:-1)
2024-09-19 09:07:20,861 [INFO] PluginManage:310 - Check plugin cadmodel
2024-09-19 09:07:20,870 [INFO] CADModel:105 - Init CAD model plugin
2024-09-19 09:07:20,870 [INFO] PluginManage:359 - Loaded plugin cadmodel (category:power,tabindex:5)
2024-09-19 09:07:20,870 [INFO] PluginManage:310 - Check plugin clock
2024-09-19 09:07:20,884 [INFO] PluginManage:359 - Loaded plugin clock (category:base,tabindex:2)
2024-09-19 09:07:20,884 [INFO] PluginManage:310 - Check plugin ddr
2024-09-19 09:07:20,888 [INFO] PluginManage:359 - Loaded plugin ddr (category:tool,tabindex:6)
2024-09-19 09:07:20,889 [INFO] PluginManage:310 - Check plugin filemanager
2024-09-19 09:07:21,235 [INFO] PluginManage:359 - Loaded plugin filemanager (category:base,tabindex:10)
2024-09-19 09:07:21,235 [INFO] PluginManage:310 - Check plugin ipmanager
2024-09-19 09:07:21,250 [INFO] PluginManage:359 - Loaded plugin ipmanager (category:base,tabindex:5)
2024-09-19 09:07:21,250 [INFO] PluginManage:310 - Check plugin lpbam
2024-09-19 09:07:21,268 [INFO] PluginManage:359 - Loaded plugin lpbam (category:base,tabindex:0)
2024-09-19 09:07:21,268 [INFO] PluginManage:310 - Check plugin memorymap
2024-09-19 09:07:21,298 [INFO] PluginManage:359 - Loaded plugin memorymap (category:base,tabindex:4)
2024-09-19 09:07:21,298 [INFO] PluginManage:310 - Check plugin pinoutandconfiguration
2024-09-19 09:07:21,311 [INFO] PluginManage:359 - Loaded plugin pinoutandconfiguration (category:base,tabindex:1)
2024-09-19 09:07:21,311 [INFO] PluginManage:310 - Check plugin pinoutconfig
2024-09-19 09:07:21,449 [WARN] SupportedApi:132 - Cannot load RTOS API schema: s4s-elt-must-match.1: The content of 'definitions' must match (annotation?, (simpleType | complexType)?, (unique | key | keyref)*)). A problem was found starting at: attribute.
2024-09-19 09:07:21,713 [INFO] PluginManage:359 - Loaded plugin pinoutconfig (category:base,tabindex:0)
2024-09-19 09:07:21,713 [INFO] PluginManage:310 - Check plugin power
2024-09-19 09:07:21,732 [INFO] PluginManage:359 - Loaded plugin power (category:power,tabindex:4)
2024-09-19 09:07:21,732 [INFO] PluginManage:310 - Check plugin projectmanager
2024-09-19 09:07:21,768 [INFO] PluginManage:359 - Loaded plugin projectmanager (category:projectmanager,tabindex:4)
2024-09-19 09:07:21,768 [INFO] PluginManage:310 - Check plugin rif
2024-09-19 09:07:21,784 [INFO] PluginManage:359 - Loaded plugin rif (category:base,tabindex:3)
2024-09-19 09:07:21,784 [INFO] PluginManage:310 - Check plugin thirdparty
2024-09-19 09:07:22,052 [INFO] PluginManage:359 - Loaded plugin thirdparty (category:base,tabindex:-1)
2024-09-19 09:07:22,052 [INFO] PluginManage:310 - Check plugin tools
2024-09-19 09:07:22,052 [WARN] IntegrityCheckThread:84 - waiting for thirdparty lock release [integrity check]
2024-09-19 09:07:22,053 [INFO] IntegrityCheckThread:86 - entering critical section [integrity check]
2024-09-19 09:07:22,054 [INFO] ThirdPartyUpdaterWithRetryManager:70 - Updater plugin not ready yet. [1/15]
2024-09-19 09:07:22,056 [INFO] PluginManage:359 - Loaded plugin tools (category:base,tabindex:7)
2024-09-19 09:07:22,056 [INFO] PluginManage:310 - Check plugin tutovideos
2024-09-19 09:07:22,341 [INFO] PluginManage:359 - Loaded plugin tutovideos (category:base,tabindex:-1)
2024-09-19 09:07:22,341 [INFO] PluginManage:310 - Check plugin updater
2024-09-19 09:07:22,367 [INFO] PluginManage:359 - Loaded plugin updater (category:base,tabindex:12)
2024-09-19 09:07:22,368 [INFO] PluginManage:310 - Check plugin userauth
2024-09-19 09:07:22,376 [INFO] UserAuth:113 - Init User Auth plugin
2024-09-19 09:07:22,376 [INFO] PluginManage:359 - Loaded plugin userauth (category:base,tabindex:14)
2024-09-19 09:07:22,377 [INFO] PluginManage:283 - PluginManage : Loaded plugins [18]
2024-09-19 09:07:22,689 [INFO] PinOutPanel:1561 - setPackage(No Configuration,No Configuration)
2024-09-19 09:07:22,828 [INFO] CADModel:165 - CPN selected for project level
2024-09-19 09:07:22,829 [INFO] CADModel:114 - Register for checkConnection events
2024-09-19 09:07:22,850 [INFO] IPUIPlugin:80 - create IPUIPlugin
2024-09-19 09:07:22,851 [INFO] PluginManager:220 - loadIPPluginJar : add adc
2024-09-19 09:07:22,855 [INFO] IPUIPlugin:80 - create IPUIPlugin
2024-09-19 09:07:22,855 [INFO] PluginManager:220 - loadIPPluginJar : add aes
2024-09-19 09:07:22,859 [INFO] IPUIPlugin:80 - create IPUIPlugin
2024-09-19 09:07:22,860 [INFO] PluginManager:220 - loadIPPluginJar : add can
2024-09-19 09:07:22,862 [INFO] IPUIPlugin:80 - create IPUIPlugin
2024-09-19 09:07:22,862 [INFO] PluginManager:220 - loadIPPluginJar : add comp
2024-09-19 09:07:22,866 [INFO] IPUIPlugin:80 - create IPUIPlugin
2024-09-19 09:07:22,867 [INFO] PluginManager:220 - loadIPPluginJar : add cryp
2024-09-19 09:07:22,871 [INFO] IPUIPlugin:80 - create IPUIPlugin
2024-09-19 09:07:22,872 [INFO] PluginManager:220 - loadIPPluginJar : add ddr_ctrl_phy
2024-09-19 09:07:22,875 [INFO] IPUIPlugin:80 - create IPUIPlugin
2024-09-19 09:07:22,876 [INFO] PluginManager:220 - loadIPPluginJar : add dfsdm
2024-09-19 09:07:22,884 [INFO] IPUIPlugin:80 - create IPUIPlugin
2024-09-19 09:07:22,884 [INFO] PluginManager:220 - loadIPPluginJar : add dma
2024-09-19 09:07:22,888 [INFO] IPUIPlugin:80 - create IPUIPlugin
2024-09-19 09:07:22,888 [INFO] PluginManager:220 - loadIPPluginJar : add dma3
2024-09-19 09:07:22,892 [INFO] IPUIPlugin:80 - create IPUIPlugin
2024-09-19 09:07:22,893 [INFO] PluginManager:220 - loadIPPluginJar : add extmemmanager
2024-09-19 09:07:22,897 [INFO] IPUIPlugin:80 - create IPUIPlugin
2024-09-19 09:07:22,897 [INFO] PluginManager:220 - loadIPPluginJar : add fatfs
2024-09-19 09:07:22,906 [INFO] IPUIPlugin:80 - create IPUIPlugin
2024-09-19 09:07:22,906 [INFO] PluginManager:220 - loadIPPluginJar : add fmc
2024-09-19 09:07:22,916 [INFO] IPUIPlugin:80 - create IPUIPlugin
2024-09-19 09:07:22,917 [INFO] PluginManager:220 - loadIPPluginJar : add freertos
2024-09-19 09:07:22,920 [INFO] IPUIPlugin:80 - create IPUIPlugin
2024-09-19 09:07:22,920 [INFO] PluginManager:220 - loadIPPluginJar : add genericplugin
2024-09-19 09:07:22,924 [INFO] IPUIPlugin:80 - create IPUIPlugin
2024-09-19 09:07:22,924 [INFO] PluginManager:220 - loadIPPluginJar : add gfxmmu
2024-09-19 09:07:22,932 [INFO] IPUIPlugin:80 - create IPUIPlugin
2024-09-19 09:07:22,933 [INFO] PluginManager:220 - loadIPPluginJar : add gic
2024-09-19 09:07:22,939 [INFO] IPUIPlugin:80 - create IPUIPlugin
2024-09-19 09:07:22,940 [INFO] PluginManager:220 - loadIPPluginJar : add gpio
2024-09-19 09:07:22,944 [INFO] IPUIPlugin:80 - create IPUIPlugin
2024-09-19 09:07:22,945 [INFO] PluginManager:220 - loadIPPluginJar : add gtzc
2024-09-19 09:07:22,949 [INFO] IPUIPlugin:80 - create IPUIPlugin
2024-09-19 09:07:22,949 [INFO] PluginManager:220 - loadIPPluginJar : add hash
2024-09-19 09:07:22,954 [INFO] IPUIPlugin:80 - create IPUIPlugin
2024-09-19 09:07:22,955 [INFO] PluginManager:220 - loadIPPluginJar : add i2c
2024-09-19 09:07:22,959 [INFO] IPUIPlugin:80 - create IPUIPlugin
2024-09-19 09:07:22,959 [INFO] PluginManager:220 - loadIPPluginJar : add i2s
2024-09-19 09:07:22,965 [INFO] IPUIPlugin:80 - create IPUIPlugin
2024-09-19 09:07:22,965 [INFO] PluginManager:220 - loadIPPluginJar : add i3c
2024-09-19 09:07:22,970 [INFO] IPUIPlugin:80 - create IPUIPlugin
2024-09-19 09:07:22,971 [INFO] PluginManager:220 - loadIPPluginJar : add ipddr
2024-09-19 09:07:22,981 [INFO] IPUIPlugin:80 - create IPUIPlugin
2024-09-19 09:07:22,981 [INFO] PluginManager:220 - loadIPPluginJar : add linkedlist
2024-09-19 09:07:22,986 [INFO] IPUIPlugin:80 - create IPUIPlugin
2024-09-19 09:07:22,987 [INFO] PluginManager:220 - loadIPPluginJar : add lorawan
2024-09-19 09:07:22,989 [INFO] IPUIPlugin:80 - create IPUIPlugin
2024-09-19 09:07:22,989 [INFO] PluginManager:220 - loadIPPluginJar : add ltdc
2024-09-19 09:07:22,996 [INFO] IPUIPlugin:80 - create IPUIPlugin
2024-09-19 09:07:22,997 [INFO] PluginManager:220 - loadIPPluginJar : add mdma
2024-09-19 09:07:23,001 [INFO] IPUIPlugin:80 - create IPUIPlugin
2024-09-19 09:07:23,001 [INFO] PluginManager:220 - loadIPPluginJar : add nvic
2024-09-19 09:07:23,006 [INFO] IPUIPlugin:80 - create IPUIPlugin
2024-09-19 09:07:23,006 [INFO] PluginManager:220 - loadIPPluginJar : add opamp
2024-09-19 09:07:23,011 [INFO] IPUIPlugin:80 - create IPUIPlugin
2024-09-19 09:07:23,011 [INFO] PluginManager:220 - loadIPPluginJar : add openamp
2024-09-19 09:07:23,017 [INFO] IPUIPlugin:80 - create IPUIPlugin
2024-09-19 09:07:23,017 [INFO] PluginManager:220 - loadIPPluginJar : add pdm2pcm
2024-09-19 09:07:23,027 [INFO] IPUIPlugin:80 - create IPUIPlugin
2024-09-19 09:07:23,031 [INFO] PluginManager:220 - loadIPPluginJar : add plateformsettings
2024-09-19 09:07:23,033 [INFO] IPUIPlugin:80 - create IPUIPlugin
2024-09-19 09:07:23,033 [INFO] PluginManager:220 - loadIPPluginJar : add quadspi
2024-09-19 09:07:23,036 [INFO] IPUIPlugin:80 - create IPUIPlugin
2024-09-19 09:07:23,037 [INFO] PluginManager:220 - loadIPPluginJar : add radio
2024-09-19 09:07:23,043 [INFO] IPUIPlugin:80 - create IPUIPlugin
2024-09-19 09:07:23,043 [INFO] PluginManager:220 - loadIPPluginJar : add resmgrutility
2024-09-19 09:07:23,049 [INFO] IPUIPlugin:80 - create IPUIPlugin
2024-09-19 09:07:23,049 [INFO] PluginManager:220 - loadIPPluginJar : add sai
2024-09-19 09:07:23,052 [INFO] IPUIPlugin:80 - create IPUIPlugin
2024-09-19 09:07:23,052 [INFO] PluginManager:220 - loadIPPluginJar : add spi
2024-09-19 09:07:23,061 [INFO] IPUIPlugin:80 - create IPUIPlugin
2024-09-19 09:07:23,061 [INFO] PluginManager:220 - loadIPPluginJar : add stm32_wpan
2024-09-19 09:07:23,064 [INFO] IPUIPlugin:80 - create IPUIPlugin
2024-09-19 09:07:23,064 [INFO] PluginManager:220 - loadIPPluginJar : add tim
2024-09-19 09:07:23,069 [INFO] IPUIPlugin:80 - create IPUIPlugin
2024-09-19 09:07:23,069 [INFO] PluginManager:220 - loadIPPluginJar : add touchsensing
2024-09-19 09:07:23,073 [INFO] IPUIPlugin:80 - create IPUIPlugin
2024-09-19 09:07:23,073 [INFO] PluginManager:220 - loadIPPluginJar : add tracer_emb
2024-09-19 09:07:23,075 [INFO] IPUIPlugin:80 - create IPUIPlugin
2024-09-19 09:07:23,076 [INFO] PluginManager:220 - loadIPPluginJar : add ts
2024-09-19 09:07:23,078 [INFO] IPUIPlugin:80 - create IPUIPlugin
2024-09-19 09:07:23,078 [INFO] PluginManager:220 - loadIPPluginJar : add tsc
2024-09-19 09:07:23,082 [INFO] IPUIPlugin:80 - create IPUIPlugin
2024-09-19 09:07:23,082 [INFO] PluginManager:220 - loadIPPluginJar : add ucpd
2024-09-19 09:07:23,087 [INFO] IPUIPlugin:80 - create IPUIPlugin
2024-09-19 09:07:23,087 [INFO] PluginManager:220 - loadIPPluginJar : add usart
2024-09-19 09:07:23,092 [INFO] IPUIPlugin:80 - create IPUIPlugin
2024-09-19 09:07:23,092 [INFO] PluginManager:220 - loadIPPluginJar : add usbx
2024-09-19 09:07:23,249 [INFO] CADModel:165 - CPN selected for project level
2024-09-19 09:07:23,249 [INFO] CADModel:114 - Register for checkConnection events
2024-09-19 09:07:23,250 [FATAL] Updater:334 - Updater called before beeing initialized
2024-09-19 09:07:23,250 [ERROR] CADModel:125 - Updater not yet initialized, retry later 
2024-09-19 09:07:23,529 [INFO] CADModel:165 - CPN selected for project level
2024-09-19 09:07:23,529 [INFO] CADModel:114 - Register for checkConnection events
2024-09-19 09:07:23,529 [FATAL] Updater:334 - Updater called before beeing initialized
2024-09-19 09:07:23,529 [ERROR] CADModel:125 - Updater not yet initialized, retry later 
2024-09-19 09:07:23,535 [FATAL] Updater:334 - Updater called before beeing initialized
2024-09-19 09:07:23,725 [FATAL] Updater:334 - Updater called before beeing initialized
2024-09-19 09:07:23,732 [INFO] DbMcusAds:53 - JSON generation date=Thu Sep 30 08:55:09 CEST 2021 (1632984909247)
2024-09-19 09:07:23,732 [FATAL] Updater:334 - Updater called before beeing initialized
2024-09-19 09:07:23,786 [WARN] DetailPanel:346 - Failed to get advertising image, set to default
2024-09-19 09:07:23,936 [FATAL] Updater:334 - Updater called before beeing initialized
2024-09-19 09:07:23,938 [FATAL] Updater:334 - Updater called before beeing initialized
2024-09-19 09:07:23,939 [FATAL] Updater:334 - Updater called before beeing initialized
2024-09-19 09:07:23,939 [WARN] DetailPanel:346 - Failed to get advertising image, set to default
2024-09-19 09:07:23,939 [FATAL] Updater:334 - Updater called before beeing initialized
2024-09-19 09:07:24,005 [ERROR] Updater:1164 - MainUpdater not yet initialized. External WinMGr cannot be set.
2024-09-19 09:07:24,008 [INFO] Updater:1100 - Updater Version found : 6.12.0
2024-09-19 09:07:24,032 [INFO] ApplicationProperties:184 - Using Application install path: C:\ST\STM32CubeIDE_1.16.0\STM32CubeIDE\plugins\com.st.stm32cube.common.mx_6.12.0.202406281431
2024-09-19 09:07:25,055 [INFO] ThirdPartyUpdaterWithRetryManager:70 - Updater plugin not ready yet. [2/15]
2024-09-19 09:07:25,624 [ERROR] LogOutputStream:75 - [STDERR_REDIRECT] Sep 19, 2024 9:07:25 AM java.util.prefs.WindowsPreferences <init>
2024-09-19 09:07:25,626 [ERROR] LogOutputStream:75 - [STDERR_REDIRECT] WARNING: Could not open/create prefs root node Software\JavaSoft\Prefs at root 0xffffffff80000002. Windows RegCreateKeyEx(...) returned error code 5.
2024-09-19 09:07:25,627 [ERROR] LogOutputStream:75 - [STDERR_REDIRECT] 
2024-09-19 09:07:26,241 [INFO] MainUpdater:2873 - connection check result : 10
2024-09-19 09:07:26,242 [INFO] MainUpdater:290 - Updater Check For Update Now.
2024-09-19 09:07:26,243 [INFO] MicroXplorer:498 - Change Database Version : DB.6.0.120
2024-09-19 09:07:26,262 [INFO] McuFinderGlobals:63 - Set McuFinder mode to 2 (CubeIDE integrated)
2024-09-19 09:07:26,263 [INFO] UserAuth:179 - activating auth plugin
2024-09-19 09:07:26,359 [INFO] UserAuth:417 - Internet connection configuration mode: 1
2024-09-19 09:07:26,397 [INFO] JxBrowserEngine:152 - Initiate JxBrowser Engine with user profile folder
2024-09-19 09:07:26,655 [INFO] CheckServerUpdateThread:120 - End of CheckServer Thread
2024-09-19 09:07:28,547 [INFO] WebApp:167 - Instantiating new browser for Auth
2024-09-19 09:07:28,929 [WARN] PackLoader:240 - Cannot read IP mode file for STMicroelectronics.FP-SNS-MOTENVWB1.1.4.0
2024-09-19 09:07:29,039 [WARN] PackLoader:240 - Cannot read IP mode file for STMicroelectronics.X-CUBE-SMBUS.2.1.0
2024-09-19 09:07:29,317 [WARN] PackLoader:240 - Cannot read IP mode file for STMicroelectronics.X-CUBE-AZRTOS-F7.1.1.0
2024-09-19 09:07:29,817 [WARN] PackLoader:240 - Cannot read IP mode file for STMicroelectronics.X-CUBE-MEMS1.11.0.0
2024-09-19 09:07:31,037 [WARN] PackLoader:240 - Cannot read IP mode file for STMicroelectronics.FP-SNS-FLIGHT1.5.0.2
2024-09-19 09:07:31,086 [WARN] PackLoader:240 - Cannot read IP mode file for STMicroelectronics.X-CUBE-DISPLAY.3.0.0
2024-09-19 09:07:31,134 [WARN] PackLoader:240 - Cannot read IP mode file for STMicroelectronics.X-CUBE-BLE1.7.0.0
2024-09-19 09:07:31,182 [WARN] PackLoader:240 - Cannot read IP mode file for emotas.I-CUBE-CANOPEN.1.3.0
2024-09-19 09:07:31,214 [WARN] PackLoader:240 - Cannot read IP mode file for STMicroelectronics.X-CUBE-BLEMGR.3.1.0
2024-09-19 09:07:31,362 [WARN] PackLoader:240 - Cannot read IP mode file for STMicroelectronics.FP-SNS-SMARTAG2.1.2.0
2024-09-19 09:07:31,477 [INFO] LogOutputStream:77 - [STDOUT_REDIRECT] 1 : Invalid condition id : UX_CORESTACK_Condition cause : null
2024-09-19 09:07:31,481 [INFO] LogOutputStream:77 - [STDOUT_REDIRECT] 1 : Invalid condition id : UX_CORESTACK_Condition cause : null
2024-09-19 09:07:31,483 [INFO] LogOutputStream:77 - [STDOUT_REDIRECT] 1 : Invalid condition id : UX_CORESTACK_Condition cause : null
2024-09-19 09:07:31,486 [INFO] LogOutputStream:77 - [STDOUT_REDIRECT] 1 : Invalid condition id : UX_CORESTACK_Condition cause : null
2024-09-19 09:07:31,493 [INFO] LogOutputStream:77 - [STDOUT_REDIRECT] 1 : Invalid condition id : UX_CORESTACK_Condition cause : null
2024-09-19 09:07:31,581 [WARN] PackLoader:240 - Cannot read IP mode file for STMicroelectronics.X-CUBE-AZRTOS-WL.2.0.0
2024-09-19 09:07:31,760 [WARN] PackLoader:240 - Cannot read IP mode file for STMicroelectronics.FP-SNS-MOTENV1.5.0.0
2024-09-19 09:07:32,069 [WARN] PackLoader:240 - Cannot read IP mode file for wolfSSL.I-CUBE-wolfMQTT.1.19.0
2024-09-19 09:07:32,118 [WARN] PackLoader:240 - Cannot read IP mode file for WES.I-CUBE-Cesium.1.3.0
2024-09-19 09:07:32,268 [WARN] PackLoader:240 - Cannot read IP mode file for STMicroelectronics.X-CUBE-BLE2.3.3.0
2024-09-19 09:07:32,288 [WARN] PackLoader:240 - Cannot read IP mode file for STMicroelectronics.X-CUBE-TCPP.4.1.0
2024-09-19 09:07:32,467 [WARN] PackLoader:240 - Cannot read IP mode file for STMicroelectronics.X-CUBE-AZRTOS-G0.1.1.0
2024-09-19 09:07:32,604 [WARN] PackLoader:240 - Cannot read IP mode file for STMicroelectronics.X-CUBE-SAFEA1.1.2.2
2024-09-19 09:07:32,621 [WARN] PackLoader:240 - Cannot read IP mode file for STMicroelectronics.X-CUBE-NFC4.3.0.0
2024-09-19 09:07:33,029 [WARN] PackLoader:240 - Cannot read IP mode file for EmbeddedOffice.I-CUBE-FS-RTOS.1.0.1
2024-09-19 09:07:33,030 [ERROR] ConditionMgr:805 - Attr not supported : Dmpu
2024-09-19 09:07:33,031 [ERROR] ConditionMgr:805 - Attr not supported : Dmpu
2024-09-19 09:07:33,036 [ERROR] ConditionMgr:805 - Attr not supported : Dmpu
2024-09-19 09:07:33,036 [ERROR] ConditionMgr:805 - Attr not supported : Dmpu
2024-09-19 09:07:33,036 [ERROR] ConditionMgr:805 - Attr not supported : Dmpu
2024-09-19 09:07:33,036 [ERROR] ConditionMgr:805 - Attr not supported : Dmpu
2024-09-19 09:07:33,037 [ERROR] ConditionMgr:805 - Attr not supported : Dmpu
2024-09-19 09:07:33,037 [ERROR] ConditionMgr:805 - Attr not supported : Dmpu
2024-09-19 09:07:33,037 [ERROR] ConditionMgr:805 - Attr not supported : Dmpu
2024-09-19 09:07:33,037 [ERROR] ConditionMgr:805 - Attr not supported : Dmpu
2024-09-19 09:07:33,037 [ERROR] ConditionMgr:805 - Attr not supported : Dmpu
2024-09-19 09:07:33,037 [ERROR] ConditionMgr:805 - Attr not supported : Dmpu
2024-09-19 09:07:33,037 [ERROR] ConditionMgr:805 - Attr not supported : Dmpu
2024-09-19 09:07:33,037 [ERROR] ConditionMgr:805 - Attr not supported : Dmpu
2024-09-19 09:07:33,038 [ERROR] ConditionMgr:805 - Attr not supported : Dmpu
2024-09-19 09:07:33,038 [ERROR] ConditionMgr:805 - Attr not supported : Dmpu
2024-09-19 09:07:33,038 [ERROR] ConditionMgr:805 - Attr not supported : Dmpu
2024-09-19 09:07:33,038 [ERROR] ConditionMgr:805 - Attr not supported : Dmpu
2024-09-19 09:07:33,038 [ERROR] ConditionMgr:805 - Attr not supported : Dmpu
2024-09-19 09:07:33,038 [ERROR] ConditionMgr:805 - Attr not supported : Dmpu
2024-09-19 09:07:33,039 [ERROR] ConditionMgr:805 - Attr not supported : Dmpu
2024-09-19 09:07:33,039 [ERROR] ConditionMgr:805 - Attr not supported : Dmpu
2024-09-19 09:07:33,039 [ERROR] ConditionMgr:805 - Attr not supported : Dmpu
2024-09-19 09:07:33,039 [ERROR] ConditionMgr:805 - Attr not supported : Dmpu
2024-09-19 09:07:33,039 [ERROR] ConditionMgr:805 - Attr not supported : Dmpu
2024-09-19 09:07:33,040 [ERROR] ConditionMgr:805 - Attr not supported : Dmpu
2024-09-19 09:07:33,040 [ERROR] ConditionMgr:805 - Attr not supported : Dmpu
2024-09-19 09:07:33,040 [ERROR] ConditionMgr:805 - Attr not supported : Dmpu
2024-09-19 09:07:33,040 [ERROR] ConditionMgr:805 - Attr not supported : Dmpu
2024-09-19 09:07:33,040 [ERROR] ConditionMgr:805 - Attr not supported : Dmpu
2024-09-19 09:07:33,040 [ERROR] ConditionMgr:805 - Attr not supported : Dmpu
2024-09-19 09:07:33,041 [ERROR] ConditionMgr:805 - Attr not supported : Dmpu
2024-09-19 09:07:33,041 [ERROR] ConditionMgr:805 - Attr not supported : Dmpu
2024-09-19 09:07:33,041 [ERROR] ConditionMgr:805 - Attr not supported : Dmpu
2024-09-19 09:07:33,042 [ERROR] ConditionMgr:805 - Attr not supported : Dmpu
2024-09-19 09:07:33,042 [ERROR] ConditionMgr:805 - Attr not supported : Dmpu
2024-09-19 09:07:33,042 [ERROR] ConditionMgr:805 - Attr not supported : Dmpu
2024-09-19 09:07:33,042 [ERROR] ConditionMgr:805 - Attr not supported : Dmpu
2024-09-19 09:07:33,042 [ERROR] ConditionMgr:805 - Attr not supported : Dmpu
2024-09-19 09:07:33,042 [ERROR] ConditionMgr:805 - Attr not supported : Dmpu
2024-09-19 09:07:33,043 [ERROR] ConditionMgr:805 - Attr not supported : Dmpu
2024-09-19 09:07:33,043 [ERROR] ConditionMgr:805 - Attr not supported : Dmpu
2024-09-19 09:07:33,043 [ERROR] ConditionMgr:805 - Attr not supported : Dmpu
2024-09-19 09:07:33,043 [ERROR] ConditionMgr:805 - Attr not supported : Dmpu
2024-09-19 09:07:33,044 [ERROR] ConditionMgr:805 - Attr not supported : Dmpu
2024-09-19 09:07:33,044 [ERROR] ConditionMgr:805 - Attr not supported : Dmpu
2024-09-19 09:07:33,044 [ERROR] ConditionMgr:805 - Attr not supported : Dmpu
2024-09-19 09:07:33,044 [ERROR] ConditionMgr:805 - Attr not supported : Dmpu
2024-09-19 09:07:33,044 [ERROR] ConditionMgr:805 - Attr not supported : Dmpu
2024-09-19 09:07:33,045 [ERROR] ConditionMgr:805 - Attr not supported : Dmpu
2024-09-19 09:07:33,045 [ERROR] ConditionMgr:805 - Attr not supported : Dmpu
2024-09-19 09:07:33,045 [ERROR] ConditionMgr:805 - Attr not supported : Dmpu
2024-09-19 09:07:33,045 [ERROR] ConditionMgr:805 - Attr not supported : Dmpu
2024-09-19 09:07:33,046 [ERROR] ConditionMgr:805 - Attr not supported : Dmpu
2024-09-19 09:07:33,046 [ERROR] ConditionMgr:805 - Attr not supported : Dmpu
2024-09-19 09:07:33,046 [ERROR] ConditionMgr:805 - Attr not supported : Dmpu
2024-09-19 09:07:33,047 [ERROR] ConditionMgr:805 - Attr not supported : Dmpu
2024-09-19 09:07:33,047 [ERROR] ConditionMgr:805 - Attr not supported : Dmpu
2024-09-19 09:07:33,047 [ERROR] ConditionMgr:805 - Attr not supported : Dmpu
2024-09-19 09:07:33,047 [ERROR] ConditionMgr:805 - Attr not supported : Dmpu
2024-09-19 09:07:33,048 [ERROR] ConditionMgr:805 - Attr not supported : Dmpu
2024-09-19 09:07:33,048 [ERROR] ConditionMgr:805 - Attr not supported : Dmpu
2024-09-19 09:07:33,048 [ERROR] ConditionMgr:805 - Attr not supported : Dmpu
2024-09-19 09:07:33,048 [ERROR] ConditionMgr:805 - Attr not supported : Dmpu
2024-09-19 09:07:33,065 [WARN] PackLoader:240 - Cannot read IP mode file for RealThread.X-CUBE-RT-Thread_Nano.4.1.1
2024-09-19 09:07:33,208 [WARN] PackLoader:240 - Cannot read IP mode file for STMicroelectronics.FP-ATR-SIGFOX1.3.2.0
2024-09-19 09:07:33,224 [WARN] PackLoader:240 - Cannot read IP mode file for wolfSSL.I-CUBE-wolfSSL.5.7.2
2024-09-19 09:07:33,238 [WARN] PackLoader:240 - Cannot read IP mode file for STMicroelectronics.X-CUBE-EEPRMA1.5.1.0
2024-09-19 09:07:33,412 [INFO] WebApp:448 - Apply proxy settings
2024-09-19 09:07:33,412 [INFO] WebApp:533 - Chromium requires no authentication
2024-09-19 09:07:33,442 [INFO] WebApp:476 - Direct internet connection detected
2024-09-19 09:07:33,450 [WARN] PackLoader:240 - Cannot read IP mode file for ITTIA_DB.I-CUBE-ITTIADB.8.9.0
2024-09-19 09:07:33,633 [INFO] WebApp:869 - Register for checkConnection events
2024-09-19 09:07:33,633 [INFO] WebApp:448 - Apply proxy settings
2024-09-19 09:07:33,633 [INFO] WebApp:533 - Chromium requires no authentication
2024-09-19 09:07:33,634 [INFO] WebApp:476 - Direct internet connection detected
2024-09-19 09:07:33,855 [WARN] PackLoader:240 - Cannot read IP mode file for SEGGER.I-CUBE-embOS.1.3.1
2024-09-19 09:07:34,380 [WARN] PackLoader:240 - Cannot read IP mode file for STMicroelectronics.X-CUBE-ALGOBUILD.1.4.0
2024-09-19 09:07:34,627 [WARN] PackLoader:240 - Cannot read IP mode file for STMicroelectronics.X-CUBE-AZRTOS-F4.1.1.0
2024-09-19 09:07:34,861 [WARN] PackLoader:240 - Cannot read IP mode file for STMicroelectronics.X-CUBE-ISPU.2.1.0
2024-09-19 09:07:34,870 [WARN] PackLoader:240 - Cannot read IP mode file for STMicroelectronics.X-CUBE-FREERTOS.1.2.0
2024-09-19 09:07:34,985 [WARN] PackLoader:240 - Cannot read IP mode file for STMicroelectronics.X-CUBE-AZRTOS-L5.2.0.0
2024-09-19 09:07:35,046 [INFO] WebApp:220 - Starting web application
2024-09-19 09:07:35,046 [INFO] WebApp:578 - Web application path used C:\ST\STM32CubeIDE_1.16.0\STM32CubeIDE\plugins\com.st.stm32cube.common.mx_6.12.0.202406281431\db\plugins\mcufinder\reactClient1\index.html
2024-09-19 09:07:35,051 [WARN] PackLoader:240 - Cannot read IP mode file for STMicroelectronics.X-CUBE-NFC6.3.1.0
2024-09-19 09:07:35,100 [WARN] PackLoader:240 - Cannot read IP mode file for STMicroelectronics.X-CUBE-DPower.1.2.0
2024-09-19 09:07:35,188 [WARN] PackLoader:240 - Cannot read IP mode file for STMicroelectronics.X-CUBE-AI.9.0.0
2024-09-19 09:07:35,221 [WARN] PackLoader:240 - Cannot read IP mode file for STMicroelectronics.X-CUBE-NFC7.1.0.1
2024-09-19 09:07:35,388 [WARN] ConditionMgr:438 - getConditionDescription Invalid condition id : LAN8742 Phy interface Condition cause : null
2024-09-19 09:07:35,397 [WARN] PackLoader:240 - Cannot read IP mode file for STMicroelectronics.X-CUBE-AZRTOS-L4.2.0.0
2024-09-19 09:07:35,414 [WARN] ConditionMgr:1039 - genDependencies : Invalid condition id : LAN8742 Phy interface Condition cause : null
2024-09-19 09:07:35,416 [WARN] ConditionMgr:1039 - genDependencies : Invalid condition id : LAN8742 Phy interface Condition cause : null
2024-09-19 09:07:35,418 [WARN] ConditionMgr:1039 - genDependencies : Invalid condition id : LAN8742 Phy interface Condition cause : null
2024-09-19 09:07:35,504 [WARN] PackLoader:240 - Cannot read IP mode file for STMicroelectronics.X-CUBE-SFXS2LP1.4.0.0
2024-09-19 09:07:35,648 [WARN] PackLoader:240 - Cannot read IP mode file for STMicroelectronics.X-CUBE-AZRTOS-H7.3.3.0
2024-09-19 09:07:35,726 [WARN] ConditionMgr:438 - getConditionDescription Invalid condition id : UX DEVICE CLASS RTOS Condition cause : null
2024-09-19 09:07:35,727 [WARN] ConditionMgr:438 - getConditionDescription Invalid condition id : UX DEVICE CLASS RTOS Condition cause : null
2024-09-19 09:07:35,734 [WARN] PackLoader:240 - Cannot read IP mode file for STMicroelectronics.X-CUBE-AZRTOS-WB.2.0.0
2024-09-19 09:07:35,805 [WARN] ConditionMgr:1039 - genDependencies : Invalid condition id : UX DEVICE CLASS RTOS Condition cause : null
2024-09-19 09:07:35,805 [WARN] ConditionMgr:1039 - genDependencies : Invalid condition id : UX DEVICE CLASS RTOS Condition cause : null
2024-09-19 09:07:35,809 [WARN] ConditionMgr:1039 - genDependencies : Invalid condition id : UX DEVICE CLASS RTOS Condition cause : null
2024-09-19 09:07:35,810 [WARN] ConditionMgr:1039 - genDependencies : Invalid condition id : UX DEVICE CLASS RTOS Condition cause : null
2024-09-19 09:07:35,810 [WARN] ConditionMgr:1039 - genDependencies : Invalid condition id : UX DEVICE CLASS RTOS Condition cause : null
2024-09-19 09:07:35,825 [WARN] PackLoader:240 - Cannot read IP mode file for STMicroelectronics.X-CUBE-GNSS1.7.0.0
2024-09-19 09:07:35,844 [WARN] PackLoader:240 - Cannot read IP mode file for STMicroelectronics.FP-SNS-STBOX1.2.0.0
2024-09-19 09:07:36,002 [WARN] PackLoader:240 - Cannot read IP mode file for STMicroelectronics.X-CUBE-SUBG2.5.0.0
2024-09-19 09:07:36,182 [WARN] PackLoader:240 - Cannot read IP mode file for Cesanta.I-CUBE-Mongoose.7.13.0
2024-09-19 09:07:36,244 [WARN] PackLoader:240 - Cannot read IP mode file for STMicroelectronics.X-CUBE-AZRTOS-G4.2.0.0
2024-09-19 09:07:36,321 [WARN] PackLoader:240 - Cannot read IP mode file for STMicroelectronics.X-CUBE-ALS.1.0.2
2024-09-19 09:07:36,335 [WARN] PackLoader:240 - Cannot read IP mode file for STMicroelectronics.X-CUBE-TOUCHGFX.4.24.0
2024-09-19 09:07:36,354 [WARN] PackLoader:240 - Cannot read IP mode file for wolfSSL.I-CUBE-wolfTPM.3.4.0
2024-09-19 09:07:36,378 [INFO] WebApp:186 - Connection restablished
2024-09-19 09:07:36,417 [WARN] PackLoader:240 - Cannot read IP mode file for portGmbH.I-Cube-SoM-uGOAL.1.1.0
2024-09-19 09:07:36,775 [WARN] PackLoader:240 - Cannot read IP mode file for STMicroelectronics.X-CUBE-AZRTOS-H7RS.1.0.0
2024-09-19 09:07:36,894 [WARN] PackLoader:240 - Cannot read IP mode file for STMicroelectronics.FP-ATR-ASTRA1.2.0.0
2024-09-19 09:07:36,972 [WARN] PackLoader:240 - Cannot read IP mode file for STMicroelectronics.X-CUBE-TOF1.3.4.2
2024-09-19 09:07:37,275 [WARN] PackLoader:240 - Cannot read IP mode file for Infineon.AIROC-Wi-Fi-Bluetooth-STM32.1.6.1
2024-09-19 09:07:37,457 [WARN] PackLoader:240 - Cannot read IP mode file for wolfSSL.I-CUBE-wolfSSH.1.4.17
2024-09-19 09:07:37,603 [INFO] ThirdParty:978 - Integrity check success = true
2024-09-19 09:07:37,603 [INFO] IntegrityCheckThread:100 - exiting critical section [integrity check]
2024-09-19 09:07:37,610 [INFO] IntegrityCheckThread:103 - End integrity checks thread
2024-09-19 09:23:36,559 [ERROR] LogOutputStream:75 - [STDERR_REDIRECT] 
2024-09-19 09:23:36,560 [ERROR] LogOutputStream:75 - [STDERR_REDIRECT] 
