2024-10-07 11:18:28,741 [INFO] Activator:176 - 


2024-10-07 11:18:28,754 [INFO] Activator:177 - !SESSION log4j initialized
2024-10-07 11:18:39,148 [INFO] LogOutputStream:77 - [STDOUT_REDIRECT] 
2024-10-07 11:18:47,621 [INFO] ApplicationProperties:184 - Using Application install path: C:\ST\STM32CubeIDE_1.16.0\STM32CubeIDE\plugins\com.st.stm32cube.common.mx_6.12.0.202406281431
2024-10-07 11:18:47,667 [INFO] DbMcusXml:78 - Set database path to: C:\ST\STM32CubeIDE_1.16.0\STM32CubeIDE\plugins\com.st.stm32cube.common.mx_6.12.0.202406281431\\db\/mcu/
2024-10-07 11:18:47,668 [INFO] ApiDb:274 - Set plugin database path to: C:\ST\STM32CubeIDE_1.16.0\STM32CubeIDE\plugins\com.st.stm32cube.common.mx_6.12.0.202406281431\\db\/plugins/boardmanager/
2024-10-07 11:18:47,669 [WARN] ApiDb:259 - Overriding images path with different value:  => C:\ST\STM32CubeIDE_1.16.0\STM32CubeIDE\plugins\com.st.stm32cube.common.mx_6.12.0.202406281431\\db\/plugins/mcufinder/images/
2024-10-07 11:18:47,751 [INFO] ApiDb:250 - Set database path to: C:\Users\Besan\.stmcufinder\plugins\mcufinder//mcu/
2024-10-07 11:18:47,754 [INFO] DbMcusAds:125 - Set database path to: C:\Users\Besan\.stmcufinder\plugins\mcufinder//mcu/
2024-10-07 11:18:47,761 [INFO] CrossReferenceDbSqlite:203 - Set database path to: C:\Users\Besan\.stmcufinder\plugins\mcufinder//mcu/cs/
2024-10-07 11:18:48,123 [INFO] RulesReader:64 - Compatibility file has been processed (297 Rules)
2024-10-07 11:18:48,327 [INFO] DbMcusXml:78 - Set database path to: C:\ST\STM32CubeIDE_1.16.0\STM32CubeIDE\plugins\com.st.stm32cube.common.mx_6.12.0.202406281431\\db\/mcu/
2024-10-07 11:18:48,327 [INFO] ApiDb:274 - Set plugin database path to: C:\ST\STM32CubeIDE_1.16.0\STM32CubeIDE\plugins\com.st.stm32cube.common.mx_6.12.0.202406281431\\db\/plugins/boardmanager/
2024-10-07 11:18:48,328 [INFO] ApiDb:261 - Set plugin images path to: C:\ST\STM32CubeIDE_1.16.0\STM32CubeIDE\plugins\com.st.stm32cube.common.mx_6.12.0.202406281431\\db\/plugins/mcufinder/images/
2024-10-07 11:18:48,329 [WARN] DbFile:41 - Overriding database path with different value: C:\Users\Besan\.stmcufinder\plugins\mcufinder/ => C:\Users\Besan\.stmcufinder\plugins\mcufinder
2024-10-07 11:18:48,329 [INFO] ApiDb:250 - Set database path to: C:\Users\Besan\.stmcufinder\plugins\mcufinder//mcu/
2024-10-07 11:18:48,330 [WARN] DbFile:41 - Overriding database path with different value: C:\Users\Besan\.stmcufinder\plugins\mcufinder/ => C:\Users\Besan\.stmcufinder\plugins\mcufinder
2024-10-07 11:18:48,330 [INFO] DbMcusAds:125 - Set database path to: C:\Users\Besan\.stmcufinder\plugins\mcufinder//mcu/
2024-10-07 11:18:48,330 [WARN] DbFile:41 - Overriding database path with different value: C:\Users\Besan\.stmcufinder\plugins\mcufinder/ => C:\Users\Besan\.stmcufinder\plugins\mcufinder
2024-10-07 11:18:48,331 [WARN] DbFile:41 - Overriding database path with different value: C:\Users\Besan\.stmcufinder\plugins\mcufinder/ => C:\Users\Besan\.stmcufinder\plugins\mcufinder
2024-10-07 11:18:48,331 [INFO] CrossReferenceDbSqlite:203 - Set database path to: C:\Users\Besan\.stmcufinder\plugins\mcufinder//mcu/cs/
2024-10-07 11:18:48,532 [INFO] MainPanel:268 - HeapMemory: 268435456
2024-10-07 11:18:48,761 [INFO] DbMcusXml:78 - Set database path to: C:\ST\STM32CubeIDE_1.16.0\STM32CubeIDE\plugins\com.st.stm32cube.common.mx_6.12.0.202406281431\\db\/mcu/
2024-10-07 11:18:48,762 [INFO] ApiDb:274 - Set plugin database path to: C:\ST\STM32CubeIDE_1.16.0\STM32CubeIDE\plugins\com.st.stm32cube.common.mx_6.12.0.202406281431\\db\/plugins/boardmanager/
2024-10-07 11:18:48,762 [INFO] ApiDb:261 - Set plugin images path to: C:\ST\STM32CubeIDE_1.16.0\STM32CubeIDE\plugins\com.st.stm32cube.common.mx_6.12.0.202406281431\\db\/plugins/mcufinder/images/
2024-10-07 11:18:48,763 [WARN] DbFile:41 - Overriding database path with different value: C:\Users\Besan\.stmcufinder\plugins\mcufinder/ => C:\Users\Besan\.stmcufinder\plugins\mcufinder
2024-10-07 11:18:48,763 [INFO] ApiDb:250 - Set database path to: C:\Users\Besan\.stmcufinder\plugins\mcufinder//mcu/
2024-10-07 11:18:48,764 [WARN] DbFile:41 - Overriding database path with different value: C:\Users\Besan\.stmcufinder\plugins\mcufinder/ => C:\Users\Besan\.stmcufinder\plugins\mcufinder
2024-10-07 11:18:48,764 [INFO] DbMcusAds:125 - Set database path to: C:\Users\Besan\.stmcufinder\plugins\mcufinder//mcu/
2024-10-07 11:18:48,764 [WARN] DbFile:41 - Overriding database path with different value: C:\Users\Besan\.stmcufinder\plugins\mcufinder/ => C:\Users\Besan\.stmcufinder\plugins\mcufinder
2024-10-07 11:18:48,765 [WARN] DbFile:41 - Overriding database path with different value: C:\Users\Besan\.stmcufinder\plugins\mcufinder/ => C:\Users\Besan\.stmcufinder\plugins\mcufinder
2024-10-07 11:18:48,765 [INFO] CrossReferenceDbSqlite:203 - Set database path to: C:\Users\Besan\.stmcufinder\plugins\mcufinder//mcu/cs/
2024-10-07 11:18:48,805 [INFO] ApplicationProperties:184 - Using Application install path: C:\ST\STM32CubeIDE_1.16.0\STM32CubeIDE\plugins\com.st.stm32cube.common.mx_6.12.0.202406281431
2024-10-07 11:18:48,810 [INFO] PluginManage:196 - Search for loadable plugins [exclusion list=, ]
2024-10-07 11:18:48,812 [INFO] PluginManage:310 - Check plugin analytics
2024-10-07 11:18:49,323 [INFO] AnalyticsPlugin:253 - Accepted Software Licenses: 
2024-10-07 11:18:49,324 [INFO] AnalyticsPlugin:255 - Accepted CMSIS Pack Licenses: 
2024-10-07 11:18:49,324 [INFO] AnalyticsPlugin:257 - Accepted Firmware Licenses: FW.F4.1.28.0
2024-10-07 11:18:49,332 [INFO] PluginManage:359 - Loaded plugin analytics (category:tool,tabindex:-1)
2024-10-07 11:18:49,332 [INFO] PluginManage:310 - Check plugin cadmodel
2024-10-07 11:18:49,366 [INFO] CADModel:105 - Init CAD model plugin
2024-10-07 11:18:49,367 [INFO] PluginManage:359 - Loaded plugin cadmodel (category:power,tabindex:5)
2024-10-07 11:18:49,367 [INFO] PluginManage:310 - Check plugin clock
2024-10-07 11:18:49,402 [INFO] PluginManage:359 - Loaded plugin clock (category:base,tabindex:2)
2024-10-07 11:18:49,402 [INFO] PluginManage:310 - Check plugin ddr
2024-10-07 11:18:49,406 [INFO] PluginManage:359 - Loaded plugin ddr (category:tool,tabindex:6)
2024-10-07 11:18:49,407 [INFO] PluginManage:310 - Check plugin filemanager
2024-10-07 11:18:49,767 [INFO] PluginManage:359 - Loaded plugin filemanager (category:base,tabindex:10)
2024-10-07 11:18:49,768 [INFO] PluginManage:310 - Check plugin ipmanager
2024-10-07 11:18:49,785 [INFO] PluginManage:359 - Loaded plugin ipmanager (category:base,tabindex:5)
2024-10-07 11:18:49,787 [INFO] PluginManage:310 - Check plugin lpbam
2024-10-07 11:18:49,829 [INFO] PluginManage:359 - Loaded plugin lpbam (category:base,tabindex:0)
2024-10-07 11:18:49,829 [INFO] PluginManage:310 - Check plugin memorymap
2024-10-07 11:18:49,878 [INFO] PluginManage:359 - Loaded plugin memorymap (category:base,tabindex:4)
2024-10-07 11:18:49,879 [INFO] PluginManage:310 - Check plugin pinoutandconfiguration
2024-10-07 11:18:49,919 [INFO] PluginManage:359 - Loaded plugin pinoutandconfiguration (category:base,tabindex:1)
2024-10-07 11:18:49,919 [INFO] PluginManage:310 - Check plugin pinoutconfig
2024-10-07 11:18:50,181 [WARN] SupportedApi:132 - Cannot load RTOS API schema: s4s-elt-must-match.1: The content of 'definitions' must match (annotation?, (simpleType | complexType)?, (unique | key | keyref)*)). A problem was found starting at: attribute.
2024-10-07 11:18:50,521 [INFO] PluginManage:359 - Loaded plugin pinoutconfig (category:base,tabindex:0)
2024-10-07 11:18:50,522 [INFO] PluginManage:310 - Check plugin power
2024-10-07 11:18:50,563 [INFO] PluginManage:359 - Loaded plugin power (category:power,tabindex:4)
2024-10-07 11:18:50,564 [INFO] PluginManage:310 - Check plugin projectmanager
2024-10-07 11:18:50,605 [INFO] PluginManage:359 - Loaded plugin projectmanager (category:projectmanager,tabindex:4)
2024-10-07 11:18:50,606 [INFO] PluginManage:310 - Check plugin rif
2024-10-07 11:18:50,640 [INFO] PluginManage:359 - Loaded plugin rif (category:base,tabindex:3)
2024-10-07 11:18:50,641 [INFO] PluginManage:310 - Check plugin thirdparty
2024-10-07 11:18:51,244 [INFO] PluginManage:359 - Loaded plugin thirdparty (category:base,tabindex:-1)
2024-10-07 11:18:51,244 [WARN] IntegrityCheckThread:84 - waiting for thirdparty lock release [integrity check]
2024-10-07 11:18:51,245 [INFO] IntegrityCheckThread:86 - entering critical section [integrity check]
2024-10-07 11:18:51,245 [INFO] PluginManage:310 - Check plugin tools
2024-10-07 11:18:51,245 [INFO] ThirdPartyUpdaterWithRetryManager:70 - Updater plugin not ready yet. [1/15]
2024-10-07 11:18:51,324 [INFO] PluginManage:359 - Loaded plugin tools (category:base,tabindex:7)
2024-10-07 11:18:51,324 [INFO] PluginManage:310 - Check plugin tutovideos
2024-10-07 11:18:51,852 [INFO] PluginManage:359 - Loaded plugin tutovideos (category:base,tabindex:-1)
2024-10-07 11:18:51,852 [INFO] PluginManage:310 - Check plugin updater
2024-10-07 11:18:51,901 [INFO] PluginManage:359 - Loaded plugin updater (category:base,tabindex:12)
2024-10-07 11:18:51,902 [INFO] PluginManage:310 - Check plugin userauth
2024-10-07 11:18:51,914 [INFO] UserAuth:113 - Init User Auth plugin
2024-10-07 11:18:51,914 [INFO] PluginManage:359 - Loaded plugin userauth (category:base,tabindex:14)
2024-10-07 11:18:51,915 [INFO] PluginManage:283 - PluginManage : Loaded plugins [18]
2024-10-07 11:18:52,426 [INFO] PinOutPanel:1561 - setPackage(No Configuration,No Configuration)
2024-10-07 11:18:52,630 [INFO] CADModel:165 - CPN selected for project level
2024-10-07 11:18:52,630 [INFO] CADModel:114 - Register for checkConnection events
2024-10-07 11:18:52,681 [INFO] IPUIPlugin:80 - create IPUIPlugin
2024-10-07 11:18:52,681 [INFO] PluginManager:220 - loadIPPluginJar : add adc
2024-10-07 11:18:52,763 [INFO] IPUIPlugin:80 - create IPUIPlugin
2024-10-07 11:18:52,764 [INFO] PluginManager:220 - loadIPPluginJar : add aes
2024-10-07 11:18:52,858 [INFO] IPUIPlugin:80 - create IPUIPlugin
2024-10-07 11:18:52,859 [INFO] PluginManager:220 - loadIPPluginJar : add can
2024-10-07 11:18:52,908 [INFO] IPUIPlugin:80 - create IPUIPlugin
2024-10-07 11:18:52,908 [INFO] PluginManager:220 - loadIPPluginJar : add comp
2024-10-07 11:18:52,984 [INFO] IPUIPlugin:80 - create IPUIPlugin
2024-10-07 11:18:52,984 [INFO] PluginManager:220 - loadIPPluginJar : add cryp
2024-10-07 11:18:53,011 [INFO] IPUIPlugin:80 - create IPUIPlugin
2024-10-07 11:18:53,011 [INFO] PluginManager:220 - loadIPPluginJar : add ddr_ctrl_phy
2024-10-07 11:18:53,107 [INFO] IPUIPlugin:80 - create IPUIPlugin
2024-10-07 11:18:53,107 [INFO] PluginManager:220 - loadIPPluginJar : add dfsdm
2024-10-07 11:18:53,145 [INFO] IPUIPlugin:80 - create IPUIPlugin
2024-10-07 11:18:53,146 [INFO] PluginManager:220 - loadIPPluginJar : add dma
2024-10-07 11:18:53,260 [INFO] IPUIPlugin:80 - create IPUIPlugin
2024-10-07 11:18:53,261 [INFO] PluginManager:220 - loadIPPluginJar : add dma3
2024-10-07 11:18:53,369 [INFO] IPUIPlugin:80 - create IPUIPlugin
2024-10-07 11:18:53,370 [INFO] PluginManager:220 - loadIPPluginJar : add extmemmanager
2024-10-07 11:18:53,414 [INFO] IPUIPlugin:80 - create IPUIPlugin
2024-10-07 11:18:53,414 [INFO] PluginManager:220 - loadIPPluginJar : add fatfs
2024-10-07 11:18:53,522 [INFO] IPUIPlugin:80 - create IPUIPlugin
2024-10-07 11:18:53,522 [INFO] PluginManager:220 - loadIPPluginJar : add fmc
2024-10-07 11:18:53,555 [INFO] IPUIPlugin:80 - create IPUIPlugin
2024-10-07 11:18:53,555 [INFO] PluginManager:220 - loadIPPluginJar : add freertos
2024-10-07 11:18:53,600 [INFO] IPUIPlugin:80 - create IPUIPlugin
2024-10-07 11:18:53,600 [INFO] PluginManager:220 - loadIPPluginJar : add genericplugin
2024-10-07 11:18:53,820 [INFO] IPUIPlugin:80 - create IPUIPlugin
2024-10-07 11:18:53,821 [INFO] PluginManager:220 - loadIPPluginJar : add gfxmmu
2024-10-07 11:18:54,198 [INFO] IPUIPlugin:80 - create IPUIPlugin
2024-10-07 11:18:54,198 [INFO] PluginManager:220 - loadIPPluginJar : add gic
2024-10-07 11:18:54,233 [INFO] IPUIPlugin:80 - create IPUIPlugin
2024-10-07 11:18:54,234 [INFO] PluginManager:220 - loadIPPluginJar : add gpio
2024-10-07 11:18:54,246 [INFO] ThirdPartyUpdaterWithRetryManager:70 - Updater plugin not ready yet. [2/15]
2024-10-07 11:18:54,448 [INFO] IPUIPlugin:80 - create IPUIPlugin
2024-10-07 11:18:54,448 [INFO] PluginManager:220 - loadIPPluginJar : add gtzc
2024-10-07 11:18:54,529 [INFO] IPUIPlugin:80 - create IPUIPlugin
2024-10-07 11:18:54,530 [INFO] PluginManager:220 - loadIPPluginJar : add hash
2024-10-07 11:18:54,652 [INFO] IPUIPlugin:80 - create IPUIPlugin
2024-10-07 11:18:54,652 [INFO] PluginManager:220 - loadIPPluginJar : add i2c
2024-10-07 11:18:54,759 [INFO] IPUIPlugin:80 - create IPUIPlugin
2024-10-07 11:18:54,760 [INFO] PluginManager:220 - loadIPPluginJar : add i2s
2024-10-07 11:18:54,854 [INFO] IPUIPlugin:80 - create IPUIPlugin
2024-10-07 11:18:54,854 [INFO] PluginManager:220 - loadIPPluginJar : add i3c
2024-10-07 11:18:55,107 [INFO] IPUIPlugin:80 - create IPUIPlugin
2024-10-07 11:18:55,107 [INFO] PluginManager:220 - loadIPPluginJar : add ipddr
2024-10-07 11:18:55,330 [INFO] IPUIPlugin:80 - create IPUIPlugin
2024-10-07 11:18:55,330 [INFO] PluginManager:220 - loadIPPluginJar : add linkedlist
2024-10-07 11:18:55,409 [INFO] IPUIPlugin:80 - create IPUIPlugin
2024-10-07 11:18:55,410 [INFO] PluginManager:220 - loadIPPluginJar : add lorawan
2024-10-07 11:18:55,502 [INFO] IPUIPlugin:80 - create IPUIPlugin
2024-10-07 11:18:55,502 [INFO] PluginManager:220 - loadIPPluginJar : add ltdc
2024-10-07 11:18:55,532 [INFO] IPUIPlugin:80 - create IPUIPlugin
2024-10-07 11:18:55,532 [INFO] PluginManager:220 - loadIPPluginJar : add mdma
2024-10-07 11:18:55,557 [INFO] IPUIPlugin:80 - create IPUIPlugin
2024-10-07 11:18:55,557 [INFO] PluginManager:220 - loadIPPluginJar : add nvic
2024-10-07 11:18:55,639 [INFO] IPUIPlugin:80 - create IPUIPlugin
2024-10-07 11:18:55,639 [INFO] PluginManager:220 - loadIPPluginJar : add opamp
2024-10-07 11:18:55,779 [INFO] IPUIPlugin:80 - create IPUIPlugin
2024-10-07 11:18:55,779 [INFO] PluginManager:220 - loadIPPluginJar : add openamp
2024-10-07 11:18:55,877 [INFO] IPUIPlugin:80 - create IPUIPlugin
2024-10-07 11:18:55,878 [INFO] PluginManager:220 - loadIPPluginJar : add pdm2pcm
2024-10-07 11:18:55,906 [INFO] IPUIPlugin:80 - create IPUIPlugin
2024-10-07 11:18:55,911 [INFO] PluginManager:220 - loadIPPluginJar : add plateformsettings
2024-10-07 11:18:55,959 [INFO] IPUIPlugin:80 - create IPUIPlugin
2024-10-07 11:18:55,959 [INFO] PluginManager:220 - loadIPPluginJar : add quadspi
2024-10-07 11:18:56,019 [INFO] IPUIPlugin:80 - create IPUIPlugin
2024-10-07 11:18:56,020 [INFO] PluginManager:220 - loadIPPluginJar : add radio
2024-10-07 11:18:56,051 [INFO] IPUIPlugin:80 - create IPUIPlugin
2024-10-07 11:18:56,051 [INFO] PluginManager:220 - loadIPPluginJar : add resmgrutility
2024-10-07 11:18:56,170 [INFO] IPUIPlugin:80 - create IPUIPlugin
2024-10-07 11:18:56,170 [INFO] PluginManager:220 - loadIPPluginJar : add sai
2024-10-07 11:18:56,253 [INFO] IPUIPlugin:80 - create IPUIPlugin
2024-10-07 11:18:56,253 [INFO] PluginManager:220 - loadIPPluginJar : add spi
2024-10-07 11:18:56,428 [INFO] IPUIPlugin:80 - create IPUIPlugin
2024-10-07 11:18:56,428 [INFO] PluginManager:220 - loadIPPluginJar : add stm32_wpan
2024-10-07 11:18:56,489 [INFO] IPUIPlugin:80 - create IPUIPlugin
2024-10-07 11:18:56,489 [INFO] PluginManager:220 - loadIPPluginJar : add tim
2024-10-07 11:18:56,639 [INFO] IPUIPlugin:80 - create IPUIPlugin
2024-10-07 11:18:56,639 [INFO] PluginManager:220 - loadIPPluginJar : add touchsensing
2024-10-07 11:18:56,691 [INFO] IPUIPlugin:80 - create IPUIPlugin
2024-10-07 11:18:56,692 [INFO] PluginManager:220 - loadIPPluginJar : add tracer_emb
2024-10-07 11:18:56,751 [INFO] IPUIPlugin:80 - create IPUIPlugin
2024-10-07 11:18:56,751 [INFO] PluginManager:220 - loadIPPluginJar : add ts
2024-10-07 11:18:56,799 [INFO] IPUIPlugin:80 - create IPUIPlugin
2024-10-07 11:18:56,799 [INFO] PluginManager:220 - loadIPPluginJar : add tsc
2024-10-07 11:18:56,848 [INFO] IPUIPlugin:80 - create IPUIPlugin
2024-10-07 11:18:56,848 [INFO] PluginManager:220 - loadIPPluginJar : add ucpd
2024-10-07 11:18:56,950 [INFO] IPUIPlugin:80 - create IPUIPlugin
2024-10-07 11:18:56,950 [INFO] PluginManager:220 - loadIPPluginJar : add usart
2024-10-07 11:18:57,054 [INFO] IPUIPlugin:80 - create IPUIPlugin
2024-10-07 11:18:57,054 [INFO] PluginManager:220 - loadIPPluginJar : add usbx
2024-10-07 11:18:57,244 [INFO] CADModel:165 - CPN selected for project level
2024-10-07 11:18:57,244 [INFO] CADModel:114 - Register for checkConnection events
2024-10-07 11:18:57,245 [FATAL] Updater:334 - Updater called before beeing initialized
2024-10-07 11:18:57,245 [ERROR] CADModel:125 - Updater not yet initialized, retry later 
2024-10-07 11:18:57,250 [INFO] ThirdPartyUpdaterWithRetryManager:70 - Updater plugin not ready yet. [3/15]
2024-10-07 11:18:57,570 [INFO] CADModel:165 - CPN selected for project level
2024-10-07 11:18:57,570 [INFO] CADModel:114 - Register for checkConnection events
2024-10-07 11:18:57,571 [FATAL] Updater:334 - Updater called before beeing initialized
2024-10-07 11:18:57,571 [ERROR] CADModel:125 - Updater not yet initialized, retry later 
2024-10-07 11:18:57,579 [FATAL] Updater:334 - Updater called before beeing initialized
2024-10-07 11:18:57,839 [FATAL] Updater:334 - Updater called before beeing initialized
2024-10-07 11:18:57,863 [INFO] DbMcusAds:53 - JSON generation date=Fri Sep 20 15:04:38 CEST 2024 (1726837478367)
2024-10-07 11:18:57,863 [FATAL] Updater:334 - Updater called before beeing initialized
2024-10-07 11:18:57,948 [WARN] DetailPanel:346 - Failed to get advertising image, set to default
2024-10-07 11:18:58,194 [FATAL] Updater:334 - Updater called before beeing initialized
2024-10-07 11:18:58,199 [FATAL] Updater:334 - Updater called before beeing initialized
2024-10-07 11:18:58,199 [FATAL] Updater:334 - Updater called before beeing initialized
2024-10-07 11:18:58,199 [WARN] DetailPanel:346 - Failed to get advertising image, set to default
2024-10-07 11:18:58,201 [FATAL] Updater:334 - Updater called before beeing initialized
2024-10-07 11:18:58,355 [ERROR] Updater:1164 - MainUpdater not yet initialized. External WinMGr cannot be set.
2024-10-07 11:18:58,373 [INFO] Updater:1100 - Updater Version found : 6.12.0
2024-10-07 11:18:58,416 [INFO] ApplicationProperties:184 - Using Application install path: C:\ST\STM32CubeIDE_1.16.0\STM32CubeIDE\plugins\com.st.stm32cube.common.mx_6.12.0.202406281431
2024-10-07 11:19:00,043 [ERROR] LogOutputStream:75 - [STDERR_REDIRECT] Oct 07, 2024 11:19:00 AM java.util.prefs.WindowsPreferences <init>
2024-10-07 11:19:00,048 [ERROR] LogOutputStream:75 - [STDERR_REDIRECT] WARNING: Could not open/create prefs root node Software\JavaSoft\Prefs at root 0xffffffff80000002. Windows RegCreateKeyEx(...) returned error code 5.
2024-10-07 11:19:00,049 [ERROR] LogOutputStream:75 - [STDERR_REDIRECT] 
2024-10-07 11:19:00,260 [FATAL] Updater:334 - Updater called before beeing initialized
2024-10-07 11:19:00,261 [ERROR] IntegrityCheckThread:130 - Cannot retrieve database content from updater: error 21
2024-10-07 11:19:00,262 [INFO] ThirdParty:978 - Integrity check success = false
2024-10-07 11:19:00,262 [INFO] IntegrityCheckThread:100 - exiting critical section [integrity check]
2024-10-07 11:19:00,262 [INFO] IntegrityCheckThread:103 - End integrity checks thread
2024-10-07 11:19:00,729 [INFO] MainUpdater:2873 - connection check result : 10
2024-10-07 11:19:00,730 [INFO] MainUpdater:290 - Updater Check For Update Now.
2024-10-07 11:19:00,731 [INFO] MicroXplorer:498 - Change Database Version : DB.6.0.120
2024-10-07 11:19:00,782 [INFO] McuFinderGlobals:63 - Set McuFinder mode to 2 (CubeIDE integrated)
2024-10-07 11:19:00,783 [INFO] UserAuth:179 - activating auth plugin
2024-10-07 11:19:00,807 [INFO] UserAuth:417 - Internet connection configuration mode: 1
2024-10-07 11:19:00,868 [INFO] JxBrowserEngine:152 - Initiate JxBrowser Engine with user profile folder
2024-10-07 11:19:01,462 [INFO] CheckServerUpdateThread:120 - End of CheckServer Thread
2024-10-07 11:19:14,837 [INFO] WebApp:167 - Instantiating new browser for Auth
2024-10-07 11:19:16,563 [INFO] WebApp:448 - Apply proxy settings
2024-10-07 11:19:16,563 [INFO] WebApp:533 - Chromium requires no authentication
2024-10-07 11:19:16,595 [INFO] WebApp:476 - Direct internet connection detected
2024-10-07 11:19:16,677 [INFO] WebApp:869 - Register for checkConnection events
2024-10-07 11:19:16,677 [INFO] WebApp:448 - Apply proxy settings
2024-10-07 11:19:16,677 [INFO] WebApp:533 - Chromium requires no authentication
2024-10-07 11:19:16,678 [INFO] WebApp:476 - Direct internet connection detected
2024-10-07 11:19:16,940 [INFO] WebApp:186 - Connection restablished
2024-10-07 11:19:17,332 [INFO] WebApp:220 - Starting web application
2024-10-07 11:19:17,333 [INFO] WebApp:578 - Web application path used C:\ST\STM32CubeIDE_1.16.0\STM32CubeIDE\plugins\com.st.stm32cube.common.mx_6.12.0.202406281431\db\plugins\mcufinder\reactClient1\index.html
2024-10-07 11:47:04,235 [INFO] WebApp:388 - JxBrowser engine has been closed 
2024-10-07 13:20:36,918 [INFO] Activator:176 - 


2024-10-07 13:20:36,921 [INFO] Activator:177 - !SESSION log4j initialized
2024-10-07 13:20:45,302 [INFO] LogOutputStream:77 - [STDOUT_REDIRECT] 
2024-10-07 13:20:49,327 [INFO] ApplicationProperties:184 - Using Application install path: C:\ST\STM32CubeIDE_1.16.0\STM32CubeIDE\plugins\com.st.stm32cube.common.mx_6.12.0.202406281431
2024-10-07 13:20:49,424 [INFO] DbMcusXml:78 - Set database path to: C:\ST\STM32CubeIDE_1.16.0\STM32CubeIDE\plugins\com.st.stm32cube.common.mx_6.12.0.202406281431\\db\/mcu/
2024-10-07 13:20:49,425 [INFO] ApiDb:274 - Set plugin database path to: C:\ST\STM32CubeIDE_1.16.0\STM32CubeIDE\plugins\com.st.stm32cube.common.mx_6.12.0.202406281431\\db\/plugins/boardmanager/
2024-10-07 13:20:49,426 [WARN] ApiDb:259 - Overriding images path with different value:  => C:\ST\STM32CubeIDE_1.16.0\STM32CubeIDE\plugins\com.st.stm32cube.common.mx_6.12.0.202406281431\\db\/plugins/mcufinder/images/
2024-10-07 13:20:49,445 [INFO] ApiDb:250 - Set database path to: C:\Users\Besan\.stmcufinder\plugins\mcufinder//mcu/
2024-10-07 13:20:49,452 [INFO] DbMcusAds:125 - Set database path to: C:\Users\Besan\.stmcufinder\plugins\mcufinder//mcu/
2024-10-07 13:20:49,457 [INFO] CrossReferenceDbSqlite:203 - Set database path to: C:\Users\Besan\.stmcufinder\plugins\mcufinder//mcu/cs/
2024-10-07 13:20:49,701 [INFO] RulesReader:64 - Compatibility file has been processed (297 Rules)
2024-10-07 13:20:49,840 [INFO] DbMcusXml:78 - Set database path to: C:\ST\STM32CubeIDE_1.16.0\STM32CubeIDE\plugins\com.st.stm32cube.common.mx_6.12.0.202406281431\\db\/mcu/
2024-10-07 13:20:49,840 [INFO] ApiDb:274 - Set plugin database path to: C:\ST\STM32CubeIDE_1.16.0\STM32CubeIDE\plugins\com.st.stm32cube.common.mx_6.12.0.202406281431\\db\/plugins/boardmanager/
2024-10-07 13:20:49,841 [INFO] ApiDb:261 - Set plugin images path to: C:\ST\STM32CubeIDE_1.16.0\STM32CubeIDE\plugins\com.st.stm32cube.common.mx_6.12.0.202406281431\\db\/plugins/mcufinder/images/
2024-10-07 13:20:49,842 [WARN] DbFile:41 - Overriding database path with different value: C:\Users\Besan\.stmcufinder\plugins\mcufinder/ => C:\Users\Besan\.stmcufinder\plugins\mcufinder
2024-10-07 13:20:49,842 [INFO] ApiDb:250 - Set database path to: C:\Users\Besan\.stmcufinder\plugins\mcufinder//mcu/
2024-10-07 13:20:49,842 [WARN] DbFile:41 - Overriding database path with different value: C:\Users\Besan\.stmcufinder\plugins\mcufinder/ => C:\Users\Besan\.stmcufinder\plugins\mcufinder
2024-10-07 13:20:49,842 [INFO] DbMcusAds:125 - Set database path to: C:\Users\Besan\.stmcufinder\plugins\mcufinder//mcu/
2024-10-07 13:20:49,842 [WARN] DbFile:41 - Overriding database path with different value: C:\Users\Besan\.stmcufinder\plugins\mcufinder/ => C:\Users\Besan\.stmcufinder\plugins\mcufinder
2024-10-07 13:20:49,842 [WARN] DbFile:41 - Overriding database path with different value: C:\Users\Besan\.stmcufinder\plugins\mcufinder/ => C:\Users\Besan\.stmcufinder\plugins\mcufinder
2024-10-07 13:20:49,842 [INFO] CrossReferenceDbSqlite:203 - Set database path to: C:\Users\Besan\.stmcufinder\plugins\mcufinder//mcu/cs/
2024-10-07 13:20:49,984 [INFO] MainPanel:268 - HeapMemory: 268435456
2024-10-07 13:20:50,148 [INFO] DbMcusXml:78 - Set database path to: C:\ST\STM32CubeIDE_1.16.0\STM32CubeIDE\plugins\com.st.stm32cube.common.mx_6.12.0.202406281431\\db\/mcu/
2024-10-07 13:20:50,149 [INFO] ApiDb:274 - Set plugin database path to: C:\ST\STM32CubeIDE_1.16.0\STM32CubeIDE\plugins\com.st.stm32cube.common.mx_6.12.0.202406281431\\db\/plugins/boardmanager/
2024-10-07 13:20:50,149 [INFO] ApiDb:261 - Set plugin images path to: C:\ST\STM32CubeIDE_1.16.0\STM32CubeIDE\plugins\com.st.stm32cube.common.mx_6.12.0.202406281431\\db\/plugins/mcufinder/images/
2024-10-07 13:20:50,151 [WARN] DbFile:41 - Overriding database path with different value: C:\Users\Besan\.stmcufinder\plugins\mcufinder/ => C:\Users\Besan\.stmcufinder\plugins\mcufinder
2024-10-07 13:20:50,151 [INFO] ApiDb:250 - Set database path to: C:\Users\Besan\.stmcufinder\plugins\mcufinder//mcu/
2024-10-07 13:20:50,151 [WARN] DbFile:41 - Overriding database path with different value: C:\Users\Besan\.stmcufinder\plugins\mcufinder/ => C:\Users\Besan\.stmcufinder\plugins\mcufinder
2024-10-07 13:20:50,151 [INFO] DbMcusAds:125 - Set database path to: C:\Users\Besan\.stmcufinder\plugins\mcufinder//mcu/
2024-10-07 13:20:50,151 [WARN] DbFile:41 - Overriding database path with different value: C:\Users\Besan\.stmcufinder\plugins\mcufinder/ => C:\Users\Besan\.stmcufinder\plugins\mcufinder
2024-10-07 13:20:50,151 [WARN] DbFile:41 - Overriding database path with different value: C:\Users\Besan\.stmcufinder\plugins\mcufinder/ => C:\Users\Besan\.stmcufinder\plugins\mcufinder
2024-10-07 13:20:50,151 [INFO] CrossReferenceDbSqlite:203 - Set database path to: C:\Users\Besan\.stmcufinder\plugins\mcufinder//mcu/cs/
2024-10-07 13:20:50,234 [INFO] ApplicationProperties:184 - Using Application install path: C:\ST\STM32CubeIDE_1.16.0\STM32CubeIDE\plugins\com.st.stm32cube.common.mx_6.12.0.202406281431
2024-10-07 13:20:50,240 [INFO] PluginManage:196 - Search for loadable plugins [exclusion list=, ]
2024-10-07 13:20:50,243 [INFO] PluginManage:310 - Check plugin analytics
2024-10-07 13:20:51,053 [INFO] AnalyticsPlugin:253 - Accepted Software Licenses: 
2024-10-07 13:20:51,054 [INFO] AnalyticsPlugin:255 - Accepted CMSIS Pack Licenses: 
2024-10-07 13:20:51,054 [INFO] AnalyticsPlugin:257 - Accepted Firmware Licenses: FW.F4.1.28.0
2024-10-07 13:20:51,071 [INFO] PluginManage:359 - Loaded plugin analytics (category:tool,tabindex:-1)
2024-10-07 13:20:51,073 [INFO] PluginManage:310 - Check plugin cadmodel
2024-10-07 13:20:51,081 [INFO] CADModel:105 - Init CAD model plugin
2024-10-07 13:20:51,084 [INFO] PluginManage:359 - Loaded plugin cadmodel (category:power,tabindex:5)
2024-10-07 13:20:51,086 [INFO] PluginManage:310 - Check plugin clock
2024-10-07 13:20:51,109 [INFO] PluginManage:359 - Loaded plugin clock (category:base,tabindex:2)
2024-10-07 13:20:51,110 [INFO] PluginManage:310 - Check plugin ddr
2024-10-07 13:20:51,116 [INFO] PluginManage:359 - Loaded plugin ddr (category:tool,tabindex:6)
2024-10-07 13:20:51,116 [INFO] PluginManage:310 - Check plugin filemanager
2024-10-07 13:20:51,448 [INFO] PluginManage:359 - Loaded plugin filemanager (category:base,tabindex:10)
2024-10-07 13:20:51,449 [INFO] PluginManage:310 - Check plugin ipmanager
2024-10-07 13:20:51,467 [INFO] PluginManage:359 - Loaded plugin ipmanager (category:base,tabindex:5)
2024-10-07 13:20:51,468 [INFO] PluginManage:310 - Check plugin lpbam
2024-10-07 13:20:51,488 [INFO] PluginManage:359 - Loaded plugin lpbam (category:base,tabindex:0)
2024-10-07 13:20:51,488 [INFO] PluginManage:310 - Check plugin memorymap
2024-10-07 13:20:51,520 [INFO] PluginManage:359 - Loaded plugin memorymap (category:base,tabindex:4)
2024-10-07 13:20:51,520 [INFO] PluginManage:310 - Check plugin pinoutandconfiguration
2024-10-07 13:20:51,541 [INFO] PluginManage:359 - Loaded plugin pinoutandconfiguration (category:base,tabindex:1)
2024-10-07 13:20:51,541 [INFO] PluginManage:310 - Check plugin pinoutconfig
2024-10-07 13:20:51,745 [WARN] SupportedApi:132 - Cannot load RTOS API schema: s4s-elt-must-match.1: The content of 'definitions' must match (annotation?, (simpleType | complexType)?, (unique | key | keyref)*)). A problem was found starting at: attribute.
2024-10-07 13:20:52,103 [INFO] PluginManage:359 - Loaded plugin pinoutconfig (category:base,tabindex:0)
2024-10-07 13:20:52,104 [INFO] PluginManage:310 - Check plugin power
2024-10-07 13:20:52,127 [INFO] PluginManage:359 - Loaded plugin power (category:power,tabindex:4)
2024-10-07 13:20:52,127 [INFO] PluginManage:310 - Check plugin projectmanager
2024-10-07 13:20:52,170 [INFO] PluginManage:359 - Loaded plugin projectmanager (category:projectmanager,tabindex:4)
2024-10-07 13:20:52,170 [INFO] PluginManage:310 - Check plugin rif
2024-10-07 13:20:52,182 [INFO] PluginManage:359 - Loaded plugin rif (category:base,tabindex:3)
2024-10-07 13:20:52,182 [INFO] PluginManage:310 - Check plugin thirdparty
2024-10-07 13:20:52,621 [INFO] PluginManage:359 - Loaded plugin thirdparty (category:base,tabindex:-1)
2024-10-07 13:20:52,622 [INFO] PluginManage:310 - Check plugin tools
2024-10-07 13:20:52,621 [WARN] IntegrityCheckThread:84 - waiting for thirdparty lock release [integrity check]
2024-10-07 13:20:52,623 [INFO] IntegrityCheckThread:86 - entering critical section [integrity check]
2024-10-07 13:20:52,624 [INFO] ThirdPartyUpdaterWithRetryManager:70 - Updater plugin not ready yet. [1/15]
2024-10-07 13:20:52,627 [INFO] PluginManage:359 - Loaded plugin tools (category:base,tabindex:7)
2024-10-07 13:20:52,627 [INFO] PluginManage:310 - Check plugin tutovideos
2024-10-07 13:20:53,043 [INFO] PluginManage:359 - Loaded plugin tutovideos (category:base,tabindex:-1)
2024-10-07 13:20:53,044 [INFO] PluginManage:310 - Check plugin updater
2024-10-07 13:20:53,086 [INFO] PluginManage:359 - Loaded plugin updater (category:base,tabindex:12)
2024-10-07 13:20:53,086 [INFO] PluginManage:310 - Check plugin userauth
2024-10-07 13:20:53,100 [INFO] UserAuth:113 - Init User Auth plugin
2024-10-07 13:20:53,100 [INFO] PluginManage:359 - Loaded plugin userauth (category:base,tabindex:14)
2024-10-07 13:20:53,101 [INFO] PluginManage:283 - PluginManage : Loaded plugins [18]
2024-10-07 13:20:53,630 [INFO] PinOutPanel:1561 - setPackage(No Configuration,No Configuration)
2024-10-07 13:20:53,872 [INFO] CADModel:165 - CPN selected for project level
2024-10-07 13:20:53,873 [INFO] CADModel:114 - Register for checkConnection events
2024-10-07 13:20:53,916 [INFO] IPUIPlugin:80 - create IPUIPlugin
2024-10-07 13:20:53,917 [INFO] PluginManager:220 - loadIPPluginJar : add adc
2024-10-07 13:20:53,924 [INFO] IPUIPlugin:80 - create IPUIPlugin
2024-10-07 13:20:53,925 [INFO] PluginManager:220 - loadIPPluginJar : add aes
2024-10-07 13:20:53,934 [INFO] IPUIPlugin:80 - create IPUIPlugin
2024-10-07 13:20:53,934 [INFO] PluginManager:220 - loadIPPluginJar : add can
2024-10-07 13:20:53,939 [INFO] IPUIPlugin:80 - create IPUIPlugin
2024-10-07 13:20:53,939 [INFO] PluginManager:220 - loadIPPluginJar : add comp
2024-10-07 13:20:53,946 [INFO] IPUIPlugin:80 - create IPUIPlugin
2024-10-07 13:20:53,946 [INFO] PluginManager:220 - loadIPPluginJar : add cryp
2024-10-07 13:20:53,953 [INFO] IPUIPlugin:80 - create IPUIPlugin
2024-10-07 13:20:53,953 [INFO] PluginManager:220 - loadIPPluginJar : add ddr_ctrl_phy
2024-10-07 13:20:53,959 [INFO] IPUIPlugin:80 - create IPUIPlugin
2024-10-07 13:20:53,960 [INFO] PluginManager:220 - loadIPPluginJar : add dfsdm
2024-10-07 13:20:53,972 [INFO] IPUIPlugin:80 - create IPUIPlugin
2024-10-07 13:20:53,973 [INFO] PluginManager:220 - loadIPPluginJar : add dma
2024-10-07 13:20:53,980 [INFO] IPUIPlugin:80 - create IPUIPlugin
2024-10-07 13:20:53,980 [INFO] PluginManager:220 - loadIPPluginJar : add dma3
2024-10-07 13:20:53,985 [INFO] IPUIPlugin:80 - create IPUIPlugin
2024-10-07 13:20:53,986 [INFO] PluginManager:220 - loadIPPluginJar : add extmemmanager
2024-10-07 13:20:53,989 [INFO] IPUIPlugin:80 - create IPUIPlugin
2024-10-07 13:20:53,989 [INFO] PluginManager:220 - loadIPPluginJar : add fatfs
2024-10-07 13:20:53,999 [INFO] IPUIPlugin:80 - create IPUIPlugin
2024-10-07 13:20:54,000 [INFO] PluginManager:220 - loadIPPluginJar : add fmc
2024-10-07 13:20:54,011 [INFO] IPUIPlugin:80 - create IPUIPlugin
2024-10-07 13:20:54,013 [INFO] PluginManager:220 - loadIPPluginJar : add freertos
2024-10-07 13:20:54,015 [INFO] IPUIPlugin:80 - create IPUIPlugin
2024-10-07 13:20:54,016 [INFO] PluginManager:220 - loadIPPluginJar : add genericplugin
2024-10-07 13:20:54,020 [INFO] IPUIPlugin:80 - create IPUIPlugin
2024-10-07 13:20:54,020 [INFO] PluginManager:220 - loadIPPluginJar : add gfxmmu
2024-10-07 13:20:54,030 [INFO] IPUIPlugin:80 - create IPUIPlugin
2024-10-07 13:20:54,031 [INFO] PluginManager:220 - loadIPPluginJar : add gic
2024-10-07 13:20:54,039 [INFO] IPUIPlugin:80 - create IPUIPlugin
2024-10-07 13:20:54,039 [INFO] PluginManager:220 - loadIPPluginJar : add gpio
2024-10-07 13:20:54,045 [INFO] IPUIPlugin:80 - create IPUIPlugin
2024-10-07 13:20:54,045 [INFO] PluginManager:220 - loadIPPluginJar : add gtzc
2024-10-07 13:20:54,051 [INFO] IPUIPlugin:80 - create IPUIPlugin
2024-10-07 13:20:54,051 [INFO] PluginManager:220 - loadIPPluginJar : add hash
2024-10-07 13:20:54,060 [INFO] IPUIPlugin:80 - create IPUIPlugin
2024-10-07 13:20:54,060 [INFO] PluginManager:220 - loadIPPluginJar : add i2c
2024-10-07 13:20:54,069 [INFO] IPUIPlugin:80 - create IPUIPlugin
2024-10-07 13:20:54,069 [INFO] PluginManager:220 - loadIPPluginJar : add i2s
2024-10-07 13:20:54,076 [INFO] IPUIPlugin:80 - create IPUIPlugin
2024-10-07 13:20:54,077 [INFO] PluginManager:220 - loadIPPluginJar : add i3c
2024-10-07 13:20:54,091 [INFO] IPUIPlugin:80 - create IPUIPlugin
2024-10-07 13:20:54,092 [INFO] PluginManager:220 - loadIPPluginJar : add ipddr
2024-10-07 13:20:54,116 [INFO] IPUIPlugin:80 - create IPUIPlugin
2024-10-07 13:20:54,122 [INFO] PluginManager:220 - loadIPPluginJar : add linkedlist
2024-10-07 13:20:54,136 [INFO] IPUIPlugin:80 - create IPUIPlugin
2024-10-07 13:20:54,136 [INFO] PluginManager:220 - loadIPPluginJar : add lorawan
2024-10-07 13:20:54,142 [INFO] IPUIPlugin:80 - create IPUIPlugin
2024-10-07 13:20:54,142 [INFO] PluginManager:220 - loadIPPluginJar : add ltdc
2024-10-07 13:20:54,182 [INFO] IPUIPlugin:80 - create IPUIPlugin
2024-10-07 13:20:54,184 [INFO] PluginManager:220 - loadIPPluginJar : add mdma
2024-10-07 13:20:54,192 [INFO] IPUIPlugin:80 - create IPUIPlugin
2024-10-07 13:20:54,193 [INFO] PluginManager:220 - loadIPPluginJar : add nvic
2024-10-07 13:20:54,207 [INFO] IPUIPlugin:80 - create IPUIPlugin
2024-10-07 13:20:54,207 [INFO] PluginManager:220 - loadIPPluginJar : add opamp
2024-10-07 13:20:54,219 [INFO] IPUIPlugin:80 - create IPUIPlugin
2024-10-07 13:20:54,219 [INFO] PluginManager:220 - loadIPPluginJar : add openamp
2024-10-07 13:20:54,227 [INFO] IPUIPlugin:80 - create IPUIPlugin
2024-10-07 13:20:54,227 [INFO] PluginManager:220 - loadIPPluginJar : add pdm2pcm
2024-10-07 13:20:54,251 [INFO] IPUIPlugin:80 - create IPUIPlugin
2024-10-07 13:20:54,258 [INFO] PluginManager:220 - loadIPPluginJar : add plateformsettings
2024-10-07 13:20:54,265 [INFO] IPUIPlugin:80 - create IPUIPlugin
2024-10-07 13:20:54,266 [INFO] PluginManager:220 - loadIPPluginJar : add quadspi
2024-10-07 13:20:54,272 [INFO] IPUIPlugin:80 - create IPUIPlugin
2024-10-07 13:20:54,273 [INFO] PluginManager:220 - loadIPPluginJar : add radio
2024-10-07 13:20:54,291 [INFO] IPUIPlugin:80 - create IPUIPlugin
2024-10-07 13:20:54,291 [INFO] PluginManager:220 - loadIPPluginJar : add resmgrutility
2024-10-07 13:20:54,301 [INFO] IPUIPlugin:80 - create IPUIPlugin
2024-10-07 13:20:54,302 [INFO] PluginManager:220 - loadIPPluginJar : add sai
2024-10-07 13:20:54,314 [INFO] IPUIPlugin:80 - create IPUIPlugin
2024-10-07 13:20:54,314 [INFO] PluginManager:220 - loadIPPluginJar : add spi
2024-10-07 13:20:54,333 [INFO] IPUIPlugin:80 - create IPUIPlugin
2024-10-07 13:20:54,333 [INFO] PluginManager:220 - loadIPPluginJar : add stm32_wpan
2024-10-07 13:20:54,339 [INFO] IPUIPlugin:80 - create IPUIPlugin
2024-10-07 13:20:54,339 [INFO] PluginManager:220 - loadIPPluginJar : add tim
2024-10-07 13:20:54,349 [INFO] IPUIPlugin:80 - create IPUIPlugin
2024-10-07 13:20:54,350 [INFO] PluginManager:220 - loadIPPluginJar : add touchsensing
2024-10-07 13:20:54,355 [INFO] IPUIPlugin:80 - create IPUIPlugin
2024-10-07 13:20:54,355 [INFO] PluginManager:220 - loadIPPluginJar : add tracer_emb
2024-10-07 13:20:54,360 [INFO] IPUIPlugin:80 - create IPUIPlugin
2024-10-07 13:20:54,361 [INFO] PluginManager:220 - loadIPPluginJar : add ts
2024-10-07 13:20:54,365 [INFO] IPUIPlugin:80 - create IPUIPlugin
2024-10-07 13:20:54,366 [INFO] PluginManager:220 - loadIPPluginJar : add tsc
2024-10-07 13:20:54,371 [INFO] IPUIPlugin:80 - create IPUIPlugin
2024-10-07 13:20:54,371 [INFO] PluginManager:220 - loadIPPluginJar : add ucpd
2024-10-07 13:20:54,379 [INFO] IPUIPlugin:80 - create IPUIPlugin
2024-10-07 13:20:54,379 [INFO] PluginManager:220 - loadIPPluginJar : add usart
2024-10-07 13:20:54,387 [INFO] IPUIPlugin:80 - create IPUIPlugin
2024-10-07 13:20:54,387 [INFO] PluginManager:220 - loadIPPluginJar : add usbx
2024-10-07 13:20:54,620 [INFO] CADModel:165 - CPN selected for project level
2024-10-07 13:20:54,620 [INFO] CADModel:114 - Register for checkConnection events
2024-10-07 13:20:54,621 [FATAL] Updater:334 - Updater called before beeing initialized
2024-10-07 13:20:54,621 [ERROR] CADModel:125 - Updater not yet initialized, retry later 
2024-10-07 13:20:55,001 [INFO] CADModel:165 - CPN selected for project level
2024-10-07 13:20:55,002 [INFO] CADModel:114 - Register for checkConnection events
2024-10-07 13:20:55,002 [FATAL] Updater:334 - Updater called before beeing initialized
2024-10-07 13:20:55,002 [ERROR] CADModel:125 - Updater not yet initialized, retry later 
2024-10-07 13:20:55,011 [FATAL] Updater:334 - Updater called before beeing initialized
2024-10-07 13:20:55,305 [FATAL] Updater:334 - Updater called before beeing initialized
2024-10-07 13:20:55,318 [INFO] DbMcusAds:53 - JSON generation date=Fri Sep 20 15:04:38 CEST 2024 (1726837478367)
2024-10-07 13:20:55,318 [FATAL] Updater:334 - Updater called before beeing initialized
2024-10-07 13:20:55,439 [WARN] DetailPanel:346 - Failed to get advertising image, set to default
2024-10-07 13:20:55,625 [INFO] ThirdPartyUpdaterWithRetryManager:70 - Updater plugin not ready yet. [2/15]
2024-10-07 13:20:55,741 [FATAL] Updater:334 - Updater called before beeing initialized
2024-10-07 13:20:55,746 [FATAL] Updater:334 - Updater called before beeing initialized
2024-10-07 13:20:55,747 [FATAL] Updater:334 - Updater called before beeing initialized
2024-10-07 13:20:55,747 [WARN] DetailPanel:346 - Failed to get advertising image, set to default
2024-10-07 13:20:55,749 [FATAL] Updater:334 - Updater called before beeing initialized
2024-10-07 13:20:55,875 [ERROR] Updater:1164 - MainUpdater not yet initialized. External WinMGr cannot be set.
2024-10-07 13:20:55,878 [INFO] Updater:1100 - Updater Version found : 6.12.0
2024-10-07 13:20:55,922 [INFO] ApplicationProperties:184 - Using Application install path: C:\ST\STM32CubeIDE_1.16.0\STM32CubeIDE\plugins\com.st.stm32cube.common.mx_6.12.0.202406281431
2024-10-07 13:20:57,540 [ERROR] LogOutputStream:75 - [STDERR_REDIRECT] Oct 07, 2024 1:20:57 PM java.util.prefs.WindowsPreferences <init>
2024-10-07 13:20:57,546 [ERROR] LogOutputStream:75 - [STDERR_REDIRECT] WARNING: Could not open/create prefs root node Software\JavaSoft\Prefs at root 0xffffffff80000002. Windows RegCreateKeyEx(...) returned error code 5.
2024-10-07 13:20:57,547 [ERROR] LogOutputStream:75 - [STDERR_REDIRECT] 
2024-10-07 13:20:58,161 [INFO] MainUpdater:2873 - connection check result : 10
2024-10-07 13:20:58,163 [INFO] MainUpdater:290 - Updater Check For Update Now.
2024-10-07 13:20:58,163 [INFO] MicroXplorer:498 - Change Database Version : DB.6.0.120
2024-10-07 13:20:58,194 [INFO] McuFinderGlobals:63 - Set McuFinder mode to 2 (CubeIDE integrated)
2024-10-07 13:20:58,195 [INFO] UserAuth:179 - activating auth plugin
2024-10-07 13:20:58,202 [INFO] UserAuth:417 - Internet connection configuration mode: 1
2024-10-07 13:20:58,265 [INFO] JxBrowserEngine:152 - Initiate JxBrowser Engine with user profile folder
2024-10-07 13:20:58,578 [INFO] CheckServerUpdateThread:120 - End of CheckServer Thread
2024-10-07 13:20:59,160 [WARN] PackLoader:240 - Cannot read IP mode file for STMicroelectronics.FP-SNS-MOTENVWB1.1.4.0
2024-10-07 13:20:59,210 [WARN] PackLoader:240 - Cannot read IP mode file for STMicroelectronics.X-CUBE-SMBUS.2.1.0
2024-10-07 13:20:59,270 [WARN] PackLoader:240 - Cannot read IP mode file for STMicroelectronics.X-CUBE-WB05N.1.1.0
2024-10-07 13:20:59,442 [WARN] PackLoader:240 - Cannot read IP mode file for STMicroelectronics.X-CUBE-AZRTOS-F7.1.1.0
2024-10-07 13:20:59,968 [WARN] PackLoader:240 - Cannot read IP mode file for STMicroelectronics.X-CUBE-MEMS1.11.0.0
2024-10-07 13:21:00,884 [WARN] PackLoader:240 - Cannot read IP mode file for STMicroelectronics.FP-SNS-FLIGHT1.5.0.2
2024-10-07 13:21:00,953 [WARN] PackLoader:240 - Cannot read IP mode file for STMicroelectronics.X-CUBE-DISPLAY.3.0.0
2024-10-07 13:21:01,257 [WARN] PackLoader:240 - Cannot read IP mode file for STMicroelectronics.X-CUBE-BLE1.7.0.0
2024-10-07 13:21:01,378 [WARN] PackLoader:240 - Cannot read IP mode file for STMicroelectronics.X-CUBE-NFC10.1.0.0
2024-10-07 13:21:01,527 [WARN] PackLoader:240 - Cannot read IP mode file for emotas.I-CUBE-CANOPEN.1.3.0
2024-10-07 13:21:01,699 [WARN] PackLoader:240 - Cannot read IP mode file for STMicroelectronics.X-CUBE-BLEMGR.3.1.0
2024-10-07 13:21:01,812 [WARN] PackLoader:240 - Cannot read IP mode file for STMicroelectronics.FP-SNS-SMARTAG2.1.2.0
2024-10-07 13:21:01,893 [INFO] LogOutputStream:77 - [STDOUT_REDIRECT] 1 : Invalid condition id : UX_CORESTACK_Condition cause : null
2024-10-07 13:21:01,894 [INFO] LogOutputStream:77 - [STDOUT_REDIRECT] 1 : Invalid condition id : UX_CORESTACK_Condition cause : null
2024-10-07 13:21:01,900 [INFO] LogOutputStream:77 - [STDOUT_REDIRECT] 1 : Invalid condition id : UX_CORESTACK_Condition cause : null
2024-10-07 13:21:01,903 [INFO] LogOutputStream:77 - [STDOUT_REDIRECT] 1 : Invalid condition id : UX_CORESTACK_Condition cause : null
2024-10-07 13:21:01,905 [INFO] LogOutputStream:77 - [STDOUT_REDIRECT] 1 : Invalid condition id : UX_CORESTACK_Condition cause : null
2024-10-07 13:21:01,924 [WARN] PackLoader:240 - Cannot read IP mode file for STMicroelectronics.X-CUBE-AZRTOS-WL.2.0.0
2024-10-07 13:21:01,989 [WARN] PackLoader:240 - Cannot read IP mode file for STMicroelectronics.FP-SNS-MOTENV1.5.0.0
2024-10-07 13:21:02,050 [WARN] PackLoader:240 - Cannot read IP mode file for wolfSSL.I-CUBE-wolfMQTT.1.19.0
2024-10-07 13:21:02,104 [WARN] PackLoader:240 - Cannot read IP mode file for WES.I-CUBE-Cesium.1.3.0
2024-10-07 13:21:02,176 [WARN] PackLoader:240 - Cannot read IP mode file for STMicroelectronics.X-CUBE-BLE2.3.3.0
2024-10-07 13:21:02,296 [INFO] WebApp:167 - Instantiating new browser for Auth
2024-10-07 13:21:02,359 [WARN] PackLoader:240 - Cannot read IP mode file for STMicroelectronics.X-CUBE-NFC9.1.0.0
2024-10-07 13:21:02,717 [WARN] PackLoader:240 - Cannot read IP mode file for STMicroelectronics.X-CUBE-TCPP.4.1.0
2024-10-07 13:21:02,955 [WARN] PackLoader:240 - Cannot read IP mode file for STMicroelectronics.X-CUBE-AZRTOS-G0.1.1.0
2024-10-07 13:21:03,054 [WARN] PackLoader:240 - Cannot read IP mode file for STMicroelectronics.X-CUBE-SAFEA1.1.2.2
2024-10-07 13:21:03,111 [WARN] PackLoader:240 - Cannot read IP mode file for STMicroelectronics.X-CUBE-NFC4.3.0.0
2024-10-07 13:21:03,186 [WARN] PackLoader:240 - Cannot read IP mode file for EmbeddedOffice.I-CUBE-FS-RTOS.1.0.1
2024-10-07 13:21:03,187 [ERROR] ConditionMgr:805 - Attr not supported : Dmpu
2024-10-07 13:21:03,187 [ERROR] ConditionMgr:805 - Attr not supported : Dmpu
2024-10-07 13:21:03,187 [ERROR] ConditionMgr:805 - Attr not supported : Dmpu
2024-10-07 13:21:03,187 [ERROR] ConditionMgr:805 - Attr not supported : Dmpu
2024-10-07 13:21:03,187 [ERROR] ConditionMgr:805 - Attr not supported : Dmpu
2024-10-07 13:21:03,187 [ERROR] ConditionMgr:805 - Attr not supported : Dmpu
2024-10-07 13:21:03,187 [ERROR] ConditionMgr:805 - Attr not supported : Dmpu
2024-10-07 13:21:03,187 [ERROR] ConditionMgr:805 - Attr not supported : Dmpu
2024-10-07 13:21:03,188 [ERROR] ConditionMgr:805 - Attr not supported : Dmpu
2024-10-07 13:21:03,190 [ERROR] ConditionMgr:805 - Attr not supported : Dmpu
2024-10-07 13:21:03,190 [ERROR] ConditionMgr:805 - Attr not supported : Dmpu
2024-10-07 13:21:03,190 [ERROR] ConditionMgr:805 - Attr not supported : Dmpu
2024-10-07 13:21:03,190 [ERROR] ConditionMgr:805 - Attr not supported : Dmpu
2024-10-07 13:21:03,190 [ERROR] ConditionMgr:805 - Attr not supported : Dmpu
2024-10-07 13:21:03,190 [ERROR] ConditionMgr:805 - Attr not supported : Dmpu
2024-10-07 13:21:03,190 [ERROR] ConditionMgr:805 - Attr not supported : Dmpu
2024-10-07 13:21:03,191 [ERROR] ConditionMgr:805 - Attr not supported : Dmpu
2024-10-07 13:21:03,192 [ERROR] ConditionMgr:805 - Attr not supported : Dmpu
2024-10-07 13:21:03,195 [ERROR] ConditionMgr:805 - Attr not supported : Dmpu
2024-10-07 13:21:03,195 [ERROR] ConditionMgr:805 - Attr not supported : Dmpu
2024-10-07 13:21:03,198 [ERROR] ConditionMgr:805 - Attr not supported : Dmpu
2024-10-07 13:21:03,199 [ERROR] ConditionMgr:805 - Attr not supported : Dmpu
2024-10-07 13:21:03,199 [ERROR] ConditionMgr:805 - Attr not supported : Dmpu
2024-10-07 13:21:03,199 [ERROR] ConditionMgr:805 - Attr not supported : Dmpu
2024-10-07 13:21:03,199 [ERROR] ConditionMgr:805 - Attr not supported : Dmpu
2024-10-07 13:21:03,200 [ERROR] ConditionMgr:805 - Attr not supported : Dmpu
2024-10-07 13:21:03,200 [ERROR] ConditionMgr:805 - Attr not supported : Dmpu
2024-10-07 13:21:03,200 [ERROR] ConditionMgr:805 - Attr not supported : Dmpu
2024-10-07 13:21:03,201 [ERROR] ConditionMgr:805 - Attr not supported : Dmpu
2024-10-07 13:21:03,222 [ERROR] ConditionMgr:805 - Attr not supported : Dmpu
2024-10-07 13:21:03,222 [ERROR] ConditionMgr:805 - Attr not supported : Dmpu
2024-10-07 13:21:03,222 [ERROR] ConditionMgr:805 - Attr not supported : Dmpu
2024-10-07 13:21:03,222 [ERROR] ConditionMgr:805 - Attr not supported : Dmpu
2024-10-07 13:21:03,222 [ERROR] ConditionMgr:805 - Attr not supported : Dmpu
2024-10-07 13:21:03,223 [ERROR] ConditionMgr:805 - Attr not supported : Dmpu
2024-10-07 13:21:03,223 [ERROR] ConditionMgr:805 - Attr not supported : Dmpu
2024-10-07 13:21:03,225 [ERROR] ConditionMgr:805 - Attr not supported : Dmpu
2024-10-07 13:21:03,230 [ERROR] ConditionMgr:805 - Attr not supported : Dmpu
2024-10-07 13:21:03,230 [ERROR] ConditionMgr:805 - Attr not supported : Dmpu
2024-10-07 13:21:03,230 [ERROR] ConditionMgr:805 - Attr not supported : Dmpu
2024-10-07 13:21:03,230 [ERROR] ConditionMgr:805 - Attr not supported : Dmpu
2024-10-07 13:21:03,230 [ERROR] ConditionMgr:805 - Attr not supported : Dmpu
2024-10-07 13:21:03,230 [ERROR] ConditionMgr:805 - Attr not supported : Dmpu
2024-10-07 13:21:03,231 [ERROR] ConditionMgr:805 - Attr not supported : Dmpu
2024-10-07 13:21:03,231 [ERROR] ConditionMgr:805 - Attr not supported : Dmpu
2024-10-07 13:21:03,231 [ERROR] ConditionMgr:805 - Attr not supported : Dmpu
2024-10-07 13:21:03,231 [ERROR] ConditionMgr:805 - Attr not supported : Dmpu
2024-10-07 13:21:03,231 [ERROR] ConditionMgr:805 - Attr not supported : Dmpu
2024-10-07 13:21:03,231 [ERROR] ConditionMgr:805 - Attr not supported : Dmpu
2024-10-07 13:21:03,231 [ERROR] ConditionMgr:805 - Attr not supported : Dmpu
2024-10-07 13:21:03,231 [ERROR] ConditionMgr:805 - Attr not supported : Dmpu
2024-10-07 13:21:03,232 [ERROR] ConditionMgr:805 - Attr not supported : Dmpu
2024-10-07 13:21:03,232 [ERROR] ConditionMgr:805 - Attr not supported : Dmpu
2024-10-07 13:21:03,232 [ERROR] ConditionMgr:805 - Attr not supported : Dmpu
2024-10-07 13:21:03,232 [ERROR] ConditionMgr:805 - Attr not supported : Dmpu
2024-10-07 13:21:03,233 [ERROR] ConditionMgr:805 - Attr not supported : Dmpu
2024-10-07 13:21:03,233 [ERROR] ConditionMgr:805 - Attr not supported : Dmpu
2024-10-07 13:21:03,233 [ERROR] ConditionMgr:805 - Attr not supported : Dmpu
2024-10-07 13:21:03,233 [ERROR] ConditionMgr:805 - Attr not supported : Dmpu
2024-10-07 13:21:03,233 [ERROR] ConditionMgr:805 - Attr not supported : Dmpu
2024-10-07 13:21:03,233 [ERROR] ConditionMgr:805 - Attr not supported : Dmpu
2024-10-07 13:21:03,234 [ERROR] ConditionMgr:805 - Attr not supported : Dmpu
2024-10-07 13:21:03,234 [ERROR] ConditionMgr:805 - Attr not supported : Dmpu
2024-10-07 13:21:03,234 [ERROR] ConditionMgr:805 - Attr not supported : Dmpu
2024-10-07 13:21:03,288 [WARN] PackLoader:240 - Cannot read IP mode file for RealThread.X-CUBE-RT-Thread_Nano.4.1.1
2024-10-07 13:21:03,337 [WARN] PackLoader:240 - Cannot read IP mode file for STMicroelectronics.FP-ATR-SIGFOX1.3.2.0
2024-10-07 13:21:03,416 [WARN] PackLoader:240 - Cannot read IP mode file for wolfSSL.I-CUBE-wolfSSL.5.7.2
2024-10-07 13:21:03,702 [WARN] PackLoader:240 - Cannot read IP mode file for STMicroelectronics.X-CUBE-EEPRMA1.5.1.0
2024-10-07 13:21:03,835 [WARN] PackLoader:240 - Cannot read IP mode file for ITTIA_DB.I-CUBE-ITTIADB.8.9.0
2024-10-07 13:21:04,087 [WARN] PackLoader:240 - Cannot read IP mode file for SEGGER.I-CUBE-embOS.1.3.1
2024-10-07 13:21:04,326 [WARN] PackLoader:240 - Cannot read IP mode file for STMicroelectronics.X-CUBE-ALGOBUILD.1.4.0
2024-10-07 13:21:04,375 [WARN] PackLoader:240 - Cannot read IP mode file for STMicroelectronics.X-CUBE-AI.9.1.0
2024-10-07 13:21:04,449 [WARN] PackLoader:240 - Cannot read IP mode file for STMicroelectronics.X-CUBE-AZRTOS-F4.1.1.0
2024-10-07 13:21:04,538 [WARN] PackLoader:240 - Cannot read IP mode file for STMicroelectronics.X-CUBE-ISPU.2.1.0
2024-10-07 13:21:04,568 [WARN] PackLoader:240 - Cannot read IP mode file for STMicroelectronics.X-CUBE-FREERTOS.1.2.0
2024-10-07 13:21:04,656 [WARN] PackLoader:240 - Cannot read IP mode file for STMicroelectronics.X-CUBE-AZRTOS-L5.2.0.0
2024-10-07 13:21:04,707 [WARN] PackLoader:240 - Cannot read IP mode file for STMicroelectronics.X-CUBE-NFC6.3.1.0
2024-10-07 13:21:04,786 [WARN] PackLoader:240 - Cannot read IP mode file for STMicroelectronics.X-CUBE-DPower.1.2.0
2024-10-07 13:21:04,820 [WARN] PackLoader:240 - Cannot read IP mode file for STMicroelectronics.X-CUBE-AI.9.0.0
2024-10-07 13:21:04,857 [WARN] PackLoader:240 - Cannot read IP mode file for STMicroelectronics.X-CUBE-NFC7.1.0.1
2024-10-07 13:21:04,946 [WARN] ConditionMgr:438 - getConditionDescription Invalid condition id : LAN8742 Phy interface Condition cause : null
2024-10-07 13:21:04,948 [WARN] PackLoader:240 - Cannot read IP mode file for STMicroelectronics.X-CUBE-AZRTOS-L4.2.0.0
2024-10-07 13:21:04,952 [WARN] ConditionMgr:1039 - genDependencies : Invalid condition id : LAN8742 Phy interface Condition cause : null
2024-10-07 13:21:04,953 [WARN] ConditionMgr:1039 - genDependencies : Invalid condition id : LAN8742 Phy interface Condition cause : null
2024-10-07 13:21:04,954 [WARN] ConditionMgr:1039 - genDependencies : Invalid condition id : LAN8742 Phy interface Condition cause : null
2024-10-07 13:21:05,029 [WARN] PackLoader:240 - Cannot read IP mode file for STMicroelectronics.X-CUBE-SFXS2LP1.4.0.0
2024-10-07 13:21:05,224 [WARN] PackLoader:240 - Cannot read IP mode file for STMicroelectronics.X-CUBE-AZRTOS-H7.3.3.0
2024-10-07 13:21:05,285 [WARN] PackLoader:240 - Cannot read IP mode file for STMicroelectronics.X-CUBE-IPS.3.0.0
2024-10-07 13:21:05,358 [WARN] ConditionMgr:438 - getConditionDescription Invalid condition id : UX DEVICE CLASS RTOS Condition cause : null
2024-10-07 13:21:05,359 [WARN] ConditionMgr:438 - getConditionDescription Invalid condition id : UX DEVICE CLASS RTOS Condition cause : null
2024-10-07 13:21:05,365 [WARN] PackLoader:240 - Cannot read IP mode file for STMicroelectronics.X-CUBE-AZRTOS-WB.2.0.0
2024-10-07 13:21:05,368 [WARN] ConditionMgr:1039 - genDependencies : Invalid condition id : UX DEVICE CLASS RTOS Condition cause : null
2024-10-07 13:21:05,368 [WARN] ConditionMgr:1039 - genDependencies : Invalid condition id : UX DEVICE CLASS RTOS Condition cause : null
2024-10-07 13:21:05,370 [WARN] ConditionMgr:1039 - genDependencies : Invalid condition id : UX DEVICE CLASS RTOS Condition cause : null
2024-10-07 13:21:05,370 [WARN] ConditionMgr:1039 - genDependencies : Invalid condition id : UX DEVICE CLASS RTOS Condition cause : null
2024-10-07 13:21:05,370 [WARN] ConditionMgr:1039 - genDependencies : Invalid condition id : UX DEVICE CLASS RTOS Condition cause : null
2024-10-07 13:21:05,421 [WARN] PackLoader:240 - Cannot read IP mode file for STMicroelectronics.X-CUBE-GNSS1.7.0.0
2024-10-07 13:21:05,503 [WARN] PackLoader:240 - Cannot read IP mode file for STMicroelectronics.FP-SNS-STBOX1.2.0.0
2024-10-07 13:21:05,956 [WARN] PackLoader:240 - Cannot read IP mode file for STMicroelectronics.X-CUBE-SUBG2.5.0.0
2024-10-07 13:21:05,997 [WARN] PackLoader:240 - Cannot read IP mode file for Cesanta.I-CUBE-Mongoose.7.13.0
2024-10-07 13:21:06,157 [WARN] PackLoader:240 - Cannot read IP mode file for STMicroelectronics.X-CUBE-AZRTOS-G4.2.0.0
2024-10-07 13:21:06,168 [INFO] WebApp:448 - Apply proxy settings
2024-10-07 13:21:06,168 [INFO] WebApp:533 - Chromium requires no authentication
2024-10-07 13:21:06,193 [INFO] WebApp:476 - Direct internet connection detected
2024-10-07 13:21:06,244 [WARN] PackLoader:240 - Cannot read IP mode file for STMicroelectronics.X-CUBE-ALS.1.0.2
2024-10-07 13:21:06,269 [INFO] WebApp:869 - Register for checkConnection events
2024-10-07 13:21:06,270 [INFO] WebApp:448 - Apply proxy settings
2024-10-07 13:21:06,270 [INFO] WebApp:533 - Chromium requires no authentication
2024-10-07 13:21:06,271 [INFO] WebApp:476 - Direct internet connection detected
2024-10-07 13:21:06,295 [WARN] PackLoader:240 - Cannot read IP mode file for STMicroelectronics.X-CUBE-TOUCHGFX.4.24.0
2024-10-07 13:21:06,437 [WARN] PackLoader:240 - Cannot read IP mode file for STMicroelectronics.X-CUBE-TOUCHGFX.4.24.1
2024-10-07 13:21:06,550 [WARN] PackLoader:240 - Cannot read IP mode file for wolfSSL.I-CUBE-wolfTPM.3.4.0
2024-10-07 13:21:06,759 [WARN] PackLoader:240 - Cannot read IP mode file for portGmbH.I-Cube-SoM-uGOAL.1.1.0
2024-10-07 13:21:06,899 [WARN] PackLoader:240 - Cannot read IP mode file for STMicroelectronics.X-CUBE-AZRTOS-H7RS.1.0.0
2024-10-07 13:21:06,953 [WARN] PackLoader:240 - Cannot read IP mode file for STMicroelectronics.FP-ATR-ASTRA1.2.0.0
2024-10-07 13:21:07,014 [WARN] PackLoader:240 - Cannot read IP mode file for STMicroelectronics.X-CUBE-TOF1.3.4.2
2024-10-07 13:21:07,168 [INFO] WebApp:186 - Connection restablished
2024-10-07 13:21:07,224 [WARN] PackLoader:240 - Cannot read IP mode file for Infineon.AIROC-Wi-Fi-Bluetooth-STM32.1.6.1
2024-10-07 13:21:07,600 [WARN] PackLoader:240 - Cannot read IP mode file for wolfSSL.I-CUBE-wolfSSH.1.4.17
2024-10-07 13:21:07,674 [INFO] ThirdParty:978 - Integrity check success = true
2024-10-07 13:21:07,674 [INFO] IntegrityCheckThread:100 - exiting critical section [integrity check]
2024-10-07 13:21:07,674 [INFO] IntegrityCheckThread:103 - End integrity checks thread
2024-10-07 13:21:07,988 [INFO] WebApp:220 - Starting web application
2024-10-07 13:21:07,989 [INFO] WebApp:578 - Web application path used C:\ST\STM32CubeIDE_1.16.0\STM32CubeIDE\plugins\com.st.stm32cube.common.mx_6.12.0.202406281431\db\plugins\mcufinder\reactClient1\index.html
2024-10-07 13:39:42,267 [INFO] McuFinderGlobals:63 - Set McuFinder mode to 2 (CubeIDE integrated)
2024-10-07 13:39:42,313 [INFO] MainUpdater:2873 - connection check result : 10
2024-10-07 13:39:42,326 [INFO] MainUpdater:2873 - connection check result : 10
2024-10-07 13:39:42,675 [INFO] RulesReader:64 - Compatibility file has been processed (297 Rules)
2024-10-07 13:39:42,699 [INFO] RulesReader:64 - Compatibility file has been processed (297 Rules)
2024-10-07 13:39:42,707 [INFO] MicroXplorer:468 - Change Database Path : 
2024-10-07 13:39:42,707 [INFO] MicroXplorer:498 - Change Database Version : DB.6.0.120
2024-10-07 13:39:42,718 [WARN] ThirdParty:871 - waiting for thirdparty lock release [close project]
2024-10-07 13:39:42,719 [INFO] ThirdParty:873 - entering critical section [close project]
2024-10-07 13:39:42,721 [INFO] ThirdParty:883 - exiting critical section [close project]
2024-10-07 13:39:42,725 [INFO] PinOutPanel:1561 - setPackage(No Configuration,No Configuration)
2024-10-07 13:39:42,735 [INFO] UtilMem:75 - Begin LoadConfig() Used Memory: 657290400 Bytes (1073741824)
2024-10-07 13:39:42,738 [INFO] MicroXplorer:468 - Change Database Path : 
2024-10-07 13:39:42,738 [INFO] MicroXplorer:498 - Change Database Version : DB.6.0.120
2024-10-07 13:39:42,738 [INFO] OpenFileManager:332 - Change cursor
2024-10-07 13:39:42,853 [INFO] Mcu:2032 - Initializing MCU STM32F401R(D-E)Tx STM32F401RETx STM32F401RET6
2024-10-07 13:39:45,536 [INFO] Context:742 - Trying to add GPIOservice into a context  which must be forbidden
2024-10-07 13:39:47,037 [INFO] RtosManager:555 - Registered RTOS mode: class=CMSIS, group=RTOS, mode=CMSIS_V1, owner=FREERTOS
2024-10-07 13:39:47,037 [INFO] RtosManager:555 - Registered RTOS mode: class=CMSIS, group=RTOS2, mode=CMSIS_V2, owner=FREERTOS
2024-10-07 13:39:47,038 [INFO] RtosManager:555 - Registered RTOS mode: class=RTOS, group=Core, mode=CMSIS_V1, owner=FREERTOS
2024-10-07 13:39:47,038 [INFO] RtosManager:555 - Registered RTOS mode: class=RTOS, group=Core, mode=CMSIS_V2, owner=FREERTOS
2024-10-07 13:39:47,039 [WARN] ModelIntegratedComponent:184 - Missing modes for component STMicroelectronics:FreeRTOS:0.0.1:STMicroelectronics:RTOS:FreeRTOS:Core:::10.2.0:
2024-10-07 13:39:47,066 [WARN] ModelIntegratedComponent:63 - No mode defined for component null
2024-10-07 13:39:47,066 [WARN] ModelIntegratedComponent:63 - No mode defined for component null
2024-10-07 13:39:47,066 [WARN] ModelIntegratedComponent:63 - No mode defined for component null
2024-10-07 13:39:47,067 [WARN] ModelIntegratedComponent:63 - No mode defined for component null
2024-10-07 13:39:47,067 [WARN] ModelIntegratedComponent:63 - No mode defined for component null
2024-10-07 13:39:47,067 [WARN] ModelIntegratedComponent:63 - No mode defined for component null
2024-10-07 13:39:47,067 [WARN] ModelIntegratedComponent:63 - No mode defined for component null
2024-10-07 13:39:47,067 [WARN] ModelIntegratedComponent:63 - No mode defined for component null
2024-10-07 13:39:47,067 [WARN] ModelIntegratedComponent:63 - No mode defined for component null
2024-10-07 13:39:47,067 [WARN] ModelIntegratedComponent:63 - No mode defined for component null
2024-10-07 13:39:47,067 [WARN] ModelIntegratedComponent:63 - No mode defined for component null
2024-10-07 13:39:47,067 [WARN] ModelIntegratedComponent:63 - No mode defined for component null
2024-10-07 13:39:47,067 [WARN] ModelIntegratedComponent:63 - No mode defined for component null
2024-10-07 13:39:47,067 [WARN] ModelIntegratedComponent:63 - No mode defined for component null
2024-10-07 13:39:47,067 [WARN] ModelIntegratedComponent:63 - No mode defined for component null
2024-10-07 13:39:47,068 [WARN] ModelIntegratedComponent:63 - No mode defined for component null
2024-10-07 13:39:47,068 [WARN] ModelIntegratedComponent:63 - No mode defined for component null
2024-10-07 13:39:47,068 [WARN] ModelIntegratedComponent:63 - No mode defined for component null
2024-10-07 13:39:47,068 [WARN] ModelIntegratedComponent:63 - No mode defined for component null
2024-10-07 13:39:47,068 [WARN] ModelIntegratedComponent:63 - No mode defined for component null
2024-10-07 13:39:47,068 [WARN] ModelIntegratedComponent:63 - No mode defined for component null
2024-10-07 13:39:47,068 [WARN] ModelIntegratedComponent:63 - No mode defined for component null
2024-10-07 13:39:47,068 [WARN] ModelIntegratedComponent:63 - No mode defined for component null
2024-10-07 13:39:47,068 [WARN] ModelIntegratedComponent:63 - No mode defined for component null
2024-10-07 13:39:47,068 [WARN] ModelIntegratedComponent:63 - No mode defined for component null
2024-10-07 13:39:47,068 [WARN] ModelIntegratedComponent:63 - No mode defined for component null
2024-10-07 13:39:47,069 [WARN] ModelIntegratedComponent:63 - No mode defined for component null
2024-10-07 13:39:47,069 [WARN] ModelIntegratedComponent:63 - No mode defined for component null
2024-10-07 13:39:47,069 [WARN] ModelIntegratedComponent:63 - No mode defined for component null
2024-10-07 13:39:47,069 [WARN] ModelIntegratedComponent:63 - No mode defined for component null
2024-10-07 13:39:47,069 [WARN] ModelIntegratedComponent:63 - No mode defined for component null
2024-10-07 13:39:47,069 [WARN] ModelIntegratedComponent:63 - No mode defined for component null
2024-10-07 13:39:47,069 [WARN] ModelIntegratedComponent:63 - No mode defined for component null
2024-10-07 13:39:47,069 [WARN] ModelIntegratedComponent:63 - No mode defined for component null
2024-10-07 13:39:47,069 [WARN] ModelIntegratedComponent:63 - No mode defined for component null
2024-10-07 13:39:47,070 [WARN] ModelPack:524 - Component already loaded: STMicroelectronics:HAL Drivers:0.0.0:STMicroelectronics:Device:STMicro_Driver:XSPI:HAL::0.0.1:HAL_XSPI
2024-10-07 13:39:47,166 [INFO] ThirdPartyModel:298 - Start build external matchings
2024-10-07 13:39:47,689 [INFO] ThirdPartyModel:316 - End build external matchings
2024-10-07 13:39:47,708 [INFO] ImportTextPane:205 - (OptionalMessage_ERROR) IP (RCC) : Parameter (RTCHSEDivFreq_Value) has invalid value (4000000)
2024-10-07 13:39:48,203 [INFO] ApiDb:581 - Connected to CubeFinder SQLite database (C:\Users\Besan\.stmcufinder\plugins\mcufinder\mcu\cube-finder-db.db)
2024-10-07 13:39:48,340 [INFO] ApiDb:668 - CubeFinder database Data Model version=2.1
2024-10-07 13:39:48,340 [INFO] ApiDb:669 - CubeFinder database Configuration version=3.0.39
2024-10-07 13:39:48,342 [INFO] ApiDb:670 - CubeFinder database generation date=2024-09-16 (1726485674)
2024-10-07 13:39:48,343 [INFO] ApiDb:671 - CubeFinder database FW Pack versions=[FP-ATR-ASTRA1_V2.0.0, FP-SNS-FLIGHT1_V5.0.2, FP-SNS-MOTENV1_V5.0.0, FP-SNS-MOTENVWB1_V1.4.0, FP-SNS-SMARTAG2_V1.2.0, FP-SNS-STBOX1_V2.0.0, STM32Cube_FW_C0_V1.2.0, STM32Cube_FW_F4_V1.28.1, STM32Cube_FW_F7_V1.17.2, STM32Cube_FW_G0_V1.6.2, STM32Cube_FW_G4_V1.6.0, STM32Cube_FW_H5_V1.3.0, STM32Cube_FW_H7RS_V1.1.0, STM32Cube_FW_H7_V1.11.2, STM32Cube_FW_L0_V1.12.2, STM32Cube_FW_L5_V1.5.1, STM32Cube_FW_U0_V1.1.0, STM32Cube_FW_U5_V1.6.0, STM32Cube_FW_WB0_V1.0.0, STM32Cube_FW_WBA_V1.4.1, STM32Cube_FW_WB_V1.20.0, STM32Cube_FW_WL_V1.3.0, X-CUBE-ALGOBUILD_V1.4.0, X-CUBE-ALS_V1.0.2, X-CUBE-AZRTOS-F4_V1.1.0, X-CUBE-AZRTOS-F7_V1.1.0, X-CUBE-AZRTOS-G0_V1.1.0, X-CUBE-AZRTOS-G4_V2.0.0, X-CUBE-AZRTOS-H7RS_V1.0.0, X-CUBE-AZRTOS-H7_V3.2.0, X-CUBE-AZRTOS-L4_V2.0.0, X-CUBE-AZRTOS-L5_V2.0.0, X-CUBE-AZRTOS-WB_V2.0.0, X-CUBE-AZRTOS-WL_V2.0.0, X-CUBE-BLE1_V7.0.0, X-CUBE-BLE2_V3.3.0, X-CUBE-BLEMGR_V3.1.0, X-CUBE-EEPRMA1_V5.1.0, X-CUBE-FREERTOS_V1.2.0, X-CUBE-GNSS1_V6.0.0, X-CUBE-MEMS1_V11.0.0, X-CUBE-NFC4_V3.0.0, X-CUBE-NFC7_V1.0.1, X-CUBE-SFXS2LP1_V4.0.0, X-CUBE-SUBG2_V5.0.0, X-CUBE-TOF1_V3.4.2]
2024-10-07 13:39:48,581 [INFO] DbBoardsSqlite:226 - include board P-NUCLEO-WB55-NUCLEO as a kit item of type 'Nucleo-64'
2024-10-07 13:39:48,582 [INFO] DbBoardsSqlite:226 - include board P-NUCLEO-WB55-USBDONGLE as a kit item of type 'Nucleo USB Dongle'
2024-10-07 13:39:48,584 [INFO] DbBoardsSqlite:226 - include board STEVAL-IDP005V1 as a kit item of type 'Evaluation Board'
2024-10-07 13:39:48,584 [INFO] DbBoardsSqlite:226 - include board STEVAL-IDP005V2 as a kit item of type 'Evaluation Board'
2024-10-07 13:39:48,896 [INFO] ApiDb:240 - Found 646 in-development CPN: [B-G473E-ZEST1S, B-WB1M-WPAN1, B-WL5M-SUBG1, NUCLEO-C031C6, NUCLEO-C071RB, NUCLEO-H503RB, NUCLEO-H533RE, NUCLEO-H563ZI, NUCLEO-H7S3L8, NUCLEO-U031R8, NUCLEO-U083RC, NUCLEO-U545RE-Q, NUCLEO-U5A5ZJ-Q, NUCLEO-WB05KZ, NUCLEO-WB07CC, NUCLEO-WB09KE, NUCLEO-WBA52CG, NUCLEO-WBA55CG, STEVAL-PROTEUS1, STEVAL-SMARTAG2, STEVAL-STWINBX1, STM320518-EVAL, STM32C0116-DK, STM32C011D6Y3TR, STM32C011D6Y6TR, STM32C011F4P3, STM32C011F4P6, STM32C011F4U3, STM32C011F4U6TR, STM32C011F6P3, STM32C011F6P6, STM32C011F6U3, STM32C011F6U6TR, STM32C011J4M3, STM32C011J4M6, STM32C011J6M3, STM32C011J6M6, STM32C0316-DK, STM32C031C4T3, STM32C031C4T6, STM32C031C4U3, STM32C031C4U6, STM32C031C6T3, STM32C031C6T6, STM32C031C6U3, STM32C031C6U6, STM32C031F4P3, STM32C031F4P6, STM32C031F6P3, STM32C031F6P6, STM32C031G4U3, STM32C031G4U6, STM32C031G6U3, STM32C031G6U6, STM32C031K4T3, STM32C031K4T6, STM32C031K4U3, STM32C031K4U6, STM32C031K6T3, STM32C031K6T6, STM32C031K6U3, STM32C031K6U6, STM32C071C8T6, STM32C071C8T6N, STM32C071C8U6, STM32C071C8U6N, STM32C071CBT6, STM32C071CBT6N, STM32C071CBU6, STM32C071CBU6N, STM32C071F8P6, STM32C071F8P6N, STM32C071FBP6, STM32C071FBP6N, STM32C071FBY6TR, STM32C071G8U6, STM32C071G8U6N, STM32C071GBU6, STM32C071GBU6N, STM32C071K8T6, STM32C071K8T6N, STM32C071K8U6, STM32C071K8U6N, STM32C071KBT6, STM32C071KBT6N, STM32C071KBU6, STM32C071KBU6N, STM32C071R8T6, STM32C071R8T6N, STM32C071RBI6N, STM32C071RBT6, STM32C071RBT6N, STM32G071K8TXN, STM32G071K8UXN, STM32G081GBU6N, STM32G081KBT6N, STM32G081KBUXN, STM32G0B1CCT6N, STM32G0B1KCT6, STM32G0B1NEY6TR, STM32G0B1RCT6N, STM32G0C1CCT6, STM32G0C1CCT6N, STM32G0C1CCU6N, STM32G0C1CET6N, STM32G0C1CEU6N, STM32G0C1KCT6, STM32G0C1NEY6TR, STM32G0C1RCI6N, STM32G0C1RCT6N, STM32G0C1REI6N, STM32G0C1RET6N, STM32G0C1VCI6, STM32G0C1VEI6, STM32G411C6T3, STM32G411C6T6, STM32G411C6U3, STM32G411C6U6, STM32G411C8T3, STM32G411C8T6, STM32G411C8U3, STM32G411C8U6, STM32G411CBT3, STM32G411CBT6, STM32G411CBU3, STM32G411CBU6, STM32G411K6T3, STM32G411K6T6, STM32G411K6U3, STM32G411K6U6, STM32G411K8T3, STM32G411K8T6, STM32G411K8U3, STM32G411K8U6, STM32G411KBT3, STM32G411KBT6, STM32G411KBU3, STM32G411KBU6, STM32G411M6T3, STM32G411M6T6, STM32G411M8T3, STM32G411M8T6, STM32G411MBT3, STM32G411MBT6, STM32G411R6T3, STM32G411R6T6, STM32G411R8T3, STM32G411R8T6, STM32G411RBT3, STM32G411RBT6, STM32G414CBT3, STM32G414CBT6, STM32G414CBU3, STM32G414CBU6, STM32G414CCT3, STM32G414CCT6, STM32G414CCU3, STM32G414CCU6, STM32G414MBT3, STM32G414MBT6, STM32G414MCT3, STM32G414MCT6, STM32G414RBT3, STM32G414RBT6, STM32G414RCT3, STM32G414RCT6, STM32G414VBT3, STM32G414VBT6, STM32G414VCT3, STM32G414VCT6, STM32G431CBT3Z, STM32G431RBT3Z, STM32G471CCT6, STM32G471CCU6, STM32G471CET3, STM32G471CET6, STM32G471CEU3, STM32G471CEU6, STM32G471MCT6, STM32G471MET3, STM32G471MET6, STM32G471MEY6TR, STM32G471QCT6, STM32G471QET3, STM32G471RCT6, STM32G471RET3, STM32G471RET6, STM32G471VCH6, STM32G471VCI6, STM32G471VCT6, STM32G471VEH3, STM32G471VEH6, STM32G471VEI3, STM32G471VEI6, STM32G471VET3, STM32G471VET6, STM32G473QET3Z, STM32G473RET3Z, STM32G474CCT6, STM32G491RET3Z, STM32H503CBT6, STM32H503CBU6, STM32H503EBY6TR, STM32H503KBU6, STM32H503RBT6, STM32H523CCT6, STM32H523CCU6, STM32H523CET6, STM32H523CEU6, STM32H523HEY6TR, STM32H523RCT6, STM32H523RET6, STM32H523VCI6, STM32H523VCT6, STM32H523VEI6, STM32H523VET6, STM32H523ZCJ6, STM32H523ZCT6, STM32H523ZEJ6, STM32H523ZET6, STM32H533CET6, STM32H533CEU6, STM32H533HEY6TR, STM32H533RET6, STM32H533VEI6, STM32H533VET6, STM32H533ZEJ6, STM32H533ZET6, STM32H562AGI6, STM32H562AII6, STM32H562IGK6, STM32H562IGT6, STM32H562IIK6, STM32H562IIT6, STM32H562RGT6, STM32H562RGV6, STM32H562RIT6, STM32H562RIV6, STM32H562VGT6, STM32H562VIT6, STM32H562ZGT6, STM32H562ZIT6, STM32H563AGI6, STM32H563AII3Q, STM32H563AII6, STM32H563IGK6, STM32H563IGT6, STM32H563IIK3Q, STM32H563IIK6, STM32H563IIT3Q, STM32H563IIT6, STM32H563MIY3QTR, STM32H563RGT6, STM32H563RGV6, STM32H563RIT6, STM32H563RIV6, STM32H563VGT6, STM32H563VIT3Q, STM32H563VIT6, STM32H563ZGT6, STM32H563ZIT3Q, STM32H563ZIT6, STM32H573AII3Q, STM32H573AII6, STM32H573I-DK, STM32H573IIK3Q, STM32H573IIK6, STM32H573IIT3Q, STM32H573IIT6, STM32H573MIY3QTR, STM32H573RIT6, STM32H573RIV6, STM32H573VIT3Q, STM32H573VIT6, STM32H573ZIT3Q, STM32H573ZIT6, STM32H7R3A8I6, STM32H7R3I8K6, STM32H7R3I8T6, STM32H7R3L8H6, STM32H7R3L8H6H, STM32H7R3R8V6, STM32H7R3V8H6, STM32H7R3V8T6, STM32H7R3V8Y6TR, STM32H7R3Z8J6, STM32H7R3Z8T6, STM32H7R7A8I6, STM32H7R7I8K6, STM32H7R7I8T6, STM32H7R7L8H6, STM32H7R7L8H6H, STM32H7R7Z8J6, STM32H7S3A8I6, STM32H7S3I8K6, STM32H7S3I8T6, STM32H7S3L8H6, STM32H7S3L8H6H, STM32H7S3R8V6, STM32H7S3V8H6, STM32H7S3V8T6, STM32H7S3V8Y6TR, STM32H7S3Z8J6, STM32H7S3Z8T6, STM32H7S78-DK, STM32H7S7A8I6, STM32H7S7I8K6, STM32H7S7I8T6, STM32H7S7L8H6, STM32H7S7L8H6H, STM32H7S7Z8J6, STM32L4R5QGI6STR, STM32MP131AAE3, STM32MP131AAF3, STM32MP131AAG3, STM32MP131CAE3, STM32MP131CAF3, STM32MP131CAG3, STM32MP131DAE7, STM32MP131DAF7, STM32MP131DAG7, STM32MP131FAE7, STM32MP131FAF7, STM32MP131FAG7, STM32MP133AAE3, STM32MP133AAF3, STM32MP133AAG3, STM32MP133CAE3, STM32MP133CAF3, STM32MP133CAG3, STM32MP133DAE7, STM32MP133DAF7, STM32MP133DAG7, STM32MP133FAE7, STM32MP133FAF7, STM32MP133FAG7, STM32MP135AAE3, STM32MP135AAF3, STM32MP135AAG3, STM32MP135CAE3, STM32MP135CAF3, STM32MP135CAG3, STM32MP135DAE7, STM32MP135DAF7, STM32MP135DAG7, STM32MP135F-DK, STM32MP135FAE7, STM32MP135FAF7, STM32MP135FAF7T, STM32MP135FAF7U, STM32MP135FAG7, STM32MP251AAI3, STM32MP251AAK3, STM32MP251AAL3, STM32MP251CAI3, STM32MP251CAK3, STM32MP251CAL3, STM32MP251DAI3, STM32MP251DAK3, STM32MP251DAL3, STM32MP251FAI3, STM32MP251FAK3, STM32MP251FAL3, STM32MP253AAI3, STM32MP253AAK3, STM32MP253AAL3, STM32MP253CAI3, STM32MP253CAK3, STM32MP253CAL3, STM32MP253DAI3, STM32MP253DAK3, STM32MP253DAL3, STM32MP253FAI3, STM32MP253FAK3, STM32MP253FAL3, STM32MP255AAI3, STM32MP255AAK3, STM32MP255AAL3, STM32MP255CAI3, STM32MP255CAK3, STM32MP255CAL3, STM32MP255DAI3, STM32MP255DAK3, STM32MP255DAL3, STM32MP255FAI3, STM32MP255FAK3, STM32MP255FAL3, STM32MP257AAI3, STM32MP257AAK3, STM32MP257AAL3, STM32MP257CAI3, STM32MP257CAK3, STM32MP257CAL3, STM32MP257DAI3, STM32MP257DAK3, STM32MP257DAL3, STM32MP257F-DK, STM32MP257F-EV1, STM32MP257FAI3, STM32MP257FAK3, STM32MP257FAL3, STM32U031C6T6, STM32U031C6U6, STM32U031C8T6, STM32U031C8U6, STM32U031F4P6, STM32U031F6P6, STM32U031F8P6, STM32U031G6Y6TR, STM32U031G8Y6TR, STM32U031K4U6, STM32U031K6U6, STM32U031K8U6, STM32U031R6I6, STM32U031R6T6, STM32U031R8I6, STM32U031R8T6, STM32U073C8T6, STM32U073C8U6, STM32U073CBT6, STM32U073CBU6, STM32U073CCT6, STM32U073CCU6, STM32U073H8Y6TR, STM32U073HBY6TR, STM32U073HCY6TR, STM32U073K8U6, STM32U073KBU6, STM32U073KCU6, STM32U073M8I6, STM32U073M8T6, STM32U073MBI6, STM32U073MBT6, STM32U073MCI6, STM32U073MCT6, STM32U073R8I6, STM32U073R8T6, STM32U073RBI6, STM32U073RBT6, STM32U073RCI6, STM32U073RCT6, STM32U083C-DK, STM32U083CCT6, STM32U083CCU6, STM32U083HCY6TR, STM32U083KCU6, STM32U083MCI6, STM32U083MCT6, STM32U083RCI6, STM32U083RCT6, STM32U535CBT6, STM32U535CBT6Q, STM32U535CBU6, STM32U535CBU6Q, STM32U535CCT6, STM32U535CCT6Q, STM32U535CCU6, STM32U535CCU6Q, STM32U535CET6, STM32U535CET6Q, STM32U535CEU6, STM32U535CEU6Q, STM32U535JEY6QTR, STM32U535NCY6QTR, STM32U535NEY6QTR, STM32U535RBI6, STM32U535RBI6Q, STM32U535RBT6, STM32U535RBT6Q, STM32U535RCI6, STM32U535RCI6Q, STM32U535RCT6, STM32U535RCT6Q, STM32U535REI6, STM32U535REI6Q, STM32U535RET6, STM32U535RET6Q, STM32U535VCI6, STM32U535VCI6Q, STM32U535VCT6, STM32U535VCT6Q, STM32U535VEI6, STM32U535VEI6Q, STM32U535VET6, STM32U535VET6Q, STM32U545CET6, STM32U545CET6Q, STM32U545CEU6, STM32U545CEU6Q, STM32U545JEY6QTR, STM32U545NEY6QTR, STM32U545REI6, STM32U545REI6Q, STM32U545RET6, STM32U545RET6Q, STM32U545VEI6, STM32U545VEI6Q, STM32U545VET6, STM32U545VET6Q, STM32U595AIH6, STM32U595AIH6Q, STM32U595AJH6, STM32U595AJH6Q, STM32U595QII6, STM32U595QII6Q, STM32U595QJI6, STM32U595QJI6Q, STM32U595RIT6, STM32U595RIT6Q, STM32U595RJT6, STM32U595RJT6Q, STM32U595VIT6, STM32U595VIT6Q, STM32U595VJT6, STM32U595VJT6Q, STM32U595ZIT6, STM32U595ZIT6Q, STM32U595ZIY6QTR, STM32U595ZJT6, STM32U595ZJT6Q, STM32U595ZJY6QTR, STM32U599BJY6QTR, STM32U599NIH6Q, STM32U599NJH6Q, STM32U599VIT6Q, STM32U599VJT6, STM32U599VJT6Q, STM32U599ZIT6Q, STM32U599ZIY6QTR, STM32U599ZJT6Q, STM32U599ZJY6QTR, STM32U5A5AJH6, STM32U5A5AJH6Q, STM32U5A5QII3Q , STM32U5A5QJI6, STM32U5A5QJI6Q, STM32U5A5RJT6, STM32U5A5RJT6Q, STM32U5A5VJT6, STM32U5A5VJT6Q, STM32U5A5ZJT6, STM32U5A5ZJT6Q, STM32U5A5ZJY6QTR, STM32U5A9BJY6QTR, STM32U5A9J-DK, STM32U5A9NJH6Q, STM32U5A9VJT6Q, STM32U5A9ZJT6Q, STM32U5A9ZJY6QTR, STM32U5F7VIT6, STM32U5F7VIT6Q, STM32U5F7VJT6, STM32U5F7VJT6Q, STM32U5F9BJY6QTR, STM32U5F9NJH6Q, STM32U5F9VIT6Q, STM32U5F9VJT6Q, STM32U5F9ZIJ6QTR, STM32U5F9ZIT6Q, STM32U5F9ZJJ6QTR, STM32U5F9ZJT6Q, STM32U5G7VJT6, STM32U5G7VJT6Q, STM32U5G9BJY6QTR, STM32U5G9J-DK1, STM32U5G9J-DK2, STM32U5G9NJH6Q, STM32U5G9VJT6Q, STM32U5G9ZJJ6QTR, STM32U5G9ZJT6Q, STM32WB05KZV6TR, STM32WB05KZV7TR, STM32WB05TZF6TR, STM32WB05TZF7TR, STM32WB06CCF6TR, STM32WB06CCF7TR, STM32WB06CCV6TR, STM32WB06CCV7TR, STM32WB06KCV6TR, STM32WB06KCV7TR, STM32WB07CCF6TR, STM32WB07CCF7TR, STM32WB07CCV6TR, STM32WB07CCV7TR, STM32WB07KCV6TR, STM32WB07KCV7TR, STM32WB09KEV6TR, STM32WB09KEV7TR, STM32WB09TEF6TR, STM32WB09TEF7TR, STM32WB1MMCH6, STM32WBA50KGU6, STM32WBA50KGU6TR, STM32WBA52CEU6, STM32WBA52CEU6TR, STM32WBA52CEU7, STM32WBA52CEU7TR, STM32WBA52CGU6, STM32WBA52CGU6TR, STM32WBA52CGU6U, STM32WBA52CGU7, STM32WBA52CGU7TR, STM32WBA52KEU6, STM32WBA52KEU6TR, STM32WBA52KGU6, STM32WBA52KGU6TR, STM32WBA54CEU6, STM32WBA54CEU6TR, STM32WBA54CEU7, STM32WBA54CEU7TR, STM32WBA54CGU6, STM32WBA54CGU6TR, STM32WBA54CGU7, STM32WBA54CGU7TR, STM32WBA54KEU6, STM32WBA54KEU6TR, STM32WBA54KEU7, STM32WBA54KEU7TR, STM32WBA54KGU6, STM32WBA54KGU6TR, STM32WBA54KGU7, STM32WBA54KGU7TR, STM32WBA55CEU6, STM32WBA55CEU6TR, STM32WBA55CEU7, STM32WBA55CEU7TR, STM32WBA55CGU6, STM32WBA55CGU6TR, STM32WBA55CGU6U, STM32WBA55CGU7, STM32WBA55CGU7TR, STM32WBA55G-DK1, STM32WBA55HEF6, STM32WBA55HEF7, STM32WBA55HGF6, STM32WBA55HGF7, STM32WBA55UEI6, STM32WBA55UEI6TR, STM32WBA55UEI7, STM32WBA55UEI7TR, STM32WBA55UGI6, STM32WBA55UGI6TR, STM32WBA55UGI7, STM32WBA55UGI7TR, STM32WL5MOCH6, STM32WL5MOCH6TR]
2024-10-07 13:39:49,180 [INFO] BoardInfo:889 - No configuration file found for board P-NUCLEO-WB55
2024-10-07 13:39:49,181 [INFO] DbBoards:161 - Kit is not supported: P-NUCLEO-WB55
2024-10-07 13:39:49,192 [INFO] BoardInfo:889 - No configuration file found for board STEVAL-BFA001V1B
2024-10-07 13:39:49,194 [INFO] DbBoards:161 - Kit is not supported: STEVAL-BFA001V1B
2024-10-07 13:39:49,196 [INFO] BoardInfo:889 - No configuration file found for board STEVAL-BFA001V2B
2024-10-07 13:39:49,197 [INFO] DbBoards:161 - Kit is not supported: STEVAL-BFA001V2B
2024-10-07 13:39:49,507 [INFO] DbBoards:168 - Found 201 boards, 198 are supported
2024-10-07 13:39:49,508 [INFO] DbBoards:169 - Found 201 boards, 25 of them is supported for  Bsp
2024-10-07 13:39:49,512 [INFO] ApiDb:668 - CubeFinder database Data Model version=2.1
2024-10-07 13:39:49,512 [INFO] ApiDb:669 - CubeFinder database Configuration version=3.0.39
2024-10-07 13:39:49,512 [INFO] ApiDb:670 - CubeFinder database generation date=2024-09-16 (1726485674)
2024-10-07 13:39:49,512 [INFO] ApiDb:671 - CubeFinder database FW Pack versions=[FP-ATR-ASTRA1_V2.0.0, FP-SNS-FLIGHT1_V5.0.2, FP-SNS-MOTENV1_V5.0.0, FP-SNS-MOTENVWB1_V1.4.0, FP-SNS-SMARTAG2_V1.2.0, FP-SNS-STBOX1_V2.0.0, STM32Cube_FW_C0_V1.2.0, STM32Cube_FW_F4_V1.28.1, STM32Cube_FW_F7_V1.17.2, STM32Cube_FW_G0_V1.6.2, STM32Cube_FW_G4_V1.6.0, STM32Cube_FW_H5_V1.3.0, STM32Cube_FW_H7RS_V1.1.0, STM32Cube_FW_H7_V1.11.2, STM32Cube_FW_L0_V1.12.2, STM32Cube_FW_L5_V1.5.1, STM32Cube_FW_U0_V1.1.0, STM32Cube_FW_U5_V1.6.0, STM32Cube_FW_WB0_V1.0.0, STM32Cube_FW_WBA_V1.4.1, STM32Cube_FW_WB_V1.20.0, STM32Cube_FW_WL_V1.3.0, X-CUBE-ALGOBUILD_V1.4.0, X-CUBE-ALS_V1.0.2, X-CUBE-AZRTOS-F4_V1.1.0, X-CUBE-AZRTOS-F7_V1.1.0, X-CUBE-AZRTOS-G0_V1.1.0, X-CUBE-AZRTOS-G4_V2.0.0, X-CUBE-AZRTOS-H7RS_V1.0.0, X-CUBE-AZRTOS-H7_V3.2.0, X-CUBE-AZRTOS-L4_V2.0.0, X-CUBE-AZRTOS-L5_V2.0.0, X-CUBE-AZRTOS-WB_V2.0.0, X-CUBE-AZRTOS-WL_V2.0.0, X-CUBE-BLE1_V7.0.0, X-CUBE-BLE2_V3.3.0, X-CUBE-BLEMGR_V3.1.0, X-CUBE-EEPRMA1_V5.1.0, X-CUBE-FREERTOS_V1.2.0, X-CUBE-GNSS1_V6.0.0, X-CUBE-MEMS1_V11.0.0, X-CUBE-NFC4_V3.0.0, X-CUBE-NFC7_V1.0.1, X-CUBE-SFXS2LP1_V4.0.0, X-CUBE-SUBG2_V5.0.0, X-CUBE-TOF1_V3.4.2]
2024-10-07 13:39:51,972 [INFO] ApiDb:240 - Found 646 in-development CPN: [B-G473E-ZEST1S, B-WB1M-WPAN1, B-WL5M-SUBG1, NUCLEO-C031C6, NUCLEO-C071RB, NUCLEO-H503RB, NUCLEO-H533RE, NUCLEO-H563ZI, NUCLEO-H7S3L8, NUCLEO-U031R8, NUCLEO-U083RC, NUCLEO-U545RE-Q, NUCLEO-U5A5ZJ-Q, NUCLEO-WB05KZ, NUCLEO-WB07CC, NUCLEO-WB09KE, NUCLEO-WBA52CG, NUCLEO-WBA55CG, STEVAL-PROTEUS1, STEVAL-SMARTAG2, STEVAL-STWINBX1, STM320518-EVAL, STM32C0116-DK, STM32C011D6Y3TR, STM32C011D6Y6TR, STM32C011F4P3, STM32C011F4P6, STM32C011F4U3, STM32C011F4U6TR, STM32C011F6P3, STM32C011F6P6, STM32C011F6U3, STM32C011F6U6TR, STM32C011J4M3, STM32C011J4M6, STM32C011J6M3, STM32C011J6M6, STM32C0316-DK, STM32C031C4T3, STM32C031C4T6, STM32C031C4U3, STM32C031C4U6, STM32C031C6T3, STM32C031C6T6, STM32C031C6U3, STM32C031C6U6, STM32C031F4P3, STM32C031F4P6, STM32C031F6P3, STM32C031F6P6, STM32C031G4U3, STM32C031G4U6, STM32C031G6U3, STM32C031G6U6, STM32C031K4T3, STM32C031K4T6, STM32C031K4U3, STM32C031K4U6, STM32C031K6T3, STM32C031K6T6, STM32C031K6U3, STM32C031K6U6, STM32C071C8T6, STM32C071C8T6N, STM32C071C8U6, STM32C071C8U6N, STM32C071CBT6, STM32C071CBT6N, STM32C071CBU6, STM32C071CBU6N, STM32C071F8P6, STM32C071F8P6N, STM32C071FBP6, STM32C071FBP6N, STM32C071FBY6TR, STM32C071G8U6, STM32C071G8U6N, STM32C071GBU6, STM32C071GBU6N, STM32C071K8T6, STM32C071K8T6N, STM32C071K8U6, STM32C071K8U6N, STM32C071KBT6, STM32C071KBT6N, STM32C071KBU6, STM32C071KBU6N, STM32C071R8T6, STM32C071R8T6N, STM32C071RBI6N, STM32C071RBT6, STM32C071RBT6N, STM32G071K8TXN, STM32G071K8UXN, STM32G081GBU6N, STM32G081KBT6N, STM32G081KBUXN, STM32G0B1CCT6N, STM32G0B1KCT6, STM32G0B1NEY6TR, STM32G0B1RCT6N, STM32G0C1CCT6, STM32G0C1CCT6N, STM32G0C1CCU6N, STM32G0C1CET6N, STM32G0C1CEU6N, STM32G0C1KCT6, STM32G0C1NEY6TR, STM32G0C1RCI6N, STM32G0C1RCT6N, STM32G0C1REI6N, STM32G0C1RET6N, STM32G0C1VCI6, STM32G0C1VEI6, STM32G411C6T3, STM32G411C6T6, STM32G411C6U3, STM32G411C6U6, STM32G411C8T3, STM32G411C8T6, STM32G411C8U3, STM32G411C8U6, STM32G411CBT3, STM32G411CBT6, STM32G411CBU3, STM32G411CBU6, STM32G411K6T3, STM32G411K6T6, STM32G411K6U3, STM32G411K6U6, STM32G411K8T3, STM32G411K8T6, STM32G411K8U3, STM32G411K8U6, STM32G411KBT3, STM32G411KBT6, STM32G411KBU3, STM32G411KBU6, STM32G411M6T3, STM32G411M6T6, STM32G411M8T3, STM32G411M8T6, STM32G411MBT3, STM32G411MBT6, STM32G411R6T3, STM32G411R6T6, STM32G411R8T3, STM32G411R8T6, STM32G411RBT3, STM32G411RBT6, STM32G414CBT3, STM32G414CBT6, STM32G414CBU3, STM32G414CBU6, STM32G414CCT3, STM32G414CCT6, STM32G414CCU3, STM32G414CCU6, STM32G414MBT3, STM32G414MBT6, STM32G414MCT3, STM32G414MCT6, STM32G414RBT3, STM32G414RBT6, STM32G414RCT3, STM32G414RCT6, STM32G414VBT3, STM32G414VBT6, STM32G414VCT3, STM32G414VCT6, STM32G431CBT3Z, STM32G431RBT3Z, STM32G471CCT6, STM32G471CCU6, STM32G471CET3, STM32G471CET6, STM32G471CEU3, STM32G471CEU6, STM32G471MCT6, STM32G471MET3, STM32G471MET6, STM32G471MEY6TR, STM32G471QCT6, STM32G471QET3, STM32G471RCT6, STM32G471RET3, STM32G471RET6, STM32G471VCH6, STM32G471VCI6, STM32G471VCT6, STM32G471VEH3, STM32G471VEH6, STM32G471VEI3, STM32G471VEI6, STM32G471VET3, STM32G471VET6, STM32G473QET3Z, STM32G473RET3Z, STM32G474CCT6, STM32G491RET3Z, STM32H503CBT6, STM32H503CBU6, STM32H503EBY6TR, STM32H503KBU6, STM32H503RBT6, STM32H523CCT6, STM32H523CCU6, STM32H523CET6, STM32H523CEU6, STM32H523HEY6TR, STM32H523RCT6, STM32H523RET6, STM32H523VCI6, STM32H523VCT6, STM32H523VEI6, STM32H523VET6, STM32H523ZCJ6, STM32H523ZCT6, STM32H523ZEJ6, STM32H523ZET6, STM32H533CET6, STM32H533CEU6, STM32H533HEY6TR, STM32H533RET6, STM32H533VEI6, STM32H533VET6, STM32H533ZEJ6, STM32H533ZET6, STM32H562AGI6, STM32H562AII6, STM32H562IGK6, STM32H562IGT6, STM32H562IIK6, STM32H562IIT6, STM32H562RGT6, STM32H562RGV6, STM32H562RIT6, STM32H562RIV6, STM32H562VGT6, STM32H562VIT6, STM32H562ZGT6, STM32H562ZIT6, STM32H563AGI6, STM32H563AII3Q, STM32H563AII6, STM32H563IGK6, STM32H563IGT6, STM32H563IIK3Q, STM32H563IIK6, STM32H563IIT3Q, STM32H563IIT6, STM32H563MIY3QTR, STM32H563RGT6, STM32H563RGV6, STM32H563RIT6, STM32H563RIV6, STM32H563VGT6, STM32H563VIT3Q, STM32H563VIT6, STM32H563ZGT6, STM32H563ZIT3Q, STM32H563ZIT6, STM32H573AII3Q, STM32H573AII6, STM32H573I-DK, STM32H573IIK3Q, STM32H573IIK6, STM32H573IIT3Q, STM32H573IIT6, STM32H573MIY3QTR, STM32H573RIT6, STM32H573RIV6, STM32H573VIT3Q, STM32H573VIT6, STM32H573ZIT3Q, STM32H573ZIT6, STM32H7R3A8I6, STM32H7R3I8K6, STM32H7R3I8T6, STM32H7R3L8H6, STM32H7R3L8H6H, STM32H7R3R8V6, STM32H7R3V8H6, STM32H7R3V8T6, STM32H7R3V8Y6TR, STM32H7R3Z8J6, STM32H7R3Z8T6, STM32H7R7A8I6, STM32H7R7I8K6, STM32H7R7I8T6, STM32H7R7L8H6, STM32H7R7L8H6H, STM32H7R7Z8J6, STM32H7S3A8I6, STM32H7S3I8K6, STM32H7S3I8T6, STM32H7S3L8H6, STM32H7S3L8H6H, STM32H7S3R8V6, STM32H7S3V8H6, STM32H7S3V8T6, STM32H7S3V8Y6TR, STM32H7S3Z8J6, STM32H7S3Z8T6, STM32H7S78-DK, STM32H7S7A8I6, STM32H7S7I8K6, STM32H7S7I8T6, STM32H7S7L8H6, STM32H7S7L8H6H, STM32H7S7Z8J6, STM32L4R5QGI6STR, STM32MP131AAE3, STM32MP131AAF3, STM32MP131AAG3, STM32MP131CAE3, STM32MP131CAF3, STM32MP131CAG3, STM32MP131DAE7, STM32MP131DAF7, STM32MP131DAG7, STM32MP131FAE7, STM32MP131FAF7, STM32MP131FAG7, STM32MP133AAE3, STM32MP133AAF3, STM32MP133AAG3, STM32MP133CAE3, STM32MP133CAF3, STM32MP133CAG3, STM32MP133DAE7, STM32MP133DAF7, STM32MP133DAG7, STM32MP133FAE7, STM32MP133FAF7, STM32MP133FAG7, STM32MP135AAE3, STM32MP135AAF3, STM32MP135AAG3, STM32MP135CAE3, STM32MP135CAF3, STM32MP135CAG3, STM32MP135DAE7, STM32MP135DAF7, STM32MP135DAG7, STM32MP135F-DK, STM32MP135FAE7, STM32MP135FAF7, STM32MP135FAF7T, STM32MP135FAF7U, STM32MP135FAG7, STM32MP251AAI3, STM32MP251AAK3, STM32MP251AAL3, STM32MP251CAI3, STM32MP251CAK3, STM32MP251CAL3, STM32MP251DAI3, STM32MP251DAK3, STM32MP251DAL3, STM32MP251FAI3, STM32MP251FAK3, STM32MP251FAL3, STM32MP253AAI3, STM32MP253AAK3, STM32MP253AAL3, STM32MP253CAI3, STM32MP253CAK3, STM32MP253CAL3, STM32MP253DAI3, STM32MP253DAK3, STM32MP253DAL3, STM32MP253FAI3, STM32MP253FAK3, STM32MP253FAL3, STM32MP255AAI3, STM32MP255AAK3, STM32MP255AAL3, STM32MP255CAI3, STM32MP255CAK3, STM32MP255CAL3, STM32MP255DAI3, STM32MP255DAK3, STM32MP255DAL3, STM32MP255FAI3, STM32MP255FAK3, STM32MP255FAL3, STM32MP257AAI3, STM32MP257AAK3, STM32MP257AAL3, STM32MP257CAI3, STM32MP257CAK3, STM32MP257CAL3, STM32MP257DAI3, STM32MP257DAK3, STM32MP257DAL3, STM32MP257F-DK, STM32MP257F-EV1, STM32MP257FAI3, STM32MP257FAK3, STM32MP257FAL3, STM32U031C6T6, STM32U031C6U6, STM32U031C8T6, STM32U031C8U6, STM32U031F4P6, STM32U031F6P6, STM32U031F8P6, STM32U031G6Y6TR, STM32U031G8Y6TR, STM32U031K4U6, STM32U031K6U6, STM32U031K8U6, STM32U031R6I6, STM32U031R6T6, STM32U031R8I6, STM32U031R8T6, STM32U073C8T6, STM32U073C8U6, STM32U073CBT6, STM32U073CBU6, STM32U073CCT6, STM32U073CCU6, STM32U073H8Y6TR, STM32U073HBY6TR, STM32U073HCY6TR, STM32U073K8U6, STM32U073KBU6, STM32U073KCU6, STM32U073M8I6, STM32U073M8T6, STM32U073MBI6, STM32U073MBT6, STM32U073MCI6, STM32U073MCT6, STM32U073R8I6, STM32U073R8T6, STM32U073RBI6, STM32U073RBT6, STM32U073RCI6, STM32U073RCT6, STM32U083C-DK, STM32U083CCT6, STM32U083CCU6, STM32U083HCY6TR, STM32U083KCU6, STM32U083MCI6, STM32U083MCT6, STM32U083RCI6, STM32U083RCT6, STM32U535CBT6, STM32U535CBT6Q, STM32U535CBU6, STM32U535CBU6Q, STM32U535CCT6, STM32U535CCT6Q, STM32U535CCU6, STM32U535CCU6Q, STM32U535CET6, STM32U535CET6Q, STM32U535CEU6, STM32U535CEU6Q, STM32U535JEY6QTR, STM32U535NCY6QTR, STM32U535NEY6QTR, STM32U535RBI6, STM32U535RBI6Q, STM32U535RBT6, STM32U535RBT6Q, STM32U535RCI6, STM32U535RCI6Q, STM32U535RCT6, STM32U535RCT6Q, STM32U535REI6, STM32U535REI6Q, STM32U535RET6, STM32U535RET6Q, STM32U535VCI6, STM32U535VCI6Q, STM32U535VCT6, STM32U535VCT6Q, STM32U535VEI6, STM32U535VEI6Q, STM32U535VET6, STM32U535VET6Q, STM32U545CET6, STM32U545CET6Q, STM32U545CEU6, STM32U545CEU6Q, STM32U545JEY6QTR, STM32U545NEY6QTR, STM32U545REI6, STM32U545REI6Q, STM32U545RET6, STM32U545RET6Q, STM32U545VEI6, STM32U545VEI6Q, STM32U545VET6, STM32U545VET6Q, STM32U595AIH6, STM32U595AIH6Q, STM32U595AJH6, STM32U595AJH6Q, STM32U595QII6, STM32U595QII6Q, STM32U595QJI6, STM32U595QJI6Q, STM32U595RIT6, STM32U595RIT6Q, STM32U595RJT6, STM32U595RJT6Q, STM32U595VIT6, STM32U595VIT6Q, STM32U595VJT6, STM32U595VJT6Q, STM32U595ZIT6, STM32U595ZIT6Q, STM32U595ZIY6QTR, STM32U595ZJT6, STM32U595ZJT6Q, STM32U595ZJY6QTR, STM32U599BJY6QTR, STM32U599NIH6Q, STM32U599NJH6Q, STM32U599VIT6Q, STM32U599VJT6, STM32U599VJT6Q, STM32U599ZIT6Q, STM32U599ZIY6QTR, STM32U599ZJT6Q, STM32U599ZJY6QTR, STM32U5A5AJH6, STM32U5A5AJH6Q, STM32U5A5QII3Q , STM32U5A5QJI6, STM32U5A5QJI6Q, STM32U5A5RJT6, STM32U5A5RJT6Q, STM32U5A5VJT6, STM32U5A5VJT6Q, STM32U5A5ZJT6, STM32U5A5ZJT6Q, STM32U5A5ZJY6QTR, STM32U5A9BJY6QTR, STM32U5A9J-DK, STM32U5A9NJH6Q, STM32U5A9VJT6Q, STM32U5A9ZJT6Q, STM32U5A9ZJY6QTR, STM32U5F7VIT6, STM32U5F7VIT6Q, STM32U5F7VJT6, STM32U5F7VJT6Q, STM32U5F9BJY6QTR, STM32U5F9NJH6Q, STM32U5F9VIT6Q, STM32U5F9VJT6Q, STM32U5F9ZIJ6QTR, STM32U5F9ZIT6Q, STM32U5F9ZJJ6QTR, STM32U5F9ZJT6Q, STM32U5G7VJT6, STM32U5G7VJT6Q, STM32U5G9BJY6QTR, STM32U5G9J-DK1, STM32U5G9J-DK2, STM32U5G9NJH6Q, STM32U5G9VJT6Q, STM32U5G9ZJJ6QTR, STM32U5G9ZJT6Q, STM32WB05KZV6TR, STM32WB05KZV7TR, STM32WB05TZF6TR, STM32WB05TZF7TR, STM32WB06CCF6TR, STM32WB06CCF7TR, STM32WB06CCV6TR, STM32WB06CCV7TR, STM32WB06KCV6TR, STM32WB06KCV7TR, STM32WB07CCF6TR, STM32WB07CCF7TR, STM32WB07CCV6TR, STM32WB07CCV7TR, STM32WB07KCV6TR, STM32WB07KCV7TR, STM32WB09KEV6TR, STM32WB09KEV7TR, STM32WB09TEF6TR, STM32WB09TEF7TR, STM32WB1MMCH6, STM32WBA50KGU6, STM32WBA50KGU6TR, STM32WBA52CEU6, STM32WBA52CEU6TR, STM32WBA52CEU7, STM32WBA52CEU7TR, STM32WBA52CGU6, STM32WBA52CGU6TR, STM32WBA52CGU6U, STM32WBA52CGU7, STM32WBA52CGU7TR, STM32WBA52KEU6, STM32WBA52KEU6TR, STM32WBA52KGU6, STM32WBA52KGU6TR, STM32WBA54CEU6, STM32WBA54CEU6TR, STM32WBA54CEU7, STM32WBA54CEU7TR, STM32WBA54CGU6, STM32WBA54CGU6TR, STM32WBA54CGU7, STM32WBA54CGU7TR, STM32WBA54KEU6, STM32WBA54KEU6TR, STM32WBA54KEU7, STM32WBA54KEU7TR, STM32WBA54KGU6, STM32WBA54KGU6TR, STM32WBA54KGU7, STM32WBA54KGU7TR, STM32WBA55CEU6, STM32WBA55CEU6TR, STM32WBA55CEU7, STM32WBA55CEU7TR, STM32WBA55CGU6, STM32WBA55CGU6TR, STM32WBA55CGU6U, STM32WBA55CGU7, STM32WBA55CGU7TR, STM32WBA55G-DK1, STM32WBA55HEF6, STM32WBA55HEF7, STM32WBA55HGF6, STM32WBA55HGF7, STM32WBA55UEI6, STM32WBA55UEI6TR, STM32WBA55UEI7, STM32WBA55UEI7TR, STM32WBA55UGI6, STM32WBA55UGI6TR, STM32WBA55UGI7, STM32WBA55UGI7TR, STM32WL5MOCH6, STM32WL5MOCH6TR]
2024-10-07 13:39:51,976 [INFO] DbMcus:218 - Found 4252 MCUs, 4252 are supported
2024-10-07 13:39:51,976 [INFO] ApiDb:423 - Load user favorites file C:\Users\Besan/.stm32cubeide/favorites.mcus.txt: 0 item(s)
2024-10-07 13:39:51,977 [INFO] ApiDb:427 - User favorites MCUs=[]
2024-10-07 13:39:51,977 [INFO] DbMcus:224 - Set 0 / 0 favorites MCUs
2024-10-07 13:39:52,591 [INFO] ApiDb:423 - Load user favorites file C:\Users\Besan/.stm32cubeide/favorites.boards.txt: 1 item(s)
2024-10-07 13:39:52,591 [INFO] ApiDb:427 - User favorites Boards=[NUCLEO-F401RE]
2024-10-07 13:39:52,591 [INFO] DbBoards:198 - Set 1 / 1 favorites Boards
2024-10-07 13:39:52,661 [INFO] UtilMem:75 - End LoadConfig() Used Memory: 733194576 Bytes (1073741824)
2024-10-07 13:39:52,949 [WARN] ThirdParty:833 - waiting for thirdparty lock release [change project]
2024-10-07 13:39:52,950 [INFO] ThirdParty:835 - entering critical section [change project]
2024-10-07 13:39:52,950 [INFO] ThirdParty:1030 - CMSIS Pack Vendor :STMicroelectronics USBPD 4.1
2024-10-07 13:39:52,950 [INFO] ThirdParty:1030 - CMSIS Pack Vendor :STMicroelectronics X-CUBE-AZRTOS-H7 3.3.0
2024-10-07 13:39:52,950 [INFO] ThirdParty:1030 - CMSIS Pack Vendor :STMicroelectronics X-CUBE-NFC9 1.0.0
2024-10-07 13:39:52,950 [INFO] ThirdParty:1030 - CMSIS Pack Vendor :STMicroelectronics USB_HOST 2.0.0
2024-10-07 13:39:52,950 [INFO] ThirdParty:1030 - CMSIS Pack Vendor :STMicroelectronics FP-SNS-MOTENVWB1 1.4.0
2024-10-07 13:39:52,950 [INFO] ThirdParty:1030 - CMSIS Pack Vendor :STMicroelectronics X-CUBE-AZRTOS-F4 1.1.0
2024-10-07 13:39:52,950 [INFO] ThirdParty:1030 - CMSIS Pack Vendor :STMicroelectronics LIBJPEG 8.0.0
2024-10-07 13:39:52,950 [INFO] ThirdParty:1030 - CMSIS Pack Vendor :STMicroelectronics X-CUBE-SMBUS 2.1.0
2024-10-07 13:39:52,950 [INFO] ThirdParty:1030 - CMSIS Pack Vendor :STMicroelectronics X-CUBE-WB05N 1.1.0
2024-10-07 13:39:52,950 [INFO] ThirdParty:1030 - CMSIS Pack Vendor :STMicroelectronics USB_DEVICE 3.0.0
2024-10-07 13:39:52,951 [INFO] ThirdParty:1030 - CMSIS Pack Vendor :STMicroelectronics X-CUBE-TCPP 4.1.0
2024-10-07 13:39:52,951 [INFO] ThirdParty:1030 - CMSIS Pack Vendor :STMicroelectronics X-CUBE-ISPU 2.1.0
2024-10-07 13:39:52,951 [INFO] ThirdParty:1030 - CMSIS Pack Vendor :STMicroelectronics X-CUBE-FREERTOS 1.2.0
2024-10-07 13:39:52,951 [INFO] ThirdParty:1030 - CMSIS Pack Vendor :STMicroelectronics X-CUBE-IPS 3.0.0
2024-10-07 13:39:52,951 [INFO] ThirdParty:1030 - CMSIS Pack Vendor :STMicroelectronics X-CUBE-AZRTOS-WB 2.0.0
2024-10-07 13:39:52,951 [INFO] ThirdParty:1030 - CMSIS Pack Vendor :STMicroelectronics X-CUBE-GNSS1 7.0.0
2024-10-07 13:39:52,951 [INFO] ThirdParty:1030 - CMSIS Pack Vendor :STMicroelectronics X-CUBE-AZRTOS-F7 1.1.0
2024-10-07 13:39:52,951 [INFO] ThirdParty:1030 - CMSIS Pack Vendor :STMicroelectronics X-CUBE-AZRTOS-L5 2.0.0
2024-10-07 13:39:52,951 [INFO] ThirdParty:1030 - CMSIS Pack Vendor :STMicroelectronics USB_DEVICE 2.0.0
2024-10-07 13:39:52,951 [INFO] ThirdParty:1030 - CMSIS Pack Vendor :STMicroelectronics X-CUBE-NFC6 3.1.0
2024-10-07 13:39:52,951 [INFO] ThirdParty:1030 - CMSIS Pack Vendor :STMicroelectronics FP-SNS-STBOX1 2.0.0
2024-10-07 13:39:52,951 [INFO] ThirdParty:1030 - CMSIS Pack Vendor :STMicroelectronics X-CUBE-MEMS1 11.0.0
2024-10-07 13:39:52,951 [INFO] ThirdParty:1030 - CMSIS Pack Vendor :STMicroelectronics FreeRTOS 0.0.1
2024-10-07 13:39:52,951 [INFO] ThirdParty:1030 - CMSIS Pack Vendor :STMicroelectronics X-CUBE-AZRTOS-G0 1.1.0
2024-10-07 13:39:52,951 [INFO] ThirdParty:1030 - CMSIS Pack Vendor :STMicroelectronics X-CUBE-SAFEA1 1.2.2
2024-10-07 13:39:52,951 [INFO] ThirdParty:1030 - CMSIS Pack Vendor :STMicroelectronics X-CUBE-NFC4 3.0.0
2024-10-07 13:39:52,952 [INFO] ThirdParty:1030 - CMSIS Pack Vendor :STMicroelectronics X-CUBE-DPower 1.2.0
2024-10-07 13:39:52,952 [INFO] ThirdParty:1030 - CMSIS Pack Vendor :STMicroelectronics X-CUBE-SUBG2 5.0.0
2024-10-07 13:39:52,952 [INFO] ThirdParty:1030 - CMSIS Pack Vendor :STMicroelectronics STM32_WPAN 1.0.0
2024-10-07 13:39:52,952 [INFO] ThirdParty:1030 - CMSIS Pack Vendor :EmbeddedOffice I-CUBE-FS-RTOS 1.0.1
2024-10-07 13:39:52,952 [INFO] ThirdParty:1030 - CMSIS Pack Vendor :STMicroelectronics lwIP 2.0.3
2024-10-07 13:39:52,952 [INFO] ThirdParty:1030 - CMSIS Pack Vendor :STMicroelectronics FP-SNS-FLIGHT1 5.0.2
2024-10-07 13:39:52,952 [INFO] ThirdParty:1030 - CMSIS Pack Vendor :Cesanta I-CUBE-Mongoose 7.13.0
2024-10-07 13:39:52,953 [INFO] ThirdParty:1030 - CMSIS Pack Vendor :STMicroelectronics USB_HOST 1.0.0
2024-10-07 13:39:52,953 [INFO] ThirdParty:1030 - CMSIS Pack Vendor :STMicroelectronics X-CUBE-AI 9.0.0
2024-10-07 13:39:52,953 [INFO] ThirdParty:1030 - CMSIS Pack Vendor :STMicroelectronics X-CUBE-AZRTOS-G4 2.0.0
2024-10-07 13:39:52,953 [INFO] ThirdParty:1030 - CMSIS Pack Vendor :STMicroelectronics PDM2PCM 3.1.0
2024-10-07 13:39:52,953 [INFO] ThirdParty:1030 - CMSIS Pack Vendor :STMicroelectronics PDM2PCM 3.3.0
2024-10-07 13:39:52,953 [INFO] ThirdParty:1030 - CMSIS Pack Vendor :STMicroelectronics X-CUBE-DISPLAY 3.0.0
2024-10-07 13:39:52,953 [INFO] ThirdParty:1030 - CMSIS Pack Vendor :RealThread X-CUBE-RT-Thread_Nano 4.1.1
2024-10-07 13:39:52,953 [INFO] ThirdParty:1030 - CMSIS Pack Vendor :STMicroelectronics X-CUBE-BLE1 7.0.0
2024-10-07 13:39:52,953 [INFO] ThirdParty:1030 - CMSIS Pack Vendor :STMicroelectronics FP-ATR-SIGFOX1 3.2.0
2024-10-07 13:39:52,953 [INFO] ThirdParty:1030 - CMSIS Pack Vendor :STMicroelectronics X-CUBE-NFC10 1.0.0
2024-10-07 13:39:52,953 [INFO] ThirdParty:1030 - CMSIS Pack Vendor :wolfSSL I-CUBE-wolfSSL 5.7.2
2024-10-07 13:39:52,953 [INFO] ThirdParty:1030 - CMSIS Pack Vendor :STMicroelectronics X-CUBE-EEPRMA1 5.1.0
2024-10-07 13:39:52,953 [INFO] ThirdParty:1030 - CMSIS Pack Vendor :STMicroelectronics HAL Drivers 0.0.0
2024-10-07 13:39:52,953 [INFO] ThirdParty:1030 - CMSIS Pack Vendor :STMicroelectronics MBEDTLS 2.16.2
2024-10-07 13:39:52,953 [INFO] ThirdParty:1030 - CMSIS Pack Vendor :STMicroelectronics X-CUBE-ALS 1.0.2
2024-10-07 13:39:52,953 [INFO] ThirdParty:1030 - CMSIS Pack Vendor :emotas I-CUBE-CANOPEN 1.3.0
2024-10-07 13:39:52,954 [INFO] ThirdParty:1030 - CMSIS Pack Vendor :STMicroelectronics X-CUBE-NFC7 1.0.1
2024-10-07 13:39:52,954 [INFO] ThirdParty:1030 - CMSIS Pack Vendor :STMicroelectronics MBEDTLS 2.14.1
2024-10-07 13:39:52,954 [INFO] ThirdParty:1030 - CMSIS Pack Vendor :STMicroelectronics X-CUBE-TOUCHGFX 4.24.0
2024-10-07 13:39:52,954 [INFO] ThirdParty:1030 - CMSIS Pack Vendor :ITTIA_DB I-CUBE-ITTIADB 8.9.0
2024-10-07 13:39:52,954 [INFO] ThirdParty:1030 - CMSIS Pack Vendor :STMicroelectronics X-CUBE-TOUCHGFX 4.24.1
2024-10-07 13:39:52,954 [INFO] ThirdParty:1030 - CMSIS Pack Vendor :wolfSSL I-CUBE-wolfTPM 3.4.0
2024-10-07 13:39:52,954 [INFO] ThirdParty:1030 - CMSIS Pack Vendor :portGmbH I-Cube-SoM-uGOAL 1.1.0
2024-10-07 13:39:52,954 [INFO] ThirdParty:1030 - CMSIS Pack Vendor :STMicroelectronics X-CUBE-BLEMGR 3.1.0
2024-10-07 13:39:52,954 [INFO] ThirdParty:1030 - CMSIS Pack Vendor :STMicroelectronics ThreadX 1.0.0
2024-10-07 13:39:52,955 [INFO] ThirdParty:1030 - CMSIS Pack Vendor :STMicroelectronics FP-SNS-SMARTAG2 1.2.0
2024-10-07 13:39:52,955 [INFO] ThirdParty:1030 - CMSIS Pack Vendor :STMicroelectronics X-CUBE-AZRTOS-WL 2.0.0
2024-10-07 13:39:52,955 [INFO] ThirdParty:1030 - CMSIS Pack Vendor :SEGGER I-CUBE-embOS 1.3.1
2024-10-07 13:39:52,955 [INFO] ThirdParty:1030 - CMSIS Pack Vendor :STMicroelectronics X-CUBE-ALGOBUILD 1.4.0
2024-10-07 13:39:52,955 [INFO] ThirdParty:1030 - CMSIS Pack Vendor :STMicroelectronics FP-SNS-MOTENV1 5.0.0
2024-10-07 13:39:52,955 [INFO] ThirdParty:1030 - CMSIS Pack Vendor :STMicroelectronics USB_DEVICE 1.0.0
2024-10-07 13:39:52,955 [INFO] ThirdParty:1030 - CMSIS Pack Vendor :STMicroelectronics X-CUBE-AZRTOS-H7RS 1.0.0
2024-10-07 13:39:52,955 [INFO] ThirdParty:1030 - CMSIS Pack Vendor :wolfSSL I-CUBE-wolfMQTT 1.19.0
2024-10-07 13:39:52,955 [INFO] ThirdParty:1030 - CMSIS Pack Vendor :STMicroelectronics X-CUBE-AZRTOS-L4 2.0.0
2024-10-07 13:39:52,957 [INFO] ThirdParty:1030 - CMSIS Pack Vendor :STMicroelectronics ThreadX 0.0.2
2024-10-07 13:39:52,957 [INFO] ThirdParty:1030 - CMSIS Pack Vendor :WES I-CUBE-Cesium 1.3.0
2024-10-07 13:39:52,957 [INFO] ThirdParty:1030 - CMSIS Pack Vendor :STMicroelectronics FP-ATR-ASTRA1 2.0.0
2024-10-07 13:39:52,957 [INFO] ThirdParty:1030 - CMSIS Pack Vendor :STMicroelectronics lwIP 2.1.2
2024-10-07 13:39:52,957 [INFO] ThirdParty:1030 - CMSIS Pack Vendor :STMicroelectronics X-CUBE-SFXS2LP1 4.0.0
2024-10-07 13:39:52,957 [INFO] ThirdParty:1030 - CMSIS Pack Vendor :STMicroelectronics X-CUBE-BLE2 3.3.0
2024-10-07 13:39:52,958 [INFO] ThirdParty:1030 - CMSIS Pack Vendor :STMicroelectronics X-CUBE-TOF1 3.4.2
2024-10-07 13:39:52,958 [INFO] ThirdParty:1030 - CMSIS Pack Vendor :STMicroelectronics X-CUBE-AI 9.1.0
2024-10-07 13:39:52,958 [INFO] ThirdParty:1030 - CMSIS Pack Vendor :Infineon AIROC-Wi-Fi-Bluetooth-STM32 1.6.1
2024-10-07 13:39:52,958 [INFO] ThirdParty:1030 - CMSIS Pack Vendor :STMicroelectronics PDM2PCM 3.2.0
2024-10-07 13:39:52,958 [INFO] ThirdParty:1030 - CMSIS Pack Vendor :wolfSSL I-CUBE-wolfSSH 1.4.17
2024-10-07 13:39:52,958 [INFO] ThirdParty:841 - exiting critical section [change project]
2024-10-07 13:39:53,695 [INFO] PinOutPanel:1561 - setPackage(No Configuration,No Configuration)
2024-10-07 13:39:53,699 [INFO] PinOutPanel:1561 - setPackage(STM32F401RETx,LQFP64)
2024-10-07 13:39:54,856 [INFO] UtilMem:75 - Before build in PCC Used Memory: 653264888 Bytes (1073741824)
2024-10-07 13:39:57,331 [INFO] UtilMem:75 - After build in PCC Used Memory: 755501048 Bytes (1073741824)
2024-10-07 13:39:57,387 [INFO] IPUIPlugin:80 - create IPUIPlugin
2024-10-07 13:39:57,388 [INFO] IPUIPlugin:80 - create IPUIPlugin
2024-10-07 13:39:57,388 [INFO] IPUIPlugin:80 - create IPUIPlugin
2024-10-07 13:39:57,388 [INFO] IPUIPlugin:80 - create IPUIPlugin
2024-10-07 13:39:57,389 [INFO] IPUIPlugin:80 - create IPUIPlugin
2024-10-07 13:39:57,389 [INFO] IPUIPlugin:80 - create IPUIPlugin
2024-10-07 13:39:57,389 [INFO] IPUIPlugin:80 - create IPUIPlugin
2024-10-07 13:39:57,389 [INFO] IPUIPlugin:80 - create IPUIPlugin
2024-10-07 13:39:57,389 [INFO] IPUIPlugin:80 - create IPUIPlugin
2024-10-07 13:39:57,390 [INFO] IPUIPlugin:80 - create IPUIPlugin
2024-10-07 13:39:57,390 [INFO] IPUIPlugin:80 - create IPUIPlugin
2024-10-07 13:39:57,390 [INFO] IPUIPlugin:80 - create IPUIPlugin
2024-10-07 13:39:57,391 [INFO] IPUIPlugin:80 - create IPUIPlugin
2024-10-07 13:39:57,392 [INFO] IPUIPlugin:80 - create IPUIPlugin
2024-10-07 13:39:57,392 [INFO] IPUIPlugin:80 - create IPUIPlugin
2024-10-07 13:39:57,392 [INFO] IPUIPlugin:80 - create IPUIPlugin
2024-10-07 13:39:57,393 [INFO] IPUIPlugin:80 - create IPUIPlugin
2024-10-07 13:39:57,394 [INFO] IPUIPlugin:80 - create IPUIPlugin
2024-10-07 13:39:57,394 [INFO] IPUIPlugin:80 - create IPUIPlugin
2024-10-07 13:39:57,394 [INFO] IPUIPlugin:80 - create IPUIPlugin
2024-10-07 13:39:57,394 [INFO] IPUIPlugin:80 - create IPUIPlugin
2024-10-07 13:39:57,395 [INFO] IPUIPlugin:80 - create IPUIPlugin
2024-10-07 13:39:57,395 [INFO] IPUIPlugin:80 - create IPUIPlugin
2024-10-07 13:39:57,396 [INFO] IPUIPlugin:80 - create IPUIPlugin
2024-10-07 13:39:57,396 [INFO] IPUIPlugin:80 - create IPUIPlugin
2024-10-07 13:39:57,397 [INFO] IPUIPlugin:80 - create IPUIPlugin
2024-10-07 13:39:57,397 [INFO] IPUIPlugin:80 - create IPUIPlugin
2024-10-07 13:39:57,398 [INFO] IPUIPlugin:80 - create IPUIPlugin
2024-10-07 13:39:57,398 [INFO] IPUIPlugin:80 - create IPUIPlugin
2024-10-07 13:39:57,398 [INFO] IPUIPlugin:80 - create IPUIPlugin
2024-10-07 13:39:57,399 [INFO] IPUIPlugin:80 - create IPUIPlugin
2024-10-07 13:39:57,400 [INFO] IPUIPlugin:80 - create IPUIPlugin
2024-10-07 13:39:57,400 [INFO] IPUIPlugin:80 - create IPUIPlugin
2024-10-07 13:39:57,401 [INFO] IPUIPlugin:80 - create IPUIPlugin
2024-10-07 13:39:57,401 [INFO] IPUIPlugin:80 - create IPUIPlugin
2024-10-07 13:39:57,402 [INFO] IPUIPlugin:80 - create IPUIPlugin
2024-10-07 13:39:57,402 [INFO] IPUIPlugin:80 - create IPUIPlugin
2024-10-07 13:39:57,403 [INFO] IPUIPlugin:80 - create IPUIPlugin
2024-10-07 13:39:57,524 [INFO] ApiDbMcu:508 - Load IP Config File for PDM2PCM
2024-10-07 13:39:57,901 [INFO] CADModel:165 - CPN selected for project levelSTM32F401RET6
2024-10-07 13:39:57,901 [INFO] CADModel:114 - Register for checkConnection events
2024-10-07 13:39:57,957 [INFO] OpenFileManager:363 - Restore cursor
2024-10-07 14:02:12,839 [ERROR] LogOutputStream:75 - [STDERR_REDIRECT] 
2024-10-07 14:02:12,842 [ERROR] LogOutputStream:75 - [STDERR_REDIRECT] 
