2024-09-22 15:38:27,861 [INFO] Activator:176 - 


2024-09-22 15:38:27,872 [INFO] Activator:177 - !SESSION log4j initialized
2024-09-22 15:38:37,802 [INFO] LogOutputStream:77 - [STDOUT_REDIRECT] 
2024-09-22 15:38:42,547 [INFO] ApplicationProperties:184 - Using Application install path: C:\ST\STM32CubeIDE_1.16.0\STM32CubeIDE\plugins\com.st.stm32cube.common.mx_6.12.0.202406281431
2024-09-22 15:38:42,580 [INFO] DbMcusXml:78 - Set database path to: C:\ST\STM32CubeIDE_1.16.0\STM32CubeIDE\plugins\com.st.stm32cube.common.mx_6.12.0.202406281431\\db\/mcu/
2024-09-22 15:38:42,581 [INFO] ApiDb:274 - Set plugin database path to: C:\ST\STM32CubeIDE_1.16.0\STM32CubeIDE\plugins\com.st.stm32cube.common.mx_6.12.0.202406281431\\db\/plugins/boardmanager/
2024-09-22 15:38:42,582 [WARN] ApiDb:259 - Overriding images path with different value:  => C:\ST\STM32CubeIDE_1.16.0\STM32CubeIDE\plugins\com.st.stm32cube.common.mx_6.12.0.202406281431\\db\/plugins/mcufinder/images/
2024-09-22 15:38:42,596 [INFO] ApiDb:250 - Set database path to: C:\Users\Besan\.stmcufinder\plugins\mcufinder//mcu/
2024-09-22 15:38:42,598 [INFO] DbMcusAds:125 - Set database path to: C:\Users\Besan\.stmcufinder\plugins\mcufinder//mcu/
2024-09-22 15:38:42,604 [INFO] CrossReferenceDbSqlite:203 - Set database path to: C:\Users\Besan\.stmcufinder\plugins\mcufinder//mcu/cs/
2024-09-22 15:38:42,787 [INFO] RulesReader:64 - Compatibility file has been processed (297 Rules)
2024-09-22 15:38:42,905 [INFO] DbMcusXml:78 - Set database path to: C:\ST\STM32CubeIDE_1.16.0\STM32CubeIDE\plugins\com.st.stm32cube.common.mx_6.12.0.202406281431\\db\/mcu/
2024-09-22 15:38:42,906 [INFO] ApiDb:274 - Set plugin database path to: C:\ST\STM32CubeIDE_1.16.0\STM32CubeIDE\plugins\com.st.stm32cube.common.mx_6.12.0.202406281431\\db\/plugins/boardmanager/
2024-09-22 15:38:42,906 [INFO] ApiDb:261 - Set plugin images path to: C:\ST\STM32CubeIDE_1.16.0\STM32CubeIDE\plugins\com.st.stm32cube.common.mx_6.12.0.202406281431\\db\/plugins/mcufinder/images/
2024-09-22 15:38:42,906 [WARN] DbFile:41 - Overriding database path with different value: C:\Users\Besan\.stmcufinder\plugins\mcufinder/ => C:\Users\Besan\.stmcufinder\plugins\mcufinder
2024-09-22 15:38:42,906 [INFO] ApiDb:250 - Set database path to: C:\Users\Besan\.stmcufinder\plugins\mcufinder//mcu/
2024-09-22 15:38:42,906 [WARN] DbFile:41 - Overriding database path with different value: C:\Users\Besan\.stmcufinder\plugins\mcufinder/ => C:\Users\Besan\.stmcufinder\plugins\mcufinder
2024-09-22 15:38:42,906 [INFO] DbMcusAds:125 - Set database path to: C:\Users\Besan\.stmcufinder\plugins\mcufinder//mcu/
2024-09-22 15:38:42,907 [WARN] DbFile:41 - Overriding database path with different value: C:\Users\Besan\.stmcufinder\plugins\mcufinder/ => C:\Users\Besan\.stmcufinder\plugins\mcufinder
2024-09-22 15:38:42,907 [WARN] DbFile:41 - Overriding database path with different value: C:\Users\Besan\.stmcufinder\plugins\mcufinder/ => C:\Users\Besan\.stmcufinder\plugins\mcufinder
2024-09-22 15:38:42,907 [INFO] CrossReferenceDbSqlite:203 - Set database path to: C:\Users\Besan\.stmcufinder\plugins\mcufinder//mcu/cs/
2024-09-22 15:38:43,040 [INFO] MainPanel:268 - HeapMemory: 268435456
2024-09-22 15:38:43,194 [INFO] DbMcusXml:78 - Set database path to: C:\ST\STM32CubeIDE_1.16.0\STM32CubeIDE\plugins\com.st.stm32cube.common.mx_6.12.0.202406281431\\db\/mcu/
2024-09-22 15:38:43,194 [INFO] ApiDb:274 - Set plugin database path to: C:\ST\STM32CubeIDE_1.16.0\STM32CubeIDE\plugins\com.st.stm32cube.common.mx_6.12.0.202406281431\\db\/plugins/boardmanager/
2024-09-22 15:38:43,194 [INFO] ApiDb:261 - Set plugin images path to: C:\ST\STM32CubeIDE_1.16.0\STM32CubeIDE\plugins\com.st.stm32cube.common.mx_6.12.0.202406281431\\db\/plugins/mcufinder/images/
2024-09-22 15:38:43,194 [WARN] DbFile:41 - Overriding database path with different value: C:\Users\Besan\.stmcufinder\plugins\mcufinder/ => C:\Users\Besan\.stmcufinder\plugins\mcufinder
2024-09-22 15:38:43,194 [INFO] ApiDb:250 - Set database path to: C:\Users\Besan\.stmcufinder\plugins\mcufinder//mcu/
2024-09-22 15:38:43,194 [WARN] DbFile:41 - Overriding database path with different value: C:\Users\Besan\.stmcufinder\plugins\mcufinder/ => C:\Users\Besan\.stmcufinder\plugins\mcufinder
2024-09-22 15:38:43,195 [INFO] DbMcusAds:125 - Set database path to: C:\Users\Besan\.stmcufinder\plugins\mcufinder//mcu/
2024-09-22 15:38:43,195 [WARN] DbFile:41 - Overriding database path with different value: C:\Users\Besan\.stmcufinder\plugins\mcufinder/ => C:\Users\Besan\.stmcufinder\plugins\mcufinder
2024-09-22 15:38:43,195 [WARN] DbFile:41 - Overriding database path with different value: C:\Users\Besan\.stmcufinder\plugins\mcufinder/ => C:\Users\Besan\.stmcufinder\plugins\mcufinder
2024-09-22 15:38:43,195 [INFO] CrossReferenceDbSqlite:203 - Set database path to: C:\Users\Besan\.stmcufinder\plugins\mcufinder//mcu/cs/
2024-09-22 15:38:43,218 [INFO] ApplicationProperties:184 - Using Application install path: C:\ST\STM32CubeIDE_1.16.0\STM32CubeIDE\plugins\com.st.stm32cube.common.mx_6.12.0.202406281431
2024-09-22 15:38:43,220 [INFO] PluginManage:196 - Search for loadable plugins [exclusion list=, ]
2024-09-22 15:38:43,222 [INFO] PluginManage:310 - Check plugin analytics
2024-09-22 15:38:43,525 [INFO] AnalyticsPlugin:253 - Accepted Software Licenses: 
2024-09-22 15:38:43,526 [INFO] AnalyticsPlugin:255 - Accepted CMSIS Pack Licenses: 
2024-09-22 15:38:43,526 [INFO] AnalyticsPlugin:257 - Accepted Firmware Licenses: FW.F4.1.28.0
2024-09-22 15:38:43,535 [INFO] PluginManage:359 - Loaded plugin analytics (category:tool,tabindex:-1)
2024-09-22 15:38:43,535 [INFO] PluginManage:310 - Check plugin cadmodel
2024-09-22 15:38:43,555 [INFO] CADModel:105 - Init CAD model plugin
2024-09-22 15:38:43,555 [INFO] PluginManage:359 - Loaded plugin cadmodel (category:power,tabindex:5)
2024-09-22 15:38:43,556 [INFO] PluginManage:310 - Check plugin clock
2024-09-22 15:38:43,582 [INFO] PluginManage:359 - Loaded plugin clock (category:base,tabindex:2)
2024-09-22 15:38:43,583 [INFO] PluginManage:310 - Check plugin ddr
2024-09-22 15:38:43,586 [INFO] PluginManage:359 - Loaded plugin ddr (category:tool,tabindex:6)
2024-09-22 15:38:43,586 [INFO] PluginManage:310 - Check plugin filemanager
2024-09-22 15:38:43,898 [INFO] PluginManage:359 - Loaded plugin filemanager (category:base,tabindex:10)
2024-09-22 15:38:43,898 [INFO] PluginManage:310 - Check plugin ipmanager
2024-09-22 15:38:43,912 [INFO] PluginManage:359 - Loaded plugin ipmanager (category:base,tabindex:5)
2024-09-22 15:38:43,912 [INFO] PluginManage:310 - Check plugin lpbam
2024-09-22 15:38:43,962 [INFO] PluginManage:359 - Loaded plugin lpbam (category:base,tabindex:0)
2024-09-22 15:38:43,963 [INFO] PluginManage:310 - Check plugin memorymap
2024-09-22 15:38:44,001 [INFO] PluginManage:359 - Loaded plugin memorymap (category:base,tabindex:4)
2024-09-22 15:38:44,002 [INFO] PluginManage:310 - Check plugin pinoutandconfiguration
2024-09-22 15:38:44,027 [INFO] PluginManage:359 - Loaded plugin pinoutandconfiguration (category:base,tabindex:1)
2024-09-22 15:38:44,028 [INFO] PluginManage:310 - Check plugin pinoutconfig
2024-09-22 15:38:44,187 [WARN] SupportedApi:132 - Cannot load RTOS API schema: s4s-elt-must-match.1: The content of 'definitions' must match (annotation?, (simpleType | complexType)?, (unique | key | keyref)*)). A problem was found starting at: attribute.
2024-09-22 15:38:44,414 [INFO] PluginManage:359 - Loaded plugin pinoutconfig (category:base,tabindex:0)
2024-09-22 15:38:44,414 [INFO] PluginManage:310 - Check plugin power
2024-09-22 15:38:44,453 [INFO] PluginManage:359 - Loaded plugin power (category:power,tabindex:4)
2024-09-22 15:38:44,453 [INFO] PluginManage:310 - Check plugin projectmanager
2024-09-22 15:38:44,494 [INFO] PluginManage:359 - Loaded plugin projectmanager (category:projectmanager,tabindex:4)
2024-09-22 15:38:44,494 [INFO] PluginManage:310 - Check plugin rif
2024-09-22 15:38:44,525 [INFO] PluginManage:359 - Loaded plugin rif (category:base,tabindex:3)
2024-09-22 15:38:44,525 [INFO] PluginManage:310 - Check plugin thirdparty
2024-09-22 15:38:44,986 [INFO] PluginManage:359 - Loaded plugin thirdparty (category:base,tabindex:-1)
2024-09-22 15:38:44,985 [WARN] IntegrityCheckThread:84 - waiting for thirdparty lock release [integrity check]
2024-09-22 15:38:44,986 [INFO] PluginManage:310 - Check plugin tools
2024-09-22 15:38:44,986 [INFO] IntegrityCheckThread:86 - entering critical section [integrity check]
2024-09-22 15:38:44,987 [INFO] ThirdPartyUpdaterWithRetryManager:70 - Updater plugin not ready yet. [1/15]
2024-09-22 15:38:45,051 [INFO] PluginManage:359 - Loaded plugin tools (category:base,tabindex:7)
2024-09-22 15:38:45,052 [INFO] PluginManage:310 - Check plugin tutovideos
2024-09-22 15:38:45,407 [INFO] PluginManage:359 - Loaded plugin tutovideos (category:base,tabindex:-1)
2024-09-22 15:38:45,407 [INFO] PluginManage:310 - Check plugin updater
2024-09-22 15:38:45,439 [INFO] PluginManage:359 - Loaded plugin updater (category:base,tabindex:12)
2024-09-22 15:38:45,439 [INFO] PluginManage:310 - Check plugin userauth
2024-09-22 15:38:45,450 [INFO] UserAuth:113 - Init User Auth plugin
2024-09-22 15:38:45,450 [INFO] PluginManage:359 - Loaded plugin userauth (category:base,tabindex:14)
2024-09-22 15:38:45,451 [INFO] PluginManage:283 - PluginManage : Loaded plugins [18]
2024-09-22 15:38:45,804 [INFO] PinOutPanel:1561 - setPackage(No Configuration,No Configuration)
2024-09-22 15:38:45,954 [INFO] CADModel:165 - CPN selected for project level
2024-09-22 15:38:45,954 [INFO] CADModel:114 - Register for checkConnection events
2024-09-22 15:38:45,991 [INFO] IPUIPlugin:80 - create IPUIPlugin
2024-09-22 15:38:45,991 [INFO] PluginManager:220 - loadIPPluginJar : add adc
2024-09-22 15:38:46,047 [INFO] IPUIPlugin:80 - create IPUIPlugin
2024-09-22 15:38:46,047 [INFO] PluginManager:220 - loadIPPluginJar : add aes
2024-09-22 15:38:46,118 [INFO] IPUIPlugin:80 - create IPUIPlugin
2024-09-22 15:38:46,118 [INFO] PluginManager:220 - loadIPPluginJar : add can
2024-09-22 15:38:46,164 [INFO] IPUIPlugin:80 - create IPUIPlugin
2024-09-22 15:38:46,164 [INFO] PluginManager:220 - loadIPPluginJar : add comp
2024-09-22 15:38:46,228 [INFO] IPUIPlugin:80 - create IPUIPlugin
2024-09-22 15:38:46,229 [INFO] PluginManager:220 - loadIPPluginJar : add cryp
2024-09-22 15:38:46,251 [INFO] IPUIPlugin:80 - create IPUIPlugin
2024-09-22 15:38:46,251 [INFO] PluginManager:220 - loadIPPluginJar : add ddr_ctrl_phy
2024-09-22 15:38:46,308 [INFO] IPUIPlugin:80 - create IPUIPlugin
2024-09-22 15:38:46,308 [INFO] PluginManager:220 - loadIPPluginJar : add dfsdm
2024-09-22 15:38:46,334 [INFO] IPUIPlugin:80 - create IPUIPlugin
2024-09-22 15:38:46,335 [INFO] PluginManager:220 - loadIPPluginJar : add dma
2024-09-22 15:38:46,424 [INFO] IPUIPlugin:80 - create IPUIPlugin
2024-09-22 15:38:46,424 [INFO] PluginManager:220 - loadIPPluginJar : add dma3
2024-09-22 15:38:46,512 [INFO] IPUIPlugin:80 - create IPUIPlugin
2024-09-22 15:38:46,512 [INFO] PluginManager:220 - loadIPPluginJar : add extmemmanager
2024-09-22 15:38:46,550 [INFO] IPUIPlugin:80 - create IPUIPlugin
2024-09-22 15:38:46,550 [INFO] PluginManager:220 - loadIPPluginJar : add fatfs
2024-09-22 15:38:46,635 [INFO] IPUIPlugin:80 - create IPUIPlugin
2024-09-22 15:38:46,636 [INFO] PluginManager:220 - loadIPPluginJar : add fmc
2024-09-22 15:38:46,659 [INFO] IPUIPlugin:80 - create IPUIPlugin
2024-09-22 15:38:46,659 [INFO] PluginManager:220 - loadIPPluginJar : add freertos
2024-09-22 15:38:46,701 [INFO] IPUIPlugin:80 - create IPUIPlugin
2024-09-22 15:38:46,701 [INFO] PluginManager:220 - loadIPPluginJar : add genericplugin
2024-09-22 15:38:46,881 [INFO] IPUIPlugin:80 - create IPUIPlugin
2024-09-22 15:38:46,881 [INFO] PluginManager:220 - loadIPPluginJar : add gfxmmu
2024-09-22 15:38:47,149 [INFO] IPUIPlugin:80 - create IPUIPlugin
2024-09-22 15:38:47,149 [INFO] PluginManager:220 - loadIPPluginJar : add gic
2024-09-22 15:38:47,167 [INFO] IPUIPlugin:80 - create IPUIPlugin
2024-09-22 15:38:47,168 [INFO] PluginManager:220 - loadIPPluginJar : add gpio
2024-09-22 15:38:47,305 [INFO] IPUIPlugin:80 - create IPUIPlugin
2024-09-22 15:38:47,305 [INFO] PluginManager:220 - loadIPPluginJar : add gtzc
2024-09-22 15:38:47,356 [INFO] IPUIPlugin:80 - create IPUIPlugin
2024-09-22 15:38:47,357 [INFO] PluginManager:220 - loadIPPluginJar : add hash
2024-09-22 15:38:47,439 [INFO] IPUIPlugin:80 - create IPUIPlugin
2024-09-22 15:38:47,439 [INFO] PluginManager:220 - loadIPPluginJar : add i2c
2024-09-22 15:38:47,501 [INFO] IPUIPlugin:80 - create IPUIPlugin
2024-09-22 15:38:47,501 [INFO] PluginManager:220 - loadIPPluginJar : add i2s
2024-09-22 15:38:47,596 [INFO] IPUIPlugin:80 - create IPUIPlugin
2024-09-22 15:38:47,596 [INFO] PluginManager:220 - loadIPPluginJar : add i3c
2024-09-22 15:38:47,797 [INFO] IPUIPlugin:80 - create IPUIPlugin
2024-09-22 15:38:47,798 [INFO] PluginManager:220 - loadIPPluginJar : add ipddr
2024-09-22 15:38:47,976 [INFO] IPUIPlugin:80 - create IPUIPlugin
2024-09-22 15:38:47,977 [INFO] PluginManager:220 - loadIPPluginJar : add linkedlist
2024-09-22 15:38:47,989 [INFO] ThirdPartyUpdaterWithRetryManager:70 - Updater plugin not ready yet. [2/15]
2024-09-22 15:38:48,063 [INFO] IPUIPlugin:80 - create IPUIPlugin
2024-09-22 15:38:48,063 [INFO] PluginManager:220 - loadIPPluginJar : add lorawan
2024-09-22 15:38:48,156 [INFO] IPUIPlugin:80 - create IPUIPlugin
2024-09-22 15:38:48,156 [INFO] PluginManager:220 - loadIPPluginJar : add ltdc
2024-09-22 15:38:48,187 [INFO] IPUIPlugin:80 - create IPUIPlugin
2024-09-22 15:38:48,187 [INFO] PluginManager:220 - loadIPPluginJar : add mdma
2024-09-22 15:38:48,217 [INFO] IPUIPlugin:80 - create IPUIPlugin
2024-09-22 15:38:48,217 [INFO] PluginManager:220 - loadIPPluginJar : add nvic
2024-09-22 15:38:48,309 [INFO] IPUIPlugin:80 - create IPUIPlugin
2024-09-22 15:38:48,310 [INFO] PluginManager:220 - loadIPPluginJar : add opamp
2024-09-22 15:38:48,421 [INFO] IPUIPlugin:80 - create IPUIPlugin
2024-09-22 15:38:48,421 [INFO] PluginManager:220 - loadIPPluginJar : add openamp
2024-09-22 15:38:48,487 [INFO] IPUIPlugin:80 - create IPUIPlugin
2024-09-22 15:38:48,487 [INFO] PluginManager:220 - loadIPPluginJar : add pdm2pcm
2024-09-22 15:38:48,508 [INFO] IPUIPlugin:80 - create IPUIPlugin
2024-09-22 15:38:48,511 [INFO] PluginManager:220 - loadIPPluginJar : add plateformsettings
2024-09-22 15:38:48,543 [INFO] IPUIPlugin:80 - create IPUIPlugin
2024-09-22 15:38:48,543 [INFO] PluginManager:220 - loadIPPluginJar : add quadspi
2024-09-22 15:38:48,582 [INFO] IPUIPlugin:80 - create IPUIPlugin
2024-09-22 15:38:48,584 [INFO] PluginManager:220 - loadIPPluginJar : add radio
2024-09-22 15:38:48,601 [INFO] IPUIPlugin:80 - create IPUIPlugin
2024-09-22 15:38:48,601 [INFO] PluginManager:220 - loadIPPluginJar : add resmgrutility
2024-09-22 15:38:48,676 [INFO] IPUIPlugin:80 - create IPUIPlugin
2024-09-22 15:38:48,676 [INFO] PluginManager:220 - loadIPPluginJar : add sai
2024-09-22 15:38:48,734 [INFO] IPUIPlugin:80 - create IPUIPlugin
2024-09-22 15:38:48,735 [INFO] PluginManager:220 - loadIPPluginJar : add spi
2024-09-22 15:38:48,873 [INFO] IPUIPlugin:80 - create IPUIPlugin
2024-09-22 15:38:48,874 [INFO] PluginManager:220 - loadIPPluginJar : add stm32_wpan
2024-09-22 15:38:48,925 [INFO] IPUIPlugin:80 - create IPUIPlugin
2024-09-22 15:38:48,925 [INFO] PluginManager:220 - loadIPPluginJar : add tim
2024-09-22 15:38:49,028 [INFO] IPUIPlugin:80 - create IPUIPlugin
2024-09-22 15:38:49,028 [INFO] PluginManager:220 - loadIPPluginJar : add touchsensing
2024-09-22 15:38:49,066 [INFO] IPUIPlugin:80 - create IPUIPlugin
2024-09-22 15:38:49,066 [INFO] PluginManager:220 - loadIPPluginJar : add tracer_emb
2024-09-22 15:38:49,105 [INFO] IPUIPlugin:80 - create IPUIPlugin
2024-09-22 15:38:49,106 [INFO] PluginManager:220 - loadIPPluginJar : add ts
2024-09-22 15:38:49,152 [INFO] IPUIPlugin:80 - create IPUIPlugin
2024-09-22 15:38:49,152 [INFO] PluginManager:220 - loadIPPluginJar : add tsc
2024-09-22 15:38:49,193 [INFO] IPUIPlugin:80 - create IPUIPlugin
2024-09-22 15:38:49,193 [INFO] PluginManager:220 - loadIPPluginJar : add ucpd
2024-09-22 15:38:49,279 [INFO] IPUIPlugin:80 - create IPUIPlugin
2024-09-22 15:38:49,279 [INFO] PluginManager:220 - loadIPPluginJar : add usart
2024-09-22 15:38:49,364 [INFO] IPUIPlugin:80 - create IPUIPlugin
2024-09-22 15:38:49,364 [INFO] PluginManager:220 - loadIPPluginJar : add usbx
2024-09-22 15:38:49,536 [INFO] CADModel:165 - CPN selected for project level
2024-09-22 15:38:49,536 [INFO] CADModel:114 - Register for checkConnection events
2024-09-22 15:38:49,537 [FATAL] Updater:334 - Updater called before beeing initialized
2024-09-22 15:38:49,537 [ERROR] CADModel:125 - Updater not yet initialized, retry later 
2024-09-22 15:38:49,827 [INFO] CADModel:165 - CPN selected for project level
2024-09-22 15:38:49,827 [INFO] CADModel:114 - Register for checkConnection events
2024-09-22 15:38:49,827 [FATAL] Updater:334 - Updater called before beeing initialized
2024-09-22 15:38:49,827 [ERROR] CADModel:125 - Updater not yet initialized, retry later 
2024-09-22 15:38:49,833 [FATAL] Updater:334 - Updater called before beeing initialized
2024-09-22 15:38:50,035 [FATAL] Updater:334 - Updater called before beeing initialized
2024-09-22 15:38:50,052 [INFO] DbMcusAds:53 - JSON generation date=Thu Sep 30 08:55:09 CEST 2021 (1632984909247)
2024-09-22 15:38:50,052 [FATAL] Updater:334 - Updater called before beeing initialized
2024-09-22 15:38:50,108 [WARN] DetailPanel:346 - Failed to get advertising image, set to default
2024-09-22 15:38:50,267 [FATAL] Updater:334 - Updater called before beeing initialized
2024-09-22 15:38:50,270 [FATAL] Updater:334 - Updater called before beeing initialized
2024-09-22 15:38:50,271 [FATAL] Updater:334 - Updater called before beeing initialized
2024-09-22 15:38:50,271 [WARN] DetailPanel:346 - Failed to get advertising image, set to default
2024-09-22 15:38:50,272 [FATAL] Updater:334 - Updater called before beeing initialized
2024-09-22 15:38:50,384 [ERROR] Updater:1164 - MainUpdater not yet initialized. External WinMGr cannot be set.
2024-09-22 15:38:50,400 [INFO] Updater:1100 - Updater Version found : 6.12.0
2024-09-22 15:38:50,427 [INFO] ApplicationProperties:184 - Using Application install path: C:\ST\STM32CubeIDE_1.16.0\STM32CubeIDE\plugins\com.st.stm32cube.common.mx_6.12.0.202406281431
2024-09-22 15:38:50,989 [INFO] ThirdPartyUpdaterWithRetryManager:70 - Updater plugin not ready yet. [3/15]
2024-09-22 15:38:52,031 [ERROR] LogOutputStream:75 - [STDERR_REDIRECT] Sep 22, 2024 3:38:52 PM java.util.prefs.WindowsPreferences <init>
2024-09-22 15:38:52,036 [ERROR] LogOutputStream:75 - [STDERR_REDIRECT] WARNING: Could not open/create prefs root node Software\JavaSoft\Prefs at root 0xffffffff80000002. Windows RegCreateKeyEx(...) returned error code 5.
2024-09-22 15:38:52,037 [ERROR] LogOutputStream:75 - [STDERR_REDIRECT] 
2024-09-22 15:38:52,671 [INFO] MainUpdater:2873 - connection check result : 10
2024-09-22 15:38:52,672 [INFO] MainUpdater:290 - Updater Check For Update Now.
2024-09-22 15:38:52,673 [INFO] MicroXplorer:498 - Change Database Version : DB.6.0.120
2024-09-22 15:38:52,719 [INFO] McuFinderGlobals:63 - Set McuFinder mode to 2 (CubeIDE integrated)
2024-09-22 15:38:52,719 [INFO] UserAuth:179 - activating auth plugin
2024-09-22 15:38:52,748 [INFO] UserAuth:417 - Internet connection configuration mode: 1
2024-09-22 15:38:52,882 [INFO] JxBrowserEngine:152 - Initiate JxBrowser Engine with user profile folder
2024-09-22 15:38:53,251 [INFO] CheckServerUpdateThread:120 - End of CheckServer Thread
2024-09-22 15:38:54,597 [WARN] PackLoader:240 - Cannot read IP mode file for STMicroelectronics.FP-SNS-MOTENVWB1.1.4.0
2024-09-22 15:38:54,647 [WARN] PackLoader:240 - Cannot read IP mode file for STMicroelectronics.X-CUBE-SMBUS.2.1.0
2024-09-22 15:38:54,782 [WARN] PackLoader:240 - Cannot read IP mode file for STMicroelectronics.X-CUBE-AZRTOS-F7.1.1.0
2024-09-22 15:38:55,044 [WARN] PackLoader:240 - Cannot read IP mode file for STMicroelectronics.X-CUBE-MEMS1.11.0.0
2024-09-22 15:38:55,517 [WARN] PackLoader:240 - Cannot read IP mode file for STMicroelectronics.FP-SNS-FLIGHT1.5.0.2
2024-09-22 15:38:55,548 [WARN] PackLoader:240 - Cannot read IP mode file for STMicroelectronics.X-CUBE-DISPLAY.3.0.0
2024-09-22 15:38:55,595 [WARN] PackLoader:240 - Cannot read IP mode file for STMicroelectronics.X-CUBE-BLE1.7.0.0
2024-09-22 15:38:55,625 [WARN] PackLoader:240 - Cannot read IP mode file for emotas.I-CUBE-CANOPEN.1.3.0
2024-09-22 15:38:55,663 [WARN] PackLoader:240 - Cannot read IP mode file for STMicroelectronics.X-CUBE-BLEMGR.3.1.0
2024-09-22 15:38:55,704 [WARN] PackLoader:240 - Cannot read IP mode file for STMicroelectronics.FP-SNS-SMARTAG2.1.2.0
2024-09-22 15:38:55,742 [INFO] LogOutputStream:77 - [STDOUT_REDIRECT] 1 : Invalid condition id : UX_CORESTACK_Condition cause : null
2024-09-22 15:38:55,744 [INFO] LogOutputStream:77 - [STDOUT_REDIRECT] 1 : Invalid condition id : UX_CORESTACK_Condition cause : null
2024-09-22 15:38:55,746 [INFO] LogOutputStream:77 - [STDOUT_REDIRECT] 1 : Invalid condition id : UX_CORESTACK_Condition cause : null
2024-09-22 15:38:55,749 [INFO] LogOutputStream:77 - [STDOUT_REDIRECT] 1 : Invalid condition id : UX_CORESTACK_Condition cause : null
2024-09-22 15:38:55,752 [INFO] LogOutputStream:77 - [STDOUT_REDIRECT] 1 : Invalid condition id : UX_CORESTACK_Condition cause : null
2024-09-22 15:38:55,760 [WARN] PackLoader:240 - Cannot read IP mode file for STMicroelectronics.X-CUBE-AZRTOS-WL.2.0.0
2024-09-22 15:38:55,789 [WARN] PackLoader:240 - Cannot read IP mode file for STMicroelectronics.FP-SNS-MOTENV1.5.0.0
2024-09-22 15:38:55,818 [WARN] PackLoader:240 - Cannot read IP mode file for wolfSSL.I-CUBE-wolfMQTT.1.19.0
2024-09-22 15:38:55,848 [WARN] PackLoader:240 - Cannot read IP mode file for WES.I-CUBE-Cesium.1.3.0
2024-09-22 15:38:55,875 [WARN] PackLoader:240 - Cannot read IP mode file for STMicroelectronics.X-CUBE-BLE2.3.3.0
2024-09-22 15:38:55,907 [WARN] PackLoader:240 - Cannot read IP mode file for STMicroelectronics.X-CUBE-TCPP.4.1.0
2024-09-22 15:38:55,975 [WARN] PackLoader:240 - Cannot read IP mode file for STMicroelectronics.X-CUBE-AZRTOS-G0.1.1.0
2024-09-22 15:38:56,014 [WARN] PackLoader:240 - Cannot read IP mode file for STMicroelectronics.X-CUBE-SAFEA1.1.2.2
2024-09-22 15:38:56,048 [WARN] PackLoader:240 - Cannot read IP mode file for STMicroelectronics.X-CUBE-NFC4.3.0.0
2024-09-22 15:38:56,089 [WARN] PackLoader:240 - Cannot read IP mode file for EmbeddedOffice.I-CUBE-FS-RTOS.1.0.1
2024-09-22 15:38:56,090 [ERROR] ConditionMgr:805 - Attr not supported : Dmpu
2024-09-22 15:38:56,090 [ERROR] ConditionMgr:805 - Attr not supported : Dmpu
2024-09-22 15:38:56,090 [ERROR] ConditionMgr:805 - Attr not supported : Dmpu
2024-09-22 15:38:56,091 [ERROR] ConditionMgr:805 - Attr not supported : Dmpu
2024-09-22 15:38:56,091 [ERROR] ConditionMgr:805 - Attr not supported : Dmpu
2024-09-22 15:38:56,091 [ERROR] ConditionMgr:805 - Attr not supported : Dmpu
2024-09-22 15:38:56,091 [ERROR] ConditionMgr:805 - Attr not supported : Dmpu
2024-09-22 15:38:56,091 [ERROR] ConditionMgr:805 - Attr not supported : Dmpu
2024-09-22 15:38:56,091 [ERROR] ConditionMgr:805 - Attr not supported : Dmpu
2024-09-22 15:38:56,091 [ERROR] ConditionMgr:805 - Attr not supported : Dmpu
2024-09-22 15:38:56,091 [ERROR] ConditionMgr:805 - Attr not supported : Dmpu
2024-09-22 15:38:56,092 [ERROR] ConditionMgr:805 - Attr not supported : Dmpu
2024-09-22 15:38:56,092 [ERROR] ConditionMgr:805 - Attr not supported : Dmpu
2024-09-22 15:38:56,092 [ERROR] ConditionMgr:805 - Attr not supported : Dmpu
2024-09-22 15:38:56,092 [ERROR] ConditionMgr:805 - Attr not supported : Dmpu
2024-09-22 15:38:56,092 [ERROR] ConditionMgr:805 - Attr not supported : Dmpu
2024-09-22 15:38:56,092 [ERROR] ConditionMgr:805 - Attr not supported : Dmpu
2024-09-22 15:38:56,093 [ERROR] ConditionMgr:805 - Attr not supported : Dmpu
2024-09-22 15:38:56,093 [ERROR] ConditionMgr:805 - Attr not supported : Dmpu
2024-09-22 15:38:56,093 [ERROR] ConditionMgr:805 - Attr not supported : Dmpu
2024-09-22 15:38:56,094 [ERROR] ConditionMgr:805 - Attr not supported : Dmpu
2024-09-22 15:38:56,094 [ERROR] ConditionMgr:805 - Attr not supported : Dmpu
2024-09-22 15:38:56,094 [ERROR] ConditionMgr:805 - Attr not supported : Dmpu
2024-09-22 15:38:56,095 [ERROR] ConditionMgr:805 - Attr not supported : Dmpu
2024-09-22 15:38:56,095 [ERROR] ConditionMgr:805 - Attr not supported : Dmpu
2024-09-22 15:38:56,095 [ERROR] ConditionMgr:805 - Attr not supported : Dmpu
2024-09-22 15:38:56,095 [ERROR] ConditionMgr:805 - Attr not supported : Dmpu
2024-09-22 15:38:56,096 [ERROR] ConditionMgr:805 - Attr not supported : Dmpu
2024-09-22 15:38:56,096 [ERROR] ConditionMgr:805 - Attr not supported : Dmpu
2024-09-22 15:38:56,096 [ERROR] ConditionMgr:805 - Attr not supported : Dmpu
2024-09-22 15:38:56,096 [ERROR] ConditionMgr:805 - Attr not supported : Dmpu
2024-09-22 15:38:56,096 [ERROR] ConditionMgr:805 - Attr not supported : Dmpu
2024-09-22 15:38:56,096 [ERROR] ConditionMgr:805 - Attr not supported : Dmpu
2024-09-22 15:38:56,096 [ERROR] ConditionMgr:805 - Attr not supported : Dmpu
2024-09-22 15:38:56,096 [ERROR] ConditionMgr:805 - Attr not supported : Dmpu
2024-09-22 15:38:56,097 [ERROR] ConditionMgr:805 - Attr not supported : Dmpu
2024-09-22 15:38:56,097 [ERROR] ConditionMgr:805 - Attr not supported : Dmpu
2024-09-22 15:38:56,097 [ERROR] ConditionMgr:805 - Attr not supported : Dmpu
2024-09-22 15:38:56,097 [ERROR] ConditionMgr:805 - Attr not supported : Dmpu
2024-09-22 15:38:56,097 [ERROR] ConditionMgr:805 - Attr not supported : Dmpu
2024-09-22 15:38:56,097 [ERROR] ConditionMgr:805 - Attr not supported : Dmpu
2024-09-22 15:38:56,097 [ERROR] ConditionMgr:805 - Attr not supported : Dmpu
2024-09-22 15:38:56,098 [ERROR] ConditionMgr:805 - Attr not supported : Dmpu
2024-09-22 15:38:56,098 [ERROR] ConditionMgr:805 - Attr not supported : Dmpu
2024-09-22 15:38:56,098 [ERROR] ConditionMgr:805 - Attr not supported : Dmpu
2024-09-22 15:38:56,098 [ERROR] ConditionMgr:805 - Attr not supported : Dmpu
2024-09-22 15:38:56,098 [ERROR] ConditionMgr:805 - Attr not supported : Dmpu
2024-09-22 15:38:56,098 [ERROR] ConditionMgr:805 - Attr not supported : Dmpu
2024-09-22 15:38:56,099 [ERROR] ConditionMgr:805 - Attr not supported : Dmpu
2024-09-22 15:38:56,099 [ERROR] ConditionMgr:805 - Attr not supported : Dmpu
2024-09-22 15:38:56,099 [ERROR] ConditionMgr:805 - Attr not supported : Dmpu
2024-09-22 15:38:56,099 [ERROR] ConditionMgr:805 - Attr not supported : Dmpu
2024-09-22 15:38:56,099 [ERROR] ConditionMgr:805 - Attr not supported : Dmpu
2024-09-22 15:38:56,099 [ERROR] ConditionMgr:805 - Attr not supported : Dmpu
2024-09-22 15:38:56,099 [ERROR] ConditionMgr:805 - Attr not supported : Dmpu
2024-09-22 15:38:56,100 [ERROR] ConditionMgr:805 - Attr not supported : Dmpu
2024-09-22 15:38:56,100 [ERROR] ConditionMgr:805 - Attr not supported : Dmpu
2024-09-22 15:38:56,100 [ERROR] ConditionMgr:805 - Attr not supported : Dmpu
2024-09-22 15:38:56,100 [ERROR] ConditionMgr:805 - Attr not supported : Dmpu
2024-09-22 15:38:56,100 [ERROR] ConditionMgr:805 - Attr not supported : Dmpu
2024-09-22 15:38:56,100 [ERROR] ConditionMgr:805 - Attr not supported : Dmpu
2024-09-22 15:38:56,101 [ERROR] ConditionMgr:805 - Attr not supported : Dmpu
2024-09-22 15:38:56,101 [ERROR] ConditionMgr:805 - Attr not supported : Dmpu
2024-09-22 15:38:56,102 [ERROR] ConditionMgr:805 - Attr not supported : Dmpu
2024-09-22 15:38:56,139 [WARN] PackLoader:240 - Cannot read IP mode file for RealThread.X-CUBE-RT-Thread_Nano.4.1.1
2024-09-22 15:38:56,174 [WARN] PackLoader:240 - Cannot read IP mode file for STMicroelectronics.FP-ATR-SIGFOX1.3.2.0
2024-09-22 15:38:56,206 [WARN] PackLoader:240 - Cannot read IP mode file for wolfSSL.I-CUBE-wolfSSL.5.7.2
2024-09-22 15:38:56,253 [WARN] PackLoader:240 - Cannot read IP mode file for STMicroelectronics.X-CUBE-EEPRMA1.5.1.0
2024-09-22 15:38:56,285 [WARN] PackLoader:240 - Cannot read IP mode file for ITTIA_DB.I-CUBE-ITTIADB.8.9.0
2024-09-22 15:38:56,417 [WARN] PackLoader:240 - Cannot read IP mode file for SEGGER.I-CUBE-embOS.1.3.1
2024-09-22 15:38:56,529 [WARN] PackLoader:240 - Cannot read IP mode file for STMicroelectronics.X-CUBE-ALGOBUILD.1.4.0
2024-09-22 15:38:56,587 [WARN] PackLoader:240 - Cannot read IP mode file for STMicroelectronics.X-CUBE-AZRTOS-F4.1.1.0
2024-09-22 15:38:56,614 [WARN] PackLoader:240 - Cannot read IP mode file for STMicroelectronics.X-CUBE-ISPU.2.1.0
2024-09-22 15:38:56,638 [WARN] PackLoader:240 - Cannot read IP mode file for STMicroelectronics.X-CUBE-FREERTOS.1.2.0
2024-09-22 15:38:56,694 [WARN] PackLoader:240 - Cannot read IP mode file for STMicroelectronics.X-CUBE-AZRTOS-L5.2.0.0
2024-09-22 15:38:56,725 [WARN] PackLoader:240 - Cannot read IP mode file for STMicroelectronics.X-CUBE-NFC6.3.1.0
2024-09-22 15:38:56,756 [WARN] PackLoader:240 - Cannot read IP mode file for STMicroelectronics.X-CUBE-DPower.1.2.0
2024-09-22 15:38:56,780 [WARN] PackLoader:240 - Cannot read IP mode file for STMicroelectronics.X-CUBE-AI.9.0.0
2024-09-22 15:38:56,804 [WARN] PackLoader:240 - Cannot read IP mode file for STMicroelectronics.X-CUBE-NFC7.1.0.1
2024-09-22 15:38:56,876 [WARN] ConditionMgr:438 - getConditionDescription Invalid condition id : LAN8742 Phy interface Condition cause : null
2024-09-22 15:38:56,877 [WARN] PackLoader:240 - Cannot read IP mode file for STMicroelectronics.X-CUBE-AZRTOS-L4.2.0.0
2024-09-22 15:38:56,880 [WARN] ConditionMgr:1039 - genDependencies : Invalid condition id : LAN8742 Phy interface Condition cause : null
2024-09-22 15:38:56,880 [WARN] ConditionMgr:1039 - genDependencies : Invalid condition id : LAN8742 Phy interface Condition cause : null
2024-09-22 15:38:56,881 [WARN] ConditionMgr:1039 - genDependencies : Invalid condition id : LAN8742 Phy interface Condition cause : null
2024-09-22 15:38:56,912 [WARN] PackLoader:240 - Cannot read IP mode file for STMicroelectronics.X-CUBE-SFXS2LP1.4.0.0
2024-09-22 15:38:56,984 [WARN] PackLoader:240 - Cannot read IP mode file for STMicroelectronics.X-CUBE-AZRTOS-H7.3.3.0
2024-09-22 15:38:57,043 [WARN] ConditionMgr:438 - getConditionDescription Invalid condition id : UX DEVICE CLASS RTOS Condition cause : null
2024-09-22 15:38:57,043 [WARN] ConditionMgr:438 - getConditionDescription Invalid condition id : UX DEVICE CLASS RTOS Condition cause : null
2024-09-22 15:38:57,048 [WARN] PackLoader:240 - Cannot read IP mode file for STMicroelectronics.X-CUBE-AZRTOS-WB.2.0.0
2024-09-22 15:38:57,049 [WARN] ConditionMgr:1039 - genDependencies : Invalid condition id : UX DEVICE CLASS RTOS Condition cause : null
2024-09-22 15:38:57,049 [WARN] ConditionMgr:1039 - genDependencies : Invalid condition id : UX DEVICE CLASS RTOS Condition cause : null
2024-09-22 15:38:57,050 [WARN] ConditionMgr:1039 - genDependencies : Invalid condition id : UX DEVICE CLASS RTOS Condition cause : null
2024-09-22 15:38:57,051 [WARN] ConditionMgr:1039 - genDependencies : Invalid condition id : UX DEVICE CLASS RTOS Condition cause : null
2024-09-22 15:38:57,051 [WARN] ConditionMgr:1039 - genDependencies : Invalid condition id : UX DEVICE CLASS RTOS Condition cause : null
2024-09-22 15:38:57,079 [WARN] PackLoader:240 - Cannot read IP mode file for STMicroelectronics.X-CUBE-GNSS1.7.0.0
2024-09-22 15:38:57,111 [WARN] PackLoader:240 - Cannot read IP mode file for STMicroelectronics.FP-SNS-STBOX1.2.0.0
2024-09-22 15:38:57,165 [WARN] PackLoader:240 - Cannot read IP mode file for STMicroelectronics.X-CUBE-SUBG2.5.0.0
2024-09-22 15:38:57,202 [WARN] PackLoader:240 - Cannot read IP mode file for Cesanta.I-CUBE-Mongoose.7.13.0
2024-09-22 15:38:57,262 [WARN] PackLoader:240 - Cannot read IP mode file for STMicroelectronics.X-CUBE-AZRTOS-G4.2.0.0
2024-09-22 15:38:57,285 [WARN] PackLoader:240 - Cannot read IP mode file for STMicroelectronics.X-CUBE-ALS.1.0.2
2024-09-22 15:38:57,309 [WARN] PackLoader:240 - Cannot read IP mode file for STMicroelectronics.X-CUBE-TOUCHGFX.4.24.0
2024-09-22 15:38:57,329 [WARN] PackLoader:240 - Cannot read IP mode file for wolfSSL.I-CUBE-wolfTPM.3.4.0
2024-09-22 15:38:57,349 [WARN] PackLoader:240 - Cannot read IP mode file for portGmbH.I-Cube-SoM-uGOAL.1.1.0
2024-09-22 15:38:57,409 [WARN] PackLoader:240 - Cannot read IP mode file for STMicroelectronics.X-CUBE-AZRTOS-H7RS.1.0.0
2024-09-22 15:38:57,441 [WARN] PackLoader:240 - Cannot read IP mode file for STMicroelectronics.FP-ATR-ASTRA1.2.0.0
2024-09-22 15:38:57,475 [WARN] PackLoader:240 - Cannot read IP mode file for STMicroelectronics.X-CUBE-TOF1.3.4.2
2024-09-22 15:38:57,539 [WARN] PackLoader:240 - Cannot read IP mode file for Infineon.AIROC-Wi-Fi-Bluetooth-STM32.1.6.1
2024-09-22 15:38:57,565 [WARN] PackLoader:240 - Cannot read IP mode file for wolfSSL.I-CUBE-wolfSSH.1.4.17
2024-09-22 15:38:57,567 [INFO] ThirdParty:978 - Integrity check success = true
2024-09-22 15:38:57,567 [INFO] IntegrityCheckThread:100 - exiting critical section [integrity check]
2024-09-22 15:38:57,567 [INFO] IntegrityCheckThread:103 - End integrity checks thread
2024-09-22 15:38:59,990 [INFO] WebApp:167 - Instantiating new browser for Auth
2024-09-22 15:39:01,551 [INFO] WebApp:448 - Apply proxy settings
2024-09-22 15:39:01,552 [INFO] WebApp:533 - Chromium requires no authentication
2024-09-22 15:39:01,579 [INFO] WebApp:476 - Direct internet connection detected
2024-09-22 15:39:01,654 [INFO] WebApp:869 - Register for checkConnection events
2024-09-22 15:39:01,654 [INFO] WebApp:448 - Apply proxy settings
2024-09-22 15:39:01,654 [INFO] WebApp:533 - Chromium requires no authentication
2024-09-22 15:39:01,655 [INFO] WebApp:476 - Direct internet connection detected
2024-09-22 15:39:01,927 [INFO] WebApp:186 - Connection restablished
2024-09-22 15:39:02,146 [INFO] WebApp:220 - Starting web application
2024-09-22 15:39:02,146 [INFO] WebApp:578 - Web application path used C:\ST\STM32CubeIDE_1.16.0\STM32CubeIDE\plugins\com.st.stm32cube.common.mx_6.12.0.202406281431\db\plugins\mcufinder\reactClient1\index.html
2024-09-22 16:48:03,192 [INFO] McuFinderGlobals:63 - Set McuFinder mode to 2 (CubeIDE integrated)
2024-09-22 16:48:03,242 [INFO] MainUpdater:2873 - connection check result : 10
2024-09-22 16:48:03,255 [INFO] MainUpdater:2873 - connection check result : 10
2024-09-22 16:48:03,611 [INFO] RulesReader:64 - Compatibility file has been processed (297 Rules)
2024-09-22 16:48:03,631 [INFO] RulesReader:64 - Compatibility file has been processed (297 Rules)
2024-09-22 16:48:03,637 [INFO] MicroXplorer:468 - Change Database Path : 
2024-09-22 16:48:03,637 [INFO] MicroXplorer:498 - Change Database Version : DB.6.0.120
2024-09-22 16:48:03,651 [WARN] ThirdParty:871 - waiting for thirdparty lock release [close project]
2024-09-22 16:48:03,651 [INFO] ThirdParty:873 - entering critical section [close project]
2024-09-22 16:48:03,653 [INFO] ThirdParty:883 - exiting critical section [close project]
2024-09-22 16:48:03,656 [INFO] PinOutPanel:1561 - setPackage(No Configuration,No Configuration)
2024-09-22 16:48:03,669 [INFO] UtilMem:75 - Begin LoadConfig() Used Memory: 833044936 Bytes (1073741824)
2024-09-22 16:48:03,671 [INFO] MicroXplorer:468 - Change Database Path : 
2024-09-22 16:48:03,672 [INFO] MicroXplorer:498 - Change Database Version : DB.6.0.120
2024-09-22 16:48:03,672 [INFO] OpenFileManager:332 - Change cursor
2024-09-22 16:48:03,784 [INFO] Mcu:2032 - Initializing MCU STM32F401R(D-E)Tx STM32F401RETx STM32F401RET6
2024-09-22 16:48:06,043 [INFO] Context:742 - Trying to add GPIOservice into a context  which must be forbidden
2024-09-22 16:48:07,307 [INFO] RtosManager:555 - Registered RTOS mode: class=CMSIS, group=RTOS, mode=CMSIS_V1, owner=FREERTOS
2024-09-22 16:48:07,307 [INFO] RtosManager:555 - Registered RTOS mode: class=CMSIS, group=RTOS2, mode=CMSIS_V2, owner=FREERTOS
2024-09-22 16:48:07,307 [INFO] RtosManager:555 - Registered RTOS mode: class=RTOS, group=Core, mode=CMSIS_V1, owner=FREERTOS
2024-09-22 16:48:07,307 [INFO] RtosManager:555 - Registered RTOS mode: class=RTOS, group=Core, mode=CMSIS_V2, owner=FREERTOS
2024-09-22 16:48:07,307 [WARN] ModelIntegratedComponent:184 - Missing modes for component STMicroelectronics:FreeRTOS:0.0.1:STMicroelectronics:RTOS:FreeRTOS:Core:::10.2.0:
2024-09-22 16:48:07,327 [WARN] ModelIntegratedComponent:63 - No mode defined for component null
2024-09-22 16:48:07,327 [WARN] ModelIntegratedComponent:63 - No mode defined for component null
2024-09-22 16:48:07,327 [WARN] ModelIntegratedComponent:63 - No mode defined for component null
2024-09-22 16:48:07,327 [WARN] ModelIntegratedComponent:63 - No mode defined for component null
2024-09-22 16:48:07,327 [WARN] ModelIntegratedComponent:63 - No mode defined for component null
2024-09-22 16:48:07,328 [WARN] ModelIntegratedComponent:63 - No mode defined for component null
2024-09-22 16:48:07,328 [WARN] ModelIntegratedComponent:63 - No mode defined for component null
2024-09-22 16:48:07,328 [WARN] ModelIntegratedComponent:63 - No mode defined for component null
2024-09-22 16:48:07,328 [WARN] ModelIntegratedComponent:63 - No mode defined for component null
2024-09-22 16:48:07,328 [WARN] ModelIntegratedComponent:63 - No mode defined for component null
2024-09-22 16:48:07,328 [WARN] ModelIntegratedComponent:63 - No mode defined for component null
2024-09-22 16:48:07,328 [WARN] ModelIntegratedComponent:63 - No mode defined for component null
2024-09-22 16:48:07,328 [WARN] ModelIntegratedComponent:63 - No mode defined for component null
2024-09-22 16:48:07,328 [WARN] ModelIntegratedComponent:63 - No mode defined for component null
2024-09-22 16:48:07,328 [WARN] ModelIntegratedComponent:63 - No mode defined for component null
2024-09-22 16:48:07,329 [WARN] ModelIntegratedComponent:63 - No mode defined for component null
2024-09-22 16:48:07,329 [WARN] ModelIntegratedComponent:63 - No mode defined for component null
2024-09-22 16:48:07,329 [WARN] ModelIntegratedComponent:63 - No mode defined for component null
2024-09-22 16:48:07,329 [WARN] ModelIntegratedComponent:63 - No mode defined for component null
2024-09-22 16:48:07,329 [WARN] ModelIntegratedComponent:63 - No mode defined for component null
2024-09-22 16:48:07,329 [WARN] ModelIntegratedComponent:63 - No mode defined for component null
2024-09-22 16:48:07,329 [WARN] ModelIntegratedComponent:63 - No mode defined for component null
2024-09-22 16:48:07,329 [WARN] ModelIntegratedComponent:63 - No mode defined for component null
2024-09-22 16:48:07,329 [WARN] ModelIntegratedComponent:63 - No mode defined for component null
2024-09-22 16:48:07,330 [WARN] ModelIntegratedComponent:63 - No mode defined for component null
2024-09-22 16:48:07,330 [WARN] ModelIntegratedComponent:63 - No mode defined for component null
2024-09-22 16:48:07,330 [WARN] ModelIntegratedComponent:63 - No mode defined for component null
2024-09-22 16:48:07,330 [WARN] ModelIntegratedComponent:63 - No mode defined for component null
2024-09-22 16:48:07,330 [WARN] ModelIntegratedComponent:63 - No mode defined for component null
2024-09-22 16:48:07,330 [WARN] ModelIntegratedComponent:63 - No mode defined for component null
2024-09-22 16:48:07,330 [WARN] ModelIntegratedComponent:63 - No mode defined for component null
2024-09-22 16:48:07,330 [WARN] ModelIntegratedComponent:63 - No mode defined for component null
2024-09-22 16:48:07,330 [WARN] ModelIntegratedComponent:63 - No mode defined for component null
2024-09-22 16:48:07,330 [WARN] ModelIntegratedComponent:63 - No mode defined for component null
2024-09-22 16:48:07,331 [WARN] ModelIntegratedComponent:63 - No mode defined for component null
2024-09-22 16:48:07,331 [WARN] ModelPack:524 - Component already loaded: STMicroelectronics:HAL Drivers:0.0.0:STMicroelectronics:Device:STMicro_Driver:XSPI:HAL::0.0.1:HAL_XSPI
2024-09-22 16:48:07,404 [INFO] ThirdPartyModel:298 - Start build external matchings
2024-09-22 16:48:07,837 [INFO] ThirdPartyModel:316 - End build external matchings
2024-09-22 16:48:07,872 [INFO] ImportTextPane:205 - (OptionalMessage_ERROR) IP (RCC) : Parameter (RTCHSEDivFreq_Value) has invalid value (4000000)
2024-09-22 16:48:08,531 [INFO] ApiDb:581 - Connected to CubeFinder SQLite database (C:\Users\Besan\.stmcufinder\plugins\mcufinder\mcu\cube-finder-db.db)
2024-09-22 16:48:08,669 [INFO] ApiDb:668 - CubeFinder database Data Model version=2.1
2024-09-22 16:48:08,669 [INFO] ApiDb:669 - CubeFinder database Configuration version=3.0.39
2024-09-22 16:48:08,670 [INFO] ApiDb:670 - CubeFinder database generation date=2024-06-20 (1718880634)
2024-09-22 16:48:08,671 [INFO] ApiDb:671 - CubeFinder database FW Pack versions=[FP-ATR-ASTRA1_V2.0.0, FP-SNS-FLIGHT1_V5.0.2, FP-SNS-MOTENV1_V5.0.0, FP-SNS-MOTENVWB1_V1.4.0, FP-SNS-SMARTAG2_V1.2.0, STM32Cube_FW_C0_V1.2.0, STM32Cube_FW_F4_V1.28.0, STM32Cube_FW_F7_V1.17.2, STM32Cube_FW_G0_V1.6.2, STM32Cube_FW_G4_V1.6.0, STM32Cube_FW_H5_V1.3.0, STM32Cube_FW_H7RS_V1.1.0, STM32Cube_FW_H7_V1.11.2, STM32Cube_FW_L0_V1.12.2, STM32Cube_FW_L5_V1.5.1, STM32Cube_FW_U0_V1.1.0, STM32Cube_FW_U5_V1.6.0, STM32Cube_FW_WB0_V1.0.0, STM32Cube_FW_WBA_V1.4.0, STM32Cube_FW_WB_V1.20.0, STM32Cube_FW_WL_V1.3.0, X-CUBE-ALGOBUILD_V1.4.0, X-CUBE-ALS_V1.0.2, X-CUBE-AZRTOS-F4_V1.1.0, X-CUBE-AZRTOS-F7_V1.1.0, X-CUBE-AZRTOS-G0_V1.1.0, X-CUBE-AZRTOS-G4_V2.0.0, X-CUBE-AZRTOS-H7RS_V1.0.0, X-CUBE-AZRTOS-H7_V3.2.0, X-CUBE-AZRTOS-L4_V2.0.0, X-CUBE-AZRTOS-L5_V1.1.0, X-CUBE-AZRTOS-WB_V2.0.0, X-CUBE-AZRTOS-WL_V2.0.0, X-CUBE-BLE1_V7.0.0, X-CUBE-BLE2_V3.3.0, X-CUBE-BLEMGR_V3.1.0, X-CUBE-EEPRMA1_V5.1.0, X-CUBE-FREERTOS_V1.2.0, X-CUBE-GNSS1_V6.0.0, X-CUBE-MEMS1_V10.0.0, X-CUBE-NFC4_V3.0.0, X-CUBE-NFC7_V1.0.1, X-CUBE-SFXS2LP1_V4.0.0, X-CUBE-SUBG2_V5.0.0, X-CUBE-TOF1_V3.4.1]
2024-09-22 16:48:08,842 [INFO] DbBoardsSqlite:226 - include board P-NUCLEO-WB55-NUCLEO as a kit item of type 'Nucleo-64'
2024-09-22 16:48:08,842 [INFO] DbBoardsSqlite:226 - include board P-NUCLEO-WB55-USBDONGLE as a kit item of type 'Nucleo USB Dongle'
2024-09-22 16:48:08,846 [INFO] DbBoardsSqlite:226 - include board STEVAL-IDP005V1 as a kit item of type 'Evaluation Board'
2024-09-22 16:48:08,846 [INFO] DbBoardsSqlite:226 - include board STEVAL-IDP005V2 as a kit item of type 'Evaluation Board'
2024-09-22 16:48:09,251 [INFO] ApiDb:240 - Found 646 in-development CPN: [B-G473E-ZEST1S, B-WB1M-WPAN1, B-WL5M-SUBG1, NUCLEO-C031C6, NUCLEO-C071RB, NUCLEO-H503RB, NUCLEO-H533RE, NUCLEO-H563ZI, NUCLEO-H7S3L8, NUCLEO-U031R8, NUCLEO-U083RC, NUCLEO-U545RE-Q, NUCLEO-U5A5ZJ-Q, NUCLEO-WB05KZ, NUCLEO-WB07CC, NUCLEO-WB09KE, NUCLEO-WBA52CG, NUCLEO-WBA55CG, STEVAL-PROTEUS1, STEVAL-SMARTAG2, STEVAL-STWINBX1, STM320518-EVAL, STM32C0116-DK, STM32C011D6Y3TR, STM32C011D6Y6TR, STM32C011F4P3, STM32C011F4P6, STM32C011F4U3, STM32C011F4U6TR, STM32C011F6P3, STM32C011F6P6, STM32C011F6U3, STM32C011F6U6TR, STM32C011J4M3, STM32C011J4M6, STM32C011J6M3, STM32C011J6M6, STM32C0316-DK, STM32C031C4T3, STM32C031C4T6, STM32C031C4U3, STM32C031C4U6, STM32C031C6T3, STM32C031C6T6, STM32C031C6U3, STM32C031C6U6, STM32C031F4P3, STM32C031F4P6, STM32C031F6P3, STM32C031F6P6, STM32C031G4U3, STM32C031G4U6, STM32C031G6U3, STM32C031G6U6, STM32C031K4T3, STM32C031K4T6, STM32C031K4U3, STM32C031K4U6, STM32C031K6T3, STM32C031K6T6, STM32C031K6U3, STM32C031K6U6, STM32C071C8T6, STM32C071C8T6N, STM32C071C8U6, STM32C071C8U6N, STM32C071CBT6, STM32C071CBT6N, STM32C071CBU6, STM32C071CBU6N, STM32C071F8P6, STM32C071F8P6N, STM32C071FBP6, STM32C071FBP6N, STM32C071FBY6TR, STM32C071G8U6, STM32C071G8U6N, STM32C071GBU6, STM32C071GBU6N, STM32C071K8T6, STM32C071K8T6N, STM32C071K8U6, STM32C071K8U6N, STM32C071KBT6, STM32C071KBT6N, STM32C071KBU6, STM32C071KBU6N, STM32C071R8T6, STM32C071R8T6N, STM32C071RBI6N, STM32C071RBT6, STM32C071RBT6N, STM32G071K8TXN, STM32G071K8UXN, STM32G081GBU6N, STM32G081KBT6N, STM32G081KBUXN, STM32G0B1CCT6N, STM32G0B1KCT6, STM32G0B1NEY6TR, STM32G0B1RCT6N, STM32G0C1CCT6, STM32G0C1CCT6N, STM32G0C1CCU6N, STM32G0C1CET6N, STM32G0C1CEU6N, STM32G0C1KCT6, STM32G0C1NEY6TR, STM32G0C1RCI6N, STM32G0C1RCT6N, STM32G0C1REI6N, STM32G0C1RET6N, STM32G0C1VCI6, STM32G0C1VEI6, STM32G411C6T3, STM32G411C6T6, STM32G411C6U3, STM32G411C6U6, STM32G411C8T3, STM32G411C8T6, STM32G411C8U3, STM32G411C8U6, STM32G411CBT3, STM32G411CBT6, STM32G411CBU3, STM32G411CBU6, STM32G411K6T3, STM32G411K6T6, STM32G411K6U3, STM32G411K6U6, STM32G411K8T3, STM32G411K8T6, STM32G411K8U3, STM32G411K8U6, STM32G411KBT3, STM32G411KBT6, STM32G411KBU3, STM32G411KBU6, STM32G411M6T3, STM32G411M6T6, STM32G411M8T3, STM32G411M8T6, STM32G411MBT3, STM32G411MBT6, STM32G411R6T3, STM32G411R6T6, STM32G411R8T3, STM32G411R8T6, STM32G411RBT3, STM32G411RBT6, STM32G414CBT3, STM32G414CBT6, STM32G414CBU3, STM32G414CBU6, STM32G414CCT3, STM32G414CCT6, STM32G414CCU3, STM32G414CCU6, STM32G414MBT3, STM32G414MBT6, STM32G414MCT3, STM32G414MCT6, STM32G414RBT3, STM32G414RBT6, STM32G414RCT3, STM32G414RCT6, STM32G414VBT3, STM32G414VBT6, STM32G414VCT3, STM32G414VCT6, STM32G431CBT3Z, STM32G431RBT3Z, STM32G471CCT6, STM32G471CCU6, STM32G471CET3, STM32G471CET6, STM32G471CEU3, STM32G471CEU6, STM32G471MCT6, STM32G471MET3, STM32G471MET6, STM32G471MEY6TR, STM32G471QCT6, STM32G471QET3, STM32G471RCT6, STM32G471RET3, STM32G471RET6, STM32G471VCH6, STM32G471VCI6, STM32G471VCT6, STM32G471VEH3, STM32G471VEH6, STM32G471VEI3, STM32G471VEI6, STM32G471VET3, STM32G471VET6, STM32G473QET3Z, STM32G473RET3Z, STM32G474CCT6, STM32G491RET3Z, STM32H503CBT6, STM32H503CBU6, STM32H503EBY6TR, STM32H503KBU6, STM32H503RBT6, STM32H523CCT6, STM32H523CCU6, STM32H523CET6, STM32H523CEU6, STM32H523HEY6TR, STM32H523RCT6, STM32H523RET6, STM32H523VCI6, STM32H523VCT6, STM32H523VEI6, STM32H523VET6, STM32H523ZCJ6, STM32H523ZCT6, STM32H523ZEJ6, STM32H523ZET6, STM32H533CET6, STM32H533CEU6, STM32H533HEY6TR, STM32H533RET6, STM32H533VEI6, STM32H533VET6, STM32H533ZEJ6, STM32H533ZET6, STM32H562AGI6, STM32H562AII6, STM32H562IGK6, STM32H562IGT6, STM32H562IIK6, STM32H562IIT6, STM32H562RGT6, STM32H562RGV6, STM32H562RIT6, STM32H562RIV6, STM32H562VGT6, STM32H562VIT6, STM32H562ZGT6, STM32H562ZIT6, STM32H563AGI6, STM32H563AII3Q, STM32H563AII6, STM32H563IGK6, STM32H563IGT6, STM32H563IIK3Q, STM32H563IIK6, STM32H563IIT3Q, STM32H563IIT6, STM32H563MIY3QTR, STM32H563RGT6, STM32H563RGV6, STM32H563RIT6, STM32H563RIV6, STM32H563VGT6, STM32H563VIT3Q, STM32H563VIT6, STM32H563ZGT6, STM32H563ZIT3Q, STM32H563ZIT6, STM32H573AII3Q, STM32H573AII6, STM32H573I-DK, STM32H573IIK3Q, STM32H573IIK6, STM32H573IIT3Q, STM32H573IIT6, STM32H573MIY3QTR, STM32H573RIT6, STM32H573RIV6, STM32H573VIT3Q, STM32H573VIT6, STM32H573ZIT3Q, STM32H573ZIT6, STM32H7R3A8I6, STM32H7R3I8K6, STM32H7R3I8T6, STM32H7R3L8H6, STM32H7R3L8H6H, STM32H7R3R8V6, STM32H7R3V8H6, STM32H7R3V8T6, STM32H7R3V8Y6TR, STM32H7R3Z8J6, STM32H7R3Z8T6, STM32H7R7A8I6, STM32H7R7I8K6, STM32H7R7I8T6, STM32H7R7L8H6, STM32H7R7L8H6H, STM32H7R7Z8J6, STM32H7S3A8I6, STM32H7S3I8K6, STM32H7S3I8T6, STM32H7S3L8H6, STM32H7S3L8H6H, STM32H7S3R8V6, STM32H7S3V8H6, STM32H7S3V8T6, STM32H7S3V8Y6TR, STM32H7S3Z8J6, STM32H7S3Z8T6, STM32H7S78-DK, STM32H7S7A8I6, STM32H7S7I8K6, STM32H7S7I8T6, STM32H7S7L8H6, STM32H7S7L8H6H, STM32H7S7Z8J6, STM32L4R5QGI6STR, STM32MP131AAE3, STM32MP131AAF3, STM32MP131AAG3, STM32MP131CAE3, STM32MP131CAF3, STM32MP131CAG3, STM32MP131DAE7, STM32MP131DAF7, STM32MP131DAG7, STM32MP131FAE7, STM32MP131FAF7, STM32MP131FAG7, STM32MP133AAE3, STM32MP133AAF3, STM32MP133AAG3, STM32MP133CAE3, STM32MP133CAF3, STM32MP133CAG3, STM32MP133DAE7, STM32MP133DAF7, STM32MP133DAG7, STM32MP133FAE7, STM32MP133FAF7, STM32MP133FAG7, STM32MP135AAE3, STM32MP135AAF3, STM32MP135AAG3, STM32MP135CAE3, STM32MP135CAF3, STM32MP135CAG3, STM32MP135DAE7, STM32MP135DAF7, STM32MP135DAG7, STM32MP135F-DK, STM32MP135FAE7, STM32MP135FAF7, STM32MP135FAF7T, STM32MP135FAF7U, STM32MP135FAG7, STM32MP251AAI3, STM32MP251AAK3, STM32MP251AAL3, STM32MP251CAI3, STM32MP251CAK3, STM32MP251CAL3, STM32MP251DAI3, STM32MP251DAK3, STM32MP251DAL3, STM32MP251FAI3, STM32MP251FAK3, STM32MP251FAL3, STM32MP253AAI3, STM32MP253AAK3, STM32MP253AAL3, STM32MP253CAI3, STM32MP253CAK3, STM32MP253CAL3, STM32MP253DAI3, STM32MP253DAK3, STM32MP253DAL3, STM32MP253FAI3, STM32MP253FAK3, STM32MP253FAL3, STM32MP255AAI3, STM32MP255AAK3, STM32MP255AAL3, STM32MP255CAI3, STM32MP255CAK3, STM32MP255CAL3, STM32MP255DAI3, STM32MP255DAK3, STM32MP255DAL3, STM32MP255FAI3, STM32MP255FAK3, STM32MP255FAL3, STM32MP257AAI3, STM32MP257AAK3, STM32MP257AAL3, STM32MP257CAI3, STM32MP257CAK3, STM32MP257CAL3, STM32MP257DAI3, STM32MP257DAK3, STM32MP257DAL3, STM32MP257F-DK, STM32MP257F-EV1, STM32MP257FAI3, STM32MP257FAK3, STM32MP257FAL3, STM32U031C6T6, STM32U031C6U6, STM32U031C8T6, STM32U031C8U6, STM32U031F4P6, STM32U031F6P6, STM32U031F8P6, STM32U031G6Y6TR, STM32U031G8Y6TR, STM32U031K4U6, STM32U031K6U6, STM32U031K8U6, STM32U031R6I6, STM32U031R6T6, STM32U031R8I6, STM32U031R8T6, STM32U073C8T6, STM32U073C8U6, STM32U073CBT6, STM32U073CBU6, STM32U073CCT6, STM32U073CCU6, STM32U073H8Y6TR, STM32U073HBY6TR, STM32U073HCY6TR, STM32U073K8U6, STM32U073KBU6, STM32U073KCU6, STM32U073M8I6, STM32U073M8T6, STM32U073MBI6, STM32U073MBT6, STM32U073MCI6, STM32U073MCT6, STM32U073R8I6, STM32U073R8T6, STM32U073RBI6, STM32U073RBT6, STM32U073RCI6, STM32U073RCT6, STM32U083C-DK, STM32U083CCT6, STM32U083CCU6, STM32U083HCY6TR, STM32U083KCU6, STM32U083MCI6, STM32U083MCT6, STM32U083RCI6, STM32U083RCT6, STM32U535CBT6, STM32U535CBT6Q, STM32U535CBU6, STM32U535CBU6Q, STM32U535CCT6, STM32U535CCT6Q, STM32U535CCU6, STM32U535CCU6Q, STM32U535CET6, STM32U535CET6Q, STM32U535CEU6, STM32U535CEU6Q, STM32U535JEY6QTR, STM32U535NCY6QTR, STM32U535NEY6QTR, STM32U535RBI6, STM32U535RBI6Q, STM32U535RBT6, STM32U535RBT6Q, STM32U535RCI6, STM32U535RCI6Q, STM32U535RCT6, STM32U535RCT6Q, STM32U535REI6, STM32U535REI6Q, STM32U535RET6, STM32U535RET6Q, STM32U535VCI6, STM32U535VCI6Q, STM32U535VCT6, STM32U535VCT6Q, STM32U535VEI6, STM32U535VEI6Q, STM32U535VET6, STM32U535VET6Q, STM32U545CET6, STM32U545CET6Q, STM32U545CEU6, STM32U545CEU6Q, STM32U545JEY6QTR, STM32U545NEY6QTR, STM32U545REI6, STM32U545REI6Q, STM32U545RET6, STM32U545RET6Q, STM32U545VEI6, STM32U545VEI6Q, STM32U545VET6, STM32U545VET6Q, STM32U595AIH6, STM32U595AIH6Q, STM32U595AJH6, STM32U595AJH6Q, STM32U595QII6, STM32U595QII6Q, STM32U595QJI6, STM32U595QJI6Q, STM32U595RIT6, STM32U595RIT6Q, STM32U595RJT6, STM32U595RJT6Q, STM32U595VIT6, STM32U595VIT6Q, STM32U595VJT6, STM32U595VJT6Q, STM32U595ZIT6, STM32U595ZIT6Q, STM32U595ZIY6QTR, STM32U595ZJT6, STM32U595ZJT6Q, STM32U595ZJY6QTR, STM32U599BJY6QTR, STM32U599NIH6Q, STM32U599NJH6Q, STM32U599VIT6Q, STM32U599VJT6, STM32U599VJT6Q, STM32U599ZIT6Q, STM32U599ZIY6QTR, STM32U599ZJT6Q, STM32U599ZJY6QTR, STM32U5A5AJH6, STM32U5A5AJH6Q, STM32U5A5QII3Q , STM32U5A5QJI6, STM32U5A5QJI6Q, STM32U5A5RJT6, STM32U5A5RJT6Q, STM32U5A5VJT6, STM32U5A5VJT6Q, STM32U5A5ZJT6, STM32U5A5ZJT6Q, STM32U5A5ZJY6QTR, STM32U5A9BJY6QTR, STM32U5A9J-DK, STM32U5A9NJH6Q, STM32U5A9VJT6Q, STM32U5A9ZJT6Q, STM32U5A9ZJY6QTR, STM32U5F7VIT6, STM32U5F7VIT6Q, STM32U5F7VJT6, STM32U5F7VJT6Q, STM32U5F9BJY6QTR, STM32U5F9NJH6Q, STM32U5F9VIT6Q, STM32U5F9VJT6Q, STM32U5F9ZIJ6QTR, STM32U5F9ZIT6Q, STM32U5F9ZJJ6QTR, STM32U5F9ZJT6Q, STM32U5G7VJT6, STM32U5G7VJT6Q, STM32U5G9BJY6QTR, STM32U5G9J-DK1, STM32U5G9J-DK2, STM32U5G9NJH6Q, STM32U5G9VJT6Q, STM32U5G9ZJJ6QTR, STM32U5G9ZJT6Q, STM32WB05KZV6TR, STM32WB05KZV7TR, STM32WB05TZF6TR, STM32WB05TZF7TR, STM32WB06CCF6TR, STM32WB06CCF7TR, STM32WB06CCV6TR, STM32WB06CCV7TR, STM32WB06KCV6TR, STM32WB06KCV7TR, STM32WB07CCF6TR, STM32WB07CCF7TR, STM32WB07CCV6TR, STM32WB07CCV7TR, STM32WB07KCV6TR, STM32WB07KCV7TR, STM32WB09KEV6TR, STM32WB09KEV7TR, STM32WB09TEF6TR, STM32WB09TEF7TR, STM32WB1MMCH6, STM32WBA50KGU6, STM32WBA50KGU6TR, STM32WBA52CEU6, STM32WBA52CEU6TR, STM32WBA52CEU7, STM32WBA52CEU7TR, STM32WBA52CGU6, STM32WBA52CGU6TR, STM32WBA52CGU6U, STM32WBA52CGU7, STM32WBA52CGU7TR, STM32WBA52KEU6, STM32WBA52KEU6TR, STM32WBA52KGU6, STM32WBA52KGU6TR, STM32WBA54CEU6, STM32WBA54CEU6TR, STM32WBA54CEU7, STM32WBA54CEU7TR, STM32WBA54CGU6, STM32WBA54CGU6TR, STM32WBA54CGU7, STM32WBA54CGU7TR, STM32WBA54KEU6, STM32WBA54KEU6TR, STM32WBA54KEU7, STM32WBA54KEU7TR, STM32WBA54KGU6, STM32WBA54KGU6TR, STM32WBA54KGU7, STM32WBA54KGU7TR, STM32WBA55CEU6, STM32WBA55CEU6TR, STM32WBA55CEU7, STM32WBA55CEU7TR, STM32WBA55CGU6, STM32WBA55CGU6TR, STM32WBA55CGU6U, STM32WBA55CGU7, STM32WBA55CGU7TR, STM32WBA55G-DK1, STM32WBA55HEF6, STM32WBA55HEF7, STM32WBA55HGF6, STM32WBA55HGF7, STM32WBA55UEI6, STM32WBA55UEI6TR, STM32WBA55UEI7, STM32WBA55UEI7TR, STM32WBA55UGI6, STM32WBA55UGI6TR, STM32WBA55UGI7, STM32WBA55UGI7TR, STM32WL5MOCH6, STM32WL5MOCH6TR]
2024-09-22 16:48:09,437 [INFO] BoardInfo:889 - No configuration file found for board P-NUCLEO-WB55
2024-09-22 16:48:09,437 [INFO] DbBoards:161 - Kit is not supported: P-NUCLEO-WB55
2024-09-22 16:48:09,443 [INFO] BoardInfo:889 - No configuration file found for board STEVAL-BFA001V1B
2024-09-22 16:48:09,444 [INFO] DbBoards:161 - Kit is not supported: STEVAL-BFA001V1B
2024-09-22 16:48:09,445 [INFO] BoardInfo:889 - No configuration file found for board STEVAL-BFA001V2B
2024-09-22 16:48:09,446 [INFO] DbBoards:161 - Kit is not supported: STEVAL-BFA001V2B
2024-09-22 16:48:09,673 [INFO] DbBoards:168 - Found 201 boards, 198 are supported
2024-09-22 16:48:09,673 [INFO] DbBoards:169 - Found 201 boards, 25 of them is supported for  Bsp
2024-09-22 16:48:09,677 [INFO] ApiDb:668 - CubeFinder database Data Model version=2.1
2024-09-22 16:48:09,677 [INFO] ApiDb:669 - CubeFinder database Configuration version=3.0.39
2024-09-22 16:48:09,677 [INFO] ApiDb:670 - CubeFinder database generation date=2024-06-20 (1718880634)
2024-09-22 16:48:09,677 [INFO] ApiDb:671 - CubeFinder database FW Pack versions=[FP-ATR-ASTRA1_V2.0.0, FP-SNS-FLIGHT1_V5.0.2, FP-SNS-MOTENV1_V5.0.0, FP-SNS-MOTENVWB1_V1.4.0, FP-SNS-SMARTAG2_V1.2.0, STM32Cube_FW_C0_V1.2.0, STM32Cube_FW_F4_V1.28.0, STM32Cube_FW_F7_V1.17.2, STM32Cube_FW_G0_V1.6.2, STM32Cube_FW_G4_V1.6.0, STM32Cube_FW_H5_V1.3.0, STM32Cube_FW_H7RS_V1.1.0, STM32Cube_FW_H7_V1.11.2, STM32Cube_FW_L0_V1.12.2, STM32Cube_FW_L5_V1.5.1, STM32Cube_FW_U0_V1.1.0, STM32Cube_FW_U5_V1.6.0, STM32Cube_FW_WB0_V1.0.0, STM32Cube_FW_WBA_V1.4.0, STM32Cube_FW_WB_V1.20.0, STM32Cube_FW_WL_V1.3.0, X-CUBE-ALGOBUILD_V1.4.0, X-CUBE-ALS_V1.0.2, X-CUBE-AZRTOS-F4_V1.1.0, X-CUBE-AZRTOS-F7_V1.1.0, X-CUBE-AZRTOS-G0_V1.1.0, X-CUBE-AZRTOS-G4_V2.0.0, X-CUBE-AZRTOS-H7RS_V1.0.0, X-CUBE-AZRTOS-H7_V3.2.0, X-CUBE-AZRTOS-L4_V2.0.0, X-CUBE-AZRTOS-L5_V1.1.0, X-CUBE-AZRTOS-WB_V2.0.0, X-CUBE-AZRTOS-WL_V2.0.0, X-CUBE-BLE1_V7.0.0, X-CUBE-BLE2_V3.3.0, X-CUBE-BLEMGR_V3.1.0, X-CUBE-EEPRMA1_V5.1.0, X-CUBE-FREERTOS_V1.2.0, X-CUBE-GNSS1_V6.0.0, X-CUBE-MEMS1_V10.0.0, X-CUBE-NFC4_V3.0.0, X-CUBE-NFC7_V1.0.1, X-CUBE-SFXS2LP1_V4.0.0, X-CUBE-SUBG2_V5.0.0, X-CUBE-TOF1_V3.4.1]
2024-09-22 16:48:12,165 [INFO] ApiDb:240 - Found 646 in-development CPN: [B-G473E-ZEST1S, B-WB1M-WPAN1, B-WL5M-SUBG1, NUCLEO-C031C6, NUCLEO-C071RB, NUCLEO-H503RB, NUCLEO-H533RE, NUCLEO-H563ZI, NUCLEO-H7S3L8, NUCLEO-U031R8, NUCLEO-U083RC, NUCLEO-U545RE-Q, NUCLEO-U5A5ZJ-Q, NUCLEO-WB05KZ, NUCLEO-WB07CC, NUCLEO-WB09KE, NUCLEO-WBA52CG, NUCLEO-WBA55CG, STEVAL-PROTEUS1, STEVAL-SMARTAG2, STEVAL-STWINBX1, STM320518-EVAL, STM32C0116-DK, STM32C011D6Y3TR, STM32C011D6Y6TR, STM32C011F4P3, STM32C011F4P6, STM32C011F4U3, STM32C011F4U6TR, STM32C011F6P3, STM32C011F6P6, STM32C011F6U3, STM32C011F6U6TR, STM32C011J4M3, STM32C011J4M6, STM32C011J6M3, STM32C011J6M6, STM32C0316-DK, STM32C031C4T3, STM32C031C4T6, STM32C031C4U3, STM32C031C4U6, STM32C031C6T3, STM32C031C6T6, STM32C031C6U3, STM32C031C6U6, STM32C031F4P3, STM32C031F4P6, STM32C031F6P3, STM32C031F6P6, STM32C031G4U3, STM32C031G4U6, STM32C031G6U3, STM32C031G6U6, STM32C031K4T3, STM32C031K4T6, STM32C031K4U3, STM32C031K4U6, STM32C031K6T3, STM32C031K6T6, STM32C031K6U3, STM32C031K6U6, STM32C071C8T6, STM32C071C8T6N, STM32C071C8U6, STM32C071C8U6N, STM32C071CBT6, STM32C071CBT6N, STM32C071CBU6, STM32C071CBU6N, STM32C071F8P6, STM32C071F8P6N, STM32C071FBP6, STM32C071FBP6N, STM32C071FBY6TR, STM32C071G8U6, STM32C071G8U6N, STM32C071GBU6, STM32C071GBU6N, STM32C071K8T6, STM32C071K8T6N, STM32C071K8U6, STM32C071K8U6N, STM32C071KBT6, STM32C071KBT6N, STM32C071KBU6, STM32C071KBU6N, STM32C071R8T6, STM32C071R8T6N, STM32C071RBI6N, STM32C071RBT6, STM32C071RBT6N, STM32G071K8TXN, STM32G071K8UXN, STM32G081GBU6N, STM32G081KBT6N, STM32G081KBUXN, STM32G0B1CCT6N, STM32G0B1KCT6, STM32G0B1NEY6TR, STM32G0B1RCT6N, STM32G0C1CCT6, STM32G0C1CCT6N, STM32G0C1CCU6N, STM32G0C1CET6N, STM32G0C1CEU6N, STM32G0C1KCT6, STM32G0C1NEY6TR, STM32G0C1RCI6N, STM32G0C1RCT6N, STM32G0C1REI6N, STM32G0C1RET6N, STM32G0C1VCI6, STM32G0C1VEI6, STM32G411C6T3, STM32G411C6T6, STM32G411C6U3, STM32G411C6U6, STM32G411C8T3, STM32G411C8T6, STM32G411C8U3, STM32G411C8U6, STM32G411CBT3, STM32G411CBT6, STM32G411CBU3, STM32G411CBU6, STM32G411K6T3, STM32G411K6T6, STM32G411K6U3, STM32G411K6U6, STM32G411K8T3, STM32G411K8T6, STM32G411K8U3, STM32G411K8U6, STM32G411KBT3, STM32G411KBT6, STM32G411KBU3, STM32G411KBU6, STM32G411M6T3, STM32G411M6T6, STM32G411M8T3, STM32G411M8T6, STM32G411MBT3, STM32G411MBT6, STM32G411R6T3, STM32G411R6T6, STM32G411R8T3, STM32G411R8T6, STM32G411RBT3, STM32G411RBT6, STM32G414CBT3, STM32G414CBT6, STM32G414CBU3, STM32G414CBU6, STM32G414CCT3, STM32G414CCT6, STM32G414CCU3, STM32G414CCU6, STM32G414MBT3, STM32G414MBT6, STM32G414MCT3, STM32G414MCT6, STM32G414RBT3, STM32G414RBT6, STM32G414RCT3, STM32G414RCT6, STM32G414VBT3, STM32G414VBT6, STM32G414VCT3, STM32G414VCT6, STM32G431CBT3Z, STM32G431RBT3Z, STM32G471CCT6, STM32G471CCU6, STM32G471CET3, STM32G471CET6, STM32G471CEU3, STM32G471CEU6, STM32G471MCT6, STM32G471MET3, STM32G471MET6, STM32G471MEY6TR, STM32G471QCT6, STM32G471QET3, STM32G471RCT6, STM32G471RET3, STM32G471RET6, STM32G471VCH6, STM32G471VCI6, STM32G471VCT6, STM32G471VEH3, STM32G471VEH6, STM32G471VEI3, STM32G471VEI6, STM32G471VET3, STM32G471VET6, STM32G473QET3Z, STM32G473RET3Z, STM32G474CCT6, STM32G491RET3Z, STM32H503CBT6, STM32H503CBU6, STM32H503EBY6TR, STM32H503KBU6, STM32H503RBT6, STM32H523CCT6, STM32H523CCU6, STM32H523CET6, STM32H523CEU6, STM32H523HEY6TR, STM32H523RCT6, STM32H523RET6, STM32H523VCI6, STM32H523VCT6, STM32H523VEI6, STM32H523VET6, STM32H523ZCJ6, STM32H523ZCT6, STM32H523ZEJ6, STM32H523ZET6, STM32H533CET6, STM32H533CEU6, STM32H533HEY6TR, STM32H533RET6, STM32H533VEI6, STM32H533VET6, STM32H533ZEJ6, STM32H533ZET6, STM32H562AGI6, STM32H562AII6, STM32H562IGK6, STM32H562IGT6, STM32H562IIK6, STM32H562IIT6, STM32H562RGT6, STM32H562RGV6, STM32H562RIT6, STM32H562RIV6, STM32H562VGT6, STM32H562VIT6, STM32H562ZGT6, STM32H562ZIT6, STM32H563AGI6, STM32H563AII3Q, STM32H563AII6, STM32H563IGK6, STM32H563IGT6, STM32H563IIK3Q, STM32H563IIK6, STM32H563IIT3Q, STM32H563IIT6, STM32H563MIY3QTR, STM32H563RGT6, STM32H563RGV6, STM32H563RIT6, STM32H563RIV6, STM32H563VGT6, STM32H563VIT3Q, STM32H563VIT6, STM32H563ZGT6, STM32H563ZIT3Q, STM32H563ZIT6, STM32H573AII3Q, STM32H573AII6, STM32H573I-DK, STM32H573IIK3Q, STM32H573IIK6, STM32H573IIT3Q, STM32H573IIT6, STM32H573MIY3QTR, STM32H573RIT6, STM32H573RIV6, STM32H573VIT3Q, STM32H573VIT6, STM32H573ZIT3Q, STM32H573ZIT6, STM32H7R3A8I6, STM32H7R3I8K6, STM32H7R3I8T6, STM32H7R3L8H6, STM32H7R3L8H6H, STM32H7R3R8V6, STM32H7R3V8H6, STM32H7R3V8T6, STM32H7R3V8Y6TR, STM32H7R3Z8J6, STM32H7R3Z8T6, STM32H7R7A8I6, STM32H7R7I8K6, STM32H7R7I8T6, STM32H7R7L8H6, STM32H7R7L8H6H, STM32H7R7Z8J6, STM32H7S3A8I6, STM32H7S3I8K6, STM32H7S3I8T6, STM32H7S3L8H6, STM32H7S3L8H6H, STM32H7S3R8V6, STM32H7S3V8H6, STM32H7S3V8T6, STM32H7S3V8Y6TR, STM32H7S3Z8J6, STM32H7S3Z8T6, STM32H7S78-DK, STM32H7S7A8I6, STM32H7S7I8K6, STM32H7S7I8T6, STM32H7S7L8H6, STM32H7S7L8H6H, STM32H7S7Z8J6, STM32L4R5QGI6STR, STM32MP131AAE3, STM32MP131AAF3, STM32MP131AAG3, STM32MP131CAE3, STM32MP131CAF3, STM32MP131CAG3, STM32MP131DAE7, STM32MP131DAF7, STM32MP131DAG7, STM32MP131FAE7, STM32MP131FAF7, STM32MP131FAG7, STM32MP133AAE3, STM32MP133AAF3, STM32MP133AAG3, STM32MP133CAE3, STM32MP133CAF3, STM32MP133CAG3, STM32MP133DAE7, STM32MP133DAF7, STM32MP133DAG7, STM32MP133FAE7, STM32MP133FAF7, STM32MP133FAG7, STM32MP135AAE3, STM32MP135AAF3, STM32MP135AAG3, STM32MP135CAE3, STM32MP135CAF3, STM32MP135CAG3, STM32MP135DAE7, STM32MP135DAF7, STM32MP135DAG7, STM32MP135F-DK, STM32MP135FAE7, STM32MP135FAF7, STM32MP135FAF7T, STM32MP135FAF7U, STM32MP135FAG7, STM32MP251AAI3, STM32MP251AAK3, STM32MP251AAL3, STM32MP251CAI3, STM32MP251CAK3, STM32MP251CAL3, STM32MP251DAI3, STM32MP251DAK3, STM32MP251DAL3, STM32MP251FAI3, STM32MP251FAK3, STM32MP251FAL3, STM32MP253AAI3, STM32MP253AAK3, STM32MP253AAL3, STM32MP253CAI3, STM32MP253CAK3, STM32MP253CAL3, STM32MP253DAI3, STM32MP253DAK3, STM32MP253DAL3, STM32MP253FAI3, STM32MP253FAK3, STM32MP253FAL3, STM32MP255AAI3, STM32MP255AAK3, STM32MP255AAL3, STM32MP255CAI3, STM32MP255CAK3, STM32MP255CAL3, STM32MP255DAI3, STM32MP255DAK3, STM32MP255DAL3, STM32MP255FAI3, STM32MP255FAK3, STM32MP255FAL3, STM32MP257AAI3, STM32MP257AAK3, STM32MP257AAL3, STM32MP257CAI3, STM32MP257CAK3, STM32MP257CAL3, STM32MP257DAI3, STM32MP257DAK3, STM32MP257DAL3, STM32MP257F-DK, STM32MP257F-EV1, STM32MP257FAI3, STM32MP257FAK3, STM32MP257FAL3, STM32U031C6T6, STM32U031C6U6, STM32U031C8T6, STM32U031C8U6, STM32U031F4P6, STM32U031F6P6, STM32U031F8P6, STM32U031G6Y6TR, STM32U031G8Y6TR, STM32U031K4U6, STM32U031K6U6, STM32U031K8U6, STM32U031R6I6, STM32U031R6T6, STM32U031R8I6, STM32U031R8T6, STM32U073C8T6, STM32U073C8U6, STM32U073CBT6, STM32U073CBU6, STM32U073CCT6, STM32U073CCU6, STM32U073H8Y6TR, STM32U073HBY6TR, STM32U073HCY6TR, STM32U073K8U6, STM32U073KBU6, STM32U073KCU6, STM32U073M8I6, STM32U073M8T6, STM32U073MBI6, STM32U073MBT6, STM32U073MCI6, STM32U073MCT6, STM32U073R8I6, STM32U073R8T6, STM32U073RBI6, STM32U073RBT6, STM32U073RCI6, STM32U073RCT6, STM32U083C-DK, STM32U083CCT6, STM32U083CCU6, STM32U083HCY6TR, STM32U083KCU6, STM32U083MCI6, STM32U083MCT6, STM32U083RCI6, STM32U083RCT6, STM32U535CBT6, STM32U535CBT6Q, STM32U535CBU6, STM32U535CBU6Q, STM32U535CCT6, STM32U535CCT6Q, STM32U535CCU6, STM32U535CCU6Q, STM32U535CET6, STM32U535CET6Q, STM32U535CEU6, STM32U535CEU6Q, STM32U535JEY6QTR, STM32U535NCY6QTR, STM32U535NEY6QTR, STM32U535RBI6, STM32U535RBI6Q, STM32U535RBT6, STM32U535RBT6Q, STM32U535RCI6, STM32U535RCI6Q, STM32U535RCT6, STM32U535RCT6Q, STM32U535REI6, STM32U535REI6Q, STM32U535RET6, STM32U535RET6Q, STM32U535VCI6, STM32U535VCI6Q, STM32U535VCT6, STM32U535VCT6Q, STM32U535VEI6, STM32U535VEI6Q, STM32U535VET6, STM32U535VET6Q, STM32U545CET6, STM32U545CET6Q, STM32U545CEU6, STM32U545CEU6Q, STM32U545JEY6QTR, STM32U545NEY6QTR, STM32U545REI6, STM32U545REI6Q, STM32U545RET6, STM32U545RET6Q, STM32U545VEI6, STM32U545VEI6Q, STM32U545VET6, STM32U545VET6Q, STM32U595AIH6, STM32U595AIH6Q, STM32U595AJH6, STM32U595AJH6Q, STM32U595QII6, STM32U595QII6Q, STM32U595QJI6, STM32U595QJI6Q, STM32U595RIT6, STM32U595RIT6Q, STM32U595RJT6, STM32U595RJT6Q, STM32U595VIT6, STM32U595VIT6Q, STM32U595VJT6, STM32U595VJT6Q, STM32U595ZIT6, STM32U595ZIT6Q, STM32U595ZIY6QTR, STM32U595ZJT6, STM32U595ZJT6Q, STM32U595ZJY6QTR, STM32U599BJY6QTR, STM32U599NIH6Q, STM32U599NJH6Q, STM32U599VIT6Q, STM32U599VJT6, STM32U599VJT6Q, STM32U599ZIT6Q, STM32U599ZIY6QTR, STM32U599ZJT6Q, STM32U599ZJY6QTR, STM32U5A5AJH6, STM32U5A5AJH6Q, STM32U5A5QII3Q , STM32U5A5QJI6, STM32U5A5QJI6Q, STM32U5A5RJT6, STM32U5A5RJT6Q, STM32U5A5VJT6, STM32U5A5VJT6Q, STM32U5A5ZJT6, STM32U5A5ZJT6Q, STM32U5A5ZJY6QTR, STM32U5A9BJY6QTR, STM32U5A9J-DK, STM32U5A9NJH6Q, STM32U5A9VJT6Q, STM32U5A9ZJT6Q, STM32U5A9ZJY6QTR, STM32U5F7VIT6, STM32U5F7VIT6Q, STM32U5F7VJT6, STM32U5F7VJT6Q, STM32U5F9BJY6QTR, STM32U5F9NJH6Q, STM32U5F9VIT6Q, STM32U5F9VJT6Q, STM32U5F9ZIJ6QTR, STM32U5F9ZIT6Q, STM32U5F9ZJJ6QTR, STM32U5F9ZJT6Q, STM32U5G7VJT6, STM32U5G7VJT6Q, STM32U5G9BJY6QTR, STM32U5G9J-DK1, STM32U5G9J-DK2, STM32U5G9NJH6Q, STM32U5G9VJT6Q, STM32U5G9ZJJ6QTR, STM32U5G9ZJT6Q, STM32WB05KZV6TR, STM32WB05KZV7TR, STM32WB05TZF6TR, STM32WB05TZF7TR, STM32WB06CCF6TR, STM32WB06CCF7TR, STM32WB06CCV6TR, STM32WB06CCV7TR, STM32WB06KCV6TR, STM32WB06KCV7TR, STM32WB07CCF6TR, STM32WB07CCF7TR, STM32WB07CCV6TR, STM32WB07CCV7TR, STM32WB07KCV6TR, STM32WB07KCV7TR, STM32WB09KEV6TR, STM32WB09KEV7TR, STM32WB09TEF6TR, STM32WB09TEF7TR, STM32WB1MMCH6, STM32WBA50KGU6, STM32WBA50KGU6TR, STM32WBA52CEU6, STM32WBA52CEU6TR, STM32WBA52CEU7, STM32WBA52CEU7TR, STM32WBA52CGU6, STM32WBA52CGU6TR, STM32WBA52CGU6U, STM32WBA52CGU7, STM32WBA52CGU7TR, STM32WBA52KEU6, STM32WBA52KEU6TR, STM32WBA52KGU6, STM32WBA52KGU6TR, STM32WBA54CEU6, STM32WBA54CEU6TR, STM32WBA54CEU7, STM32WBA54CEU7TR, STM32WBA54CGU6, STM32WBA54CGU6TR, STM32WBA54CGU7, STM32WBA54CGU7TR, STM32WBA54KEU6, STM32WBA54KEU6TR, STM32WBA54KEU7, STM32WBA54KEU7TR, STM32WBA54KGU6, STM32WBA54KGU6TR, STM32WBA54KGU7, STM32WBA54KGU7TR, STM32WBA55CEU6, STM32WBA55CEU6TR, STM32WBA55CEU7, STM32WBA55CEU7TR, STM32WBA55CGU6, STM32WBA55CGU6TR, STM32WBA55CGU6U, STM32WBA55CGU7, STM32WBA55CGU7TR, STM32WBA55G-DK1, STM32WBA55HEF6, STM32WBA55HEF7, STM32WBA55HGF6, STM32WBA55HGF7, STM32WBA55UEI6, STM32WBA55UEI6TR, STM32WBA55UEI7, STM32WBA55UEI7TR, STM32WBA55UGI6, STM32WBA55UGI6TR, STM32WBA55UGI7, STM32WBA55UGI7TR, STM32WL5MOCH6, STM32WL5MOCH6TR]
2024-09-22 16:48:12,168 [INFO] DbMcus:218 - Found 4251 MCUs, 4251 are supported
2024-09-22 16:48:12,169 [INFO] ApiDb:423 - Load user favorites file C:\Users\Besan/.stm32cubeide/favorites.mcus.txt: 0 item(s)
2024-09-22 16:48:12,169 [INFO] ApiDb:427 - User favorites MCUs=[]
2024-09-22 16:48:12,169 [INFO] DbMcus:224 - Set 0 / 0 favorites MCUs
2024-09-22 16:48:12,635 [INFO] ApiDb:423 - Load user favorites file C:\Users\Besan/.stm32cubeide/favorites.boards.txt: 1 item(s)
2024-09-22 16:48:12,635 [INFO] ApiDb:427 - User favorites Boards=[NUCLEO-F401RE]
2024-09-22 16:48:12,635 [INFO] DbBoards:198 - Set 1 / 1 favorites Boards
2024-09-22 16:48:12,708 [INFO] UtilMem:75 - End LoadConfig() Used Memory: 731352400 Bytes (1073741824)
2024-09-22 16:48:12,970 [WARN] ThirdParty:833 - waiting for thirdparty lock release [change project]
2024-09-22 16:48:12,971 [INFO] ThirdParty:835 - entering critical section [change project]
2024-09-22 16:48:12,971 [INFO] ThirdParty:1030 - CMSIS Pack Vendor :STMicroelectronics USBPD 4.1
2024-09-22 16:48:12,971 [INFO] ThirdParty:1030 - CMSIS Pack Vendor :STMicroelectronics X-CUBE-AZRTOS-H7 3.3.0
2024-09-22 16:48:12,971 [INFO] ThirdParty:1030 - CMSIS Pack Vendor :STMicroelectronics USB_HOST 2.0.0
2024-09-22 16:48:12,971 [INFO] ThirdParty:1030 - CMSIS Pack Vendor :STMicroelectronics FP-SNS-MOTENVWB1 1.4.0
2024-09-22 16:48:12,971 [INFO] ThirdParty:1030 - CMSIS Pack Vendor :STMicroelectronics X-CUBE-AZRTOS-F4 1.1.0
2024-09-22 16:48:12,971 [INFO] ThirdParty:1030 - CMSIS Pack Vendor :STMicroelectronics LIBJPEG 8.0.0
2024-09-22 16:48:12,971 [INFO] ThirdParty:1030 - CMSIS Pack Vendor :STMicroelectronics X-CUBE-SMBUS 2.1.0
2024-09-22 16:48:12,971 [INFO] ThirdParty:1030 - CMSIS Pack Vendor :STMicroelectronics USB_DEVICE 3.0.0
2024-09-22 16:48:12,972 [INFO] ThirdParty:1030 - CMSIS Pack Vendor :STMicroelectronics X-CUBE-TCPP 4.1.0
2024-09-22 16:48:12,972 [INFO] ThirdParty:1030 - CMSIS Pack Vendor :STMicroelectronics X-CUBE-ISPU 2.1.0
2024-09-22 16:48:12,972 [INFO] ThirdParty:1030 - CMSIS Pack Vendor :STMicroelectronics X-CUBE-FREERTOS 1.2.0
2024-09-22 16:48:12,972 [INFO] ThirdParty:1030 - CMSIS Pack Vendor :STMicroelectronics X-CUBE-AZRTOS-WB 2.0.0
2024-09-22 16:48:12,972 [INFO] ThirdParty:1030 - CMSIS Pack Vendor :STMicroelectronics X-CUBE-GNSS1 7.0.0
2024-09-22 16:48:12,972 [INFO] ThirdParty:1030 - CMSIS Pack Vendor :STMicroelectronics X-CUBE-AZRTOS-F7 1.1.0
2024-09-22 16:48:12,972 [INFO] ThirdParty:1030 - CMSIS Pack Vendor :STMicroelectronics X-CUBE-AZRTOS-L5 2.0.0
2024-09-22 16:48:12,972 [INFO] ThirdParty:1030 - CMSIS Pack Vendor :STMicroelectronics USB_DEVICE 2.0.0
2024-09-22 16:48:12,972 [INFO] ThirdParty:1030 - CMSIS Pack Vendor :STMicroelectronics X-CUBE-NFC6 3.1.0
2024-09-22 16:48:12,972 [INFO] ThirdParty:1030 - CMSIS Pack Vendor :STMicroelectronics FP-SNS-STBOX1 2.0.0
2024-09-22 16:48:12,972 [INFO] ThirdParty:1030 - CMSIS Pack Vendor :STMicroelectronics X-CUBE-MEMS1 11.0.0
2024-09-22 16:48:12,972 [INFO] ThirdParty:1030 - CMSIS Pack Vendor :STMicroelectronics FreeRTOS 0.0.1
2024-09-22 16:48:12,973 [INFO] ThirdParty:1030 - CMSIS Pack Vendor :STMicroelectronics X-CUBE-AZRTOS-G0 1.1.0
2024-09-22 16:48:12,973 [INFO] ThirdParty:1030 - CMSIS Pack Vendor :STMicroelectronics X-CUBE-SAFEA1 1.2.2
2024-09-22 16:48:12,973 [INFO] ThirdParty:1030 - CMSIS Pack Vendor :STMicroelectronics X-CUBE-NFC4 3.0.0
2024-09-22 16:48:12,973 [INFO] ThirdParty:1030 - CMSIS Pack Vendor :STMicroelectronics X-CUBE-DPower 1.2.0
2024-09-22 16:48:12,973 [INFO] ThirdParty:1030 - CMSIS Pack Vendor :STMicroelectronics X-CUBE-SUBG2 5.0.0
2024-09-22 16:48:12,973 [INFO] ThirdParty:1030 - CMSIS Pack Vendor :STMicroelectronics STM32_WPAN 1.0.0
2024-09-22 16:48:12,973 [INFO] ThirdParty:1030 - CMSIS Pack Vendor :EmbeddedOffice I-CUBE-FS-RTOS 1.0.1
2024-09-22 16:48:12,973 [INFO] ThirdParty:1030 - CMSIS Pack Vendor :STMicroelectronics lwIP 2.0.3
2024-09-22 16:48:12,973 [INFO] ThirdParty:1030 - CMSIS Pack Vendor :STMicroelectronics FP-SNS-FLIGHT1 5.0.2
2024-09-22 16:48:12,973 [INFO] ThirdParty:1030 - CMSIS Pack Vendor :Cesanta I-CUBE-Mongoose 7.13.0
2024-09-22 16:48:12,973 [INFO] ThirdParty:1030 - CMSIS Pack Vendor :STMicroelectronics USB_HOST 1.0.0
2024-09-22 16:48:12,973 [INFO] ThirdParty:1030 - CMSIS Pack Vendor :STMicroelectronics X-CUBE-AI 9.0.0
2024-09-22 16:48:12,974 [INFO] ThirdParty:1030 - CMSIS Pack Vendor :STMicroelectronics X-CUBE-AZRTOS-G4 2.0.0
2024-09-22 16:48:12,974 [INFO] ThirdParty:1030 - CMSIS Pack Vendor :STMicroelectronics PDM2PCM 3.1.0
2024-09-22 16:48:12,974 [INFO] ThirdParty:1030 - CMSIS Pack Vendor :STMicroelectronics PDM2PCM 3.3.0
2024-09-22 16:48:12,974 [INFO] ThirdParty:1030 - CMSIS Pack Vendor :STMicroelectronics X-CUBE-DISPLAY 3.0.0
2024-09-22 16:48:12,974 [INFO] ThirdParty:1030 - CMSIS Pack Vendor :RealThread X-CUBE-RT-Thread_Nano 4.1.1
2024-09-22 16:48:12,974 [INFO] ThirdParty:1030 - CMSIS Pack Vendor :STMicroelectronics X-CUBE-BLE1 7.0.0
2024-09-22 16:48:12,974 [INFO] ThirdParty:1030 - CMSIS Pack Vendor :STMicroelectronics FP-ATR-SIGFOX1 3.2.0
2024-09-22 16:48:12,974 [INFO] ThirdParty:1030 - CMSIS Pack Vendor :wolfSSL I-CUBE-wolfSSL 5.7.2
2024-09-22 16:48:12,974 [INFO] ThirdParty:1030 - CMSIS Pack Vendor :STMicroelectronics X-CUBE-EEPRMA1 5.1.0
2024-09-22 16:48:12,974 [INFO] ThirdParty:1030 - CMSIS Pack Vendor :STMicroelectronics HAL Drivers 0.0.0
2024-09-22 16:48:12,974 [INFO] ThirdParty:1030 - CMSIS Pack Vendor :STMicroelectronics MBEDTLS 2.16.2
2024-09-22 16:48:12,974 [INFO] ThirdParty:1030 - CMSIS Pack Vendor :STMicroelectronics X-CUBE-ALS 1.0.2
2024-09-22 16:48:12,975 [INFO] ThirdParty:1030 - CMSIS Pack Vendor :emotas I-CUBE-CANOPEN 1.3.0
2024-09-22 16:48:12,975 [INFO] ThirdParty:1030 - CMSIS Pack Vendor :STMicroelectronics X-CUBE-NFC7 1.0.1
2024-09-22 16:48:12,975 [INFO] ThirdParty:1030 - CMSIS Pack Vendor :STMicroelectronics MBEDTLS 2.14.1
2024-09-22 16:48:12,975 [INFO] ThirdParty:1030 - CMSIS Pack Vendor :STMicroelectronics X-CUBE-TOUCHGFX 4.24.0
2024-09-22 16:48:12,975 [INFO] ThirdParty:1030 - CMSIS Pack Vendor :ITTIA_DB I-CUBE-ITTIADB 8.9.0
2024-09-22 16:48:12,975 [INFO] ThirdParty:1030 - CMSIS Pack Vendor :wolfSSL I-CUBE-wolfTPM 3.4.0
2024-09-22 16:48:12,975 [INFO] ThirdParty:1030 - CMSIS Pack Vendor :portGmbH I-Cube-SoM-uGOAL 1.1.0
2024-09-22 16:48:12,975 [INFO] ThirdParty:1030 - CMSIS Pack Vendor :STMicroelectronics X-CUBE-BLEMGR 3.1.0
2024-09-22 16:48:12,975 [INFO] ThirdParty:1030 - CMSIS Pack Vendor :STMicroelectronics ThreadX 1.0.0
2024-09-22 16:48:12,975 [INFO] ThirdParty:1030 - CMSIS Pack Vendor :STMicroelectronics FP-SNS-SMARTAG2 1.2.0
2024-09-22 16:48:12,975 [INFO] ThirdParty:1030 - CMSIS Pack Vendor :STMicroelectronics X-CUBE-AZRTOS-WL 2.0.0
2024-09-22 16:48:12,976 [INFO] ThirdParty:1030 - CMSIS Pack Vendor :SEGGER I-CUBE-embOS 1.3.1
2024-09-22 16:48:12,976 [INFO] ThirdParty:1030 - CMSIS Pack Vendor :STMicroelectronics X-CUBE-ALGOBUILD 1.4.0
2024-09-22 16:48:12,976 [INFO] ThirdParty:1030 - CMSIS Pack Vendor :STMicroelectronics FP-SNS-MOTENV1 5.0.0
2024-09-22 16:48:12,976 [INFO] ThirdParty:1030 - CMSIS Pack Vendor :STMicroelectronics USB_DEVICE 1.0.0
2024-09-22 16:48:12,976 [INFO] ThirdParty:1030 - CMSIS Pack Vendor :STMicroelectronics X-CUBE-AZRTOS-H7RS 1.0.0
2024-09-22 16:48:12,976 [INFO] ThirdParty:1030 - CMSIS Pack Vendor :wolfSSL I-CUBE-wolfMQTT 1.19.0
2024-09-22 16:48:12,976 [INFO] ThirdParty:1030 - CMSIS Pack Vendor :STMicroelectronics X-CUBE-AZRTOS-L4 2.0.0
2024-09-22 16:48:12,976 [INFO] ThirdParty:1030 - CMSIS Pack Vendor :STMicroelectronics ThreadX 0.0.2
2024-09-22 16:48:12,976 [INFO] ThirdParty:1030 - CMSIS Pack Vendor :WES I-CUBE-Cesium 1.3.0
2024-09-22 16:48:12,976 [INFO] ThirdParty:1030 - CMSIS Pack Vendor :STMicroelectronics FP-ATR-ASTRA1 2.0.0
2024-09-22 16:48:12,976 [INFO] ThirdParty:1030 - CMSIS Pack Vendor :STMicroelectronics lwIP 2.1.2
2024-09-22 16:48:12,976 [INFO] ThirdParty:1030 - CMSIS Pack Vendor :STMicroelectronics X-CUBE-SFXS2LP1 4.0.0
2024-09-22 16:48:12,976 [INFO] ThirdParty:1030 - CMSIS Pack Vendor :STMicroelectronics X-CUBE-BLE2 3.3.0
2024-09-22 16:48:12,976 [INFO] ThirdParty:1030 - CMSIS Pack Vendor :STMicroelectronics X-CUBE-TOF1 3.4.2
2024-09-22 16:48:12,976 [INFO] ThirdParty:1030 - CMSIS Pack Vendor :Infineon AIROC-Wi-Fi-Bluetooth-STM32 1.6.1
2024-09-22 16:48:12,976 [INFO] ThirdParty:1030 - CMSIS Pack Vendor :STMicroelectronics PDM2PCM 3.2.0
2024-09-22 16:48:12,976 [INFO] ThirdParty:1030 - CMSIS Pack Vendor :wolfSSL I-CUBE-wolfSSH 1.4.17
2024-09-22 16:48:12,977 [INFO] ThirdParty:841 - exiting critical section [change project]
2024-09-22 16:48:13,663 [INFO] PinOutPanel:1561 - setPackage(No Configuration,No Configuration)
2024-09-22 16:48:13,666 [INFO] PinOutPanel:1561 - setPackage(STM32F401RETx,LQFP64)
2024-09-22 16:48:14,863 [INFO] UtilMem:75 - Before build in PCC Used Memory: 629000832 Bytes (1073741824)
2024-09-22 16:48:17,215 [INFO] UtilMem:75 - After build in PCC Used Memory: 730955088 Bytes (1073741824)
2024-09-22 16:48:17,279 [INFO] IPUIPlugin:80 - create IPUIPlugin
2024-09-22 16:48:17,279 [INFO] IPUIPlugin:80 - create IPUIPlugin
2024-09-22 16:48:17,279 [INFO] IPUIPlugin:80 - create IPUIPlugin
2024-09-22 16:48:17,280 [INFO] IPUIPlugin:80 - create IPUIPlugin
2024-09-22 16:48:17,280 [INFO] IPUIPlugin:80 - create IPUIPlugin
2024-09-22 16:48:17,280 [INFO] IPUIPlugin:80 - create IPUIPlugin
2024-09-22 16:48:17,280 [INFO] IPUIPlugin:80 - create IPUIPlugin
2024-09-22 16:48:17,281 [INFO] IPUIPlugin:80 - create IPUIPlugin
2024-09-22 16:48:17,281 [INFO] IPUIPlugin:80 - create IPUIPlugin
2024-09-22 16:48:17,281 [INFO] IPUIPlugin:80 - create IPUIPlugin
2024-09-22 16:48:17,281 [INFO] IPUIPlugin:80 - create IPUIPlugin
2024-09-22 16:48:17,282 [INFO] IPUIPlugin:80 - create IPUIPlugin
2024-09-22 16:48:17,282 [INFO] IPUIPlugin:80 - create IPUIPlugin
2024-09-22 16:48:17,282 [INFO] IPUIPlugin:80 - create IPUIPlugin
2024-09-22 16:48:17,283 [INFO] IPUIPlugin:80 - create IPUIPlugin
2024-09-22 16:48:17,283 [INFO] IPUIPlugin:80 - create IPUIPlugin
2024-09-22 16:48:17,284 [INFO] IPUIPlugin:80 - create IPUIPlugin
2024-09-22 16:48:17,284 [INFO] IPUIPlugin:80 - create IPUIPlugin
2024-09-22 16:48:17,284 [INFO] IPUIPlugin:80 - create IPUIPlugin
2024-09-22 16:48:17,285 [INFO] IPUIPlugin:80 - create IPUIPlugin
2024-09-22 16:48:17,285 [INFO] IPUIPlugin:80 - create IPUIPlugin
2024-09-22 16:48:17,286 [INFO] IPUIPlugin:80 - create IPUIPlugin
2024-09-22 16:48:17,286 [INFO] IPUIPlugin:80 - create IPUIPlugin
2024-09-22 16:48:17,286 [INFO] IPUIPlugin:80 - create IPUIPlugin
2024-09-22 16:48:17,295 [INFO] IPUIPlugin:80 - create IPUIPlugin
2024-09-22 16:48:17,295 [INFO] IPUIPlugin:80 - create IPUIPlugin
2024-09-22 16:48:17,296 [INFO] IPUIPlugin:80 - create IPUIPlugin
2024-09-22 16:48:17,296 [INFO] IPUIPlugin:80 - create IPUIPlugin
2024-09-22 16:48:17,298 [INFO] IPUIPlugin:80 - create IPUIPlugin
2024-09-22 16:48:17,298 [INFO] IPUIPlugin:80 - create IPUIPlugin
2024-09-22 16:48:17,299 [INFO] IPUIPlugin:80 - create IPUIPlugin
2024-09-22 16:48:17,300 [INFO] IPUIPlugin:80 - create IPUIPlugin
2024-09-22 16:48:17,300 [INFO] IPUIPlugin:80 - create IPUIPlugin
2024-09-22 16:48:17,301 [INFO] IPUIPlugin:80 - create IPUIPlugin
2024-09-22 16:48:17,301 [INFO] IPUIPlugin:80 - create IPUIPlugin
2024-09-22 16:48:17,302 [INFO] IPUIPlugin:80 - create IPUIPlugin
2024-09-22 16:48:17,303 [INFO] IPUIPlugin:80 - create IPUIPlugin
2024-09-22 16:48:17,304 [INFO] IPUIPlugin:80 - create IPUIPlugin
2024-09-22 16:48:17,415 [INFO] ApiDbMcu:508 - Load IP Config File for PDM2PCM
2024-09-22 16:48:17,784 [INFO] CADModel:165 - CPN selected for project levelSTM32F401RET6
2024-09-22 16:48:17,784 [INFO] CADModel:114 - Register for checkConnection events
2024-09-22 16:48:17,842 [INFO] OpenFileManager:363 - Restore cursor
2024-09-22 17:39:22,428 [INFO] MainUpdater:2873 - connection check result : 10
2024-09-22 17:39:22,428 [INFO] MainUpdater:2873 - connection check result : 10
2024-09-22 17:39:22,653 [INFO] MicroXplorer:468 - Change Database Path : 
2024-09-22 17:39:22,653 [INFO] MicroXplorer:498 - Change Database Version : DB.6.0.120
2024-09-22 17:39:22,678 [ERROR] ProjectManagerView:394 - 
java.lang.NullPointerException: Cannot invoke "javax.swing.JTextField.getText()" because the return value of "java.util.List.get(int)" is null
	at com.st.microxplorer.plugins.projectmanager.gui.ProjectChoiceTab$10.caretUpdate(ProjectChoiceTab.java:2622) ~[filemanager.jar:?]
	at javax.swing.text.JTextComponent.fireCaretUpdate(JTextComponent.java:412) ~[?:?]
	at javax.swing.text.JTextComponent$MutableCaretEvent.fire(JTextComponent.java:4491) ~[?:?]
	at javax.swing.text.JTextComponent$MutableCaretEvent.stateChanged(JTextComponent.java:4513) ~[?:?]
	at javax.swing.text.DefaultCaret.fireStateChanged(DefaultCaret.java:842) ~[?:?]
	at javax.swing.text.DefaultCaret.changeCaretPosition(DefaultCaret.java:1313) ~[?:?]
	at javax.swing.text.DefaultCaret.handleSetDot(DefaultCaret.java:1212) ~[?:?]
	at javax.swing.text.DefaultCaret.setDot(DefaultCaret.java:1193) ~[?:?]
	at javax.swing.text.DefaultCaret$Handler.insertUpdate(DefaultCaret.java:1789) ~[?:?]
	at javax.swing.text.AbstractDocument.fireInsertUpdate(AbstractDocument.java:226) ~[?:?]
	at javax.swing.text.AbstractDocument.handleInsertString(AbstractDocument.java:780) ~[?:?]
	at javax.swing.text.AbstractDocument.insertString(AbstractDocument.java:739) ~[?:?]
	at javax.swing.text.PlainDocument.insertString(PlainDocument.java:131) ~[?:?]
	at javax.swing.text.AbstractDocument.replace(AbstractDocument.java:698) ~[?:?]
	at javax.swing.text.JTextComponent.setText(JTextComponent.java:1729) ~[?:?]
	at com.st.microxplorer.plugins.projectmanager.gui.ProjectChoiceTab.createHeapStackFields(ProjectChoiceTab.java:972) ~[filemanager.jar:?]
	at com.st.microxplorer.plugins.projectmanager.gui.ProjectChoiceTab.buildLinkSettingsPanel(ProjectChoiceTab.java:3597) ~[filemanager.jar:?]
	at com.st.microxplorer.plugins.projectmanager.gui.ProjectChoiceTab.defineWindowsFields(ProjectChoiceTab.java:1940) ~[filemanager.jar:?]
	at com.st.microxplorer.plugins.projectmanager.gui.ProjectChoiceTab.updateSettings(ProjectChoiceTab.java:550) ~[filemanager.jar:?]
	at com.st.microxplorer.plugins.projectmanager.gui.ProjectSettingsPanel.UpdateDialog(ProjectSettingsPanel.java:245) ~[filemanager.jar:?]
	at com.st.microxplorer.plugins.projectmanager.ProjectManagerView.propertyChange(ProjectManagerView.java:391) ~[filemanager.jar:?]
	at java.beans.PropertyChangeSupport.fire(PropertyChangeSupport.java:343) ~[?:?]
	at java.beans.PropertyChangeSupport.firePropertyChange(PropertyChangeSupport.java:335) ~[?:?]
	at java.beans.PropertyChangeSupport.firePropertyChange(PropertyChangeSupport.java:268) ~[?:?]
	at com.st.microxplorer.util.MXPropertyChangeSupport.firePropertyChange(MXPropertyChangeSupport.java:54) ~[STM32CubeMX.jar:?]
	at com.st.microxplorer.mxsystem.MxSystem.closeConfig(MxSystem.java:900) ~[STM32CubeMX.jar:?]
	at com.st.microxplorer.maingui.MainPanel.closeConfig(MainPanel.java:781) ~[STM32CubeMX.jar:?]
	at com.st.microxplorer.plugins.filemanager.engine.OpenFileManager.loadConfigurationFile(OpenFileManager.java:265) ~[filemanager.jar:?]
	at com.st.microxplorer.plugins.filemanager.engine.MainFileManager.userLoadConfig(MainFileManager.java:352) ~[filemanager.jar:?]
	at com.st.microxplorer.plugins.filemanager.engine.MainFileManager.userLoadConfig(MainFileManager.java:330) ~[filemanager.jar:?]
	at com.st.microxplorer.plugins.filemanager.FileManagerView.getSpecificTask(FileManagerView.java:246) ~[filemanager.jar:?]
	at com.st.stm32cube.common.mx.editor.CubeMxEditor.getMxTabbedPaneInstance(CubeMxEditor.java:1198) ~[com.st.stm32cube.common.mx_6.12.0.202406281431/:?]
	at com.st.stm32cube.common.mx.editor.CubeMxEditor$12$1.createSwingComponent(CubeMxEditor.java:1068) ~[com.st.stm32cube.common.mx_6.12.0.202406281431/:?]
	at com.st.stm32cube.common.mx.oss.core.awtswtbridge.EmbeddedSwingComposite.doComponentCreation(EmbeddedSwingComposite.java:492) ~[com.st.stm32cube.common.mx.oss_6.12.0.202406281431/:?]
	at com.st.stm32cube.common.mx.oss.core.awtswtbridge.EmbeddedSwingComposite$4.run(EmbeddedSwingComposite.java:291) ~[com.st.stm32cube.common.mx.oss_6.12.0.202406281431/:?]
	at com.st.stm32cube.common.mx.oss.core.awtswtbridge.AwtEnvironment$2.run(AwtEnvironment.java:166) ~[com.st.stm32cube.common.mx.oss_6.12.0.202406281431/:?]
	at java.awt.event.InvocationEvent.dispatch(InvocationEvent.java:318) ~[?:?]
	at java.awt.EventQueue.dispatchEventImpl(EventQueue.java:773) ~[?:?]
	at java.awt.EventQueue$4.run(EventQueue.java:720) ~[?:?]
	at java.awt.EventQueue$4.run(EventQueue.java:714) ~[?:?]
	at java.security.AccessController.doPrivileged(AccessController.java:399) ~[?:?]
	at java.security.ProtectionDomain$JavaSecurityAccessImpl.doIntersectionPrivilege(ProtectionDomain.java:86) ~[?:?]
	at java.awt.EventQueue.dispatchEvent(EventQueue.java:742) ~[?:?]
	at java.awt.EventDispatchThread.pumpOneEventForFilters(EventDispatchThread.java:203) ~[?:?]
	at java.awt.EventDispatchThread.pumpEventsForFilter(EventDispatchThread.java:124) ~[?:?]
	at java.awt.EventDispatchThread.pumpEventsForHierarchy(EventDispatchThread.java:113) ~[?:?]
	at java.awt.EventDispatchThread.pumpEvents(EventDispatchThread.java:109) ~[?:?]
	at java.awt.EventDispatchThread.pumpEvents(EventDispatchThread.java:101) ~[?:?]
	at java.awt.EventDispatchThread.run(EventDispatchThread.java:90) ~[?:?]
2024-09-22 17:39:22,693 [WARN] ThirdParty:871 - waiting for thirdparty lock release [close project]
2024-09-22 17:39:22,693 [INFO] ThirdParty:873 - entering critical section [close project]
2024-09-22 17:39:22,693 [INFO] ThirdParty:883 - exiting critical section [close project]
2024-09-22 17:39:22,695 [INFO] PinOutPanel:1561 - setPackage(No Configuration,No Configuration)
2024-09-22 17:39:22,728 [WARN] IpParametersView:151 - Warning: This peripheral hasn't parameters
2024-09-22 17:39:22,760 [WARN] MainPanel:284 - <html><b><center>Warning: This peripheral has no parameters to be configured<br></b></html>
2024-09-22 17:39:22,780 [INFO] UtilMem:75 - Begin LoadConfig() Used Memory: 882636960 Bytes (1073741824)
2024-09-22 17:39:22,781 [INFO] MicroXplorer:468 - Change Database Path : 
2024-09-22 17:39:22,781 [INFO] MicroXplorer:498 - Change Database Version : DB.6.0.120
2024-09-22 17:39:22,781 [INFO] OpenFileManager:332 - Change cursor
2024-09-22 17:39:22,798 [INFO] Mcu:2032 - Initializing MCU STM32F401R(D-E)Tx STM32F401RETx STM32F401RET6
2024-09-22 17:39:24,389 [INFO] Context:742 - Trying to add GPIOservice into a context  which must be forbidden
2024-09-22 17:39:25,154 [INFO] RtosManager:555 - Registered RTOS mode: class=CMSIS, group=RTOS, mode=CMSIS_V1, owner=FREERTOS
2024-09-22 17:39:25,154 [INFO] RtosManager:555 - Registered RTOS mode: class=CMSIS, group=RTOS2, mode=CMSIS_V2, owner=FREERTOS
2024-09-22 17:39:25,154 [INFO] RtosManager:555 - Registered RTOS mode: class=RTOS, group=Core, mode=CMSIS_V1, owner=FREERTOS
2024-09-22 17:39:25,154 [INFO] RtosManager:555 - Registered RTOS mode: class=RTOS, group=Core, mode=CMSIS_V2, owner=FREERTOS
2024-09-22 17:39:25,154 [WARN] ModelIntegratedComponent:184 - Missing modes for component STMicroelectronics:FreeRTOS:0.0.1:STMicroelectronics:RTOS:FreeRTOS:Core:::10.2.0:
2024-09-22 17:39:25,172 [WARN] ModelIntegratedComponent:63 - No mode defined for component null
2024-09-22 17:39:25,172 [WARN] ModelIntegratedComponent:63 - No mode defined for component null
2024-09-22 17:39:25,172 [WARN] ModelIntegratedComponent:63 - No mode defined for component null
2024-09-22 17:39:25,172 [WARN] ModelIntegratedComponent:63 - No mode defined for component null
2024-09-22 17:39:25,172 [WARN] ModelIntegratedComponent:63 - No mode defined for component null
2024-09-22 17:39:25,172 [WARN] ModelIntegratedComponent:63 - No mode defined for component null
2024-09-22 17:39:25,172 [WARN] ModelIntegratedComponent:63 - No mode defined for component null
2024-09-22 17:39:25,172 [WARN] ModelIntegratedComponent:63 - No mode defined for component null
2024-09-22 17:39:25,173 [WARN] ModelIntegratedComponent:63 - No mode defined for component null
2024-09-22 17:39:25,173 [WARN] ModelIntegratedComponent:63 - No mode defined for component null
2024-09-22 17:39:25,173 [WARN] ModelIntegratedComponent:63 - No mode defined for component null
2024-09-22 17:39:25,173 [WARN] ModelIntegratedComponent:63 - No mode defined for component null
2024-09-22 17:39:25,173 [WARN] ModelIntegratedComponent:63 - No mode defined for component null
2024-09-22 17:39:25,173 [WARN] ModelIntegratedComponent:63 - No mode defined for component null
2024-09-22 17:39:25,173 [WARN] ModelIntegratedComponent:63 - No mode defined for component null
2024-09-22 17:39:25,173 [WARN] ModelIntegratedComponent:63 - No mode defined for component null
2024-09-22 17:39:25,173 [WARN] ModelIntegratedComponent:63 - No mode defined for component null
2024-09-22 17:39:25,173 [WARN] ModelIntegratedComponent:63 - No mode defined for component null
2024-09-22 17:39:25,173 [WARN] ModelIntegratedComponent:63 - No mode defined for component null
2024-09-22 17:39:25,173 [WARN] ModelIntegratedComponent:63 - No mode defined for component null
2024-09-22 17:39:25,173 [WARN] ModelIntegratedComponent:63 - No mode defined for component null
2024-09-22 17:39:25,174 [WARN] ModelIntegratedComponent:63 - No mode defined for component null
2024-09-22 17:39:25,174 [WARN] ModelIntegratedComponent:63 - No mode defined for component null
2024-09-22 17:39:25,174 [WARN] ModelIntegratedComponent:63 - No mode defined for component null
2024-09-22 17:39:25,174 [WARN] ModelIntegratedComponent:63 - No mode defined for component null
2024-09-22 17:39:25,174 [WARN] ModelIntegratedComponent:63 - No mode defined for component null
2024-09-22 17:39:25,174 [WARN] ModelIntegratedComponent:63 - No mode defined for component null
2024-09-22 17:39:25,174 [WARN] ModelIntegratedComponent:63 - No mode defined for component null
2024-09-22 17:39:25,175 [WARN] ModelIntegratedComponent:63 - No mode defined for component null
2024-09-22 17:39:25,175 [WARN] ModelIntegratedComponent:63 - No mode defined for component null
2024-09-22 17:39:25,175 [WARN] ModelIntegratedComponent:63 - No mode defined for component null
2024-09-22 17:39:25,175 [WARN] ModelIntegratedComponent:63 - No mode defined for component null
2024-09-22 17:39:25,175 [WARN] ModelIntegratedComponent:63 - No mode defined for component null
2024-09-22 17:39:25,175 [WARN] ModelIntegratedComponent:63 - No mode defined for component null
2024-09-22 17:39:25,175 [WARN] ModelIntegratedComponent:63 - No mode defined for component null
2024-09-22 17:39:25,175 [WARN] ModelPack:524 - Component already loaded: STMicroelectronics:HAL Drivers:0.0.0:STMicroelectronics:Device:STMicro_Driver:XSPI:HAL::0.0.1:HAL_XSPI
2024-09-22 17:39:25,206 [INFO] ThirdPartyModel:298 - Start build external matchings
2024-09-22 17:39:25,717 [INFO] ThirdPartyModel:316 - End build external matchings
2024-09-22 17:39:25,747 [INFO] ImportTextPane:205 - (OptionalMessage_ERROR) IP (RCC) : Parameter (RTCHSEDivFreq_Value) has invalid value (4000000)
2024-09-22 17:39:26,360 [INFO] UtilMem:75 - End LoadConfig() Used Memory: 631969792 Bytes (1073741824)
2024-09-22 17:39:26,397 [WARN] ThirdParty:833 - waiting for thirdparty lock release [change project]
2024-09-22 17:39:26,397 [INFO] ThirdParty:835 - entering critical section [change project]
2024-09-22 17:39:26,397 [INFO] ThirdParty:1030 - CMSIS Pack Vendor :STMicroelectronics USBPD 4.1
2024-09-22 17:39:26,398 [INFO] ThirdParty:1030 - CMSIS Pack Vendor :STMicroelectronics X-CUBE-AZRTOS-H7 3.3.0
2024-09-22 17:39:26,398 [INFO] ThirdParty:1030 - CMSIS Pack Vendor :STMicroelectronics USB_HOST 2.0.0
2024-09-22 17:39:26,398 [INFO] ThirdParty:1030 - CMSIS Pack Vendor :STMicroelectronics FP-SNS-MOTENVWB1 1.4.0
2024-09-22 17:39:26,398 [INFO] ThirdParty:1030 - CMSIS Pack Vendor :STMicroelectronics X-CUBE-AZRTOS-F4 1.1.0
2024-09-22 17:39:26,398 [INFO] ThirdParty:1030 - CMSIS Pack Vendor :STMicroelectronics LIBJPEG 8.0.0
2024-09-22 17:39:26,398 [INFO] ThirdParty:1030 - CMSIS Pack Vendor :STMicroelectronics X-CUBE-SMBUS 2.1.0
2024-09-22 17:39:26,398 [INFO] ThirdParty:1030 - CMSIS Pack Vendor :STMicroelectronics USB_DEVICE 3.0.0
2024-09-22 17:39:26,398 [INFO] ThirdParty:1030 - CMSIS Pack Vendor :STMicroelectronics X-CUBE-TCPP 4.1.0
2024-09-22 17:39:26,398 [INFO] ThirdParty:1030 - CMSIS Pack Vendor :STMicroelectronics X-CUBE-ISPU 2.1.0
2024-09-22 17:39:26,398 [INFO] ThirdParty:1030 - CMSIS Pack Vendor :STMicroelectronics X-CUBE-FREERTOS 1.2.0
2024-09-22 17:39:26,399 [INFO] ThirdParty:1030 - CMSIS Pack Vendor :STMicroelectronics X-CUBE-AZRTOS-WB 2.0.0
2024-09-22 17:39:26,399 [INFO] ThirdParty:1030 - CMSIS Pack Vendor :STMicroelectronics X-CUBE-GNSS1 7.0.0
2024-09-22 17:39:26,399 [INFO] ThirdParty:1030 - CMSIS Pack Vendor :STMicroelectronics X-CUBE-AZRTOS-F7 1.1.0
2024-09-22 17:39:26,399 [INFO] ThirdParty:1030 - CMSIS Pack Vendor :STMicroelectronics X-CUBE-AZRTOS-L5 2.0.0
2024-09-22 17:39:26,399 [INFO] ThirdParty:1030 - CMSIS Pack Vendor :STMicroelectronics USB_DEVICE 2.0.0
2024-09-22 17:39:26,399 [INFO] ThirdParty:1030 - CMSIS Pack Vendor :STMicroelectronics X-CUBE-NFC6 3.1.0
2024-09-22 17:39:26,399 [INFO] ThirdParty:1030 - CMSIS Pack Vendor :STMicroelectronics FP-SNS-STBOX1 2.0.0
2024-09-22 17:39:26,399 [INFO] ThirdParty:1030 - CMSIS Pack Vendor :STMicroelectronics X-CUBE-MEMS1 11.0.0
2024-09-22 17:39:26,399 [INFO] ThirdParty:1030 - CMSIS Pack Vendor :STMicroelectronics FreeRTOS 0.0.1
2024-09-22 17:39:26,399 [INFO] ThirdParty:1030 - CMSIS Pack Vendor :STMicroelectronics X-CUBE-AZRTOS-G0 1.1.0
2024-09-22 17:39:26,399 [INFO] ThirdParty:1030 - CMSIS Pack Vendor :STMicroelectronics X-CUBE-SAFEA1 1.2.2
2024-09-22 17:39:26,399 [INFO] ThirdParty:1030 - CMSIS Pack Vendor :STMicroelectronics X-CUBE-NFC4 3.0.0
2024-09-22 17:39:26,399 [INFO] ThirdParty:1030 - CMSIS Pack Vendor :STMicroelectronics X-CUBE-DPower 1.2.0
2024-09-22 17:39:26,399 [INFO] ThirdParty:1030 - CMSIS Pack Vendor :STMicroelectronics X-CUBE-SUBG2 5.0.0
2024-09-22 17:39:26,400 [INFO] ThirdParty:1030 - CMSIS Pack Vendor :STMicroelectronics STM32_WPAN 1.0.0
2024-09-22 17:39:26,400 [INFO] ThirdParty:1030 - CMSIS Pack Vendor :EmbeddedOffice I-CUBE-FS-RTOS 1.0.1
2024-09-22 17:39:26,400 [INFO] ThirdParty:1030 - CMSIS Pack Vendor :STMicroelectronics lwIP 2.0.3
2024-09-22 17:39:26,400 [INFO] ThirdParty:1030 - CMSIS Pack Vendor :STMicroelectronics FP-SNS-FLIGHT1 5.0.2
2024-09-22 17:39:26,400 [INFO] ThirdParty:1030 - CMSIS Pack Vendor :Cesanta I-CUBE-Mongoose 7.13.0
2024-09-22 17:39:26,400 [INFO] ThirdParty:1030 - CMSIS Pack Vendor :STMicroelectronics USB_HOST 1.0.0
2024-09-22 17:39:26,400 [INFO] ThirdParty:1030 - CMSIS Pack Vendor :STMicroelectronics X-CUBE-AI 9.0.0
2024-09-22 17:39:26,400 [INFO] ThirdParty:1030 - CMSIS Pack Vendor :STMicroelectronics X-CUBE-AZRTOS-G4 2.0.0
2024-09-22 17:39:26,401 [INFO] ThirdParty:1030 - CMSIS Pack Vendor :STMicroelectronics PDM2PCM 3.1.0
2024-09-22 17:39:26,401 [INFO] ThirdParty:1030 - CMSIS Pack Vendor :STMicroelectronics PDM2PCM 3.3.0
2024-09-22 17:39:26,401 [INFO] ThirdParty:1030 - CMSIS Pack Vendor :STMicroelectronics X-CUBE-DISPLAY 3.0.0
2024-09-22 17:39:26,401 [INFO] ThirdParty:1030 - CMSIS Pack Vendor :RealThread X-CUBE-RT-Thread_Nano 4.1.1
2024-09-22 17:39:26,401 [INFO] ThirdParty:1030 - CMSIS Pack Vendor :STMicroelectronics X-CUBE-BLE1 7.0.0
2024-09-22 17:39:26,401 [INFO] ThirdParty:1030 - CMSIS Pack Vendor :STMicroelectronics FP-ATR-SIGFOX1 3.2.0
2024-09-22 17:39:26,401 [INFO] ThirdParty:1030 - CMSIS Pack Vendor :wolfSSL I-CUBE-wolfSSL 5.7.2
2024-09-22 17:39:26,401 [INFO] ThirdParty:1030 - CMSIS Pack Vendor :STMicroelectronics X-CUBE-EEPRMA1 5.1.0
2024-09-22 17:39:26,401 [INFO] ThirdParty:1030 - CMSIS Pack Vendor :STMicroelectronics HAL Drivers 0.0.0
2024-09-22 17:39:26,401 [INFO] ThirdParty:1030 - CMSIS Pack Vendor :STMicroelectronics MBEDTLS 2.16.2
2024-09-22 17:39:26,401 [INFO] ThirdParty:1030 - CMSIS Pack Vendor :STMicroelectronics X-CUBE-ALS 1.0.2
2024-09-22 17:39:26,401 [INFO] ThirdParty:1030 - CMSIS Pack Vendor :emotas I-CUBE-CANOPEN 1.3.0
2024-09-22 17:39:26,401 [INFO] ThirdParty:1030 - CMSIS Pack Vendor :STMicroelectronics X-CUBE-NFC7 1.0.1
2024-09-22 17:39:26,401 [INFO] ThirdParty:1030 - CMSIS Pack Vendor :STMicroelectronics MBEDTLS 2.14.1
2024-09-22 17:39:26,402 [INFO] ThirdParty:1030 - CMSIS Pack Vendor :STMicroelectronics X-CUBE-TOUCHGFX 4.24.0
2024-09-22 17:39:26,402 [INFO] ThirdParty:1030 - CMSIS Pack Vendor :ITTIA_DB I-CUBE-ITTIADB 8.9.0
2024-09-22 17:39:26,402 [INFO] ThirdParty:1030 - CMSIS Pack Vendor :wolfSSL I-CUBE-wolfTPM 3.4.0
2024-09-22 17:39:26,402 [INFO] ThirdParty:1030 - CMSIS Pack Vendor :portGmbH I-Cube-SoM-uGOAL 1.1.0
2024-09-22 17:39:26,402 [INFO] ThirdParty:1030 - CMSIS Pack Vendor :STMicroelectronics X-CUBE-BLEMGR 3.1.0
2024-09-22 17:39:26,402 [INFO] ThirdParty:1030 - CMSIS Pack Vendor :STMicroelectronics ThreadX 1.0.0
2024-09-22 17:39:26,402 [INFO] ThirdParty:1030 - CMSIS Pack Vendor :STMicroelectronics FP-SNS-SMARTAG2 1.2.0
2024-09-22 17:39:26,402 [INFO] ThirdParty:1030 - CMSIS Pack Vendor :STMicroelectronics X-CUBE-AZRTOS-WL 2.0.0
2024-09-22 17:39:26,402 [INFO] ThirdParty:1030 - CMSIS Pack Vendor :SEGGER I-CUBE-embOS 1.3.1
2024-09-22 17:39:26,402 [INFO] ThirdParty:1030 - CMSIS Pack Vendor :STMicroelectronics X-CUBE-ALGOBUILD 1.4.0
2024-09-22 17:39:26,402 [INFO] ThirdParty:1030 - CMSIS Pack Vendor :STMicroelectronics FP-SNS-MOTENV1 5.0.0
2024-09-22 17:39:26,402 [INFO] ThirdParty:1030 - CMSIS Pack Vendor :STMicroelectronics USB_DEVICE 1.0.0
2024-09-22 17:39:26,402 [INFO] ThirdParty:1030 - CMSIS Pack Vendor :STMicroelectronics X-CUBE-AZRTOS-H7RS 1.0.0
2024-09-22 17:39:26,402 [INFO] ThirdParty:1030 - CMSIS Pack Vendor :wolfSSL I-CUBE-wolfMQTT 1.19.0
2024-09-22 17:39:26,403 [INFO] ThirdParty:1030 - CMSIS Pack Vendor :STMicroelectronics X-CUBE-AZRTOS-L4 2.0.0
2024-09-22 17:39:26,403 [INFO] ThirdParty:1030 - CMSIS Pack Vendor :STMicroelectronics ThreadX 0.0.2
2024-09-22 17:39:26,403 [INFO] ThirdParty:1030 - CMSIS Pack Vendor :WES I-CUBE-Cesium 1.3.0
2024-09-22 17:39:26,403 [INFO] ThirdParty:1030 - CMSIS Pack Vendor :STMicroelectronics FP-ATR-ASTRA1 2.0.0
2024-09-22 17:39:26,403 [INFO] ThirdParty:1030 - CMSIS Pack Vendor :STMicroelectronics lwIP 2.1.2
2024-09-22 17:39:26,403 [INFO] ThirdParty:1030 - CMSIS Pack Vendor :STMicroelectronics X-CUBE-SFXS2LP1 4.0.0
2024-09-22 17:39:26,403 [INFO] ThirdParty:1030 - CMSIS Pack Vendor :STMicroelectronics X-CUBE-BLE2 3.3.0
2024-09-22 17:39:26,403 [INFO] ThirdParty:1030 - CMSIS Pack Vendor :STMicroelectronics X-CUBE-TOF1 3.4.2
2024-09-22 17:39:26,403 [INFO] ThirdParty:1030 - CMSIS Pack Vendor :Infineon AIROC-Wi-Fi-Bluetooth-STM32 1.6.1
2024-09-22 17:39:26,403 [INFO] ThirdParty:1030 - CMSIS Pack Vendor :STMicroelectronics PDM2PCM 3.2.0
2024-09-22 17:39:26,403 [INFO] ThirdParty:1030 - CMSIS Pack Vendor :wolfSSL I-CUBE-wolfSSH 1.4.17
2024-09-22 17:39:26,403 [INFO] ThirdParty:841 - exiting critical section [change project]
2024-09-22 17:39:26,896 [INFO] PinOutPanel:1561 - setPackage(No Configuration,No Configuration)
2024-09-22 17:39:26,897 [INFO] PinOutPanel:1561 - setPackage(STM32F401RETx,LQFP64)
2024-09-22 17:39:27,320 [INFO] UtilMem:75 - Before build in PCC Used Memory: 762942944 Bytes (1073741824)
2024-09-22 17:39:27,668 [INFO] UtilMem:75 - After build in PCC Used Memory: 807416768 Bytes (1073741824)
2024-09-22 17:39:27,710 [INFO] IPUIPlugin:80 - create IPUIPlugin
2024-09-22 17:39:27,710 [INFO] IPUIPlugin:80 - create IPUIPlugin
2024-09-22 17:39:27,710 [INFO] IPUIPlugin:80 - create IPUIPlugin
2024-09-22 17:39:27,710 [INFO] IPUIPlugin:80 - create IPUIPlugin
2024-09-22 17:39:27,711 [INFO] IPUIPlugin:80 - create IPUIPlugin
2024-09-22 17:39:27,711 [INFO] IPUIPlugin:80 - create IPUIPlugin
2024-09-22 17:39:27,711 [INFO] IPUIPlugin:80 - create IPUIPlugin
2024-09-22 17:39:27,711 [INFO] IPUIPlugin:80 - create IPUIPlugin
2024-09-22 17:39:27,711 [INFO] IPUIPlugin:80 - create IPUIPlugin
2024-09-22 17:39:27,712 [INFO] IPUIPlugin:80 - create IPUIPlugin
2024-09-22 17:39:27,712 [INFO] IPUIPlugin:80 - create IPUIPlugin
2024-09-22 17:39:27,712 [INFO] IPUIPlugin:80 - create IPUIPlugin
2024-09-22 17:39:27,712 [INFO] IPUIPlugin:80 - create IPUIPlugin
2024-09-22 17:39:27,713 [INFO] IPUIPlugin:80 - create IPUIPlugin
2024-09-22 17:39:27,713 [INFO] IPUIPlugin:80 - create IPUIPlugin
2024-09-22 17:39:27,713 [INFO] IPUIPlugin:80 - create IPUIPlugin
2024-09-22 17:39:27,714 [INFO] IPUIPlugin:80 - create IPUIPlugin
2024-09-22 17:39:27,714 [INFO] IPUIPlugin:80 - create IPUIPlugin
2024-09-22 17:39:27,714 [INFO] IPUIPlugin:80 - create IPUIPlugin
2024-09-22 17:39:27,715 [INFO] IPUIPlugin:80 - create IPUIPlugin
2024-09-22 17:39:27,715 [INFO] IPUIPlugin:80 - create IPUIPlugin
2024-09-22 17:39:27,715 [INFO] IPUIPlugin:80 - create IPUIPlugin
2024-09-22 17:39:27,716 [INFO] IPUIPlugin:80 - create IPUIPlugin
2024-09-22 17:39:27,716 [INFO] IPUIPlugin:80 - create IPUIPlugin
2024-09-22 17:39:27,717 [INFO] IPUIPlugin:80 - create IPUIPlugin
2024-09-22 17:39:27,717 [INFO] IPUIPlugin:80 - create IPUIPlugin
2024-09-22 17:39:27,717 [INFO] IPUIPlugin:80 - create IPUIPlugin
2024-09-22 17:39:27,718 [INFO] IPUIPlugin:80 - create IPUIPlugin
2024-09-22 17:39:27,718 [INFO] IPUIPlugin:80 - create IPUIPlugin
2024-09-22 17:39:27,719 [INFO] IPUIPlugin:80 - create IPUIPlugin
2024-09-22 17:39:27,719 [INFO] IPUIPlugin:80 - create IPUIPlugin
2024-09-22 17:39:27,720 [INFO] IPUIPlugin:80 - create IPUIPlugin
2024-09-22 17:39:27,720 [INFO] IPUIPlugin:80 - create IPUIPlugin
2024-09-22 17:39:27,721 [INFO] IPUIPlugin:80 - create IPUIPlugin
2024-09-22 17:39:27,722 [INFO] IPUIPlugin:80 - create IPUIPlugin
2024-09-22 17:39:27,722 [INFO] IPUIPlugin:80 - create IPUIPlugin
2024-09-22 17:39:27,723 [INFO] IPUIPlugin:80 - create IPUIPlugin
2024-09-22 17:39:27,723 [INFO] IPUIPlugin:80 - create IPUIPlugin
2024-09-22 17:39:27,727 [INFO] ApiDbMcu:508 - Load IP Config File for PDM2PCM
2024-09-22 17:39:27,813 [INFO] CADModel:165 - CPN selected for project levelSTM32F401RET6
2024-09-22 17:39:27,814 [INFO] CADModel:114 - Register for checkConnection events
2024-09-22 17:39:27,870 [INFO] OpenFileManager:363 - Restore cursor
2024-09-22 23:40:08,067 [ERROR] LogOutputStream:75 - [STDERR_REDIRECT] 
2024-09-22 23:40:08,069 [ERROR] LogOutputStream:75 - [STDERR_REDIRECT] 
